06:38 bilby INFO    : Loading posteriors...
06:38 bilby INFO    : Found 10 GWTC1 events in standard format.
06:38 bilby INFO    : Loaded C01:IMRPhenomXPHM from /home/storm.colloms/O4a_population/test_gwpopulationpipe/gwtc1_samples/IGWN-GWTC2p1-v2-GW150914_095045_PEDataRelease_mixed_nocosmo.h5.
06:38 bilby INFO    : Loaded C01:IMRPhenomXPHM from /home/storm.colloms/O4a_population/test_gwpopulationpipe/gwtc1_samples/IGWN-GWTC2p1-v2-GW151012_095443_PEDataRelease_mixed_nocosmo.h5.
06:38 bilby INFO    : Loaded C01:IMRPhenomXPHM from /home/storm.colloms/O4a_population/test_gwpopulationpipe/gwtc1_samples/IGWN-GWTC2p1-v2-GW151226_033853_PEDataRelease_mixed_nocosmo.h5.
06:38 bilby INFO    : Loaded C01:IMRPhenomXPHM from /home/storm.colloms/O4a_population/test_gwpopulationpipe/gwtc1_samples/IGWN-GWTC2p1-v2-GW170104_101158_PEDataRelease_mixed_nocosmo.h5.
06:38 bilby INFO    : Loaded C01:IMRPhenomXPHM from /home/storm.colloms/O4a_population/test_gwpopulationpipe/gwtc1_samples/IGWN-GWTC2p1-v2-GW170608_020116_PEDataRelease_mixed_nocosmo.h5.
06:38 bilby INFO    : Loaded C01:IMRPhenomXPHM from /home/storm.colloms/O4a_population/test_gwpopulationpipe/gwtc1_samples/IGWN-GWTC2p1-v2-GW170729_185629_PEDataRelease_mixed_nocosmo.h5.
06:38 bilby INFO    : Loaded C01:IMRPhenomXPHM from /home/storm.colloms/O4a_population/test_gwpopulationpipe/gwtc1_samples/IGWN-GWTC2p1-v2-GW170809_082821_PEDataRelease_mixed_nocosmo.h5.
06:38 bilby INFO    : Loaded C01:IMRPhenomXPHM from /home/storm.colloms/O4a_population/test_gwpopulationpipe/gwtc1_samples/IGWN-GWTC2p1-v2-GW170814_103043_PEDataRelease_mixed_nocosmo.h5.
06:38 bilby INFO    : Loaded C01:IMRPhenomXPHM from /home/storm.colloms/O4a_population/test_gwpopulationpipe/gwtc1_samples/IGWN-GWTC2p1-v2-GW170818_022509_PEDataRelease_mixed_nocosmo.h5.
06:38 bilby INFO    : Loaded C01:IMRPhenomXPHM from /home/storm.colloms/O4a_population/test_gwpopulationpipe/gwtc1_samples/IGWN-GWTC2p1-v2-GW170823_131358_PEDataRelease_mixed_nocosmo.h5.
06:38 bilby INFO    : Using uniform in the comoving source frame distance prior for all events.
06:38 bilby INFO    : Assuming flat in detector frame mass prior for all events.
06:38 bilby INFO    : Assuming uniform in component spin prior for all events.
06:38 bilby INFO    : Model is defined in terms of mass ratio, adjusting prior accordingly.
06:38 bilby INFO    : Found 43 O3a events in standard format.
06:38 bilby INFO    : Ignoring /home/storm.colloms/O4a_population/test_gwpopulationpipe/o3a_samples/IGWN-GWTC2p1-v2-GW190403_051519_PEDataRelease_mixed_nocosmo.h5.
06:38 bilby INFO    : Loaded C01:IMRPhenomXPHM from /home/storm.colloms/O4a_population/test_gwpopulationpipe/o3a_samples/IGWN-GWTC2p1-v2-GW190408_181802_PEDataRelease_mixed_nocosmo.h5.
06:38 bilby INFO    : Loaded C01:IMRPhenomXPHM from /home/storm.colloms/O4a_population/test_gwpopulationpipe/o3a_samples/IGWN-GWTC2p1-v2-GW190412_053044_PEDataRelease_mixed_nocosmo.h5.
06:38 bilby INFO    : Loaded C01:IMRPhenomXPHM from /home/storm.colloms/O4a_population/test_gwpopulationpipe/o3a_samples/IGWN-GWTC2p1-v2-GW190413_052954_PEDataRelease_mixed_nocosmo.h5.
06:38 bilby INFO    : Loaded C01:IMRPhenomXPHM from /home/storm.colloms/O4a_population/test_gwpopulationpipe/o3a_samples/IGWN-GWTC2p1-v2-GW190413_134308_PEDataRelease_mixed_nocosmo.h5.
06:38 bilby INFO    : Loaded C01:IMRPhenomXPHM from /home/storm.colloms/O4a_population/test_gwpopulationpipe/o3a_samples/IGWN-GWTC2p1-v2-GW190421_213856_PEDataRelease_mixed_nocosmo.h5.
06:38 bilby INFO    : Ignoring /home/storm.colloms/O4a_population/test_gwpopulationpipe/o3a_samples/IGWN-GWTC2p1-v2-GW190426_190642_PEDataRelease_mixed_nocosmo.h5.
06:38 bilby INFO    : Loaded C01:IMRPhenomXPHM from /home/storm.colloms/O4a_population/test_gwpopulationpipe/o3a_samples/IGWN-GWTC2p1-v2-GW190503_185404_PEDataRelease_mixed_nocosmo.h5.
06:38 bilby INFO    : Loaded C01:IMRPhenomXPHM from /home/storm.colloms/O4a_population/test_gwpopulationpipe/o3a_samples/IGWN-GWTC2p1-v2-GW190512_180714_PEDataRelease_mixed_nocosmo.h5.
06:38 bilby INFO    : Loaded C01:IMRPhenomXPHM from /home/storm.colloms/O4a_population/test_gwpopulationpipe/o3a_samples/IGWN-GWTC2p1-v2-GW190513_205428_PEDataRelease_mixed_nocosmo.h5.
06:38 bilby INFO    : Ignoring /home/storm.colloms/O4a_population/test_gwpopulationpipe/o3a_samples/IGWN-GWTC2p1-v2-GW190514_065416_PEDataRelease_mixed_nocosmo.h5.
06:38 bilby INFO    : Loaded C01:IMRPhenomXPHM from /home/storm.colloms/O4a_population/test_gwpopulationpipe/o3a_samples/IGWN-GWTC2p1-v2-GW190517_055101_PEDataRelease_mixed_nocosmo.h5.
06:38 bilby INFO    : Loaded C01:IMRPhenomXPHM from /home/storm.colloms/O4a_population/test_gwpopulationpipe/o3a_samples/IGWN-GWTC2p1-v2-GW190519_153544_PEDataRelease_mixed_nocosmo.h5.
06:38 bilby INFO    : Loaded C01:IMRPhenomXPHM from /home/storm.colloms/O4a_population/test_gwpopulationpipe/o3a_samples/IGWN-GWTC2p1-v2-GW190521_030229_PEDataRelease_mixed_nocosmo.h5.
06:38 bilby INFO    : Loaded C01:IMRPhenomXPHM from /home/storm.colloms/O4a_population/test_gwpopulationpipe/o3a_samples/IGWN-GWTC2p1-v2-GW190521_074359_PEDataRelease_mixed_nocosmo.h5.
06:38 bilby INFO    : Loaded C01:IMRPhenomXPHM from /home/storm.colloms/O4a_population/test_gwpopulationpipe/o3a_samples/IGWN-GWTC2p1-v2-GW190527_092055_PEDataRelease_mixed_nocosmo.h5.
06:38 bilby INFO    : Loaded C01:IMRPhenomXPHM from /home/storm.colloms/O4a_population/test_gwpopulationpipe/o3a_samples/IGWN-GWTC2p1-v2-GW190602_175927_PEDataRelease_mixed_nocosmo.h5.
06:38 bilby INFO    : Loaded C01:IMRPhenomXPHM from /home/storm.colloms/O4a_population/test_gwpopulationpipe/o3a_samples/IGWN-GWTC2p1-v2-GW190620_030421_PEDataRelease_mixed_nocosmo.h5.
06:38 bilby INFO    : Loaded C01:IMRPhenomXPHM from /home/storm.colloms/O4a_population/test_gwpopulationpipe/o3a_samples/IGWN-GWTC2p1-v2-GW190630_185205_PEDataRelease_mixed_nocosmo.h5.
06:38 bilby INFO    : Loaded C01:IMRPhenomXPHM from /home/storm.colloms/O4a_population/test_gwpopulationpipe/o3a_samples/IGWN-GWTC2p1-v2-GW190701_203306_PEDataRelease_mixed_nocosmo.h5.
06:38 bilby INFO    : Loaded C01:IMRPhenomXPHM from /home/storm.colloms/O4a_population/test_gwpopulationpipe/o3a_samples/IGWN-GWTC2p1-v2-GW190706_222641_PEDataRelease_mixed_nocosmo.h5.
06:38 bilby INFO    : Loaded C01:IMRPhenomXPHM from /home/storm.colloms/O4a_population/test_gwpopulationpipe/o3a_samples/IGWN-GWTC2p1-v2-GW190707_093326_PEDataRelease_mixed_nocosmo.h5.
06:38 bilby INFO    : Loaded C01:IMRPhenomXPHM from /home/storm.colloms/O4a_population/test_gwpopulationpipe/o3a_samples/IGWN-GWTC2p1-v2-GW190708_232457_PEDataRelease_mixed_nocosmo.h5.
06:38 bilby INFO    : Loaded C01:IMRPhenomXPHM from /home/storm.colloms/O4a_population/test_gwpopulationpipe/o3a_samples/IGWN-GWTC2p1-v2-GW190719_215514_PEDataRelease_mixed_nocosmo.h5.
06:38 bilby INFO    : Loaded C01:IMRPhenomXPHM from /home/storm.colloms/O4a_population/test_gwpopulationpipe/o3a_samples/IGWN-GWTC2p1-v2-GW190720_000836_PEDataRelease_mixed_nocosmo.h5.
06:38 bilby INFO    : Loaded C01:IMRPhenomXPHM from /home/storm.colloms/O4a_population/test_gwpopulationpipe/o3a_samples/IGWN-GWTC2p1-v2-GW190725_174728_PEDataRelease_mixed_nocosmo.h5.
06:38 bilby INFO    : Loaded C01:IMRPhenomXPHM from /home/storm.colloms/O4a_population/test_gwpopulationpipe/o3a_samples/IGWN-GWTC2p1-v2-GW190727_060333_PEDataRelease_mixed_nocosmo.h5.
06:38 bilby INFO    : Loaded C01:IMRPhenomXPHM from /home/storm.colloms/O4a_population/test_gwpopulationpipe/o3a_samples/IGWN-GWTC2p1-v2-GW190728_064510_PEDataRelease_mixed_nocosmo.h5.
06:38 bilby INFO    : Loaded C01:IMRPhenomXPHM from /home/storm.colloms/O4a_population/test_gwpopulationpipe/o3a_samples/IGWN-GWTC2p1-v2-GW190731_140936_PEDataRelease_mixed_nocosmo.h5.
06:38 bilby INFO    : Loaded C01:IMRPhenomXPHM from /home/storm.colloms/O4a_population/test_gwpopulationpipe/o3a_samples/IGWN-GWTC2p1-v2-GW190803_022701_PEDataRelease_mixed_nocosmo.h5.
06:38 bilby INFO    : Loaded C01:IMRPhenomXPHM from /home/storm.colloms/O4a_population/test_gwpopulationpipe/o3a_samples/IGWN-GWTC2p1-v2-GW190805_211137_PEDataRelease_mixed_nocosmo.h5.
06:38 bilby INFO    : Ignoring /home/storm.colloms/O4a_population/test_gwpopulationpipe/o3a_samples/IGWN-GWTC2p1-v2-GW190814_211039_PEDataRelease_mixed_nocosmo.h5.
06:38 bilby INFO    : Loaded C01:IMRPhenomXPHM from /home/storm.colloms/O4a_population/test_gwpopulationpipe/o3a_samples/IGWN-GWTC2p1-v2-GW190828_063405_PEDataRelease_mixed_nocosmo.h5.
06:38 bilby INFO    : Loaded C01:IMRPhenomXPHM from /home/storm.colloms/O4a_population/test_gwpopulationpipe/o3a_samples/IGWN-GWTC2p1-v2-GW190828_065509_PEDataRelease_mixed_nocosmo.h5.
06:38 bilby INFO    : Loaded C01:IMRPhenomXPHM from /home/storm.colloms/O4a_population/test_gwpopulationpipe/o3a_samples/IGWN-GWTC2p1-v2-GW190910_112807_PEDataRelease_mixed_nocosmo.h5.
06:38 bilby INFO    : Loaded C01:IMRPhenomXPHM from /home/storm.colloms/O4a_population/test_gwpopulationpipe/o3a_samples/IGWN-GWTC2p1-v2-GW190915_235702_PEDataRelease_mixed_nocosmo.h5.
06:38 bilby INFO    : Ignoring /home/storm.colloms/O4a_population/test_gwpopulationpipe/o3a_samples/IGWN-GWTC2p1-v2-GW190916_200658_PEDataRelease_mixed_nocosmo.h5.
06:38 bilby INFO    : Ignoring /home/storm.colloms/O4a_population/test_gwpopulationpipe/o3a_samples/IGWN-GWTC2p1-v2-GW190917_114630_PEDataRelease_mixed_nocosmo.h5.
06:38 bilby INFO    : Loaded C01:IMRPhenomXPHM from /home/storm.colloms/O4a_population/test_gwpopulationpipe/o3a_samples/IGWN-GWTC2p1-v2-GW190924_021846_PEDataRelease_mixed_nocosmo.h5.
06:38 bilby INFO    : Loaded C01:IMRPhenomXPHM from /home/storm.colloms/O4a_population/test_gwpopulationpipe/o3a_samples/IGWN-GWTC2p1-v2-GW190925_232845_PEDataRelease_mixed_nocosmo.h5.
06:38 bilby INFO    : Ignoring /home/storm.colloms/O4a_population/test_gwpopulationpipe/o3a_samples/IGWN-GWTC2p1-v2-GW190926_050336_PEDataRelease_mixed_nocosmo.h5.
06:38 bilby INFO    : Loaded C01:IMRPhenomXPHM from /home/storm.colloms/O4a_population/test_gwpopulationpipe/o3a_samples/IGWN-GWTC2p1-v2-GW190929_012149_PEDataRelease_mixed_nocosmo.h5.
06:38 bilby INFO    : Loaded C01:IMRPhenomXPHM from /home/storm.colloms/O4a_population/test_gwpopulationpipe/o3a_samples/IGWN-GWTC2p1-v2-GW190930_133541_PEDataRelease_mixed_nocosmo.h5.
06:38 bilby INFO    : Using uniform in the comoving source frame distance prior for all events.
06:38 bilby INFO    : Assuming flat in detector frame mass prior for all events.
06:38 bilby INFO    : Assuming uniform in component spin prior for all events.
06:38 bilby INFO    : Model is defined in terms of mass ratio, adjusting prior accordingly.
06:38 bilby INFO    : Found 35 O3b events in standard format.
06:39 bilby INFO    : Loaded C01:IMRPhenomXPHM from /home/storm.colloms/O4a_population/test_gwpopulationpipe/o3b_samples/IGWN-GWTC3p0-v1-GW191103_012549_PEDataRelease_mixed_nocosmo.h5.
06:39 bilby INFO    : Loaded C01:IMRPhenomXPHM from /home/storm.colloms/O4a_population/test_gwpopulationpipe/o3b_samples/IGWN-GWTC3p0-v1-GW191105_143521_PEDataRelease_mixed_nocosmo.h5.
06:39 bilby INFO    : Loaded C01:IMRPhenomXPHM from /home/storm.colloms/O4a_population/test_gwpopulationpipe/o3b_samples/IGWN-GWTC3p0-v1-GW191109_010717_PEDataRelease_mixed_nocosmo.h5.
06:39 bilby INFO    : Ignoring /home/storm.colloms/O4a_population/test_gwpopulationpipe/o3b_samples/IGWN-GWTC3p0-v1-GW191113_071753_PEDataRelease_mixed_nocosmo.h5.
06:39 bilby INFO    : Ignoring /home/storm.colloms/O4a_population/test_gwpopulationpipe/o3b_samples/IGWN-GWTC3p0-v1-GW191126_115259_PEDataRelease_mixed_nocosmo.h5.
06:39 bilby INFO    : Loaded C01:IMRPhenomXPHM from /home/storm.colloms/O4a_population/test_gwpopulationpipe/o3b_samples/IGWN-GWTC3p0-v1-GW191127_050227_PEDataRelease_mixed_nocosmo.h5.
06:39 bilby INFO    : Loaded C01:IMRPhenomXPHM from /home/storm.colloms/O4a_population/test_gwpopulationpipe/o3b_samples/IGWN-GWTC3p0-v1-GW191129_134029_PEDataRelease_mixed_nocosmo.h5.
06:39 bilby INFO    : Ignoring /home/storm.colloms/O4a_population/test_gwpopulationpipe/o3b_samples/IGWN-GWTC3p0-v1-GW191204_110529_PEDataRelease_mixed_nocosmo.h5.
06:39 bilby INFO    : Loaded C01:IMRPhenomXPHM from /home/storm.colloms/O4a_population/test_gwpopulationpipe/o3b_samples/IGWN-GWTC3p0-v1-GW191204_171526_PEDataRelease_mixed_nocosmo.h5.
06:39 bilby INFO    : Loaded C01:IMRPhenomXPHM from /home/storm.colloms/O4a_population/test_gwpopulationpipe/o3b_samples/IGWN-GWTC3p0-v1-GW191215_223052_PEDataRelease_mixed_nocosmo.h5.
06:39 bilby INFO    : Loaded C01:IMRPhenomXPHM from /home/storm.colloms/O4a_population/test_gwpopulationpipe/o3b_samples/IGWN-GWTC3p0-v1-GW191216_213338_PEDataRelease_mixed_nocosmo.h5.
06:39 bilby INFO    : Ignoring /home/storm.colloms/O4a_population/test_gwpopulationpipe/o3b_samples/IGWN-GWTC3p0-v1-GW191219_163120_PEDataRelease_mixed_nocosmo.h5.
06:39 bilby INFO    : Loaded C01:IMRPhenomXPHM from /home/storm.colloms/O4a_population/test_gwpopulationpipe/o3b_samples/IGWN-GWTC3p0-v1-GW191222_033537_PEDataRelease_mixed_nocosmo.h5.
06:39 bilby INFO    : Loaded C01:IMRPhenomXPHM from /home/storm.colloms/O4a_population/test_gwpopulationpipe/o3b_samples/IGWN-GWTC3p0-v1-GW191230_180458_PEDataRelease_mixed_nocosmo.h5.
06:39 bilby INFO    : Ignoring /home/storm.colloms/O4a_population/test_gwpopulationpipe/o3b_samples/IGWN-GWTC3p0-v1-GW200105_162426_PEDataRelease_mixed_nocosmo.h5.
06:39 bilby INFO    : Loaded C01:IMRPhenomXPHM from /home/storm.colloms/O4a_population/test_gwpopulationpipe/o3b_samples/IGWN-GWTC3p0-v1-GW200112_155838_PEDataRelease_mixed_nocosmo.h5.
06:39 bilby INFO    : Ignoring /home/storm.colloms/O4a_population/test_gwpopulationpipe/o3b_samples/IGWN-GWTC3p0-v1-GW200115_042309_PEDataRelease_mixed_nocosmo.h5.
06:39 bilby INFO    : Loaded C01:IMRPhenomXPHM from /home/storm.colloms/O4a_population/test_gwpopulationpipe/o3b_samples/IGWN-GWTC3p0-v1-GW200128_022011_PEDataRelease_mixed_nocosmo.h5.
06:39 bilby INFO    : Loaded C01:IMRPhenomXPHM from /home/storm.colloms/O4a_population/test_gwpopulationpipe/o3b_samples/IGWN-GWTC3p0-v1-GW200129_065458_PEDataRelease_mixed_nocosmo.h5.
06:39 bilby INFO    : Loaded C01:IMRPhenomXPHM from /home/storm.colloms/O4a_population/test_gwpopulationpipe/o3b_samples/IGWN-GWTC3p0-v1-GW200202_154313_PEDataRelease_mixed_nocosmo.h5.
06:39 bilby INFO    : Loaded C01:IMRPhenomXPHM from /home/storm.colloms/O4a_population/test_gwpopulationpipe/o3b_samples/IGWN-GWTC3p0-v1-GW200208_130117_PEDataRelease_mixed_nocosmo.h5.
06:39 bilby INFO    : Ignoring /home/storm.colloms/O4a_population/test_gwpopulationpipe/o3b_samples/IGWN-GWTC3p0-v1-GW200208_222617_PEDataRelease_mixed_nocosmo.h5.
06:39 bilby INFO    : Loaded C01:IMRPhenomXPHM from /home/storm.colloms/O4a_population/test_gwpopulationpipe/o3b_samples/IGWN-GWTC3p0-v1-GW200209_085452_PEDataRelease_mixed_nocosmo.h5.
06:39 bilby INFO    : Loaded C01:IMRPhenomXPHM from /home/storm.colloms/O4a_population/test_gwpopulationpipe/o3b_samples/IGWN-GWTC3p0-v1-GW200216_220804_PEDataRelease_mixed_nocosmo.h5.
06:39 bilby INFO    : Loaded C01:IMRPhenomXPHM from /home/storm.colloms/O4a_population/test_gwpopulationpipe/o3b_samples/IGWN-GWTC3p0-v1-GW200219_094415_PEDataRelease_mixed_nocosmo.h5.
06:39 bilby INFO    : Ignoring /home/storm.colloms/O4a_population/test_gwpopulationpipe/o3b_samples/IGWN-GWTC3p0-v1-GW200220_061928_PEDataRelease_mixed_nocosmo.h5.
06:39 bilby INFO    : Ignoring /home/storm.colloms/O4a_population/test_gwpopulationpipe/o3b_samples/IGWN-GWTC3p0-v1-GW200220_124850_PEDataRelease_mixed_nocosmo.h5.
06:39 bilby INFO    : Loaded C01:IMRPhenomXPHM from /home/storm.colloms/O4a_population/test_gwpopulationpipe/o3b_samples/IGWN-GWTC3p0-v1-GW200224_222234_PEDataRelease_mixed_nocosmo.h5.
06:39 bilby INFO    : Loaded C01:IMRPhenomXPHM from /home/storm.colloms/O4a_population/test_gwpopulationpipe/o3b_samples/IGWN-GWTC3p0-v1-GW200225_060421_PEDataRelease_mixed_nocosmo.h5.
06:39 bilby INFO    : Loaded C01:IMRPhenomXPHM from /home/storm.colloms/O4a_population/test_gwpopulationpipe/o3b_samples/IGWN-GWTC3p0-v1-GW200302_015811_PEDataRelease_mixed_nocosmo.h5.
06:39 bilby INFO    : Ignoring /home/storm.colloms/O4a_population/test_gwpopulationpipe/o3b_samples/IGWN-GWTC3p0-v1-GW200306_093714_PEDataRelease_mixed_nocosmo.h5.
06:39 bilby INFO    : Ignoring /home/storm.colloms/O4a_population/test_gwpopulationpipe/o3b_samples/IGWN-GWTC3p0-v1-GW200308_173609_PEDataRelease_mixed_nocosmo.h5.
06:39 bilby INFO    : Loaded C01:IMRPhenomXPHM from /home/storm.colloms/O4a_population/test_gwpopulationpipe/o3b_samples/IGWN-GWTC3p0-v1-GW200311_115853_PEDataRelease_mixed_nocosmo.h5.
06:39 bilby INFO    : Loaded C01:IMRPhenomXPHM from /home/storm.colloms/O4a_population/test_gwpopulationpipe/o3b_samples/IGWN-GWTC3p0-v1-GW200316_215756_PEDataRelease_mixed_nocosmo.h5.
06:39 bilby INFO    : Ignoring /home/storm.colloms/O4a_population/test_gwpopulationpipe/o3b_samples/IGWN-GWTC3p0-v1-GW200322_091133_PEDataRelease_mixed_nocosmo.h5.
06:39 bilby INFO    : Using uniform in the comoving source frame distance prior for all events.
06:39 bilby INFO    : Assuming flat in detector frame mass prior for all events.
06:39 bilby INFO    : Assuming uniform in component spin prior for all events.
06:39 bilby INFO    : Model is defined in terms of mass ratio, adjusting prior accordingly.
06:39 bilby INFO    : Loaded 69 posteriors.
06:39 bilby INFO    : Outdir is O1O2O3_powerlawm2min_prod_pqnorm_no190814
06:39 bilby INFO    : Downsampling to 20000 samples per posterior
06:39 bilby INFO    : Using 69 events, final event list is: GW150914_095045, GW151012_095443, GW151226_033853, GW170104_101158, GW170608_020116, GW170729_185629, GW170809_082821, GW170814_103043, GW170818_022509, GW170823_131358, GW190408_181802, GW190412_053044, GW190413_052954, GW190413_134308, GW190421_213856, GW190503_185404, GW190512_180714, GW190513_205428, GW190517_055101, GW190519_153544, GW190521_030229, GW190521_074359, GW190527_092055, GW190602_175927, GW190620_030421, GW190630_185205, GW190701_203306, GW190706_222641, GW190707_093326, GW190708_232457, GW190719_215514, GW190720_000836, GW190725_174728, GW190727_060333, GW190728_064510, GW190731_140936, GW190803_022701, GW190805_211137, GW190828_063405, GW190828_065509, GW190910_112807, GW190915_235702, GW190924_021846, GW190925_232845, GW190929_012149, GW190930_133541, GW191103_012549, GW191105_143521, GW191109_010717, GW191127_050227, GW191129_134029, GW191204_171526, GW191215_223052, GW191216_213338, GW191222_033537, GW191230_180458, GW200112_155838, GW200128_022011, GW200129_065458, GW200202_154313, GW200208_130117, GW200209_085452, GW200216_220804, GW200219_094415, GW200224_222234, GW200225_060421, GW200302_015811, GW200311_115853, GW200316_215756.
06:39 bilby INFO    : Saving posteriors to posteriors.pkl
06:39 bilby INFO    : Loading VT data from /home/reed.essick/rates+pop/o1+o2+o3-sensitivity-estimates/LIGO-T2100377-v2/o1+o2+o3_bbhpop_real+semianalytic-LIGO-T2100377-v2.hdf5.
06:39 bilby INFO    : Written injection data to O1O2O3_powerlawm2min_prod_pqnorm_no190814/data/injections.pkl
