/home/storm.colloms/.conda/envs/O4apop/lib/python3.10/site-packages/pandas/core/computation/expressions.py:21: UserWarning: Pandas requires version '2.8.4' or newer of 'numexpr' (version '2.7.3' currently installed).
  from pandas.core.computation.check import NUMEXPR_INSTALLED
Traceback (most recent call last):
  File "/local/condor/execute/dir_1991618/gwpopulation_pipe_analysis", line 8, in <module>
    sys.exit(main())
  File "/home/storm.colloms/.conda/envs/O4apop/lib/python3.10/site-packages/gwpopulation_pipe/data_analysis.py", line 408, in main
    set_backend(args.backend)
  File "/home/storm.colloms/.local/lib/python3.10/site-packages/gwpopulation/backend.py", line 112, in set_backend
    xp, scs = _load_numpy_and_scipy(backend)
  File "/home/storm.colloms/.local/lib/python3.10/site-packages/gwpopulation/backend.py", line 82, in _load_numpy_and_scipy
    xp = import_module(_np_module[backend])
  File "/home/storm.colloms/.conda/envs/O4apop/lib/python3.10/importlib/__init__.py", line 126, in import_module
    return _bootstrap._gcd_import(name[level:], package, level)
  File "<frozen importlib._bootstrap>", line 1050, in _gcd_import
  File "<frozen importlib._bootstrap>", line 1027, in _find_and_load
  File "<frozen importlib._bootstrap>", line 992, in _find_and_load_unlocked
  File "<frozen importlib._bootstrap>", line 241, in _call_with_frames_removed
  File "<frozen importlib._bootstrap>", line 1050, in _gcd_import
  File "<frozen importlib._bootstrap>", line 1027, in _find_and_load
  File "<frozen importlib._bootstrap>", line 1006, in _find_and_load_unlocked
  File "<frozen importlib._bootstrap>", line 688, in _load_unlocked
  File "<frozen importlib._bootstrap_external>", line 883, in exec_module
  File "<frozen importlib._bootstrap>", line 241, in _call_with_frames_removed
  File "/home/storm.colloms/.conda/envs/O4apop/lib/python3.10/site-packages/jax/__init__.py", line 37, in <module>
    import jax.core as _core
  File "/home/storm.colloms/.conda/envs/O4apop/lib/python3.10/site-packages/jax/core.py", line 18, in <module>
    from jax._src.core import (
  File "/home/storm.colloms/.conda/envs/O4apop/lib/python3.10/site-packages/jax/_src/core.py", line 39, in <module>
    from jax._src import dtypes
  File "/home/storm.colloms/.conda/envs/O4apop/lib/python3.10/site-packages/jax/_src/dtypes.py", line 33, in <module>
    from jax._src import config
  File "/home/storm.colloms/.conda/envs/O4apop/lib/python3.10/site-packages/jax/_src/config.py", line 27, in <module>
    from jax._src import lib
  File "/home/storm.colloms/.conda/envs/O4apop/lib/python3.10/site-packages/jax/_src/lib/__init__.py", line 84, in <module>
    cpu_feature_guard.check_cpu_features()
RuntimeError: This version of jaxlib was built using AVX instructions, which your CPU and/or operating system do not support. You may be able work around this issue by building jaxlib from source.
/home/storm.colloms/.conda/envs/O4apop/lib/python3.10/site-packages/pandas/core/computation/expressions.py:21: UserWarning: Pandas requires version '2.8.4' or newer of 'numexpr' (version '2.7.3' currently installed).
  from pandas.core.computation.check import NUMEXPR_INSTALLED
10:15 bilby INFO    : Loaded 157 posteriors
10:15 bilby INFO    : Using parabola_m2min_allgammazeta from variable_qmin.
10:15 bilby INFO    : Using PowerLawRedshift from gwpopulation.models.redshift.
10:15 bilby INFO    : Created gwpopulation.models.redshift.PowerLawRedshift with arguments {'z_max': 1.9}
10:15 bilby INFO    : Using parabola_m2min_allgammazeta from variable_qmin.
10:15 bilby INFO    : Using PowerLawRedshift from gwpopulation.models.redshift.
10:15 bilby INFO    : Created gwpopulation.models.redshift.PowerLawRedshift with arguments {'z_max': 1.9}
10:15 bilby INFO    : Loading VT data from O4a_parabolam2min_prod_allgammazeta_no190814/data/injections.pkl.
10:15 bilby INFO    : Identified keys: gamma, sigpp, lam, alpha, zeta, mmax, gaussian_mass_maximum, mmin, mpp, beta, lamb
10:15 bilby INFO    : Running for label 'bbh_mass_parabola_m2min_allgammazeta_redshift_powerlaw', output will be saved to 'O4a_parabolam2min_prod_allgammazeta_no190814/result'
10:15 bilby WARNING : Parameter amax_2 has no default prior and is set to 1, this will not be sampled and may cause an error.
10:15 bilby WARNING : Parameter amax_1 has no default prior and is set to 1, this will not be sampled and may cause an error.
10:15 bilby WARNING : Parameter amax has no default prior and is set to 1, this will not be sampled and may cause an error.
/home/storm.colloms/.conda/envs/O4apop/lib/python3.10/site-packages/_distutils_hack/__init__.py:26: UserWarning: Setuptools is replacing distutils.
  warnings.warn("Setuptools is replacing distutils.")
10:15 bilby INFO    : Analysis priors:
10:15 bilby INFO    : alpha=Uniform(minimum=-4, maximum=12, name='alpha', latex_label='$\\alpha$', unit=None, boundary=None)
10:15 bilby INFO    : beta=Uniform(minimum=-2, maximum=7, name='beta', latex_label='$\\beta_{q}$', unit=None, boundary=None)
10:15 bilby INFO    : gamma=Uniform(minimum=-1, maximum=1, name='gamma', latex_label='$\\gamma_{q}$', unit=None, boundary=None)
10:15 bilby INFO    : zeta=Uniform(minimum=-0.017094017094, maximum=0.017094017094, name='zeta', latex_label='$\\zeta_{q}$', unit=None, boundary=None)
10:15 bilby INFO    : mmax=Uniform(minimum=62, maximum=100, name='mmax', latex_label='$m_{\\max}$', unit=None, boundary=None)
10:15 bilby INFO    : mmin=Uniform(minimum=2, maximum=6, name='mmin', latex_label='$m_{\\min}$', unit=None, boundary=None)
10:15 bilby INFO    : lam=Uniform(minimum=0, maximum=1, name='lambda', latex_label='$\\lambda_{m}$', unit=None, boundary=None)
10:15 bilby INFO    : mpp=Uniform(minimum=20, maximum=50, name='mpp', latex_label='$\\mu_{m}$', unit=None, boundary=None)
10:15 bilby INFO    : sigpp=Uniform(minimum=1, maximum=10, name='sigpp', latex_label='$\\sigma_{m}$', unit=None, boundary=None)
10:15 bilby INFO    : lamb=Uniform(minimum=-2, maximum=8, name='lamb', latex_label='$\\lambda_z$', unit=None, boundary=None)
10:15 bilby INFO    : alpha_chi=Constraint(minimum=1, maximum=100000.0, name=None, latex_label=None, unit=None)
10:15 bilby INFO    : beta_chi=Constraint(minimum=1, maximum=100000.0, name=None, latex_label=None, unit=None)
10:15 bilby INFO    : gaussian_mass_maximum=100.0
10:15 bilby INFO    : Analysis likelihood class: <class 'gwpopulation.hyperpe.HyperparameterLikelihood'>
10:15 bilby INFO    : Analysis likelihood noise evidence: nan
10:16 bilby INFO    : Single likelihood evaluation took 4.622e-02 s
10:16 bilby INFO    : Using sampler Dynesty with kwargs {'nlive': 500, 'bound': 'live', 'sample': 'act-walk', 'periodic': None, 'reflective': None, 'update_interval': 600, 'first_update': None, 'npdim': None, 'rstate': None, 'queue_size': 1, 'pool': None, 'use_pool': None, 'live_points': None, 'logl_args': None, 'logl_kwargs': None, 'ptform_args': None, 'ptform_kwargs': None, 'gradient': None, 'grad_args': None, 'grad_kwargs': None, 'compute_jac': False, 'enlarge': None, 'bootstrap': None, 'walks': 5, 'facc': 0.2, 'slices': None, 'fmove': 0.9, 'max_move': 100, 'update_func': None, 'ncdim': None, 'blob': False, 'save_history': False, 'history_filename': None, 'maxiter': None, 'maxcall': None, 'dlogz': 0.1, 'logl_max': inf, 'n_effective': None, 'add_live': True, 'print_progress': True, 'print_func': <bound method Dynesty._print_func of <bilby.core.sampler.dynesty.Dynesty object at 0x14ecc27b8d60>>, 'save_bounds': False, 'checkpoint_file': None, 'checkpoint_every': 60, 'resume': False}
10:16 bilby INFO    : Checkpoint every check_point_delta_t = 600s
10:16 bilby INFO    : Using dynesty version 2.1.2
10:16 bilby INFO    : Using the bilby-implemented act-walk sampling tracking the autocorrelation function and thinning by 2 with maximum length 10000
10:16 bilby INFO    : Reading resume file O4a_parabolam2min_prod_allgammazeta_no190814/result/bbh_mass_parabola_m2min_allgammazeta_redshift_powerlaw_resume.pickle
10:16 bilby WARNING : The resume file O4a_parabolam2min_prod_allgammazeta_no190814/result/bbh_mass_parabola_m2min_allgammazeta_redshift_powerlaw_resume.pickle is corrupted or the version of bilby has changed between runs. This resume file will be ignored.
10:16 bilby INFO    : Generating initial points from the prior
10:26 bilby INFO    : Written checkpoint file O4a_parabolam2min_prod_allgammazeta_no190814/result/bbh_mass_parabola_m2min_allgammazeta_redshift_powerlaw_resume.pickle
10:37 bilby INFO    : Written checkpoint file O4a_parabolam2min_prod_allgammazeta_no190814/result/bbh_mass_parabola_m2min_allgammazeta_redshift_powerlaw_resume.pickle
10:48 bilby INFO    : Written checkpoint file O4a_parabolam2min_prod_allgammazeta_no190814/result/bbh_mass_parabola_m2min_allgammazeta_redshift_powerlaw_resume.pickle
10:58 bilby INFO    : Written checkpoint file O4a_parabolam2min_prod_allgammazeta_no190814/result/bbh_mass_parabola_m2min_allgammazeta_redshift_powerlaw_resume.pickle
11:11 bilby INFO    : Written checkpoint file O4a_parabolam2min_prod_allgammazeta_no190814/result/bbh_mass_parabola_m2min_allgammazeta_redshift_powerlaw_resume.pickle
11:23 bilby INFO    : Written checkpoint file O4a_parabolam2min_prod_allgammazeta_no190814/result/bbh_mass_parabola_m2min_allgammazeta_redshift_powerlaw_resume.pickle
11:33 bilby INFO    : Written checkpoint file O4a_parabolam2min_prod_allgammazeta_no190814/result/bbh_mass_parabola_m2min_allgammazeta_redshift_powerlaw_resume.pickle
11:44 bilby INFO    : Written checkpoint file O4a_parabolam2min_prod_allgammazeta_no190814/result/bbh_mass_parabola_m2min_allgammazeta_redshift_powerlaw_resume.pickle
11:56 bilby INFO    : Written checkpoint file O4a_parabolam2min_prod_allgammazeta_no190814/result/bbh_mass_parabola_m2min_allgammazeta_redshift_powerlaw_resume.pickle
12:09 bilby INFO    : Written checkpoint file O4a_parabolam2min_prod_allgammazeta_no190814/result/bbh_mass_parabola_m2min_allgammazeta_redshift_powerlaw_resume.pickle
12:19 bilby INFO    : Written checkpoint file O4a_parabolam2min_prod_allgammazeta_no190814/result/bbh_mass_parabola_m2min_allgammazeta_redshift_powerlaw_resume.pickle
12:29 bilby INFO    : Written checkpoint file O4a_parabolam2min_prod_allgammazeta_no190814/result/bbh_mass_parabola_m2min_allgammazeta_redshift_powerlaw_resume.pickle
12:40 bilby INFO    : Written checkpoint file O4a_parabolam2min_prod_allgammazeta_no190814/result/bbh_mass_parabola_m2min_allgammazeta_redshift_powerlaw_resume.pickle
12:53 bilby INFO    : Written checkpoint file O4a_parabolam2min_prod_allgammazeta_no190814/result/bbh_mass_parabola_m2min_allgammazeta_redshift_powerlaw_resume.pickle
13:04 bilby INFO    : Written checkpoint file O4a_parabolam2min_prod_allgammazeta_no190814/result/bbh_mass_parabola_m2min_allgammazeta_redshift_powerlaw_resume.pickle
13:15 bilby INFO    : Written checkpoint file O4a_parabolam2min_prod_allgammazeta_no190814/result/bbh_mass_parabola_m2min_allgammazeta_redshift_powerlaw_resume.pickle
13:25 bilby INFO    : Written checkpoint file O4a_parabolam2min_prod_allgammazeta_no190814/result/bbh_mass_parabola_m2min_allgammazeta_redshift_powerlaw_resume.pickle
13:37 bilby INFO    : Written checkpoint file O4a_parabolam2min_prod_allgammazeta_no190814/result/bbh_mass_parabola_m2min_allgammazeta_redshift_powerlaw_resume.pickle
13:49 bilby INFO    : Written checkpoint file O4a_parabolam2min_prod_allgammazeta_no190814/result/bbh_mass_parabola_m2min_allgammazeta_redshift_powerlaw_resume.pickle
14:00 bilby INFO    : Written checkpoint file O4a_parabolam2min_prod_allgammazeta_no190814/result/bbh_mass_parabola_m2min_allgammazeta_redshift_powerlaw_resume.pickle
14:10 bilby INFO    : Written checkpoint file O4a_parabolam2min_prod_allgammazeta_no190814/result/bbh_mass_parabola_m2min_allgammazeta_redshift_powerlaw_resume.pickle
14:22 bilby INFO    : Written checkpoint file O4a_parabolam2min_prod_allgammazeta_no190814/result/bbh_mass_parabola_m2min_allgammazeta_redshift_powerlaw_resume.pickle
14:33 bilby INFO    : Written checkpoint file O4a_parabolam2min_prod_allgammazeta_no190814/result/bbh_mass_parabola_m2min_allgammazeta_redshift_powerlaw_resume.pickle
14:45 bilby INFO    : Written checkpoint file O4a_parabolam2min_prod_allgammazeta_no190814/result/bbh_mass_parabola_m2min_allgammazeta_redshift_powerlaw_resume.pickle
14:57 bilby INFO    : Written checkpoint file O4a_parabolam2min_prod_allgammazeta_no190814/result/bbh_mass_parabola_m2min_allgammazeta_redshift_powerlaw_resume.pickle
15:08 bilby INFO    : Written checkpoint file O4a_parabolam2min_prod_allgammazeta_no190814/result/bbh_mass_parabola_m2min_allgammazeta_redshift_powerlaw_resume.pickle
15:20 bilby INFO    : Written checkpoint file O4a_parabolam2min_prod_allgammazeta_no190814/result/bbh_mass_parabola_m2min_allgammazeta_redshift_powerlaw_resume.pickle
15:32 bilby INFO    : Written checkpoint file O4a_parabolam2min_prod_allgammazeta_no190814/result/bbh_mass_parabola_m2min_allgammazeta_redshift_powerlaw_resume.pickle
15:44 bilby INFO    : Written checkpoint file O4a_parabolam2min_prod_allgammazeta_no190814/result/bbh_mass_parabola_m2min_allgammazeta_redshift_powerlaw_resume.pickle
15:55 bilby INFO    : Written checkpoint file O4a_parabolam2min_prod_allgammazeta_no190814/result/bbh_mass_parabola_m2min_allgammazeta_redshift_powerlaw_resume.pickle
16:06 bilby INFO    : Written checkpoint file O4a_parabolam2min_prod_allgammazeta_no190814/result/bbh_mass_parabola_m2min_allgammazeta_redshift_powerlaw_resume.pickle
16:17 bilby INFO    : Written checkpoint file O4a_parabolam2min_prod_allgammazeta_no190814/result/bbh_mass_parabola_m2min_allgammazeta_redshift_powerlaw_resume.pickle
16:28 bilby INFO    : Written checkpoint file O4a_parabolam2min_prod_allgammazeta_no190814/result/bbh_mass_parabola_m2min_allgammazeta_redshift_powerlaw_resume.pickle
16:40 bilby INFO    : Written checkpoint file O4a_parabolam2min_prod_allgammazeta_no190814/result/bbh_mass_parabola_m2min_allgammazeta_redshift_powerlaw_resume.pickle
16:52 bilby INFO    : Written checkpoint file O4a_parabolam2min_prod_allgammazeta_no190814/result/bbh_mass_parabola_m2min_allgammazeta_redshift_powerlaw_resume.pickle
17:04 bilby INFO    : Written checkpoint file O4a_parabolam2min_prod_allgammazeta_no190814/result/bbh_mass_parabola_m2min_allgammazeta_redshift_powerlaw_resume.pickle
17:16 bilby INFO    : Written checkpoint file O4a_parabolam2min_prod_allgammazeta_no190814/result/bbh_mass_parabola_m2min_allgammazeta_redshift_powerlaw_resume.pickle
17:27 bilby INFO    : Written checkpoint file O4a_parabolam2min_prod_allgammazeta_no190814/result/bbh_mass_parabola_m2min_allgammazeta_redshift_powerlaw_resume.pickle
17:39 bilby INFO    : Written checkpoint file O4a_parabolam2min_prod_allgammazeta_no190814/result/bbh_mass_parabola_m2min_allgammazeta_redshift_powerlaw_resume.pickle
17:51 bilby INFO    : Written checkpoint file O4a_parabolam2min_prod_allgammazeta_no190814/result/bbh_mass_parabola_m2min_allgammazeta_redshift_powerlaw_resume.pickle
18:02 bilby INFO    : Written checkpoint file O4a_parabolam2min_prod_allgammazeta_no190814/result/bbh_mass_parabola_m2min_allgammazeta_redshift_powerlaw_resume.pickle
18:14 bilby INFO    : Written checkpoint file O4a_parabolam2min_prod_allgammazeta_no190814/result/bbh_mass_parabola_m2min_allgammazeta_redshift_powerlaw_resume.pickle
18:25 bilby INFO    : Written checkpoint file O4a_parabolam2min_prod_allgammazeta_no190814/result/bbh_mass_parabola_m2min_allgammazeta_redshift_powerlaw_resume.pickle
18:36 bilby INFO    : Written checkpoint file O4a_parabolam2min_prod_allgammazeta_no190814/result/bbh_mass_parabola_m2min_allgammazeta_redshift_powerlaw_resume.pickle
18:48 bilby INFO    : Written checkpoint file O4a_parabolam2min_prod_allgammazeta_no190814/result/bbh_mass_parabola_m2min_allgammazeta_redshift_powerlaw_resume.pickle
19:01 bilby INFO    : Written checkpoint file O4a_parabolam2min_prod_allgammazeta_no190814/result/bbh_mass_parabola_m2min_allgammazeta_redshift_powerlaw_resume.pickle
19:12 bilby INFO    : Written checkpoint file O4a_parabolam2min_prod_allgammazeta_no190814/result/bbh_mass_parabola_m2min_allgammazeta_redshift_powerlaw_resume.pickle
19:25 bilby INFO    : Written checkpoint file O4a_parabolam2min_prod_allgammazeta_no190814/result/bbh_mass_parabola_m2min_allgammazeta_redshift_powerlaw_resume.pickle
19:36 bilby INFO    : Written checkpoint file O4a_parabolam2min_prod_allgammazeta_no190814/result/bbh_mass_parabola_m2min_allgammazeta_redshift_powerlaw_resume.pickle
19:49 bilby INFO    : Written checkpoint file O4a_parabolam2min_prod_allgammazeta_no190814/result/bbh_mass_parabola_m2min_allgammazeta_redshift_powerlaw_resume.pickle
20:00 bilby INFO    : Written checkpoint file O4a_parabolam2min_prod_allgammazeta_no190814/result/bbh_mass_parabola_m2min_allgammazeta_redshift_powerlaw_resume.pickle
20:10 bilby INFO    : Written checkpoint file O4a_parabolam2min_prod_allgammazeta_no190814/result/bbh_mass_parabola_m2min_allgammazeta_redshift_powerlaw_resume.pickle
20:21 bilby INFO    : Written checkpoint file O4a_parabolam2min_prod_allgammazeta_no190814/result/bbh_mass_parabola_m2min_allgammazeta_redshift_powerlaw_resume.pickle
20:32 bilby INFO    : Written checkpoint file O4a_parabolam2min_prod_allgammazeta_no190814/result/bbh_mass_parabola_m2min_allgammazeta_redshift_powerlaw_resume.pickle
20:43 bilby INFO    : Written checkpoint file O4a_parabolam2min_prod_allgammazeta_no190814/result/bbh_mass_parabola_m2min_allgammazeta_redshift_powerlaw_resume.pickle
20:53 bilby INFO    : Written checkpoint file O4a_parabolam2min_prod_allgammazeta_no190814/result/bbh_mass_parabola_m2min_allgammazeta_redshift_powerlaw_resume.pickle
21:05 bilby INFO    : Written checkpoint file O4a_parabolam2min_prod_allgammazeta_no190814/result/bbh_mass_parabola_m2min_allgammazeta_redshift_powerlaw_resume.pickle
21:16 bilby INFO    : Written checkpoint file O4a_parabolam2min_prod_allgammazeta_no190814/result/bbh_mass_parabola_m2min_allgammazeta_redshift_powerlaw_resume.pickle
21:27 bilby INFO    : Written checkpoint file O4a_parabolam2min_prod_allgammazeta_no190814/result/bbh_mass_parabola_m2min_allgammazeta_redshift_powerlaw_resume.pickle
21:39 bilby INFO    : Written checkpoint file O4a_parabolam2min_prod_allgammazeta_no190814/result/bbh_mass_parabola_m2min_allgammazeta_redshift_powerlaw_resume.pickle
21:49 bilby INFO    : Written checkpoint file O4a_parabolam2min_prod_allgammazeta_no190814/result/bbh_mass_parabola_m2min_allgammazeta_redshift_powerlaw_resume.pickle
22:00 bilby INFO    : Written checkpoint file O4a_parabolam2min_prod_allgammazeta_no190814/result/bbh_mass_parabola_m2min_allgammazeta_redshift_powerlaw_resume.pickle
22:11 bilby INFO    : Written checkpoint file O4a_parabolam2min_prod_allgammazeta_no190814/result/bbh_mass_parabola_m2min_allgammazeta_redshift_powerlaw_resume.pickle
22:24 bilby INFO    : Written checkpoint file O4a_parabolam2min_prod_allgammazeta_no190814/result/bbh_mass_parabola_m2min_allgammazeta_redshift_powerlaw_resume.pickle
22:34 bilby INFO    : Written checkpoint file O4a_parabolam2min_prod_allgammazeta_no190814/result/bbh_mass_parabola_m2min_allgammazeta_redshift_powerlaw_resume.pickle
22:50 bilby INFO    : Written checkpoint file O4a_parabolam2min_prod_allgammazeta_no190814/result/bbh_mass_parabola_m2min_allgammazeta_redshift_powerlaw_resume.pickle
23:00 bilby INFO    : Written checkpoint file O4a_parabolam2min_prod_allgammazeta_no190814/result/bbh_mass_parabola_m2min_allgammazeta_redshift_powerlaw_resume.pickle
23:11 bilby INFO    : Written checkpoint file O4a_parabolam2min_prod_allgammazeta_no190814/result/bbh_mass_parabola_m2min_allgammazeta_redshift_powerlaw_resume.pickle
23:22 bilby INFO    : Written checkpoint file O4a_parabolam2min_prod_allgammazeta_no190814/result/bbh_mass_parabola_m2min_allgammazeta_redshift_powerlaw_resume.pickle
23:32 bilby INFO    : Written checkpoint file O4a_parabolam2min_prod_allgammazeta_no190814/result/bbh_mass_parabola_m2min_allgammazeta_redshift_powerlaw_resume.pickle
23:43 bilby INFO    : Written checkpoint file O4a_parabolam2min_prod_allgammazeta_no190814/result/bbh_mass_parabola_m2min_allgammazeta_redshift_powerlaw_resume.pickle
23:55 bilby INFO    : Written checkpoint file O4a_parabolam2min_prod_allgammazeta_no190814/result/bbh_mass_parabola_m2min_allgammazeta_redshift_powerlaw_resume.pickle
00:06 bilby INFO    : Written checkpoint file O4a_parabolam2min_prod_allgammazeta_no190814/result/bbh_mass_parabola_m2min_allgammazeta_redshift_powerlaw_resume.pickle
00:17 bilby INFO    : Written checkpoint file O4a_parabolam2min_prod_allgammazeta_no190814/result/bbh_mass_parabola_m2min_allgammazeta_redshift_powerlaw_resume.pickle
00:32 bilby INFO    : Written checkpoint file O4a_parabolam2min_prod_allgammazeta_no190814/result/bbh_mass_parabola_m2min_allgammazeta_redshift_powerlaw_resume.pickle
00:46 bilby INFO    : Written checkpoint file O4a_parabolam2min_prod_allgammazeta_no190814/result/bbh_mass_parabola_m2min_allgammazeta_redshift_powerlaw_resume.pickle
00:59 bilby INFO    : Written checkpoint file O4a_parabolam2min_prod_allgammazeta_no190814/result/bbh_mass_parabola_m2min_allgammazeta_redshift_powerlaw_resume.pickle
01:13 bilby INFO    : Written checkpoint file O4a_parabolam2min_prod_allgammazeta_no190814/result/bbh_mass_parabola_m2min_allgammazeta_redshift_powerlaw_resume.pickle
01:24 bilby INFO    : Written checkpoint file O4a_parabolam2min_prod_allgammazeta_no190814/result/bbh_mass_parabola_m2min_allgammazeta_redshift_powerlaw_resume.pickle
01:36 bilby INFO    : Written checkpoint file O4a_parabolam2min_prod_allgammazeta_no190814/result/bbh_mass_parabola_m2min_allgammazeta_redshift_powerlaw_resume.pickle
01:48 bilby INFO    : Written checkpoint file O4a_parabolam2min_prod_allgammazeta_no190814/result/bbh_mass_parabola_m2min_allgammazeta_redshift_powerlaw_resume.pickle
02:05 bilby INFO    : Written checkpoint file O4a_parabolam2min_prod_allgammazeta_no190814/result/bbh_mass_parabola_m2min_allgammazeta_redshift_powerlaw_resume.pickle
02:17 bilby INFO    : Written checkpoint file O4a_parabolam2min_prod_allgammazeta_no190814/result/bbh_mass_parabola_m2min_allgammazeta_redshift_powerlaw_resume.pickle
02:37 bilby INFO    : Written checkpoint file O4a_parabolam2min_prod_allgammazeta_no190814/result/bbh_mass_parabola_m2min_allgammazeta_redshift_powerlaw_resume.pickle
02:53 bilby INFO    : Written checkpoint file O4a_parabolam2min_prod_allgammazeta_no190814/result/bbh_mass_parabola_m2min_allgammazeta_redshift_powerlaw_resume.pickle
03:06 bilby INFO    : Written checkpoint file O4a_parabolam2min_prod_allgammazeta_no190814/result/bbh_mass_parabola_m2min_allgammazeta_redshift_powerlaw_resume.pickle
03:20 bilby INFO    : Written checkpoint file O4a_parabolam2min_prod_allgammazeta_no190814/result/bbh_mass_parabola_m2min_allgammazeta_redshift_powerlaw_resume.pickle
03:33 bilby INFO    : Written checkpoint file O4a_parabolam2min_prod_allgammazeta_no190814/result/bbh_mass_parabola_m2min_allgammazeta_redshift_powerlaw_resume.pickle
03:43 bilby INFO    : Written checkpoint file O4a_parabolam2min_prod_allgammazeta_no190814/result/bbh_mass_parabola_m2min_allgammazeta_redshift_powerlaw_resume.pickle
04:00 bilby INFO    : Written checkpoint file O4a_parabolam2min_prod_allgammazeta_no190814/result/bbh_mass_parabola_m2min_allgammazeta_redshift_powerlaw_resume.pickle
04:16 bilby INFO    : Written checkpoint file O4a_parabolam2min_prod_allgammazeta_no190814/result/bbh_mass_parabola_m2min_allgammazeta_redshift_powerlaw_resume.pickle
04:32 bilby INFO    : Written checkpoint file O4a_parabolam2min_prod_allgammazeta_no190814/result/bbh_mass_parabola_m2min_allgammazeta_redshift_powerlaw_resume.pickle
04:42 bilby INFO    : Written checkpoint file O4a_parabolam2min_prod_allgammazeta_no190814/result/bbh_mass_parabola_m2min_allgammazeta_redshift_powerlaw_resume.pickle
04:56 bilby INFO    : Written checkpoint file O4a_parabolam2min_prod_allgammazeta_no190814/result/bbh_mass_parabola_m2min_allgammazeta_redshift_powerlaw_resume.pickle
05:09 bilby INFO    : Written checkpoint file O4a_parabolam2min_prod_allgammazeta_no190814/result/bbh_mass_parabola_m2min_allgammazeta_redshift_powerlaw_resume.pickle
05:20 bilby INFO    : Written checkpoint file O4a_parabolam2min_prod_allgammazeta_no190814/result/bbh_mass_parabola_m2min_allgammazeta_redshift_powerlaw_resume.pickle
05:35 bilby INFO    : Written checkpoint file O4a_parabolam2min_prod_allgammazeta_no190814/result/bbh_mass_parabola_m2min_allgammazeta_redshift_powerlaw_resume.pickle
05:52 bilby INFO    : Written checkpoint file O4a_parabolam2min_prod_allgammazeta_no190814/result/bbh_mass_parabola_m2min_allgammazeta_redshift_powerlaw_resume.pickle
06:04 bilby INFO    : Written checkpoint file O4a_parabolam2min_prod_allgammazeta_no190814/result/bbh_mass_parabola_m2min_allgammazeta_redshift_powerlaw_resume.pickle
06:17 bilby INFO    : Written checkpoint file O4a_parabolam2min_prod_allgammazeta_no190814/result/bbh_mass_parabola_m2min_allgammazeta_redshift_powerlaw_resume.pickle
06:28 bilby INFO    : Written checkpoint file O4a_parabolam2min_prod_allgammazeta_no190814/result/bbh_mass_parabola_m2min_allgammazeta_redshift_powerlaw_resume.pickle
06:39 bilby INFO    : Written checkpoint file O4a_parabolam2min_prod_allgammazeta_no190814/result/bbh_mass_parabola_m2min_allgammazeta_redshift_powerlaw_resume.pickle
06:53 bilby INFO    : Written checkpoint file O4a_parabolam2min_prod_allgammazeta_no190814/result/bbh_mass_parabola_m2min_allgammazeta_redshift_powerlaw_resume.pickle
07:05 bilby INFO    : Written checkpoint file O4a_parabolam2min_prod_allgammazeta_no190814/result/bbh_mass_parabola_m2min_allgammazeta_redshift_powerlaw_resume.pickle
07:16 bilby INFO    : Written checkpoint file O4a_parabolam2min_prod_allgammazeta_no190814/result/bbh_mass_parabola_m2min_allgammazeta_redshift_powerlaw_resume.pickle
07:31 bilby INFO    : Written checkpoint file O4a_parabolam2min_prod_allgammazeta_no190814/result/bbh_mass_parabola_m2min_allgammazeta_redshift_powerlaw_resume.pickle
07:37 bilby INFO    : Written checkpoint file O4a_parabolam2min_prod_allgammazeta_no190814/result/bbh_mass_parabola_m2min_allgammazeta_redshift_powerlaw_resume.pickle
07:37 bilby INFO    : Rejection sampling nested samples to obtain 2567 posterior samples
07:37 bilby INFO    : Sampling time: 21:14:04.995591
07:37 bilby INFO    : Summary of results:
nsamples: 2567
ln_noise_evidence:    nan
ln_evidence:    nan +/-  0.198
ln_bayes_factor: -603.970 +/-  0.198

07:37 bilby INFO    : Computing rate posterior
07:39 bilby INFO    : Computing n effectives
07:39 bilby INFO    : Likelihood has no method 'per_event_bayes_factors_and_n_effective' skipping n_effective calculation.
07:39 bilby INFO    : Generating extra statistics
07:42 bilby INFO    : Resampling single event posteriors
  0%|          | 0/2567 [00:00<?, ?it/s]  6%|▌         | 143/2567 [00:00<00:01, 1424.89it/s] 12%|█▏        | 305/2567 [00:00<00:01, 1537.86it/s] 18%|█▊        | 468/2567 [00:00<00:01, 1576.18it/s] 25%|██▍       | 629/2567 [00:00<00:01, 1588.94it/s] 31%|███       | 791/2567 [00:00<00:01, 1597.18it/s] 37%|███▋      | 954/2567 [00:00<00:01, 1606.28it/s] 44%|████▎     | 1117/2567 [00:00<00:00, 1611.62it/s] 50%|████▉     | 1280/2567 [00:00<00:00, 1614.62it/s] 56%|█████▌    | 1443/2567 [00:00<00:00, 1617.98it/s] 63%|██████▎   | 1606/2567 [00:01<00:00, 1619.59it/s] 69%|██████▉   | 1769/2567 [00:01<00:00, 1619.87it/s] 75%|███████▌  | 1932/2567 [00:01<00:00, 1620.94it/s] 82%|████████▏ | 2095/2567 [00:01<00:00, 1622.24it/s] 88%|████████▊ | 2258/2567 [00:01<00:00, 1622.52it/s] 94%|█████████▍| 2421/2567 [00:01<00:00, 1623.13it/s]100%|██████████| 2567/2567 [00:01<00:00, 1608.55it/s]
07:42 bilby INFO    : Resampling done, sum of weights for events are 0.4 0.4 3.7 0.3 9.4 0.0 0.3 0.3 0.4 0.3 0.0 0.6 0.2 0.5 0.2 0.4 0.0 0.4 0.7 0.3 0.4 0.4 0.0 0.0 0.3 0.4 0.0 0.0 0.7 0.0 0.0 13.3 2.2 0.4 6.4 13.7 0.5 8.1 0.5 0.6 0.3 0.6 0.7 0.3 0.6 0.3 4.2 32.7 1.1 0.4 0.0 9.5 11.7 16.2 0.0 0.5 10.6 0.1 16.0 0.7 9.3 0.7 8.7 0.3 0.2 0.6 0.4 0.5 21.1 0.5 0.1 0.6 0.2 0.5 0.0 0.5 0.5 1.6 0.4 0.5 0.1 0.6 5.6 1.6 0.0 1.8 0.3 0.1 0.3 0.4 31.7 0.5 0.1 14.3 0.2 0.3 0.1 0.1 0.0 0.1 1.6 0.4 5.4 9.9 354.7 0.3 0.1 0.4 0.6 0.0 0.0 0.0 0.0 0.0 0.2 0.1 11.0 0.4 0.0 0.3 0.4 0.2 0.0 0.4 0.6 0.4 0.0 0.3 0.0 0.4 0.0 0.2 0.7 5.9 0.0 0.0 0.0 5.7 0.5 0.9 0.0 11.8 0.3 0.2 5.0 0.7 0.1 0.1 0.3 0.3 0.3 0.1 15.6 0.3 0.5 0.2 0.3
