12:36 bilby INFO    : Loaded 69 posteriors
12:36 bilby INFO    : Using SmoothedParabolam2min from variable_qmin.
12:36 bilby INFO    : Created variable_qmin.SmoothedParabolam2min with arguments {}
12:36 bilby INFO    : Using PowerLawRedshift from gwpopulation.models.redshift.
12:36 bilby INFO    : Created gwpopulation.models.redshift.PowerLawRedshift with arguments {'z_max': 1.9}
12:36 bilby INFO    : Using SmoothedParabolam2min from variable_qmin.
12:36 bilby INFO    : Created variable_qmin.SmoothedParabolam2min with arguments {}
12:36 bilby INFO    : Using PowerLawRedshift from gwpopulation.models.redshift.
12:36 bilby INFO    : Created gwpopulation.models.redshift.PowerLawRedshift with arguments {'z_max': 1.9}
12:36 bilby INFO    : Loading VT data from O1O2O3_parabolam2min_prod_condgammazeta_no190814_pqnorm_nospin/data/injections.pkl.
12:36 bilby INFO    : Identified keys: gaussian_mass_maximum, zeta, mmax, mmin, lam, mpp, beta, sigpp, delta_m, alpha, gamma, lamb
12:36 bilby INFO    : Running for label 'bbh_mass_SmoothedParabolam2min_redshift_powerlaw', output will be saved to 'O1O2O3_parabolam2min_prod_condgammazeta_no190814_pqnorm_nospin/result'
/home/storm.colloms/.conda/envs/O4apop-jax/lib/python3.10/site-packages/_distutils_hack/__init__.py:26: UserWarning: Setuptools is replacing distutils.
  warnings.warn("Setuptools is replacing distutils.")
12:36 bilby INFO    : Analysis priors:
12:36 bilby INFO    : alpha=Uniform(minimum=-4, maximum=12, name='alpha', latex_label='$\\alpha$', unit=None, boundary=None)
12:36 bilby INFO    : beta=Uniform(minimum=-2, maximum=7, name='beta', latex_label='$\\beta_{q}$', unit=None, boundary=None)
12:36 bilby INFO    : gamma=ConditionalUniform(condition_func='variable_qmin.gamma_CondPrior', name='gamma', latex_label='$\\gamma_{q}$', unit=None, boundary=None, minimum=-1, maximum=1)
12:36 bilby INFO    : mmax=Uniform(minimum=62, maximum=100, name='mmax', latex_label='$m_{\\max}$', unit=None, boundary=None)
12:36 bilby INFO    : mmin=Uniform(minimum=2, maximum=6, name='mmin', latex_label='$m_{\\min}$', unit=None, boundary=None)
12:36 bilby INFO    : zeta=ConditionalUniform(condition_func='variable_qmin.zeta_CondPrior', name=None, latex_label=None, unit=None, boundary=None, minimum=0, maximum=0.017094017094)
12:36 bilby INFO    : lam=Uniform(minimum=0, maximum=1, name='lambda', latex_label='$\\lambda_{m}$', unit=None, boundary=None)
12:36 bilby INFO    : mpp=Uniform(minimum=20, maximum=50, name='mpp', latex_label='$\\mu_{m}$', unit=None, boundary=None)
12:36 bilby INFO    : sigpp=Uniform(minimum=1, maximum=10, name='sigpp', latex_label='$\\sigma_{m}$', unit=None, boundary=None)
12:36 bilby INFO    : delta_m=Uniform(minimum=0, maximum=10, name='delta_m', latex_label='$\\delta_{m}$', unit=None, boundary=None)
12:36 bilby INFO    : lamb=Uniform(minimum=-2, maximum=8, name='lamb', latex_label='$\\lambda_z$', unit=None, boundary=None)
12:36 bilby INFO    : alpha_chi=Constraint(minimum=1, maximum=100000.0, name=None, latex_label=None, unit=None)
12:36 bilby INFO    : beta_chi=Constraint(minimum=1, maximum=100000.0, name=None, latex_label=None, unit=None)
12:36 bilby INFO    : gaussian_mass_maximum=100.0
12:36 bilby INFO    : Analysis likelihood class: <class 'gwpopulation.experimental.jax.JittedLikelihood'>
12:36 bilby INFO    : Analysis likelihood noise evidence: nan
12:36 bilby INFO    : Single likelihood evaluation took nan s
12:37 bilby INFO    : Using sampler Dynesty with kwargs {'nlive': 500, 'bound': 'live', 'sample': 'act-walk', 'periodic': None, 'reflective': None, 'update_interval': 600, 'first_update': None, 'npdim': None, 'rstate': None, 'queue_size': 1, 'pool': None, 'use_pool': None, 'live_points': None, 'logl_args': None, 'logl_kwargs': None, 'ptform_args': None, 'ptform_kwargs': None, 'gradient': None, 'grad_args': None, 'grad_kwargs': None, 'compute_jac': False, 'enlarge': None, 'bootstrap': None, 'walks': 5, 'facc': 0.2, 'slices': None, 'fmove': 0.9, 'max_move': 100, 'update_func': None, 'ncdim': None, 'blob': False, 'save_history': False, 'history_filename': None, 'maxiter': None, 'maxcall': None, 'dlogz': 0.1, 'logl_max': inf, 'n_effective': None, 'add_live': True, 'print_progress': True, 'print_func': <bound method Dynesty._print_func of <bilby.core.sampler.dynesty.Dynesty object at 0x14677aa16290>>, 'save_bounds': False, 'checkpoint_file': None, 'checkpoint_every': 60, 'resume': False, 'seed': None}
12:37 bilby INFO    : Checkpoint every check_point_delta_t = 600s
12:37 bilby INFO    : Using dynesty version 2.1.3
12:37 bilby INFO    : Using the bilby-implemented act-walk sampling tracking the autocorrelation function and thinning by 2 with maximum length 10000
12:37 bilby INFO    : Reading resume file O1O2O3_parabolam2min_prod_condgammazeta_no190814_pqnorm_nospin/result/bbh_mass_SmoothedParabolam2min_redshift_powerlaw_resume.pickle
12:37 bilby WARNING : The resume file O1O2O3_parabolam2min_prod_condgammazeta_no190814_pqnorm_nospin/result/bbh_mass_SmoothedParabolam2min_redshift_powerlaw_resume.pickle is corrupted or the version of bilby has changed between runs. This resume file will be ignored.
12:37 bilby INFO    : Generating initial points from the prior
/home/storm.colloms/.conda/envs/O4apop-jax/lib/python3.10/site-packages/dynesty/sampler.py:756: UserWarning: The sampling was stopped short due to maxiter/maxcall limit the delta(log(z)) criterion is not achieved; posterior may be poorly sampled
  warnings.warn('The sampling was stopped short due to'
13:32 bilby INFO    : Written checkpoint file O1O2O3_parabolam2min_prod_condgammazeta_no190814_pqnorm_nospin/result/bbh_mass_SmoothedParabolam2min_redshift_powerlaw_resume.pickle
/home/storm.colloms/.conda/envs/O4apop-jax/lib/python3.10/site-packages/dynesty/sampler.py:756: UserWarning: The sampling was stopped short due to maxiter/maxcall limit the delta(log(z)) criterion is not achieved; posterior may be poorly sampled
  warnings.warn('The sampling was stopped short due to'
14:39 bilby INFO    : Written checkpoint file O1O2O3_parabolam2min_prod_condgammazeta_no190814_pqnorm_nospin/result/bbh_mass_SmoothedParabolam2min_redshift_powerlaw_resume.pickle
/home/storm.colloms/.conda/envs/O4apop-jax/lib/python3.10/site-packages/dynesty/plotting.py:786: UserWarning: Attempting to set identical low and high ylims makes transformation singular; automatically expanding.
  ax.set_ylim([0., max(y0) * 1.05])
/home/storm.colloms/.conda/envs/O4apop-jax/lib/python3.10/site-packages/dynesty/plotting.py:786: UserWarning: Attempting to set identical low and high ylims makes transformation singular; automatically expanding.
  ax.set_ylim([0., max(y0) * 1.05])
/home/storm.colloms/.conda/envs/O4apop-jax/lib/python3.10/site-packages/dynesty/sampler.py:756: UserWarning: The sampling was stopped short due to maxiter/maxcall limit the delta(log(z)) criterion is not achieved; posterior may be poorly sampled
  warnings.warn('The sampling was stopped short due to'
15:32 bilby INFO    : Written checkpoint file O1O2O3_parabolam2min_prod_condgammazeta_no190814_pqnorm_nospin/result/bbh_mass_SmoothedParabolam2min_redshift_powerlaw_resume.pickle
15:32 bilby WARNING : The data appears to lie in a lower-dimensional subspace of the space in which it is expressed. This has resulted in a singular data covariance matrix, which cannot be treated using the algorithms implemented in `gaussian_kde`. Consider performing principle component analysis / dimensionality reduction and using `gaussian_kde` with the transformed data.
15:32 bilby WARNING : Failed to create dynesty state plot at checkpoint
15:32 bilby WARNING : The data appears to lie in a lower-dimensional subspace of the space in which it is expressed. This has resulted in a singular data covariance matrix, which cannot be treated using the algorithms implemented in `gaussian_kde`. Consider performing principle component analysis / dimensionality reduction and using `gaussian_kde` with the transformed data.
15:32 bilby WARNING : Failed to create dynesty unit state plot at checkpoint
15:32 bilby WARNING : The data appears to lie in a lower-dimensional subspace of the space in which it is expressed. This has resulted in a singular data covariance matrix, which cannot be treated using the algorithms implemented in `gaussian_kde`. Consider performing principle component analysis / dimensionality reduction and using `gaussian_kde` with the transformed data.
15:32 bilby WARNING : Failed to create dynesty run plot at checkpoint
/home/storm.colloms/.conda/envs/O4apop-jax/lib/python3.10/site-packages/dynesty/sampler.py:756: UserWarning: The sampling was stopped short due to maxiter/maxcall limit the delta(log(z)) criterion is not achieved; posterior may be poorly sampled
  warnings.warn('The sampling was stopped short due to'
16:20 bilby INFO    : Written checkpoint file O1O2O3_parabolam2min_prod_condgammazeta_no190814_pqnorm_nospin/result/bbh_mass_SmoothedParabolam2min_redshift_powerlaw_resume.pickle
/home/storm.colloms/.conda/envs/O4apop-jax/lib/python3.10/site-packages/dynesty/plotting.py:786: UserWarning: Attempting to set identical low and high ylims makes transformation singular; automatically expanding.
  ax.set_ylim([0., max(y0) * 1.05])
/home/storm.colloms/.conda/envs/O4apop-jax/lib/python3.10/site-packages/dynesty/plotting.py:786: UserWarning: Attempting to set identical low and high ylims makes transformation singular; automatically expanding.
  ax.set_ylim([0., max(y0) * 1.05])
/home/storm.colloms/.conda/envs/O4apop-jax/lib/python3.10/site-packages/dynesty/sampler.py:756: UserWarning: The sampling was stopped short due to maxiter/maxcall limit the delta(log(z)) criterion is not achieved; posterior may be poorly sampled
  warnings.warn('The sampling was stopped short due to'
17:20 bilby INFO    : Written checkpoint file O1O2O3_parabolam2min_prod_condgammazeta_no190814_pqnorm_nospin/result/bbh_mass_SmoothedParabolam2min_redshift_powerlaw_resume.pickle
/home/storm.colloms/.conda/envs/O4apop-jax/lib/python3.10/site-packages/dynesty/plotting.py:786: UserWarning: Attempting to set identical low and high ylims makes transformation singular; automatically expanding.
  ax.set_ylim([0., max(y0) * 1.05])
/home/storm.colloms/.conda/envs/O4apop-jax/lib/python3.10/site-packages/dynesty/plotting.py:786: UserWarning: Attempting to set identical low and high ylims makes transformation singular; automatically expanding.
  ax.set_ylim([0., max(y0) * 1.05])
/home/storm.colloms/.conda/envs/O4apop-jax/lib/python3.10/site-packages/dynesty/sampler.py:756: UserWarning: The sampling was stopped short due to maxiter/maxcall limit the delta(log(z)) criterion is not achieved; posterior may be poorly sampled
  warnings.warn('The sampling was stopped short due to'
18:42 bilby INFO    : Written checkpoint file O1O2O3_parabolam2min_prod_condgammazeta_no190814_pqnorm_nospin/result/bbh_mass_SmoothedParabolam2min_redshift_powerlaw_resume.pickle
/home/storm.colloms/.conda/envs/O4apop-jax/lib/python3.10/site-packages/dynesty/plotting.py:786: UserWarning: Attempting to set identical low and high ylims makes transformation singular; automatically expanding.
  ax.set_ylim([0., max(y0) * 1.05])
/home/storm.colloms/.conda/envs/O4apop-jax/lib/python3.10/site-packages/dynesty/plotting.py:786: UserWarning: Attempting to set identical low and high ylims makes transformation singular; automatically expanding.
  ax.set_ylim([0., max(y0) * 1.05])
/home/storm.colloms/.conda/envs/O4apop-jax/lib/python3.10/site-packages/dynesty/sampler.py:756: UserWarning: The sampling was stopped short due to maxiter/maxcall limit the delta(log(z)) criterion is not achieved; posterior may be poorly sampled
  warnings.warn('The sampling was stopped short due to'
19:15 bilby INFO    : Written checkpoint file O1O2O3_parabolam2min_prod_condgammazeta_no190814_pqnorm_nospin/result/bbh_mass_SmoothedParabolam2min_redshift_powerlaw_resume.pickle
19:15 bilby WARNING : The data appears to lie in a lower-dimensional subspace of the space in which it is expressed. This has resulted in a singular data covariance matrix, which cannot be treated using the algorithms implemented in `gaussian_kde`. Consider performing principle component analysis / dimensionality reduction and using `gaussian_kde` with the transformed data.
19:15 bilby WARNING : Failed to create dynesty state plot at checkpoint
19:15 bilby WARNING : The data appears to lie in a lower-dimensional subspace of the space in which it is expressed. This has resulted in a singular data covariance matrix, which cannot be treated using the algorithms implemented in `gaussian_kde`. Consider performing principle component analysis / dimensionality reduction and using `gaussian_kde` with the transformed data.
19:15 bilby WARNING : Failed to create dynesty unit state plot at checkpoint
19:15 bilby WARNING : The data appears to lie in a lower-dimensional subspace of the space in which it is expressed. This has resulted in a singular data covariance matrix, which cannot be treated using the algorithms implemented in `gaussian_kde`. Consider performing principle component analysis / dimensionality reduction and using `gaussian_kde` with the transformed data.
19:15 bilby WARNING : Failed to create dynesty run plot at checkpoint
/home/storm.colloms/.conda/envs/O4apop-jax/lib/python3.10/site-packages/dynesty/sampler.py:756: UserWarning: The sampling was stopped short due to maxiter/maxcall limit the delta(log(z)) criterion is not achieved; posterior may be poorly sampled
  warnings.warn('The sampling was stopped short due to'
20:14 bilby INFO    : Written checkpoint file O1O2O3_parabolam2min_prod_condgammazeta_no190814_pqnorm_nospin/result/bbh_mass_SmoothedParabolam2min_redshift_powerlaw_resume.pickle
/home/storm.colloms/.conda/envs/O4apop-jax/lib/python3.10/site-packages/dynesty/plotting.py:786: UserWarning: Attempting to set identical low and high ylims makes transformation singular; automatically expanding.
  ax.set_ylim([0., max(y0) * 1.05])
/home/storm.colloms/.conda/envs/O4apop-jax/lib/python3.10/site-packages/dynesty/plotting.py:786: UserWarning: Attempting to set identical low and high ylims makes transformation singular; automatically expanding.
  ax.set_ylim([0., max(y0) * 1.05])
/home/storm.colloms/.conda/envs/O4apop-jax/lib/python3.10/site-packages/dynesty/sampler.py:756: UserWarning: The sampling was stopped short due to maxiter/maxcall limit the delta(log(z)) criterion is not achieved; posterior may be poorly sampled
  warnings.warn('The sampling was stopped short due to'
21:32 bilby INFO    : Written checkpoint file O1O2O3_parabolam2min_prod_condgammazeta_no190814_pqnorm_nospin/result/bbh_mass_SmoothedParabolam2min_redshift_powerlaw_resume.pickle
21:32 bilby WARNING : The data appears to lie in a lower-dimensional subspace of the space in which it is expressed. This has resulted in a singular data covariance matrix, which cannot be treated using the algorithms implemented in `gaussian_kde`. Consider performing principle component analysis / dimensionality reduction and using `gaussian_kde` with the transformed data.
21:32 bilby WARNING : Failed to create dynesty state plot at checkpoint
21:32 bilby WARNING : The data appears to lie in a lower-dimensional subspace of the space in which it is expressed. This has resulted in a singular data covariance matrix, which cannot be treated using the algorithms implemented in `gaussian_kde`. Consider performing principle component analysis / dimensionality reduction and using `gaussian_kde` with the transformed data.
21:32 bilby WARNING : Failed to create dynesty unit state plot at checkpoint
21:32 bilby WARNING : The data appears to lie in a lower-dimensional subspace of the space in which it is expressed. This has resulted in a singular data covariance matrix, which cannot be treated using the algorithms implemented in `gaussian_kde`. Consider performing principle component analysis / dimensionality reduction and using `gaussian_kde` with the transformed data.
21:32 bilby WARNING : Failed to create dynesty run plot at checkpoint
/home/storm.colloms/.conda/envs/O4apop-jax/lib/python3.10/site-packages/dynesty/sampler.py:756: UserWarning: The sampling was stopped short due to maxiter/maxcall limit the delta(log(z)) criterion is not achieved; posterior may be poorly sampled
  warnings.warn('The sampling was stopped short due to'
22:43 bilby INFO    : Written checkpoint file O1O2O3_parabolam2min_prod_condgammazeta_no190814_pqnorm_nospin/result/bbh_mass_SmoothedParabolam2min_redshift_powerlaw_resume.pickle
/home/storm.colloms/.conda/envs/O4apop-jax/lib/python3.10/site-packages/dynesty/plotting.py:786: UserWarning: Attempting to set identical low and high ylims makes transformation singular; automatically expanding.
  ax.set_ylim([0., max(y0) * 1.05])
/home/storm.colloms/.conda/envs/O4apop-jax/lib/python3.10/site-packages/dynesty/plotting.py:786: UserWarning: Attempting to set identical low and high ylims makes transformation singular; automatically expanding.
  ax.set_ylim([0., max(y0) * 1.05])
/home/storm.colloms/.conda/envs/O4apop-jax/lib/python3.10/site-packages/dynesty/sampler.py:756: UserWarning: The sampling was stopped short due to maxiter/maxcall limit the delta(log(z)) criterion is not achieved; posterior may be poorly sampled
  warnings.warn('The sampling was stopped short due to'
23:18 bilby INFO    : Written checkpoint file O1O2O3_parabolam2min_prod_condgammazeta_no190814_pqnorm_nospin/result/bbh_mass_SmoothedParabolam2min_redshift_powerlaw_resume.pickle
/home/storm.colloms/.conda/envs/O4apop-jax/lib/python3.10/site-packages/dynesty/plotting.py:786: UserWarning: Attempting to set identical low and high ylims makes transformation singular; automatically expanding.
  ax.set_ylim([0., max(y0) * 1.05])
/home/storm.colloms/.conda/envs/O4apop-jax/lib/python3.10/site-packages/dynesty/plotting.py:786: UserWarning: Attempting to set identical low and high ylims makes transformation singular; automatically expanding.
  ax.set_ylim([0., max(y0) * 1.05])
/home/storm.colloms/.conda/envs/O4apop-jax/lib/python3.10/site-packages/dynesty/sampler.py:756: UserWarning: The sampling was stopped short due to maxiter/maxcall limit the delta(log(z)) criterion is not achieved; posterior may be poorly sampled
  warnings.warn('The sampling was stopped short due to'
00:16 bilby INFO    : Written checkpoint file O1O2O3_parabolam2min_prod_condgammazeta_no190814_pqnorm_nospin/result/bbh_mass_SmoothedParabolam2min_redshift_powerlaw_resume.pickle
00:16 bilby WARNING : The data appears to lie in a lower-dimensional subspace of the space in which it is expressed. This has resulted in a singular data covariance matrix, which cannot be treated using the algorithms implemented in `gaussian_kde`. Consider performing principle component analysis / dimensionality reduction and using `gaussian_kde` with the transformed data.
00:16 bilby WARNING : Failed to create dynesty state plot at checkpoint
00:16 bilby WARNING : The data appears to lie in a lower-dimensional subspace of the space in which it is expressed. This has resulted in a singular data covariance matrix, which cannot be treated using the algorithms implemented in `gaussian_kde`. Consider performing principle component analysis / dimensionality reduction and using `gaussian_kde` with the transformed data.
00:16 bilby WARNING : Failed to create dynesty unit state plot at checkpoint
00:16 bilby WARNING : The data appears to lie in a lower-dimensional subspace of the space in which it is expressed. This has resulted in a singular data covariance matrix, which cannot be treated using the algorithms implemented in `gaussian_kde`. Consider performing principle component analysis / dimensionality reduction and using `gaussian_kde` with the transformed data.
00:16 bilby WARNING : Failed to create dynesty run plot at checkpoint
/home/storm.colloms/.conda/envs/O4apop-jax/lib/python3.10/site-packages/dynesty/sampler.py:756: UserWarning: The sampling was stopped short due to maxiter/maxcall limit the delta(log(z)) criterion is not achieved; posterior may be poorly sampled
  warnings.warn('The sampling was stopped short due to'
01:18 bilby INFO    : Written checkpoint file O1O2O3_parabolam2min_prod_condgammazeta_no190814_pqnorm_nospin/result/bbh_mass_SmoothedParabolam2min_redshift_powerlaw_resume.pickle
01:18 bilby WARNING : The data appears to lie in a lower-dimensional subspace of the space in which it is expressed. This has resulted in a singular data covariance matrix, which cannot be treated using the algorithms implemented in `gaussian_kde`. Consider performing principle component analysis / dimensionality reduction and using `gaussian_kde` with the transformed data.
01:18 bilby WARNING : Failed to create dynesty state plot at checkpoint
01:18 bilby WARNING : The data appears to lie in a lower-dimensional subspace of the space in which it is expressed. This has resulted in a singular data covariance matrix, which cannot be treated using the algorithms implemented in `gaussian_kde`. Consider performing principle component analysis / dimensionality reduction and using `gaussian_kde` with the transformed data.
01:18 bilby WARNING : Failed to create dynesty unit state plot at checkpoint
01:18 bilby WARNING : The data appears to lie in a lower-dimensional subspace of the space in which it is expressed. This has resulted in a singular data covariance matrix, which cannot be treated using the algorithms implemented in `gaussian_kde`. Consider performing principle component analysis / dimensionality reduction and using `gaussian_kde` with the transformed data.
01:18 bilby WARNING : Failed to create dynesty run plot at checkpoint
/home/storm.colloms/.conda/envs/O4apop-jax/lib/python3.10/site-packages/dynesty/sampler.py:756: UserWarning: The sampling was stopped short due to maxiter/maxcall limit the delta(log(z)) criterion is not achieved; posterior may be poorly sampled
  warnings.warn('The sampling was stopped short due to'
02:21 bilby INFO    : Written checkpoint file O1O2O3_parabolam2min_prod_condgammazeta_no190814_pqnorm_nospin/result/bbh_mass_SmoothedParabolam2min_redshift_powerlaw_resume.pickle
/home/storm.colloms/.conda/envs/O4apop-jax/lib/python3.10/site-packages/dynesty/plotting.py:786: UserWarning: Attempting to set identical low and high ylims makes transformation singular; automatically expanding.
  ax.set_ylim([0., max(y0) * 1.05])
/home/storm.colloms/.conda/envs/O4apop-jax/lib/python3.10/site-packages/dynesty/plotting.py:786: UserWarning: Attempting to set identical low and high ylims makes transformation singular; automatically expanding.
  ax.set_ylim([0., max(y0) * 1.05])
/home/storm.colloms/.conda/envs/O4apop-jax/lib/python3.10/site-packages/dynesty/sampler.py:756: UserWarning: The sampling was stopped short due to maxiter/maxcall limit the delta(log(z)) criterion is not achieved; posterior may be poorly sampled
  warnings.warn('The sampling was stopped short due to'
03:21 bilby INFO    : Written checkpoint file O1O2O3_parabolam2min_prod_condgammazeta_no190814_pqnorm_nospin/result/bbh_mass_SmoothedParabolam2min_redshift_powerlaw_resume.pickle
/home/storm.colloms/.conda/envs/O4apop-jax/lib/python3.10/site-packages/dynesty/plotting.py:786: UserWarning: Attempting to set identical low and high ylims makes transformation singular; automatically expanding.
  ax.set_ylim([0., max(y0) * 1.05])
/home/storm.colloms/.conda/envs/O4apop-jax/lib/python3.10/site-packages/dynesty/plotting.py:786: UserWarning: Attempting to set identical low and high ylims makes transformation singular; automatically expanding.
  ax.set_ylim([0., max(y0) * 1.05])
/home/storm.colloms/.conda/envs/O4apop-jax/lib/python3.10/site-packages/dynesty/sampler.py:756: UserWarning: The sampling was stopped short due to maxiter/maxcall limit the delta(log(z)) criterion is not achieved; posterior may be poorly sampled
  warnings.warn('The sampling was stopped short due to'
04:19 bilby INFO    : Written checkpoint file O1O2O3_parabolam2min_prod_condgammazeta_no190814_pqnorm_nospin/result/bbh_mass_SmoothedParabolam2min_redshift_powerlaw_resume.pickle
/home/storm.colloms/.conda/envs/O4apop-jax/lib/python3.10/site-packages/dynesty/plotting.py:786: UserWarning: Attempting to set identical low and high ylims makes transformation singular; automatically expanding.
  ax.set_ylim([0., max(y0) * 1.05])
/home/storm.colloms/.conda/envs/O4apop-jax/lib/python3.10/site-packages/dynesty/plotting.py:786: UserWarning: Attempting to set identical low and high ylims makes transformation singular; automatically expanding.
  ax.set_ylim([0., max(y0) * 1.05])
/home/storm.colloms/.conda/envs/O4apop-jax/lib/python3.10/site-packages/dynesty/sampler.py:756: UserWarning: The sampling was stopped short due to maxiter/maxcall limit the delta(log(z)) criterion is not achieved; posterior may be poorly sampled
  warnings.warn('The sampling was stopped short due to'
04:51 bilby INFO    : Written checkpoint file O1O2O3_parabolam2min_prod_condgammazeta_no190814_pqnorm_nospin/result/bbh_mass_SmoothedParabolam2min_redshift_powerlaw_resume.pickle
/home/storm.colloms/.conda/envs/O4apop-jax/lib/python3.10/site-packages/dynesty/plotting.py:786: UserWarning: Attempting to set identical low and high ylims makes transformation singular; automatically expanding.
  ax.set_ylim([0., max(y0) * 1.05])
/home/storm.colloms/.conda/envs/O4apop-jax/lib/python3.10/site-packages/dynesty/plotting.py:786: UserWarning: Attempting to set identical low and high ylims makes transformation singular; automatically expanding.
  ax.set_ylim([0., max(y0) * 1.05])
/home/storm.colloms/.conda/envs/O4apop-jax/lib/python3.10/site-packages/dynesty/sampler.py:756: UserWarning: The sampling was stopped short due to maxiter/maxcall limit the delta(log(z)) criterion is not achieved; posterior may be poorly sampled
  warnings.warn('The sampling was stopped short due to'
05:51 bilby INFO    : Written checkpoint file O1O2O3_parabolam2min_prod_condgammazeta_no190814_pqnorm_nospin/result/bbh_mass_SmoothedParabolam2min_redshift_powerlaw_resume.pickle
/home/storm.colloms/.conda/envs/O4apop-jax/lib/python3.10/site-packages/dynesty/plotting.py:786: UserWarning: Attempting to set identical low and high ylims makes transformation singular; automatically expanding.
  ax.set_ylim([0., max(y0) * 1.05])
/home/storm.colloms/.conda/envs/O4apop-jax/lib/python3.10/site-packages/dynesty/plotting.py:786: UserWarning: Attempting to set identical low and high ylims makes transformation singular; automatically expanding.
  ax.set_ylim([0., max(y0) * 1.05])
/home/storm.colloms/.conda/envs/O4apop-jax/lib/python3.10/site-packages/dynesty/sampler.py:756: UserWarning: The sampling was stopped short due to maxiter/maxcall limit the delta(log(z)) criterion is not achieved; posterior may be poorly sampled
  warnings.warn('The sampling was stopped short due to'
06:51 bilby INFO    : Written checkpoint file O1O2O3_parabolam2min_prod_condgammazeta_no190814_pqnorm_nospin/result/bbh_mass_SmoothedParabolam2min_redshift_powerlaw_resume.pickle
06:51 bilby WARNING : The data appears to lie in a lower-dimensional subspace of the space in which it is expressed. This has resulted in a singular data covariance matrix, which cannot be treated using the algorithms implemented in `gaussian_kde`. Consider performing principle component analysis / dimensionality reduction and using `gaussian_kde` with the transformed data.
06:51 bilby WARNING : Failed to create dynesty state plot at checkpoint
06:51 bilby WARNING : The data appears to lie in a lower-dimensional subspace of the space in which it is expressed. This has resulted in a singular data covariance matrix, which cannot be treated using the algorithms implemented in `gaussian_kde`. Consider performing principle component analysis / dimensionality reduction and using `gaussian_kde` with the transformed data.
06:51 bilby WARNING : Failed to create dynesty unit state plot at checkpoint
06:51 bilby WARNING : The data appears to lie in a lower-dimensional subspace of the space in which it is expressed. This has resulted in a singular data covariance matrix, which cannot be treated using the algorithms implemented in `gaussian_kde`. Consider performing principle component analysis / dimensionality reduction and using `gaussian_kde` with the transformed data.
06:51 bilby WARNING : Failed to create dynesty run plot at checkpoint
/home/storm.colloms/.conda/envs/O4apop-jax/lib/python3.10/site-packages/dynesty/sampler.py:756: UserWarning: The sampling was stopped short due to maxiter/maxcall limit the delta(log(z)) criterion is not achieved; posterior may be poorly sampled
  warnings.warn('The sampling was stopped short due to'
07:43 bilby INFO    : Written checkpoint file O1O2O3_parabolam2min_prod_condgammazeta_no190814_pqnorm_nospin/result/bbh_mass_SmoothedParabolam2min_redshift_powerlaw_resume.pickle
/home/storm.colloms/.conda/envs/O4apop-jax/lib/python3.10/site-packages/dynesty/plotting.py:786: UserWarning: Attempting to set identical low and high ylims makes transformation singular; automatically expanding.
  ax.set_ylim([0., max(y0) * 1.05])
/home/storm.colloms/.conda/envs/O4apop-jax/lib/python3.10/site-packages/dynesty/plotting.py:786: UserWarning: Attempting to set identical low and high ylims makes transformation singular; automatically expanding.
  ax.set_ylim([0., max(y0) * 1.05])
/home/storm.colloms/.conda/envs/O4apop-jax/lib/python3.10/site-packages/dynesty/sampler.py:756: UserWarning: The sampling was stopped short due to maxiter/maxcall limit the delta(log(z)) criterion is not achieved; posterior may be poorly sampled
  warnings.warn('The sampling was stopped short due to'
08:38 bilby INFO    : Written checkpoint file O1O2O3_parabolam2min_prod_condgammazeta_no190814_pqnorm_nospin/result/bbh_mass_SmoothedParabolam2min_redshift_powerlaw_resume.pickle
08:38 bilby WARNING : The data appears to lie in a lower-dimensional subspace of the space in which it is expressed. This has resulted in a singular data covariance matrix, which cannot be treated using the algorithms implemented in `gaussian_kde`. Consider performing principle component analysis / dimensionality reduction and using `gaussian_kde` with the transformed data.
08:38 bilby WARNING : Failed to create dynesty state plot at checkpoint
08:38 bilby WARNING : The data appears to lie in a lower-dimensional subspace of the space in which it is expressed. This has resulted in a singular data covariance matrix, which cannot be treated using the algorithms implemented in `gaussian_kde`. Consider performing principle component analysis / dimensionality reduction and using `gaussian_kde` with the transformed data.
08:38 bilby WARNING : Failed to create dynesty unit state plot at checkpoint
08:38 bilby WARNING : The data appears to lie in a lower-dimensional subspace of the space in which it is expressed. This has resulted in a singular data covariance matrix, which cannot be treated using the algorithms implemented in `gaussian_kde`. Consider performing principle component analysis / dimensionality reduction and using `gaussian_kde` with the transformed data.
08:38 bilby WARNING : Failed to create dynesty run plot at checkpoint
/home/storm.colloms/.conda/envs/O4apop-jax/lib/python3.10/site-packages/dynesty/sampler.py:756: UserWarning: The sampling was stopped short due to maxiter/maxcall limit the delta(log(z)) criterion is not achieved; posterior may be poorly sampled
  warnings.warn('The sampling was stopped short due to'
09:35 bilby INFO    : Written checkpoint file O1O2O3_parabolam2min_prod_condgammazeta_no190814_pqnorm_nospin/result/bbh_mass_SmoothedParabolam2min_redshift_powerlaw_resume.pickle
09:35 bilby WARNING : The data appears to lie in a lower-dimensional subspace of the space in which it is expressed. This has resulted in a singular data covariance matrix, which cannot be treated using the algorithms implemented in `gaussian_kde`. Consider performing principle component analysis / dimensionality reduction and using `gaussian_kde` with the transformed data.
09:35 bilby WARNING : Failed to create dynesty state plot at checkpoint
09:35 bilby WARNING : The data appears to lie in a lower-dimensional subspace of the space in which it is expressed. This has resulted in a singular data covariance matrix, which cannot be treated using the algorithms implemented in `gaussian_kde`. Consider performing principle component analysis / dimensionality reduction and using `gaussian_kde` with the transformed data.
09:35 bilby WARNING : Failed to create dynesty unit state plot at checkpoint
09:35 bilby WARNING : The data appears to lie in a lower-dimensional subspace of the space in which it is expressed. This has resulted in a singular data covariance matrix, which cannot be treated using the algorithms implemented in `gaussian_kde`. Consider performing principle component analysis / dimensionality reduction and using `gaussian_kde` with the transformed data.
09:35 bilby WARNING : Failed to create dynesty run plot at checkpoint
/home/storm.colloms/.conda/envs/O4apop-jax/lib/python3.10/site-packages/dynesty/sampler.py:756: UserWarning: The sampling was stopped short due to maxiter/maxcall limit the delta(log(z)) criterion is not achieved; posterior may be poorly sampled
  warnings.warn('The sampling was stopped short due to'
10:36 bilby INFO    : Written checkpoint file O1O2O3_parabolam2min_prod_condgammazeta_no190814_pqnorm_nospin/result/bbh_mass_SmoothedParabolam2min_redshift_powerlaw_resume.pickle
/home/storm.colloms/.conda/envs/O4apop-jax/lib/python3.10/site-packages/dynesty/plotting.py:786: UserWarning: Attempting to set identical low and high ylims makes transformation singular; automatically expanding.
  ax.set_ylim([0., max(y0) * 1.05])
/home/storm.colloms/.conda/envs/O4apop-jax/lib/python3.10/site-packages/dynesty/plotting.py:786: UserWarning: Attempting to set identical low and high ylims makes transformation singular; automatically expanding.
  ax.set_ylim([0., max(y0) * 1.05])
/home/storm.colloms/.conda/envs/O4apop-jax/lib/python3.10/site-packages/dynesty/sampler.py:756: UserWarning: The sampling was stopped short due to maxiter/maxcall limit the delta(log(z)) criterion is not achieved; posterior may be poorly sampled
  warnings.warn('The sampling was stopped short due to'
11:35 bilby INFO    : Written checkpoint file O1O2O3_parabolam2min_prod_condgammazeta_no190814_pqnorm_nospin/result/bbh_mass_SmoothedParabolam2min_redshift_powerlaw_resume.pickle
/home/storm.colloms/.conda/envs/O4apop-jax/lib/python3.10/site-packages/dynesty/plotting.py:786: UserWarning: Attempting to set identical low and high ylims makes transformation singular; automatically expanding.
  ax.set_ylim([0., max(y0) * 1.05])
/home/storm.colloms/.conda/envs/O4apop-jax/lib/python3.10/site-packages/dynesty/plotting.py:786: UserWarning: Attempting to set identical low and high ylims makes transformation singular; automatically expanding.
  ax.set_ylim([0., max(y0) * 1.05])
/home/storm.colloms/.conda/envs/O4apop-jax/lib/python3.10/site-packages/dynesty/sampler.py:756: UserWarning: The sampling was stopped short due to maxiter/maxcall limit the delta(log(z)) criterion is not achieved; posterior may be poorly sampled
  warnings.warn('The sampling was stopped short due to'
12:25 bilby INFO    : Written checkpoint file O1O2O3_parabolam2min_prod_condgammazeta_no190814_pqnorm_nospin/result/bbh_mass_SmoothedParabolam2min_redshift_powerlaw_resume.pickle
/home/storm.colloms/.conda/envs/O4apop-jax/lib/python3.10/site-packages/dynesty/plotting.py:786: UserWarning: Attempting to set identical low and high ylims makes transformation singular; automatically expanding.
  ax.set_ylim([0., max(y0) * 1.05])
/home/storm.colloms/.conda/envs/O4apop-jax/lib/python3.10/site-packages/dynesty/plotting.py:786: UserWarning: Attempting to set identical low and high ylims makes transformation singular; automatically expanding.
  ax.set_ylim([0., max(y0) * 1.05])
/home/storm.colloms/.conda/envs/O4apop-jax/lib/python3.10/site-packages/dynesty/sampler.py:756: UserWarning: The sampling was stopped short due to maxiter/maxcall limit the delta(log(z)) criterion is not achieved; posterior may be poorly sampled
  warnings.warn('The sampling was stopped short due to'
13:22 bilby INFO    : Written checkpoint file O1O2O3_parabolam2min_prod_condgammazeta_no190814_pqnorm_nospin/result/bbh_mass_SmoothedParabolam2min_redshift_powerlaw_resume.pickle
13:22 bilby WARNING : The data appears to lie in a lower-dimensional subspace of the space in which it is expressed. This has resulted in a singular data covariance matrix, which cannot be treated using the algorithms implemented in `gaussian_kde`. Consider performing principle component analysis / dimensionality reduction and using `gaussian_kde` with the transformed data.
13:22 bilby WARNING : Failed to create dynesty state plot at checkpoint
13:22 bilby WARNING : The data appears to lie in a lower-dimensional subspace of the space in which it is expressed. This has resulted in a singular data covariance matrix, which cannot be treated using the algorithms implemented in `gaussian_kde`. Consider performing principle component analysis / dimensionality reduction and using `gaussian_kde` with the transformed data.
13:22 bilby WARNING : Failed to create dynesty unit state plot at checkpoint
13:22 bilby WARNING : The data appears to lie in a lower-dimensional subspace of the space in which it is expressed. This has resulted in a singular data covariance matrix, which cannot be treated using the algorithms implemented in `gaussian_kde`. Consider performing principle component analysis / dimensionality reduction and using `gaussian_kde` with the transformed data.
13:22 bilby WARNING : Failed to create dynesty run plot at checkpoint
/home/storm.colloms/.conda/envs/O4apop-jax/lib/python3.10/site-packages/dynesty/sampler.py:756: UserWarning: The sampling was stopped short due to maxiter/maxcall limit the delta(log(z)) criterion is not achieved; posterior may be poorly sampled
  warnings.warn('The sampling was stopped short due to'
14:17 bilby INFO    : Written checkpoint file O1O2O3_parabolam2min_prod_condgammazeta_no190814_pqnorm_nospin/result/bbh_mass_SmoothedParabolam2min_redshift_powerlaw_resume.pickle
/home/storm.colloms/.conda/envs/O4apop-jax/lib/python3.10/site-packages/dynesty/plotting.py:786: UserWarning: Attempting to set identical low and high ylims makes transformation singular; automatically expanding.
  ax.set_ylim([0., max(y0) * 1.05])
/home/storm.colloms/.conda/envs/O4apop-jax/lib/python3.10/site-packages/dynesty/plotting.py:786: UserWarning: Attempting to set identical low and high ylims makes transformation singular; automatically expanding.
  ax.set_ylim([0., max(y0) * 1.05])
/home/storm.colloms/.conda/envs/O4apop-jax/lib/python3.10/site-packages/dynesty/sampler.py:756: UserWarning: The sampling was stopped short due to maxiter/maxcall limit the delta(log(z)) criterion is not achieved; posterior may be poorly sampled
  warnings.warn('The sampling was stopped short due to'
15:12 bilby INFO    : Written checkpoint file O1O2O3_parabolam2min_prod_condgammazeta_no190814_pqnorm_nospin/result/bbh_mass_SmoothedParabolam2min_redshift_powerlaw_resume.pickle
/home/storm.colloms/.conda/envs/O4apop-jax/lib/python3.10/site-packages/dynesty/plotting.py:786: UserWarning: Attempting to set identical low and high ylims makes transformation singular; automatically expanding.
  ax.set_ylim([0., max(y0) * 1.05])
/home/storm.colloms/.conda/envs/O4apop-jax/lib/python3.10/site-packages/dynesty/plotting.py:786: UserWarning: Attempting to set identical low and high ylims makes transformation singular; automatically expanding.
  ax.set_ylim([0., max(y0) * 1.05])
/home/storm.colloms/.conda/envs/O4apop-jax/lib/python3.10/site-packages/dynesty/sampler.py:756: UserWarning: The sampling was stopped short due to maxiter/maxcall limit the delta(log(z)) criterion is not achieved; posterior may be poorly sampled
  warnings.warn('The sampling was stopped short due to'
16:31 bilby INFO    : Written checkpoint file O1O2O3_parabolam2min_prod_condgammazeta_no190814_pqnorm_nospin/result/bbh_mass_SmoothedParabolam2min_redshift_powerlaw_resume.pickle
/home/storm.colloms/.conda/envs/O4apop-jax/lib/python3.10/site-packages/dynesty/plotting.py:786: UserWarning: Attempting to set identical low and high ylims makes transformation singular; automatically expanding.
  ax.set_ylim([0., max(y0) * 1.05])
/home/storm.colloms/.conda/envs/O4apop-jax/lib/python3.10/site-packages/dynesty/plotting.py:786: UserWarning: Attempting to set identical low and high ylims makes transformation singular; automatically expanding.
  ax.set_ylim([0., max(y0) * 1.05])
/home/storm.colloms/.conda/envs/O4apop-jax/lib/python3.10/site-packages/dynesty/sampler.py:756: UserWarning: The sampling was stopped short due to maxiter/maxcall limit the delta(log(z)) criterion is not achieved; posterior may be poorly sampled
  warnings.warn('The sampling was stopped short due to'
17:18 bilby INFO    : Written checkpoint file O1O2O3_parabolam2min_prod_condgammazeta_no190814_pqnorm_nospin/result/bbh_mass_SmoothedParabolam2min_redshift_powerlaw_resume.pickle
17:18 bilby WARNING : The data appears to lie in a lower-dimensional subspace of the space in which it is expressed. This has resulted in a singular data covariance matrix, which cannot be treated using the algorithms implemented in `gaussian_kde`. Consider performing principle component analysis / dimensionality reduction and using `gaussian_kde` with the transformed data.
17:18 bilby WARNING : Failed to create dynesty state plot at checkpoint
17:18 bilby WARNING : The data appears to lie in a lower-dimensional subspace of the space in which it is expressed. This has resulted in a singular data covariance matrix, which cannot be treated using the algorithms implemented in `gaussian_kde`. Consider performing principle component analysis / dimensionality reduction and using `gaussian_kde` with the transformed data.
17:18 bilby WARNING : Failed to create dynesty unit state plot at checkpoint
17:18 bilby WARNING : The data appears to lie in a lower-dimensional subspace of the space in which it is expressed. This has resulted in a singular data covariance matrix, which cannot be treated using the algorithms implemented in `gaussian_kde`. Consider performing principle component analysis / dimensionality reduction and using `gaussian_kde` with the transformed data.
17:18 bilby WARNING : Failed to create dynesty run plot at checkpoint
18:32 bilby INFO    : Loaded 69 posteriors
18:32 bilby INFO    : Using SmoothedParabolam2min from variable_qmin.
18:32 bilby INFO    : Created variable_qmin.SmoothedParabolam2min with arguments {}
18:32 bilby INFO    : Using PowerLawRedshift from gwpopulation.models.redshift.
18:32 bilby INFO    : Created gwpopulation.models.redshift.PowerLawRedshift with arguments {'z_max': 1.9}
18:32 bilby INFO    : Using SmoothedParabolam2min from variable_qmin.
18:32 bilby INFO    : Created variable_qmin.SmoothedParabolam2min with arguments {}
18:32 bilby INFO    : Using PowerLawRedshift from gwpopulation.models.redshift.
18:32 bilby INFO    : Created gwpopulation.models.redshift.PowerLawRedshift with arguments {'z_max': 1.9}
18:32 bilby INFO    : Loading VT data from O1O2O3_parabolam2min_prod_condgammazeta_no190814_pqnorm_nospin/data/injections.pkl.
18:32 bilby INFO    : Identified keys: sigpp, mmax, beta, gamma, mpp, mmin, delta_m, zeta, alpha, lam, gaussian_mass_maximum, lamb
18:32 bilby INFO    : Running for label 'bbh_mass_SmoothedParabolam2min_redshift_powerlaw', output will be saved to 'O1O2O3_parabolam2min_prod_condgammazeta_no190814_pqnorm_nospin/result'
/home/storm.colloms/.conda/envs/O4apop-jax/lib/python3.10/site-packages/_distutils_hack/__init__.py:26: UserWarning: Setuptools is replacing distutils.
  warnings.warn("Setuptools is replacing distutils.")
18:32 bilby INFO    : Analysis priors:
18:32 bilby INFO    : alpha=Uniform(minimum=-4, maximum=12, name='alpha', latex_label='$\\alpha$', unit=None, boundary=None)
18:32 bilby INFO    : beta=Uniform(minimum=-2, maximum=7, name='beta', latex_label='$\\beta_{q}$', unit=None, boundary=None)
18:32 bilby INFO    : gamma=ConditionalUniform(condition_func='variable_qmin.gamma_CondPrior', name='gamma', latex_label='$\\gamma_{q}$', unit=None, boundary=None, minimum=-1, maximum=1)
18:32 bilby INFO    : mmax=Uniform(minimum=62, maximum=100, name='mmax', latex_label='$m_{\\max}$', unit=None, boundary=None)
18:32 bilby INFO    : mmin=Uniform(minimum=2, maximum=6, name='mmin', latex_label='$m_{\\min}$', unit=None, boundary=None)
18:32 bilby INFO    : zeta=ConditionalUniform(condition_func='variable_qmin.zeta_CondPrior', name=None, latex_label=None, unit=None, boundary=None, minimum=0, maximum=0.017094017094)
18:32 bilby INFO    : lam=Uniform(minimum=0, maximum=1, name='lambda', latex_label='$\\lambda_{m}$', unit=None, boundary=None)
18:32 bilby INFO    : mpp=Uniform(minimum=20, maximum=50, name='mpp', latex_label='$\\mu_{m}$', unit=None, boundary=None)
18:32 bilby INFO    : sigpp=Uniform(minimum=1, maximum=10, name='sigpp', latex_label='$\\sigma_{m}$', unit=None, boundary=None)
18:32 bilby INFO    : delta_m=Uniform(minimum=0, maximum=10, name='delta_m', latex_label='$\\delta_{m}$', unit=None, boundary=None)
18:32 bilby INFO    : lamb=Uniform(minimum=-2, maximum=8, name='lamb', latex_label='$\\lambda_z$', unit=None, boundary=None)
18:32 bilby INFO    : alpha_chi=Constraint(minimum=1, maximum=100000.0, name=None, latex_label=None, unit=None)
18:32 bilby INFO    : beta_chi=Constraint(minimum=1, maximum=100000.0, name=None, latex_label=None, unit=None)
18:32 bilby INFO    : gaussian_mass_maximum=100.0
18:32 bilby INFO    : Analysis likelihood class: <class 'gwpopulation.experimental.jax.JittedLikelihood'>
18:32 bilby INFO    : Analysis likelihood noise evidence: nan
18:32 bilby INFO    : Single likelihood evaluation took nan s
18:32 bilby INFO    : Using sampler Dynesty with kwargs {'nlive': 500, 'bound': 'live', 'sample': 'act-walk', 'periodic': None, 'reflective': None, 'update_interval': 600, 'first_update': None, 'npdim': None, 'rstate': None, 'queue_size': 1, 'pool': None, 'use_pool': None, 'live_points': None, 'logl_args': None, 'logl_kwargs': None, 'ptform_args': None, 'ptform_kwargs': None, 'gradient': None, 'grad_args': None, 'grad_kwargs': None, 'compute_jac': False, 'enlarge': None, 'bootstrap': None, 'walks': 5, 'facc': 0.2, 'slices': None, 'fmove': 0.9, 'max_move': 100, 'update_func': None, 'ncdim': None, 'blob': False, 'save_history': False, 'history_filename': None, 'maxiter': None, 'maxcall': None, 'dlogz': 0.1, 'logl_max': inf, 'n_effective': None, 'add_live': True, 'print_progress': True, 'print_func': <bound method Dynesty._print_func of <bilby.core.sampler.dynesty.Dynesty object at 0x14d878393730>>, 'save_bounds': False, 'checkpoint_file': None, 'checkpoint_every': 60, 'resume': False, 'seed': None}
18:32 bilby INFO    : Checkpoint every check_point_delta_t = 600s
18:32 bilby INFO    : Using dynesty version 2.1.3
18:32 bilby INFO    : Using the bilby-implemented act-walk sampling tracking the autocorrelation function and thinning by 2 with maximum length 10000
18:32 bilby INFO    : Reading resume file O1O2O3_parabolam2min_prod_condgammazeta_no190814_pqnorm_nospin/result/bbh_mass_SmoothedParabolam2min_redshift_powerlaw_resume.pickle
18:32 bilby WARNING : The resume file O1O2O3_parabolam2min_prod_condgammazeta_no190814_pqnorm_nospin/result/bbh_mass_SmoothedParabolam2min_redshift_powerlaw_resume.pickle is corrupted or the version of bilby has changed between runs. This resume file will be ignored.
18:32 bilby INFO    : Generating initial points from the prior
/home/storm.colloms/.conda/envs/O4apop-jax/lib/python3.10/site-packages/dynesty/sampler.py:756: UserWarning: The sampling was stopped short due to maxiter/maxcall limit the delta(log(z)) criterion is not achieved; posterior may be poorly sampled
  warnings.warn('The sampling was stopped short due to'
19:16 bilby INFO    : Written checkpoint file O1O2O3_parabolam2min_prod_condgammazeta_no190814_pqnorm_nospin/result/bbh_mass_SmoothedParabolam2min_redshift_powerlaw_resume.pickle
/home/storm.colloms/.conda/envs/O4apop-jax/lib/python3.10/site-packages/dynesty/sampler.py:756: UserWarning: The sampling was stopped short due to maxiter/maxcall limit the delta(log(z)) criterion is not achieved; posterior may be poorly sampled
  warnings.warn('The sampling was stopped short due to'
19:58 bilby INFO    : Written checkpoint file O1O2O3_parabolam2min_prod_condgammazeta_no190814_pqnorm_nospin/result/bbh_mass_SmoothedParabolam2min_redshift_powerlaw_resume.pickle
/home/storm.colloms/.conda/envs/O4apop-jax/lib/python3.10/site-packages/dynesty/sampler.py:756: UserWarning: The sampling was stopped short due to maxiter/maxcall limit the delta(log(z)) criterion is not achieved; posterior may be poorly sampled
  warnings.warn('The sampling was stopped short due to'
20:40 bilby INFO    : Written checkpoint file O1O2O3_parabolam2min_prod_condgammazeta_no190814_pqnorm_nospin/result/bbh_mass_SmoothedParabolam2min_redshift_powerlaw_resume.pickle
/home/storm.colloms/.conda/envs/O4apop-jax/lib/python3.10/site-packages/dynesty/sampler.py:756: UserWarning: The sampling was stopped short due to maxiter/maxcall limit the delta(log(z)) criterion is not achieved; posterior may be poorly sampled
  warnings.warn('The sampling was stopped short due to'
21:22 bilby INFO    : Written checkpoint file O1O2O3_parabolam2min_prod_condgammazeta_no190814_pqnorm_nospin/result/bbh_mass_SmoothedParabolam2min_redshift_powerlaw_resume.pickle
22:04 bilby INFO    : Written checkpoint file O1O2O3_parabolam2min_prod_condgammazeta_no190814_pqnorm_nospin/result/bbh_mass_SmoothedParabolam2min_redshift_powerlaw_resume.pickle
22:46 bilby INFO    : Written checkpoint file O1O2O3_parabolam2min_prod_condgammazeta_no190814_pqnorm_nospin/result/bbh_mass_SmoothedParabolam2min_redshift_powerlaw_resume.pickle
22:46 bilby INFO    : Written checkpoint file O1O2O3_parabolam2min_prod_condgammazeta_no190814_pqnorm_nospin/result/bbh_mass_SmoothedParabolam2min_redshift_powerlaw_resume.pickle
22:47 bilby INFO    : Rejection sampling nested samples to obtain 2902 posterior samples
22:47 bilby INFO    : Sampling time: 4:13:48.981450
22:47 bilby INFO    : Summary of results:
nsamples: 2902
ln_noise_evidence:    nan
ln_evidence:    nan +/-  0.182
ln_bayes_factor: -190.806 +/-  0.182

22:47 bilby INFO    : Computing rate posterior
22:47 bilby INFO    : Computing n effectives
22:47 bilby INFO    : Likelihood has no method 'per_event_bayes_factors_and_n_effective' skipping n_effective calculation.
22:47 bilby INFO    : Generating extra statistics
22:49 bilby INFO    : Resampling single event posteriors
  0%|          | 0/2902 [00:00<?, ?it/s]  0%|          | 1/2902 [00:01<1:33:35,  1.94s/it]  0%|          | 4/2902 [00:02<19:22,  2.49it/s]    0%|          | 7/2902 [00:02<10:09,  4.75it/s]  0%|          | 10/2902 [00:02<06:38,  7.25it/s]  0%|          | 13/2902 [00:02<04:52,  9.88it/s]  1%|          | 16/2902 [00:02<03:50, 12.54it/s]  1%|          | 19/2902 [00:02<03:11, 15.07it/s]  1%|          | 22/2902 [00:02<02:46, 17.30it/s]  1%|          | 25/2902 [00:02<02:29, 19.21it/s]  1%|          | 28/2902 [00:03<02:18, 20.74it/s]  1%|          | 31/2902 [00:03<02:11, 21.88it/s]  1%|          | 34/2902 [00:03<02:05, 22.80it/s]  1%|         | 37/2902 [00:03<02:02, 23.48it/s]  1%|         | 40/2902 [00:03<01:59, 23.97it/s]  1%|         | 43/2902 [00:03<01:57, 24.30it/s]  2%|         | 46/2902 [00:03<01:56, 24.55it/s]  2%|         | 49/2902 [00:03<01:55, 24.74it/s]  2%|         | 52/2902 [00:04<01:54, 24.83it/s]  2%|         | 55/2902 [00:04<01:54, 24.93it/s]  2%|         | 58/2902 [00:04<01:53, 25.00it/s]  2%|         | 61/2902 [00:04<01:53, 25.05it/s]  2%|         | 64/2902 [00:04<01:53, 25.04it/s]  2%|         | 67/2902 [00:04<01:53, 25.06it/s]  2%|         | 70/2902 [00:04<01:53, 25.05it/s]  3%|         | 73/2902 [00:04<01:52, 25.09it/s]  3%|         | 76/2902 [00:04<01:52, 25.13it/s]  3%|         | 79/2902 [00:05<01:52, 25.08it/s]  3%|         | 82/2902 [00:05<01:52, 25.04it/s]  3%|         | 85/2902 [00:05<01:52, 25.06it/s]  3%|         | 88/2902 [00:05<01:52, 25.06it/s]  3%|         | 91/2902 [00:05<01:52, 25.02it/s]  3%|         | 94/2902 [00:05<01:52, 25.05it/s]  3%|         | 97/2902 [00:05<01:51, 25.06it/s]  3%|         | 100/2902 [00:05<01:52, 25.02it/s]  4%|         | 103/2902 [00:06<01:51, 25.03it/s]  4%|         | 106/2902 [00:06<01:51, 25.03it/s]  4%|         | 109/2902 [00:06<01:51, 25.04it/s]  4%|         | 112/2902 [00:06<01:51, 25.04it/s]  4%|         | 115/2902 [00:06<01:51, 25.03it/s]  4%|         | 118/2902 [00:06<01:51, 25.03it/s]  4%|         | 121/2902 [00:06<01:51, 25.00it/s]  4%|         | 124/2902 [00:06<01:51, 25.02it/s]  4%|         | 127/2902 [00:07<01:50, 25.04it/s]  4%|         | 130/2902 [00:07<01:50, 25.05it/s]  5%|         | 133/2902 [00:07<01:50, 25.03it/s]  5%|         | 136/2902 [00:07<01:50, 25.06it/s]  5%|         | 139/2902 [00:07<01:50, 25.05it/s]  5%|         | 142/2902 [00:07<01:50, 25.04it/s]  5%|         | 145/2902 [00:07<01:49, 25.06it/s]  5%|         | 148/2902 [00:07<01:50, 25.02it/s]  5%|         | 151/2902 [00:07<01:51, 24.64it/s]  5%|         | 154/2902 [00:08<01:49, 25.03it/s]  5%|         | 157/2902 [00:08<01:49, 25.03it/s]  6%|         | 160/2902 [00:08<01:49, 25.04it/s]  6%|         | 163/2902 [00:08<01:49, 25.04it/s]  6%|         | 166/2902 [00:08<01:49, 25.00it/s]  6%|         | 169/2902 [00:08<01:49, 24.98it/s]  6%|         | 172/2902 [00:08<01:49, 24.93it/s]  6%|         | 175/2902 [00:08<01:49, 24.95it/s]  6%|         | 178/2902 [00:09<01:49, 24.98it/s]  6%|         | 181/2902 [00:09<01:48, 25.02it/s]  6%|         | 184/2902 [00:09<01:48, 24.99it/s]  6%|         | 187/2902 [00:09<01:48, 24.99it/s]  7%|         | 190/2902 [00:09<01:48, 24.98it/s]  7%|         | 193/2902 [00:09<01:48, 25.01it/s]  7%|         | 196/2902 [00:09<01:47, 25.06it/s]  7%|         | 199/2902 [00:09<01:47, 25.06it/s]  7%|         | 202/2902 [00:10<01:47, 25.06it/s]  7%|         | 205/2902 [00:10<01:47, 25.07it/s]  7%|         | 208/2902 [00:10<01:47, 25.04it/s]  7%|         | 211/2902 [00:10<01:47, 24.94it/s]  7%|         | 214/2902 [00:10<01:47, 24.95it/s]  7%|         | 217/2902 [00:10<01:47, 24.96it/s]  8%|         | 220/2902 [00:10<01:47, 24.98it/s]  8%|         | 223/2902 [00:10<01:47, 25.00it/s]  8%|         | 226/2902 [00:10<01:46, 25.03it/s]  8%|         | 229/2902 [00:11<01:46, 25.04it/s]  8%|         | 232/2902 [00:11<01:46, 25.03it/s]  8%|         | 235/2902 [00:11<01:46, 25.01it/s]  8%|         | 238/2902 [00:11<01:46, 25.01it/s]  8%|         | 241/2902 [00:11<01:46, 24.99it/s]  8%|         | 244/2902 [00:11<01:46, 24.99it/s]  9%|         | 247/2902 [00:11<01:46, 25.02it/s]  9%|         | 250/2902 [00:11<01:46, 24.85it/s]  9%|         | 253/2902 [00:12<01:46, 24.91it/s]  9%|         | 256/2902 [00:12<01:45, 24.96it/s]  9%|         | 259/2902 [00:12<01:45, 24.96it/s]  9%|         | 262/2902 [00:12<01:45, 24.97it/s]  9%|         | 265/2902 [00:12<01:45, 24.99it/s]  9%|         | 268/2902 [00:12<01:45, 25.01it/s]  9%|         | 271/2902 [00:12<01:45, 24.99it/s]  9%|         | 274/2902 [00:12<01:45, 25.02it/s] 10%|         | 277/2902 [00:13<01:44, 25.03it/s] 10%|         | 280/2902 [00:13<01:44, 25.05it/s] 10%|         | 283/2902 [00:13<01:44, 25.04it/s] 10%|         | 286/2902 [00:13<01:44, 25.06it/s] 10%|         | 289/2902 [00:13<01:44, 25.03it/s] 10%|         | 292/2902 [00:13<01:44, 25.03it/s] 10%|         | 295/2902 [00:13<01:44, 25.02it/s] 10%|         | 298/2902 [00:13<01:44, 25.03it/s] 10%|         | 301/2902 [00:13<01:43, 25.06it/s] 10%|         | 304/2902 [00:14<01:43, 25.06it/s] 11%|         | 307/2902 [00:14<01:43, 25.04it/s] 11%|         | 310/2902 [00:14<01:43, 25.05it/s] 11%|         | 313/2902 [00:14<01:43, 25.04it/s] 11%|         | 316/2902 [00:14<01:43, 25.05it/s] 11%|         | 319/2902 [00:14<01:43, 25.04it/s] 11%|         | 322/2902 [00:14<01:43, 25.03it/s] 11%|         | 325/2902 [00:14<01:43, 25.00it/s] 11%|        | 328/2902 [00:15<01:43, 24.98it/s] 11%|        | 331/2902 [00:15<01:42, 25.01it/s] 12%|        | 334/2902 [00:15<01:42, 25.02it/s] 12%|        | 337/2902 [00:15<01:42, 24.94it/s] 12%|        | 340/2902 [00:15<01:43, 24.86it/s] 12%|        | 343/2902 [00:15<01:42, 24.93it/s] 12%|        | 346/2902 [00:15<01:42, 24.98it/s] 12%|        | 349/2902 [00:15<01:42, 24.98it/s] 12%|        | 352/2902 [00:16<01:41, 25.03it/s] 12%|        | 355/2902 [00:16<01:41, 25.05it/s] 12%|        | 358/2902 [00:16<01:41, 25.04it/s] 12%|        | 361/2902 [00:16<01:41, 25.09it/s] 13%|        | 364/2902 [00:16<01:41, 25.06it/s] 13%|        | 367/2902 [00:16<01:41, 25.02it/s] 13%|        | 370/2902 [00:16<01:41, 25.00it/s] 13%|        | 373/2902 [00:16<01:41, 25.03it/s] 13%|        | 376/2902 [00:16<01:40, 25.05it/s] 13%|        | 379/2902 [00:17<01:40, 25.01it/s] 13%|        | 382/2902 [00:17<01:40, 24.98it/s] 13%|        | 385/2902 [00:17<01:40, 24.93it/s] 13%|        | 388/2902 [00:17<01:41, 24.89it/s] 13%|        | 391/2902 [00:17<01:40, 24.96it/s] 14%|        | 394/2902 [00:17<01:40, 25.01it/s] 14%|        | 397/2902 [00:17<01:39, 25.05it/s] 14%|        | 400/2902 [00:17<01:39, 25.03it/s] 14%|        | 403/2902 [00:18<01:39, 25.07it/s] 14%|        | 406/2902 [00:18<01:39, 25.06it/s] 14%|        | 409/2902 [00:18<01:39, 25.05it/s] 14%|        | 412/2902 [00:18<01:39, 25.05it/s] 14%|        | 415/2902 [00:18<01:39, 25.03it/s] 14%|        | 418/2902 [00:18<01:39, 25.02it/s] 15%|        | 421/2902 [00:18<01:39, 24.98it/s] 15%|        | 424/2902 [00:18<01:39, 25.01it/s] 15%|        | 427/2902 [00:19<01:39, 24.97it/s] 15%|        | 430/2902 [00:19<01:39, 24.93it/s] 15%|        | 433/2902 [00:19<01:38, 25.00it/s] 15%|        | 436/2902 [00:19<01:38, 25.01it/s] 15%|        | 439/2902 [00:19<01:38, 24.99it/s] 15%|        | 442/2902 [00:19<01:38, 24.96it/s] 15%|        | 445/2902 [00:19<01:38, 24.98it/s] 15%|        | 448/2902 [00:19<01:38, 24.98it/s] 16%|        | 451/2902 [00:19<01:38, 24.92it/s] 16%|        | 454/2902 [00:20<01:38, 24.89it/s] 16%|        | 457/2902 [00:20<01:38, 24.88it/s] 16%|        | 460/2902 [00:20<01:38, 24.87it/s] 16%|        | 463/2902 [00:20<01:38, 24.86it/s] 16%|        | 466/2902 [00:20<01:37, 24.87it/s] 16%|        | 469/2902 [00:20<01:38, 24.82it/s] 16%|        | 472/2902 [00:20<01:38, 24.76it/s] 16%|        | 475/2902 [00:20<01:38, 24.66it/s] 16%|        | 478/2902 [00:21<01:38, 24.69it/s] 17%|        | 481/2902 [00:21<01:37, 24.74it/s] 17%|        | 484/2902 [00:21<01:37, 24.76it/s] 17%|        | 487/2902 [00:21<01:37, 24.74it/s] 17%|        | 490/2902 [00:21<01:37, 24.70it/s] 17%|        | 493/2902 [00:21<01:37, 24.69it/s] 17%|        | 496/2902 [00:21<01:37, 24.71it/s] 17%|        | 499/2902 [00:21<01:37, 24.75it/s] 17%|        | 502/2902 [00:22<01:37, 24.73it/s] 17%|        | 505/2902 [00:22<01:37, 24.71it/s] 18%|        | 508/2902 [00:22<01:36, 24.70it/s] 18%|        | 511/2902 [00:22<01:36, 24.74it/s] 18%|        | 514/2902 [00:22<01:36, 24.76it/s] 18%|        | 517/2902 [00:22<01:36, 24.77it/s] 18%|        | 520/2902 [00:22<01:36, 24.79it/s] 18%|        | 523/2902 [00:22<01:35, 24.79it/s] 18%|        | 526/2902 [00:22<01:35, 24.76it/s] 18%|        | 529/2902 [00:23<01:35, 24.77it/s] 18%|        | 532/2902 [00:23<01:35, 24.79it/s] 18%|        | 535/2902 [00:23<01:35, 24.82it/s] 19%|        | 538/2902 [00:23<01:35, 24.84it/s] 19%|        | 541/2902 [00:23<01:35, 24.85it/s] 19%|        | 544/2902 [00:23<01:34, 24.86it/s] 19%|        | 547/2902 [00:23<01:34, 24.86it/s] 19%|        | 550/2902 [00:23<01:34, 24.86it/s] 19%|        | 553/2902 [00:24<01:34, 24.85it/s] 19%|        | 556/2902 [00:24<01:34, 24.91it/s] 19%|        | 559/2902 [00:24<01:33, 24.93it/s] 19%|        | 562/2902 [00:24<01:33, 24.90it/s] 19%|        | 565/2902 [00:24<01:33, 24.90it/s] 20%|        | 568/2902 [00:24<01:33, 24.96it/s] 20%|        | 571/2902 [00:24<01:33, 24.94it/s] 20%|        | 574/2902 [00:24<01:33, 24.91it/s] 20%|        | 577/2902 [00:25<01:33, 24.89it/s] 20%|        | 580/2902 [00:25<01:33, 24.89it/s] 20%|        | 583/2902 [00:25<01:33, 24.89it/s] 20%|        | 586/2902 [00:25<01:33, 24.85it/s] 20%|        | 589/2902 [00:25<01:33, 24.85it/s] 20%|        | 592/2902 [00:25<01:32, 24.85it/s] 21%|        | 595/2902 [00:25<01:32, 24.86it/s] 21%|        | 598/2902 [00:25<01:32, 24.88it/s] 21%|        | 601/2902 [00:26<01:32, 24.86it/s] 21%|        | 604/2902 [00:26<01:32, 24.85it/s] 21%|        | 607/2902 [00:26<01:32, 24.82it/s] 21%|        | 610/2902 [00:26<01:32, 24.80it/s] 21%|        | 613/2902 [00:26<01:32, 24.79it/s] 21%|        | 616/2902 [00:26<01:32, 24.77it/s] 21%|       | 619/2902 [00:26<01:32, 24.79it/s] 21%|       | 622/2902 [00:26<01:31, 24.87it/s] 22%|       | 625/2902 [00:26<01:31, 24.90it/s] 22%|       | 628/2902 [00:27<01:31, 24.89it/s] 22%|       | 631/2902 [00:27<01:31, 24.88it/s] 22%|       | 634/2902 [00:27<01:30, 24.94it/s] 22%|       | 637/2902 [00:27<01:31, 24.87it/s] 22%|       | 640/2902 [00:27<01:31, 24.85it/s] 22%|       | 643/2902 [00:27<01:31, 24.74it/s] 22%|       | 646/2902 [00:27<01:31, 24.76it/s] 22%|       | 649/2902 [00:27<01:30, 24.78it/s] 22%|       | 652/2902 [00:28<01:30, 24.80it/s] 23%|       | 655/2902 [00:28<01:30, 24.85it/s] 23%|       | 658/2902 [00:28<01:30, 24.85it/s] 23%|       | 661/2902 [00:28<01:30, 24.90it/s] 23%|       | 664/2902 [00:28<01:30, 24.86it/s] 23%|       | 667/2902 [00:28<01:29, 24.84it/s] 23%|       | 670/2902 [00:28<01:29, 24.85it/s] 23%|       | 673/2902 [00:28<01:29, 24.87it/s] 23%|       | 676/2902 [00:29<01:29, 24.88it/s] 23%|       | 679/2902 [00:29<01:29, 24.86it/s] 24%|       | 682/2902 [00:29<01:29, 24.87it/s] 24%|       | 685/2902 [00:29<01:29, 24.89it/s] 24%|       | 688/2902 [00:29<01:29, 24.86it/s] 24%|       | 691/2902 [00:29<01:28, 24.87it/s] 24%|       | 694/2902 [00:29<01:28, 24.83it/s] 24%|       | 697/2902 [00:29<01:28, 24.83it/s] 24%|       | 700/2902 [00:29<01:28, 24.82it/s] 24%|       | 703/2902 [00:30<01:28, 24.77it/s] 24%|       | 706/2902 [00:30<01:28, 24.81it/s] 24%|       | 709/2902 [00:30<01:28, 24.88it/s] 25%|       | 712/2902 [00:30<01:28, 24.87it/s] 25%|       | 715/2902 [00:30<01:28, 24.85it/s] 25%|       | 718/2902 [00:30<01:27, 24.83it/s] 25%|       | 721/2902 [00:30<01:27, 24.86it/s] 25%|       | 724/2902 [00:30<01:27, 24.87it/s] 25%|       | 727/2902 [00:31<01:27, 24.92it/s] 25%|       | 730/2902 [00:31<01:27, 24.87it/s] 25%|       | 733/2902 [00:31<01:27, 24.88it/s] 25%|       | 736/2902 [00:31<01:27, 24.79it/s] 25%|       | 739/2902 [00:31<01:27, 24.72it/s] 26%|       | 742/2902 [00:31<01:27, 24.79it/s] 26%|       | 745/2902 [00:31<01:26, 24.80it/s] 26%|       | 748/2902 [00:31<01:26, 24.78it/s] 26%|       | 751/2902 [00:32<01:26, 24.82it/s] 26%|       | 754/2902 [00:32<01:26, 24.82it/s] 26%|       | 757/2902 [00:32<01:26, 24.78it/s] 26%|       | 760/2902 [00:32<01:26, 24.76it/s] 26%|       | 763/2902 [00:32<01:26, 24.78it/s] 26%|       | 766/2902 [00:32<01:26, 24.83it/s] 26%|       | 769/2902 [00:32<01:25, 24.88it/s] 27%|       | 772/2902 [00:32<01:25, 24.84it/s] 27%|       | 775/2902 [00:33<01:25, 24.86it/s] 27%|       | 778/2902 [00:33<01:25, 24.86it/s] 27%|       | 781/2902 [00:33<01:25, 24.88it/s] 27%|       | 784/2902 [00:33<01:25, 24.86it/s] 27%|       | 787/2902 [00:33<01:25, 24.86it/s] 27%|       | 790/2902 [00:33<01:25, 24.79it/s] 27%|       | 793/2902 [00:33<01:25, 24.77it/s] 27%|       | 796/2902 [00:33<01:24, 24.80it/s] 28%|       | 799/2902 [00:33<01:24, 24.77it/s] 28%|       | 802/2902 [00:34<01:24, 24.78it/s] 28%|       | 805/2902 [00:34<01:24, 24.76it/s] 28%|       | 808/2902 [00:34<01:24, 24.82it/s] 28%|       | 811/2902 [00:34<01:24, 24.82it/s] 28%|       | 814/2902 [00:34<01:24, 24.82it/s] 28%|       | 817/2902 [00:34<01:23, 24.82it/s] 28%|       | 820/2902 [00:34<01:23, 24.84it/s] 28%|       | 823/2902 [00:34<01:23, 24.86it/s] 28%|       | 826/2902 [00:35<01:23, 24.87it/s] 29%|       | 829/2902 [00:35<01:23, 24.86it/s] 29%|       | 832/2902 [00:35<01:23, 24.86it/s] 29%|       | 835/2902 [00:35<01:23, 24.84it/s] 29%|       | 838/2902 [00:35<01:23, 24.83it/s] 29%|       | 841/2902 [00:35<01:22, 24.88it/s] 29%|       | 844/2902 [00:35<01:22, 24.86it/s] 29%|       | 847/2902 [00:35<01:22, 24.84it/s] 29%|       | 850/2902 [00:36<01:22, 24.85it/s] 29%|       | 853/2902 [00:36<01:22, 24.83it/s] 29%|       | 856/2902 [00:36<01:22, 24.87it/s] 30%|       | 859/2902 [00:36<01:22, 24.87it/s] 30%|       | 862/2902 [00:36<01:22, 24.85it/s] 30%|       | 865/2902 [00:36<01:21, 24.88it/s] 30%|       | 868/2902 [00:36<01:21, 24.84it/s] 30%|       | 871/2902 [00:36<01:21, 24.90it/s] 30%|       | 874/2902 [00:37<01:21, 24.88it/s] 30%|       | 877/2902 [00:37<01:21, 24.87it/s] 30%|       | 880/2902 [00:37<01:21, 24.89it/s] 30%|       | 883/2902 [00:37<01:21, 24.90it/s] 31%|       | 886/2902 [00:37<01:21, 24.87it/s] 31%|       | 889/2902 [00:37<01:20, 24.87it/s] 31%|       | 892/2902 [00:37<01:20, 24.85it/s] 31%|       | 895/2902 [00:37<01:20, 24.81it/s] 31%|       | 898/2902 [00:37<01:20, 24.86it/s] 31%|       | 901/2902 [00:38<01:20, 24.85it/s] 31%|       | 904/2902 [00:38<01:20, 24.91it/s] 31%|      | 907/2902 [00:38<01:20, 24.93it/s] 31%|      | 910/2902 [00:38<01:20, 24.90it/s] 31%|      | 913/2902 [00:38<01:19, 24.91it/s] 32%|      | 916/2902 [00:38<01:19, 24.89it/s] 32%|      | 919/2902 [00:38<01:19, 24.91it/s] 32%|      | 922/2902 [00:38<01:19, 24.89it/s] 32%|      | 925/2902 [00:39<01:19, 24.87it/s] 32%|      | 928/2902 [00:39<01:19, 24.85it/s] 32%|      | 931/2902 [00:39<01:19, 24.83it/s] 32%|      | 934/2902 [00:39<01:19, 24.84it/s] 32%|      | 937/2902 [00:39<01:19, 24.86it/s] 32%|      | 940/2902 [00:39<01:18, 24.91it/s] 32%|      | 943/2902 [00:39<01:18, 24.90it/s] 33%|      | 946/2902 [00:39<01:18, 24.86it/s] 33%|      | 949/2902 [00:40<01:18, 24.86it/s] 33%|      | 952/2902 [00:40<01:18, 24.82it/s] 33%|      | 955/2902 [00:40<01:18, 24.85it/s] 33%|      | 958/2902 [00:40<01:18, 24.84it/s] 33%|      | 961/2902 [00:40<01:18, 24.85it/s] 33%|      | 964/2902 [00:40<01:18, 24.76it/s] 33%|      | 967/2902 [00:40<01:18, 24.78it/s] 33%|      | 970/2902 [00:40<01:17, 24.79it/s] 34%|      | 973/2902 [00:40<01:17, 24.79it/s] 34%|      | 976/2902 [00:41<01:17, 24.81it/s] 34%|      | 979/2902 [00:41<01:17, 24.82it/s] 34%|      | 982/2902 [00:41<01:17, 24.83it/s] 34%|      | 985/2902 [00:41<01:17, 24.89it/s] 34%|      | 988/2902 [00:41<01:17, 24.84it/s] 34%|      | 991/2902 [00:41<01:17, 24.81it/s] 34%|      | 994/2902 [00:41<01:17, 24.78it/s] 34%|      | 997/2902 [00:41<01:16, 24.79it/s] 34%|      | 1000/2902 [00:42<01:16, 24.78it/s] 35%|      | 1003/2902 [00:42<01:16, 24.78it/s] 35%|      | 1006/2902 [00:42<01:16, 24.73it/s] 35%|      | 1009/2902 [00:42<01:16, 24.72it/s] 35%|      | 1012/2902 [00:42<01:16, 24.76it/s] 35%|      | 1015/2902 [00:42<01:16, 24.76it/s] 35%|      | 1018/2902 [00:42<01:15, 24.80it/s] 35%|      | 1021/2902 [00:42<01:16, 24.60it/s] 35%|      | 1024/2902 [00:43<01:15, 24.72it/s] 35%|      | 1027/2902 [00:43<01:15, 24.76it/s] 35%|      | 1030/2902 [00:43<01:15, 24.79it/s] 36%|      | 1033/2902 [00:43<01:15, 24.84it/s] 36%|      | 1036/2902 [00:43<01:15, 24.86it/s] 36%|      | 1039/2902 [00:43<01:14, 24.84it/s] 36%|      | 1042/2902 [00:43<01:14, 24.86it/s] 36%|      | 1045/2902 [00:43<01:14, 24.93it/s] 36%|      | 1048/2902 [00:44<01:14, 24.93it/s] 36%|      | 1051/2902 [00:44<01:14, 24.95it/s] 36%|      | 1054/2902 [00:44<01:14, 24.96it/s] 36%|      | 1057/2902 [00:44<01:13, 24.95it/s] 37%|      | 1060/2902 [00:44<01:13, 24.96it/s] 37%|      | 1063/2902 [00:44<01:13, 24.95it/s] 37%|      | 1066/2902 [00:44<01:13, 24.91it/s] 37%|      | 1069/2902 [00:44<01:13, 24.88it/s] 37%|      | 1072/2902 [00:44<01:13, 24.84it/s] 37%|      | 1075/2902 [00:45<01:13, 24.85it/s] 37%|      | 1078/2902 [00:45<01:13, 24.83it/s] 37%|      | 1081/2902 [00:45<01:13, 24.80it/s] 37%|      | 1084/2902 [00:45<01:13, 24.81it/s] 37%|      | 1087/2902 [00:45<01:13, 24.67it/s] 38%|      | 1090/2902 [00:45<01:13, 24.66it/s] 38%|      | 1093/2902 [00:45<01:13, 24.72it/s] 38%|      | 1096/2902 [00:45<01:12, 24.76it/s] 38%|      | 1099/2902 [00:46<01:12, 24.76it/s] 38%|      | 1102/2902 [00:46<01:12, 24.79it/s] 38%|      | 1105/2902 [00:46<01:12, 24.79it/s] 38%|      | 1108/2902 [00:46<01:12, 24.81it/s] 38%|      | 1111/2902 [00:46<01:12, 24.80it/s] 38%|      | 1114/2902 [00:46<01:12, 24.76it/s] 38%|      | 1117/2902 [00:46<01:11, 24.80it/s] 39%|      | 1120/2902 [00:46<01:11, 24.85it/s] 39%|      | 1123/2902 [00:47<01:11, 24.86it/s] 39%|      | 1126/2902 [00:47<01:11, 24.86it/s] 39%|      | 1129/2902 [00:47<01:11, 24.77it/s] 39%|      | 1132/2902 [00:47<01:11, 24.79it/s] 39%|      | 1135/2902 [00:47<01:11, 24.78it/s] 39%|      | 1138/2902 [00:47<01:10, 24.87it/s] 39%|      | 1141/2902 [00:47<01:10, 24.88it/s] 39%|      | 1144/2902 [00:47<01:10, 24.86it/s] 40%|      | 1147/2902 [00:47<01:10, 24.86it/s] 40%|      | 1150/2902 [00:48<01:10, 24.93it/s] 40%|      | 1153/2902 [00:48<01:10, 24.98it/s] 40%|      | 1156/2902 [00:48<01:09, 24.99it/s] 40%|      | 1159/2902 [00:48<01:09, 25.02it/s] 40%|      | 1162/2902 [00:48<01:09, 24.97it/s] 40%|      | 1165/2902 [00:48<01:09, 24.96it/s] 40%|      | 1168/2902 [00:48<01:09, 24.98it/s] 40%|      | 1171/2902 [00:48<01:09, 24.98it/s] 40%|      | 1174/2902 [00:49<01:09, 25.01it/s] 41%|      | 1177/2902 [00:49<01:08, 25.03it/s] 41%|      | 1180/2902 [00:49<01:08, 25.06it/s] 41%|      | 1183/2902 [00:49<01:08, 25.02it/s] 41%|      | 1186/2902 [00:49<01:08, 25.06it/s] 41%|      | 1189/2902 [00:49<01:08, 25.07it/s] 41%|      | 1192/2902 [00:49<01:08, 25.10it/s] 41%|      | 1195/2902 [00:49<01:07, 25.10it/s] 41%|     | 1198/2902 [00:50<01:08, 25.06it/s] 41%|     | 1201/2902 [00:50<01:07, 25.07it/s] 41%|     | 1204/2902 [00:50<01:07, 25.00it/s] 42%|     | 1207/2902 [00:50<01:07, 25.04it/s] 42%|     | 1210/2902 [00:50<01:07, 25.01it/s] 42%|     | 1213/2902 [00:50<01:07, 24.99it/s] 42%|     | 1216/2902 [00:50<01:07, 25.02it/s] 42%|     | 1219/2902 [00:50<01:07, 25.05it/s] 42%|     | 1222/2902 [00:50<01:07, 25.00it/s] 42%|     | 1225/2902 [00:51<01:06, 25.05it/s] 42%|     | 1228/2902 [00:51<01:06, 25.03it/s] 42%|     | 1231/2902 [00:51<01:06, 25.03it/s] 43%|     | 1234/2902 [00:51<01:06, 25.08it/s] 43%|     | 1237/2902 [00:51<01:06, 25.09it/s] 43%|     | 1240/2902 [00:51<01:06, 25.09it/s] 43%|     | 1243/2902 [00:51<01:06, 25.03it/s] 43%|     | 1246/2902 [00:51<01:06, 25.04it/s] 43%|     | 1249/2902 [00:52<01:06, 25.00it/s] 43%|     | 1252/2902 [00:52<01:05, 25.02it/s] 43%|     | 1255/2902 [00:52<01:05, 25.05it/s] 43%|     | 1258/2902 [00:52<01:05, 25.02it/s] 43%|     | 1261/2902 [00:52<01:05, 25.02it/s] 44%|     | 1264/2902 [00:52<01:05, 25.02it/s] 44%|     | 1267/2902 [00:52<01:05, 25.04it/s] 44%|     | 1270/2902 [00:52<01:05, 25.06it/s] 44%|     | 1273/2902 [00:53<01:05, 25.04it/s] 44%|     | 1276/2902 [00:53<01:05, 25.02it/s] 44%|     | 1279/2902 [00:53<01:04, 25.00it/s] 44%|     | 1282/2902 [00:53<01:04, 25.02it/s] 44%|     | 1285/2902 [00:53<01:04, 25.03it/s] 44%|     | 1288/2902 [00:53<01:04, 25.00it/s] 44%|     | 1291/2902 [00:53<01:05, 24.71it/s] 45%|     | 1294/2902 [00:53<01:04, 24.80it/s] 45%|     | 1297/2902 [00:53<01:04, 24.89it/s] 45%|     | 1300/2902 [00:54<01:04, 24.96it/s] 45%|     | 1303/2902 [00:54<01:04, 24.96it/s] 45%|     | 1306/2902 [00:54<01:04, 24.93it/s] 45%|     | 1309/2902 [00:54<01:03, 24.98it/s] 45%|     | 1312/2902 [00:54<01:03, 25.02it/s] 45%|     | 1315/2902 [00:54<01:03, 25.01it/s] 45%|     | 1318/2902 [00:54<01:03, 25.07it/s] 46%|     | 1321/2902 [00:54<01:03, 25.08it/s] 46%|     | 1324/2902 [00:55<01:02, 25.05it/s] 46%|     | 1327/2902 [00:55<01:03, 24.97it/s] 46%|     | 1330/2902 [00:55<01:02, 24.99it/s] 46%|     | 1333/2902 [00:55<01:02, 25.04it/s] 46%|     | 1336/2902 [00:55<01:02, 25.01it/s] 46%|     | 1339/2902 [00:55<01:02, 25.06it/s] 46%|     | 1342/2902 [00:55<01:02, 25.03it/s] 46%|     | 1345/2902 [00:55<01:02, 25.01it/s] 46%|     | 1348/2902 [00:56<01:02, 25.00it/s] 47%|     | 1351/2902 [00:56<01:02, 25.00it/s] 47%|     | 1354/2902 [00:56<01:01, 25.00it/s] 47%|     | 1357/2902 [00:56<01:01, 25.00it/s] 47%|     | 1360/2902 [00:56<01:01, 25.03it/s] 47%|     | 1363/2902 [00:56<01:01, 25.00it/s] 47%|     | 1366/2902 [00:56<01:01, 25.03it/s] 47%|     | 1369/2902 [00:56<01:01, 25.06it/s] 47%|     | 1372/2902 [00:56<01:01, 25.06it/s] 47%|     | 1375/2902 [00:57<01:01, 25.01it/s] 47%|     | 1378/2902 [00:57<01:00, 25.05it/s] 48%|     | 1381/2902 [00:57<01:02, 24.41it/s] 48%|     | 1384/2902 [00:57<01:01, 24.61it/s] 48%|     | 1387/2902 [00:57<01:01, 24.67it/s] 48%|     | 1390/2902 [00:57<01:01, 24.73it/s] 48%|     | 1393/2902 [00:57<01:00, 24.84it/s] 48%|     | 1396/2902 [00:57<01:00, 24.86it/s] 48%|     | 1399/2902 [00:58<01:00, 24.94it/s] 48%|     | 1402/2902 [00:58<01:00, 24.96it/s] 48%|     | 1405/2902 [00:58<01:00, 24.93it/s] 49%|     | 1408/2902 [00:58<00:59, 24.98it/s] 49%|     | 1411/2902 [00:58<00:59, 24.93it/s] 49%|     | 1414/2902 [00:58<01:01, 24.38it/s] 49%|     | 1417/2902 [00:58<01:00, 24.54it/s] 49%|     | 1420/2902 [00:58<01:00, 24.62it/s] 49%|     | 1423/2902 [00:59<00:59, 24.71it/s] 49%|     | 1426/2902 [00:59<00:59, 24.78it/s] 49%|     | 1429/2902 [00:59<00:59, 24.81it/s] 49%|     | 1432/2902 [00:59<00:59, 24.87it/s] 49%|     | 1435/2902 [00:59<00:58, 24.92it/s] 50%|     | 1438/2902 [00:59<00:58, 24.99it/s] 50%|     | 1441/2902 [00:59<00:58, 25.02it/s] 50%|     | 1444/2902 [00:59<00:58, 24.94it/s] 50%|     | 1447/2902 [01:00<00:58, 24.95it/s] 50%|     | 1450/2902 [01:00<00:58, 24.97it/s] 50%|     | 1453/2902 [01:00<00:58, 24.96it/s] 50%|     | 1456/2902 [01:00<00:57, 25.01it/s] 50%|     | 1459/2902 [01:00<00:57, 25.02it/s] 50%|     | 1462/2902 [01:00<00:57, 25.04it/s] 50%|     | 1465/2902 [01:00<00:57, 25.04it/s] 51%|     | 1468/2902 [01:00<00:57, 25.05it/s] 51%|     | 1471/2902 [01:00<00:57, 25.02it/s] 51%|     | 1474/2902 [01:01<00:57, 24.96it/s] 51%|     | 1477/2902 [01:01<00:57, 24.95it/s] 51%|     | 1480/2902 [01:01<00:57, 24.91it/s] 51%|     | 1483/2902 [01:01<00:56, 24.94it/s] 51%|     | 1486/2902 [01:01<00:56, 25.00it/s] 51%|    | 1489/2902 [01:01<00:56, 24.98it/s] 51%|    | 1492/2902 [01:01<00:56, 24.76it/s] 52%|    | 1495/2902 [01:01<00:56, 24.82it/s] 52%|    | 1498/2902 [01:02<00:56, 24.89it/s] 52%|    | 1501/2902 [01:02<00:56, 24.94it/s] 52%|    | 1504/2902 [01:02<00:55, 24.97it/s] 52%|    | 1507/2902 [01:02<00:55, 24.99it/s] 52%|    | 1510/2902 [01:02<00:55, 25.03it/s] 52%|    | 1513/2902 [01:02<00:55, 25.03it/s] 52%|    | 1516/2902 [01:02<00:55, 25.00it/s] 52%|    | 1519/2902 [01:02<00:55, 24.96it/s] 52%|    | 1522/2902 [01:03<00:55, 24.95it/s] 53%|    | 1525/2902 [01:03<00:55, 24.92it/s] 53%|    | 1528/2902 [01:03<00:55, 24.93it/s] 53%|    | 1531/2902 [01:03<00:54, 24.95it/s] 53%|    | 1534/2902 [01:03<00:54, 24.90it/s] 53%|    | 1537/2902 [01:03<00:54, 24.95it/s] 53%|    | 1540/2902 [01:03<00:54, 24.96it/s] 53%|    | 1543/2902 [01:03<00:54, 24.95it/s] 53%|    | 1546/2902 [01:03<00:54, 25.01it/s] 53%|    | 1549/2902 [01:04<00:54, 24.98it/s] 53%|    | 1552/2902 [01:04<00:54, 24.95it/s] 54%|    | 1555/2902 [01:04<00:53, 25.03it/s] 54%|    | 1558/2902 [01:04<00:53, 25.01it/s] 54%|    | 1561/2902 [01:04<00:53, 25.06it/s] 54%|    | 1564/2902 [01:04<00:53, 25.03it/s] 54%|    | 1567/2902 [01:04<00:53, 25.01it/s] 54%|    | 1570/2902 [01:04<00:53, 25.04it/s] 54%|    | 1573/2902 [01:05<00:53, 25.06it/s] 54%|    | 1576/2902 [01:05<00:52, 25.07it/s] 54%|    | 1579/2902 [01:05<00:52, 25.11it/s] 55%|    | 1582/2902 [01:05<00:52, 25.10it/s] 55%|    | 1585/2902 [01:05<00:52, 25.11it/s] 55%|    | 1588/2902 [01:05<00:52, 25.09it/s] 55%|    | 1591/2902 [01:05<00:52, 25.03it/s] 55%|    | 1594/2902 [01:05<00:52, 25.08it/s] 55%|    | 1597/2902 [01:06<00:52, 25.08it/s] 55%|    | 1600/2902 [01:06<00:51, 25.06it/s] 55%|    | 1603/2902 [01:06<00:51, 25.05it/s] 55%|    | 1606/2902 [01:06<00:51, 25.05it/s] 55%|    | 1609/2902 [01:06<00:51, 25.04it/s] 56%|    | 1612/2902 [01:06<00:51, 25.05it/s] 56%|    | 1615/2902 [01:06<00:51, 25.06it/s] 56%|    | 1618/2902 [01:06<00:51, 25.07it/s] 56%|    | 1621/2902 [01:06<00:51, 25.05it/s] 56%|    | 1624/2902 [01:07<00:51, 25.05it/s] 56%|    | 1627/2902 [01:07<00:50, 25.06it/s] 56%|    | 1630/2902 [01:07<00:50, 25.04it/s] 56%|    | 1633/2902 [01:07<00:50, 25.04it/s] 56%|    | 1636/2902 [01:07<00:50, 25.06it/s] 56%|    | 1639/2902 [01:07<00:50, 25.03it/s] 57%|    | 1642/2902 [01:07<00:50, 25.03it/s] 57%|    | 1645/2902 [01:07<00:50, 25.06it/s] 57%|    | 1648/2902 [01:08<00:49, 25.11it/s] 57%|    | 1651/2902 [01:08<00:49, 25.09it/s] 57%|    | 1654/2902 [01:08<00:49, 25.04it/s] 57%|    | 1657/2902 [01:08<00:49, 24.96it/s] 57%|    | 1660/2902 [01:08<00:49, 25.01it/s] 57%|    | 1663/2902 [01:08<00:49, 25.01it/s] 57%|    | 1666/2902 [01:08<00:49, 25.01it/s] 58%|    | 1669/2902 [01:08<00:49, 25.03it/s] 58%|    | 1672/2902 [01:09<00:49, 25.00it/s] 58%|    | 1675/2902 [01:09<00:49, 24.99it/s] 58%|    | 1678/2902 [01:09<00:48, 25.00it/s] 58%|    | 1681/2902 [01:09<00:48, 24.97it/s] 58%|    | 1684/2902 [01:09<00:48, 24.93it/s] 58%|    | 1687/2902 [01:09<00:48, 24.88it/s] 58%|    | 1690/2902 [01:09<00:48, 24.88it/s] 58%|    | 1693/2902 [01:09<00:48, 24.85it/s] 58%|    | 1696/2902 [01:09<00:48, 24.83it/s] 59%|    | 1699/2902 [01:10<00:48, 24.86it/s] 59%|    | 1702/2902 [01:10<00:48, 24.83it/s] 59%|    | 1705/2902 [01:10<00:48, 24.84it/s] 59%|    | 1708/2902 [01:10<00:48, 24.82it/s] 59%|    | 1711/2902 [01:10<00:47, 24.82it/s] 59%|    | 1714/2902 [01:10<00:47, 24.90it/s] 59%|    | 1717/2902 [01:10<00:47, 24.90it/s] 59%|    | 1720/2902 [01:10<00:47, 24.87it/s] 59%|    | 1723/2902 [01:11<00:47, 24.88it/s] 59%|    | 1726/2902 [01:11<00:47, 24.89it/s] 60%|    | 1729/2902 [01:11<00:47, 24.94it/s] 60%|    | 1732/2902 [01:11<00:46, 24.97it/s] 60%|    | 1735/2902 [01:11<00:46, 24.99it/s] 60%|    | 1738/2902 [01:11<00:46, 25.02it/s] 60%|    | 1741/2902 [01:11<00:46, 25.04it/s] 60%|    | 1744/2902 [01:11<00:46, 25.02it/s] 60%|    | 1747/2902 [01:12<00:46, 25.05it/s] 60%|    | 1750/2902 [01:12<00:45, 25.06it/s] 60%|    | 1753/2902 [01:12<00:45, 25.07it/s] 61%|    | 1756/2902 [01:12<00:45, 25.09it/s] 61%|    | 1759/2902 [01:12<00:45, 25.08it/s] 61%|    | 1762/2902 [01:12<00:45, 25.10it/s] 61%|    | 1765/2902 [01:12<00:45, 25.06it/s] 61%|    | 1768/2902 [01:12<00:45, 25.06it/s] 61%|    | 1771/2902 [01:12<00:45, 25.08it/s] 61%|    | 1774/2902 [01:13<00:45, 25.06it/s] 61%|    | 1777/2902 [01:13<00:44, 25.07it/s] 61%|   | 1780/2902 [01:13<00:47, 23.61it/s] 61%|   | 1783/2902 [01:13<00:46, 24.09it/s] 62%|   | 1786/2902 [01:13<00:45, 24.37it/s] 62%|   | 1789/2902 [01:13<00:45, 24.53it/s] 62%|   | 1792/2902 [01:13<00:44, 24.68it/s] 62%|   | 1795/2902 [01:13<00:44, 24.78it/s] 62%|   | 1798/2902 [01:14<00:44, 24.86it/s] 62%|   | 1801/2902 [01:14<00:44, 24.93it/s] 62%|   | 1804/2902 [01:14<00:43, 24.98it/s] 62%|   | 1807/2902 [01:14<00:43, 25.04it/s] 62%|   | 1810/2902 [01:14<00:43, 25.05it/s] 62%|   | 1813/2902 [01:14<00:43, 25.07it/s] 63%|   | 1816/2902 [01:14<00:43, 25.07it/s] 63%|   | 1819/2902 [01:14<00:43, 24.97it/s] 63%|   | 1822/2902 [01:15<00:43, 25.00it/s] 63%|   | 1825/2902 [01:15<00:43, 25.02it/s] 63%|   | 1828/2902 [01:15<00:42, 25.03it/s] 63%|   | 1831/2902 [01:15<00:42, 25.05it/s] 63%|   | 1834/2902 [01:15<00:42, 25.06it/s] 63%|   | 1837/2902 [01:15<00:42, 25.05it/s] 63%|   | 1840/2902 [01:15<00:44, 23.62it/s] 64%|   | 1843/2902 [01:15<00:44, 24.05it/s] 64%|   | 1846/2902 [01:16<00:43, 24.35it/s] 64%|   | 1849/2902 [01:16<00:42, 24.55it/s] 64%|   | 1852/2902 [01:16<00:42, 24.72it/s] 64%|   | 1855/2902 [01:16<00:42, 24.82it/s] 64%|   | 1858/2902 [01:16<00:41, 24.87it/s] 64%|   | 1861/2902 [01:16<00:41, 24.92it/s] 64%|   | 1864/2902 [01:16<00:41, 24.96it/s] 64%|   | 1867/2902 [01:16<00:41, 24.98it/s] 64%|   | 1870/2902 [01:16<00:41, 25.02it/s] 65%|   | 1873/2902 [01:17<00:41, 25.03it/s] 65%|   | 1876/2902 [01:17<00:40, 25.04it/s] 65%|   | 1879/2902 [01:17<00:40, 25.08it/s] 65%|   | 1882/2902 [01:17<00:40, 25.07it/s] 65%|   | 1885/2902 [01:17<00:40, 25.07it/s] 65%|   | 1888/2902 [01:17<00:40, 25.06it/s] 65%|   | 1891/2902 [01:17<00:40, 24.99it/s] 65%|   | 1894/2902 [01:17<00:40, 24.96it/s] 65%|   | 1897/2902 [01:18<00:40, 24.99it/s] 65%|   | 1900/2902 [01:18<00:40, 24.94it/s] 66%|   | 1903/2902 [01:18<00:40, 24.95it/s] 66%|   | 1906/2902 [01:18<00:39, 25.00it/s] 66%|   | 1909/2902 [01:18<00:39, 24.98it/s] 66%|   | 1912/2902 [01:18<00:39, 25.01it/s] 66%|   | 1915/2902 [01:18<00:39, 25.03it/s] 66%|   | 1918/2902 [01:18<00:39, 25.04it/s] 66%|   | 1921/2902 [01:19<00:39, 25.06it/s] 66%|   | 1924/2902 [01:19<00:39, 25.06it/s] 66%|   | 1927/2902 [01:19<00:38, 25.06it/s] 67%|   | 1930/2902 [01:19<00:38, 25.07it/s] 67%|   | 1933/2902 [01:19<00:38, 25.08it/s] 67%|   | 1936/2902 [01:19<00:38, 25.06it/s] 67%|   | 1939/2902 [01:19<00:38, 25.09it/s] 67%|   | 1942/2902 [01:19<00:38, 25.05it/s] 67%|   | 1945/2902 [01:19<00:38, 25.01it/s] 67%|   | 1948/2902 [01:20<00:38, 24.98it/s] 67%|   | 1951/2902 [01:20<00:38, 24.98it/s] 67%|   | 1954/2902 [01:20<00:37, 24.97it/s] 67%|   | 1957/2902 [01:20<00:37, 24.95it/s] 68%|   | 1960/2902 [01:20<00:37, 24.95it/s] 68%|   | 1963/2902 [01:20<00:37, 25.00it/s] 68%|   | 1966/2902 [01:20<00:37, 24.99it/s] 68%|   | 1969/2902 [01:20<00:37, 24.95it/s] 68%|   | 1972/2902 [01:21<00:37, 24.98it/s] 68%|   | 1975/2902 [01:21<00:37, 24.96it/s] 68%|   | 1978/2902 [01:21<00:37, 24.97it/s] 68%|   | 1981/2902 [01:21<00:36, 25.01it/s] 68%|   | 1984/2902 [01:21<00:36, 25.05it/s] 68%|   | 1987/2902 [01:21<00:36, 25.07it/s] 69%|   | 1990/2902 [01:21<00:36, 25.07it/s] 69%|   | 1993/2902 [01:21<00:36, 25.06it/s] 69%|   | 1996/2902 [01:22<00:36, 25.02it/s] 69%|   | 1999/2902 [01:22<00:36, 25.04it/s] 69%|   | 2002/2902 [01:22<00:35, 25.07it/s] 69%|   | 2005/2902 [01:22<00:35, 25.05it/s] 69%|   | 2008/2902 [01:22<00:35, 25.07it/s] 69%|   | 2011/2902 [01:22<00:35, 25.08it/s] 69%|   | 2014/2902 [01:22<00:35, 25.09it/s] 70%|   | 2017/2902 [01:22<00:35, 25.10it/s] 70%|   | 2020/2902 [01:22<00:35, 25.11it/s] 70%|   | 2023/2902 [01:23<00:35, 25.11it/s] 70%|   | 2026/2902 [01:23<00:34, 25.05it/s] 70%|   | 2029/2902 [01:23<00:34, 25.00it/s] 70%|   | 2032/2902 [01:23<00:34, 24.96it/s] 70%|   | 2035/2902 [01:23<00:34, 25.00it/s] 70%|   | 2038/2902 [01:23<00:34, 25.02it/s] 70%|   | 2041/2902 [01:23<00:34, 25.05it/s] 70%|   | 2044/2902 [01:23<00:34, 25.02it/s] 71%|   | 2047/2902 [01:24<00:34, 25.05it/s] 71%|   | 2050/2902 [01:24<00:34, 24.97it/s] 71%|   | 2053/2902 [01:24<00:33, 25.01it/s] 71%|   | 2056/2902 [01:24<00:33, 25.07it/s] 71%|   | 2059/2902 [01:24<00:33, 25.05it/s] 71%|   | 2062/2902 [01:24<00:33, 25.06it/s] 71%|   | 2065/2902 [01:24<00:33, 25.03it/s] 71%|  | 2068/2902 [01:24<00:33, 25.03it/s] 71%|  | 2071/2902 [01:25<00:33, 25.06it/s] 71%|  | 2074/2902 [01:25<00:32, 25.10it/s] 72%|  | 2077/2902 [01:25<00:32, 25.10it/s] 72%|  | 2080/2902 [01:25<00:32, 25.11it/s] 72%|  | 2083/2902 [01:25<00:32, 25.12it/s] 72%|  | 2086/2902 [01:25<00:32, 25.08it/s] 72%|  | 2089/2902 [01:25<00:32, 25.10it/s] 72%|  | 2092/2902 [01:25<00:32, 24.92it/s] 72%|  | 2095/2902 [01:25<00:32, 24.90it/s] 72%|  | 2098/2902 [01:26<00:32, 24.92it/s] 72%|  | 2101/2902 [01:26<00:32, 24.89it/s] 73%|  | 2104/2902 [01:26<00:32, 24.88it/s] 73%|  | 2107/2902 [01:26<00:31, 24.87it/s] 73%|  | 2110/2902 [01:26<00:31, 24.89it/s] 73%|  | 2113/2902 [01:26<00:31, 24.95it/s] 73%|  | 2116/2902 [01:26<00:31, 24.96it/s] 73%|  | 2119/2902 [01:26<00:31, 24.98it/s] 73%|  | 2122/2902 [01:27<00:31, 25.02it/s] 73%|  | 2125/2902 [01:27<00:31, 24.96it/s] 73%|  | 2128/2902 [01:27<00:31, 24.92it/s] 73%|  | 2131/2902 [01:27<00:30, 24.95it/s] 74%|  | 2134/2902 [01:27<00:30, 24.97it/s] 74%|  | 2137/2902 [01:27<00:30, 25.00it/s] 74%|  | 2140/2902 [01:27<00:30, 25.02it/s] 74%|  | 2143/2902 [01:27<00:30, 24.99it/s] 74%|  | 2146/2902 [01:28<00:30, 25.00it/s] 74%|  | 2149/2902 [01:28<00:30, 24.97it/s] 74%|  | 2152/2902 [01:28<00:29, 25.03it/s] 74%|  | 2155/2902 [01:28<00:29, 25.06it/s] 74%|  | 2158/2902 [01:28<00:29, 25.08it/s] 74%|  | 2161/2902 [01:28<00:29, 25.09it/s] 75%|  | 2164/2902 [01:28<00:29, 25.04it/s] 75%|  | 2167/2902 [01:28<00:29, 25.05it/s] 75%|  | 2170/2902 [01:28<00:29, 25.03it/s] 75%|  | 2173/2902 [01:29<00:29, 25.01it/s] 75%|  | 2176/2902 [01:29<00:29, 24.96it/s] 75%|  | 2179/2902 [01:29<00:28, 25.01it/s] 75%|  | 2182/2902 [01:29<00:28, 25.00it/s] 75%|  | 2185/2902 [01:29<00:28, 24.99it/s] 75%|  | 2188/2902 [01:29<00:28, 24.99it/s] 75%|  | 2191/2902 [01:29<00:28, 25.04it/s] 76%|  | 2194/2902 [01:29<00:28, 25.06it/s] 76%|  | 2197/2902 [01:30<00:28, 25.04it/s] 76%|  | 2200/2902 [01:30<00:28, 25.05it/s] 76%|  | 2203/2902 [01:30<00:27, 25.06it/s] 76%|  | 2206/2902 [01:30<00:27, 25.09it/s] 76%|  | 2209/2902 [01:30<00:27, 25.05it/s] 76%|  | 2212/2902 [01:30<00:27, 25.04it/s] 76%|  | 2215/2902 [01:30<00:27, 25.03it/s] 76%|  | 2218/2902 [01:30<00:27, 25.06it/s] 77%|  | 2221/2902 [01:31<00:27, 25.08it/s] 77%|  | 2224/2902 [01:31<00:27, 25.10it/s] 77%|  | 2227/2902 [01:31<00:26, 25.12it/s] 77%|  | 2230/2902 [01:31<00:26, 25.14it/s] 77%|  | 2233/2902 [01:31<00:26, 25.13it/s] 77%|  | 2236/2902 [01:31<00:26, 25.13it/s] 77%|  | 2239/2902 [01:31<00:26, 25.08it/s] 77%|  | 2242/2902 [01:31<00:26, 25.06it/s] 77%|  | 2245/2902 [01:31<00:26, 25.05it/s] 77%|  | 2248/2902 [01:32<00:26, 25.04it/s] 78%|  | 2251/2902 [01:32<00:25, 25.05it/s] 78%|  | 2254/2902 [01:32<00:25, 25.06it/s] 78%|  | 2257/2902 [01:32<00:25, 25.04it/s] 78%|  | 2260/2902 [01:32<00:25, 25.01it/s] 78%|  | 2263/2902 [01:32<00:25, 24.97it/s] 78%|  | 2266/2902 [01:32<00:25, 24.98it/s] 78%|  | 2269/2902 [01:32<00:25, 25.01it/s] 78%|  | 2272/2902 [01:33<00:25, 24.89it/s] 78%|  | 2275/2902 [01:33<00:25, 24.89it/s] 78%|  | 2278/2902 [01:33<00:25, 24.91it/s] 79%|  | 2281/2902 [01:33<00:24, 24.89it/s] 79%|  | 2284/2902 [01:33<00:24, 24.89it/s] 79%|  | 2287/2902 [01:33<00:24, 24.93it/s] 79%|  | 2290/2902 [01:33<00:24, 25.01it/s] 79%|  | 2293/2902 [01:33<00:24, 25.03it/s] 79%|  | 2296/2902 [01:33<00:24, 25.05it/s] 79%|  | 2299/2902 [01:34<00:24, 25.05it/s] 79%|  | 2302/2902 [01:34<00:24, 25.00it/s] 79%|  | 2305/2902 [01:34<00:23, 25.01it/s] 80%|  | 2308/2902 [01:34<00:23, 25.04it/s] 80%|  | 2311/2902 [01:34<00:23, 25.04it/s] 80%|  | 2314/2902 [01:34<00:23, 25.05it/s] 80%|  | 2317/2902 [01:34<00:23, 25.02it/s] 80%|  | 2320/2902 [01:34<00:23, 25.00it/s] 80%|  | 2323/2902 [01:35<00:23, 24.98it/s] 80%|  | 2326/2902 [01:35<00:23, 24.95it/s] 80%|  | 2329/2902 [01:35<00:22, 24.97it/s] 80%|  | 2332/2902 [01:35<00:22, 24.99it/s] 80%|  | 2335/2902 [01:35<00:22, 25.02it/s] 81%|  | 2338/2902 [01:35<00:22, 25.05it/s] 81%|  | 2341/2902 [01:35<00:22, 25.07it/s] 81%|  | 2344/2902 [01:35<00:22, 25.09it/s] 81%|  | 2347/2902 [01:36<00:22, 25.09it/s] 81%|  | 2350/2902 [01:36<00:22, 25.07it/s] 81%|  | 2353/2902 [01:36<00:21, 25.09it/s] 81%|  | 2356/2902 [01:36<00:21, 25.04it/s] 81%| | 2359/2902 [01:36<00:21, 24.96it/s] 81%| | 2362/2902 [01:36<00:21, 24.92it/s] 81%| | 2365/2902 [01:36<00:21, 24.94it/s] 82%| | 2368/2902 [01:36<00:21, 24.89it/s] 82%| | 2371/2902 [01:36<00:21, 24.91it/s] 82%| | 2374/2902 [01:37<00:21, 24.90it/s] 82%| | 2377/2902 [01:37<00:21, 24.96it/s] 82%| | 2380/2902 [01:37<00:20, 24.92it/s] 82%| | 2383/2902 [01:37<00:20, 24.92it/s] 82%| | 2386/2902 [01:37<00:20, 24.96it/s] 82%| | 2389/2902 [01:37<00:20, 24.92it/s] 82%| | 2392/2902 [01:37<00:20, 24.93it/s] 83%| | 2395/2902 [01:37<00:20, 24.99it/s] 83%| | 2398/2902 [01:38<00:20, 25.02it/s] 83%| | 2401/2902 [01:38<00:20, 25.02it/s] 83%| | 2404/2902 [01:38<00:19, 25.05it/s] 83%| | 2407/2902 [01:38<00:19, 25.00it/s] 83%| | 2410/2902 [01:38<00:19, 24.99it/s] 83%| | 2413/2902 [01:38<00:19, 24.99it/s] 83%| | 2416/2902 [01:38<00:19, 25.02it/s] 83%| | 2419/2902 [01:38<00:19, 25.00it/s] 83%| | 2422/2902 [01:39<00:19, 25.01it/s] 84%| | 2425/2902 [01:39<00:19, 25.04it/s] 84%| | 2428/2902 [01:39<00:18, 25.04it/s] 84%| | 2431/2902 [01:39<00:18, 25.08it/s] 84%| | 2434/2902 [01:39<00:18, 25.09it/s] 84%| | 2437/2902 [01:39<00:18, 25.02it/s] 84%| | 2440/2902 [01:39<00:18, 25.00it/s] 84%| | 2443/2902 [01:39<00:18, 24.95it/s] 84%| | 2446/2902 [01:39<00:18, 24.97it/s] 84%| | 2449/2902 [01:40<00:18, 24.91it/s] 84%| | 2452/2902 [01:40<00:18, 24.88it/s] 85%| | 2455/2902 [01:40<00:17, 24.92it/s] 85%| | 2458/2902 [01:40<00:17, 24.97it/s] 85%| | 2461/2902 [01:40<00:17, 24.95it/s] 85%| | 2464/2902 [01:40<00:17, 24.95it/s] 85%| | 2467/2902 [01:40<00:17, 24.96it/s] 85%| | 2470/2902 [01:40<00:17, 24.96it/s] 85%| | 2473/2902 [01:41<00:17, 24.97it/s] 85%| | 2476/2902 [01:41<00:17, 25.00it/s] 85%| | 2479/2902 [01:41<00:16, 25.01it/s] 86%| | 2482/2902 [01:41<00:16, 25.01it/s] 86%| | 2485/2902 [01:41<00:16, 24.97it/s] 86%| | 2488/2902 [01:41<00:16, 24.95it/s] 86%| | 2491/2902 [01:41<00:16, 24.99it/s] 86%| | 2494/2902 [01:41<00:16, 25.01it/s] 86%| | 2497/2902 [01:42<00:16, 25.01it/s] 86%| | 2500/2902 [01:42<00:16, 24.91it/s] 86%| | 2503/2902 [01:42<00:15, 24.96it/s] 86%| | 2506/2902 [01:42<00:15, 25.00it/s] 86%| | 2509/2902 [01:42<00:15, 25.04it/s] 87%| | 2512/2902 [01:42<00:15, 25.02it/s] 87%| | 2515/2902 [01:42<00:15, 25.02it/s] 87%| | 2518/2902 [01:42<00:15, 24.97it/s] 87%| | 2521/2902 [01:43<00:15, 25.02it/s] 87%| | 2524/2902 [01:43<00:15, 25.03it/s] 87%| | 2527/2902 [01:43<00:14, 25.03it/s] 87%| | 2530/2902 [01:43<00:14, 25.10it/s] 87%| | 2533/2902 [01:43<00:14, 25.10it/s] 87%| | 2536/2902 [01:43<00:14, 25.09it/s] 87%| | 2539/2902 [01:43<00:14, 25.09it/s] 88%| | 2542/2902 [01:43<00:14, 25.08it/s] 88%| | 2545/2902 [01:43<00:14, 25.08it/s] 88%| | 2548/2902 [01:44<00:14, 25.05it/s] 88%| | 2551/2902 [01:44<00:13, 25.08it/s] 88%| | 2554/2902 [01:44<00:13, 25.02it/s] 88%| | 2557/2902 [01:44<00:13, 24.98it/s] 88%| | 2560/2902 [01:44<00:13, 24.91it/s] 88%| | 2563/2902 [01:44<00:13, 24.89it/s] 88%| | 2566/2902 [01:44<00:13, 24.87it/s] 89%| | 2569/2902 [01:44<00:13, 24.90it/s] 89%| | 2572/2902 [01:45<00:13, 24.86it/s] 89%| | 2575/2902 [01:45<00:13, 24.91it/s] 89%| | 2578/2902 [01:45<00:12, 24.93it/s] 89%| | 2581/2902 [01:45<00:12, 25.00it/s] 89%| | 2584/2902 [01:45<00:12, 25.00it/s] 89%| | 2587/2902 [01:45<00:12, 24.96it/s] 89%| | 2590/2902 [01:45<00:12, 24.99it/s] 89%| | 2593/2902 [01:45<00:12, 25.03it/s] 89%| | 2596/2902 [01:46<00:12, 25.07it/s] 90%| | 2599/2902 [01:46<00:12, 25.10it/s] 90%| | 2602/2902 [01:46<00:11, 25.04it/s] 90%| | 2605/2902 [01:46<00:11, 25.08it/s] 90%| | 2608/2902 [01:46<00:11, 25.09it/s] 90%| | 2611/2902 [01:46<00:11, 25.06it/s] 90%| | 2614/2902 [01:46<00:11, 25.01it/s] 90%| | 2617/2902 [01:46<00:11, 24.98it/s] 90%| | 2620/2902 [01:46<00:11, 24.94it/s] 90%| | 2623/2902 [01:47<00:11, 24.91it/s] 90%| | 2626/2902 [01:47<00:11, 24.95it/s] 91%| | 2629/2902 [01:47<00:10, 24.98it/s] 91%| | 2632/2902 [01:47<00:10, 25.03it/s] 91%| | 2635/2902 [01:47<00:10, 24.97it/s] 91%| | 2638/2902 [01:47<00:10, 25.01it/s] 91%| | 2641/2902 [01:47<00:10, 24.98it/s] 91%| | 2644/2902 [01:47<00:10, 25.00it/s] 91%| | 2647/2902 [01:48<00:10, 25.05it/s] 91%|| 2650/2902 [01:48<00:10, 25.07it/s] 91%|| 2653/2902 [01:48<00:09, 24.99it/s] 92%|| 2656/2902 [01:48<00:09, 24.97it/s] 92%|| 2659/2902 [01:48<00:09, 24.96it/s] 92%|| 2662/2902 [01:48<00:09, 24.98it/s] 92%|| 2665/2902 [01:48<00:09, 24.97it/s] 92%|| 2668/2902 [01:48<00:09, 24.93it/s] 92%|| 2671/2902 [01:49<00:09, 24.92it/s] 92%|| 2674/2902 [01:49<00:09, 24.96it/s] 92%|| 2677/2902 [01:49<00:09, 24.96it/s] 92%|| 2680/2902 [01:49<00:08, 24.99it/s] 92%|| 2683/2902 [01:49<00:08, 25.04it/s] 93%|| 2686/2902 [01:49<00:08, 25.04it/s] 93%|| 2689/2902 [01:49<00:08, 25.07it/s] 93%|| 2692/2902 [01:49<00:08, 25.04it/s] 93%|| 2695/2902 [01:49<00:08, 25.00it/s] 93%|| 2698/2902 [01:50<00:08, 25.03it/s] 93%|| 2701/2902 [01:50<00:08, 25.04it/s] 93%|| 2704/2902 [01:50<00:07, 24.97it/s] 93%|| 2707/2902 [01:50<00:07, 24.40it/s] 93%|| 2710/2902 [01:50<00:07, 24.54it/s] 93%|| 2713/2902 [01:50<00:07, 24.64it/s] 94%|| 2716/2902 [01:50<00:07, 24.74it/s] 94%|| 2719/2902 [01:50<00:07, 24.80it/s] 94%|| 2722/2902 [01:51<00:07, 24.83it/s] 94%|| 2725/2902 [01:51<00:07, 24.90it/s] 94%|| 2728/2902 [01:51<00:06, 24.90it/s] 94%|| 2731/2902 [01:51<00:06, 24.94it/s] 94%|| 2734/2902 [01:51<00:06, 24.93it/s] 94%|| 2737/2902 [01:51<00:06, 24.94it/s] 94%|| 2740/2902 [01:51<00:06, 24.93it/s] 95%|| 2743/2902 [01:51<00:06, 24.95it/s] 95%|| 2746/2902 [01:52<00:06, 24.98it/s] 95%|| 2749/2902 [01:52<00:06, 24.99it/s] 95%|| 2752/2902 [01:52<00:06, 24.79it/s] 95%|| 2755/2902 [01:52<00:05, 24.86it/s] 95%|| 2758/2902 [01:52<00:05, 24.94it/s] 95%|| 2761/2902 [01:52<00:05, 25.01it/s] 95%|| 2764/2902 [01:52<00:05, 25.02it/s] 95%|| 2767/2902 [01:52<00:05, 24.98it/s] 95%|| 2770/2902 [01:52<00:05, 25.03it/s] 96%|| 2773/2902 [01:53<00:05, 25.02it/s] 96%|| 2776/2902 [01:53<00:05, 24.97it/s] 96%|| 2779/2902 [01:53<00:04, 25.02it/s] 96%|| 2782/2902 [01:53<00:04, 25.01it/s] 96%|| 2785/2902 [01:53<00:04, 25.05it/s] 96%|| 2788/2902 [01:53<00:04, 25.00it/s] 96%|| 2791/2902 [01:53<00:04, 24.99it/s] 96%|| 2794/2902 [01:53<00:04, 25.02it/s] 96%|| 2797/2902 [01:54<00:04, 24.95it/s] 96%|| 2800/2902 [01:54<00:04, 24.94it/s] 97%|| 2803/2902 [01:54<00:03, 24.97it/s] 97%|| 2806/2902 [01:54<00:03, 24.97it/s] 97%|| 2809/2902 [01:54<00:03, 25.03it/s] 97%|| 2812/2902 [01:54<00:03, 25.03it/s] 97%|| 2815/2902 [01:54<00:03, 25.02it/s] 97%|| 2818/2902 [01:54<00:03, 24.97it/s] 97%|| 2821/2902 [01:55<00:03, 24.96it/s] 97%|| 2824/2902 [01:55<00:03, 24.96it/s] 97%|| 2827/2902 [01:55<00:03, 24.95it/s] 98%|| 2830/2902 [01:55<00:02, 24.96it/s] 98%|| 2833/2902 [01:55<00:02, 25.00it/s] 98%|| 2836/2902 [01:55<00:02, 24.98it/s] 98%|| 2839/2902 [01:55<00:02, 24.98it/s] 98%|| 2842/2902 [01:55<00:02, 25.02it/s] 98%|| 2845/2902 [01:55<00:02, 25.05it/s] 98%|| 2848/2902 [01:56<00:02, 25.03it/s] 98%|| 2851/2902 [01:56<00:02, 25.00it/s] 98%|| 2854/2902 [01:56<00:01, 25.01it/s] 98%|| 2857/2902 [01:56<00:01, 24.99it/s] 99%|| 2860/2902 [01:56<00:01, 25.05it/s] 99%|| 2863/2902 [01:56<00:01, 25.02it/s] 99%|| 2866/2902 [01:56<00:01, 25.02it/s] 99%|| 2869/2902 [01:56<00:01, 25.02it/s] 99%|| 2872/2902 [01:57<00:01, 25.07it/s] 99%|| 2875/2902 [01:57<00:01, 25.03it/s] 99%|| 2878/2902 [01:57<00:00, 25.06it/s] 99%|| 2881/2902 [01:57<00:00, 25.08it/s] 99%|| 2884/2902 [01:57<00:00, 25.02it/s] 99%|| 2887/2902 [01:57<00:00, 25.02it/s]100%|| 2890/2902 [01:57<00:00, 25.05it/s]100%|| 2893/2902 [01:57<00:00, 25.03it/s]100%|| 2896/2902 [01:58<00:00, 25.00it/s]100%|| 2899/2902 [01:58<00:00, 25.04it/s]100%|| 2902/2902 [01:58<00:00, 25.05it/s]100%|| 2902/2902 [01:58<00:00, 24.54it/s]
22:51 bilby INFO    : Resampling done, sum of weights for events are 0.0 0.0 0.6 0.0 1.9 0.0 0.0 0.0 0.0 0.0 0.0 0.0 0.1 0.0 0.0 0.0 0.0 0.0 0.0 0.0 0.0 0.0 0.0 0.0 0.0 0.0 0.0 0.0 1.8 0.1 0.0 0.7 2.3 0.1 1.1 0.0 0.1 0.0 0.1 0.0 0.0 0.1 2.3 0.1 0.0 1.3 1.4 2.2 0.0 0.0 1.8 0.8 0.0 0.7 0.0 0.0 0.0 0.0 0.0 2.7 0.0 0.1 0.0 0.0 0.0 0.1 0.0 0.0 0.5
