/home/storm.colloms/.conda/envs/O4apop/lib/python3.10/site-packages/pandas/core/computation/expressions.py:21: UserWarning: Pandas requires version '2.8.4' or newer of 'numexpr' (version '2.7.3' currently installed).
  from pandas.core.computation.check import NUMEXPR_INSTALLED
12:41 bilby INFO    : Loaded 158 posteriors
Traceback (most recent call last):
  File "/local/condor/execute/dir_4134004/gwpopulation_pipe_analysis", line 8, in <module>
    sys.exit(main())
  File "/home/storm.colloms/.conda/envs/O4apop/lib/python3.10/site-packages/gwpopulation_pipe/data_analysis.py", line 432, in main
    model = load_model(args)
  File "/home/storm.colloms/.conda/envs/O4apop/lib/python3.10/site-packages/gwpopulation_pipe/data_analysis.py", line 138, in load_model
    model = cls([_load_model(model, args) for model in args.models.values()])
  File "/home/storm.colloms/.conda/envs/O4apop/lib/python3.10/site-packages/gwpopulation_pipe/data_analysis.py", line 138, in <listcomp>
    model = cls([_load_model(model, args) for model in args.models.values()])
  File "/home/storm.colloms/.conda/envs/O4apop/lib/python3.10/site-packages/gwpopulation_pipe/data_analysis.py", line 185, in _load_model
    _model = getattr(import_module(module), function)
AttributeError: module 'variable_qmin' has no attribute 'parabola_m2min_allgammazeta'
/home/storm.colloms/.conda/envs/O4apop/lib/python3.10/site-packages/pandas/core/computation/expressions.py:21: UserWarning: Pandas requires version '2.8.4' or newer of 'numexpr' (version '2.7.3' currently installed).
  from pandas.core.computation.check import NUMEXPR_INSTALLED
12:47 bilby INFO    : Loaded 158 posteriors
Traceback (most recent call last):
  File "/local/condor/execute/dir_2365145/gwpopulation_pipe_analysis", line 8, in <module>
    sys.exit(main())
  File "/home/storm.colloms/.conda/envs/O4apop/lib/python3.10/site-packages/gwpopulation_pipe/data_analysis.py", line 432, in main
    model = load_model(args)
  File "/home/storm.colloms/.conda/envs/O4apop/lib/python3.10/site-packages/gwpopulation_pipe/data_analysis.py", line 138, in load_model
    model = cls([_load_model(model, args) for model in args.models.values()])
  File "/home/storm.colloms/.conda/envs/O4apop/lib/python3.10/site-packages/gwpopulation_pipe/data_analysis.py", line 138, in <listcomp>
    model = cls([_load_model(model, args) for model in args.models.values()])
  File "/home/storm.colloms/.conda/envs/O4apop/lib/python3.10/site-packages/gwpopulation_pipe/data_analysis.py", line 185, in _load_model
    _model = getattr(import_module(module), function)
AttributeError: module 'variable_qmin' has no attribute 'parabola_m2min_allgammazeta'
/home/storm.colloms/.conda/envs/O4apop/lib/python3.10/site-packages/pandas/core/computation/expressions.py:21: UserWarning: Pandas requires version '2.8.4' or newer of 'numexpr' (version '2.7.3' currently installed).
  from pandas.core.computation.check import NUMEXPR_INSTALLED
14:57 bilby INFO    : Loaded 158 posteriors
Traceback (most recent call last):
  File "/local/condor/execute/dir_117666/gwpopulation_pipe_analysis", line 8, in <module>
    sys.exit(main())
  File "/home/storm.colloms/.conda/envs/O4apop/lib/python3.10/site-packages/gwpopulation_pipe/data_analysis.py", line 432, in main
    model = load_model(args)
  File "/home/storm.colloms/.conda/envs/O4apop/lib/python3.10/site-packages/gwpopulation_pipe/data_analysis.py", line 138, in load_model
    model = cls([_load_model(model, args) for model in args.models.values()])
  File "/home/storm.colloms/.conda/envs/O4apop/lib/python3.10/site-packages/gwpopulation_pipe/data_analysis.py", line 138, in <listcomp>
    model = cls([_load_model(model, args) for model in args.models.values()])
  File "/home/storm.colloms/.conda/envs/O4apop/lib/python3.10/site-packages/gwpopulation_pipe/data_analysis.py", line 185, in _load_model
    _model = getattr(import_module(module), function)
AttributeError: module 'variable_qmin' has no attribute 'parabola_m2min_allgammazeta'
/home/storm.colloms/.conda/envs/O4apop/lib/python3.10/site-packages/pandas/core/computation/expressions.py:21: UserWarning: Pandas requires version '2.8.4' or newer of 'numexpr' (version '2.7.3' currently installed).
  from pandas.core.computation.check import NUMEXPR_INSTALLED
09:34 bilby INFO    : Loaded 158 posteriors
09:34 bilby INFO    : Using parabola_m2min_allgammazeta from variable_qmin.
09:34 bilby INFO    : Using PowerLawRedshift from gwpopulation.models.redshift.
09:34 bilby INFO    : Created gwpopulation.models.redshift.PowerLawRedshift with arguments {'z_max': 1.9}
09:34 bilby INFO    : Using parabola_m2min_allgammazeta from variable_qmin.
09:34 bilby INFO    : Using PowerLawRedshift from gwpopulation.models.redshift.
09:34 bilby INFO    : Created gwpopulation.models.redshift.PowerLawRedshift with arguments {'z_max': 1.9}
09:34 bilby INFO    : Loading VT data from O4a_parabolam2min_prod_allgammazeta/data/injections.pkl.
09:34 bilby INFO    : Identified keys: mmax, alpha, mpp, lam, gamma, sigpp, gaussian_mass_maximum, mmin, zeta, beta, lamb
09:34 bilby INFO    : Running for label 'bbh_mass_parabola_m2min_allgammazeta_redshift_powerlaw', output will be saved to 'O4a_parabolam2min_prod_allgammazeta/result'
09:34 bilby WARNING : Parameter amax has no default prior and is set to 1, this will not be sampled and may cause an error.
09:34 bilby WARNING : Parameter amax_2 has no default prior and is set to 1, this will not be sampled and may cause an error.
09:34 bilby WARNING : Parameter amax_1 has no default prior and is set to 1, this will not be sampled and may cause an error.
/home/storm.colloms/.conda/envs/O4apop/lib/python3.10/site-packages/_distutils_hack/__init__.py:26: UserWarning: Setuptools is replacing distutils.
  warnings.warn("Setuptools is replacing distutils.")
09:34 bilby INFO    : Analysis priors:
09:34 bilby INFO    : alpha=Uniform(minimum=-4, maximum=12, name='alpha', latex_label='$\\alpha$', unit=None, boundary=None)
09:34 bilby INFO    : beta=Uniform(minimum=-2, maximum=7, name='beta', latex_label='$\\beta_{q}$', unit=None, boundary=None)
09:34 bilby INFO    : gamma=Uniform(minimum=-1, maximum=1, name='gamma', latex_label='$\\gamma_{q}$', unit=None, boundary=None)
09:34 bilby INFO    : zeta=Uniform(minimum=-0.017094017094, maximum=0.017094017094, name='zeta', latex_label='$\\zeta_{q}$', unit=None, boundary=None)
09:34 bilby INFO    : mmax=Uniform(minimum=62, maximum=100, name='mmax', latex_label='$m_{\\max}$', unit=None, boundary=None)
09:34 bilby INFO    : mmin=Uniform(minimum=2, maximum=6, name='mmin', latex_label='$m_{\\min}$', unit=None, boundary=None)
09:34 bilby INFO    : lam=Uniform(minimum=0, maximum=1, name='lambda', latex_label='$\\lambda_{m}$', unit=None, boundary=None)
09:34 bilby INFO    : mpp=Uniform(minimum=20, maximum=50, name='mpp', latex_label='$\\mu_{m}$', unit=None, boundary=None)
09:34 bilby INFO    : sigpp=Uniform(minimum=1, maximum=10, name='sigpp', latex_label='$\\sigma_{m}$', unit=None, boundary=None)
09:34 bilby INFO    : lamb=Uniform(minimum=-2, maximum=8, name='lamb', latex_label='$\\lambda_z$', unit=None, boundary=None)
09:34 bilby INFO    : alpha_chi=Constraint(minimum=1, maximum=100000.0, name=None, latex_label=None, unit=None)
09:34 bilby INFO    : beta_chi=Constraint(minimum=1, maximum=100000.0, name=None, latex_label=None, unit=None)
09:34 bilby INFO    : gaussian_mass_maximum=100.0
09:34 bilby INFO    : Analysis likelihood class: <class 'gwpopulation.hyperpe.HyperparameterLikelihood'>
09:34 bilby INFO    : Analysis likelihood noise evidence: nan
09:35 bilby INFO    : Single likelihood evaluation took 4.597e-02 s
09:35 bilby INFO    : Using sampler Dynesty with kwargs {'nlive': 500, 'bound': 'live', 'sample': 'act-walk', 'periodic': None, 'reflective': None, 'update_interval': 600, 'first_update': None, 'npdim': None, 'rstate': None, 'queue_size': 1, 'pool': None, 'use_pool': None, 'live_points': None, 'logl_args': None, 'logl_kwargs': None, 'ptform_args': None, 'ptform_kwargs': None, 'gradient': None, 'grad_args': None, 'grad_kwargs': None, 'compute_jac': False, 'enlarge': None, 'bootstrap': None, 'walks': 5, 'facc': 0.2, 'slices': None, 'fmove': 0.9, 'max_move': 100, 'update_func': None, 'ncdim': None, 'blob': False, 'save_history': False, 'history_filename': None, 'maxiter': None, 'maxcall': None, 'dlogz': 0.1, 'logl_max': inf, 'n_effective': None, 'add_live': True, 'print_progress': True, 'print_func': <bound method Dynesty._print_func of <bilby.core.sampler.dynesty.Dynesty object at 0x146dcb943be0>>, 'save_bounds': False, 'checkpoint_file': None, 'checkpoint_every': 60, 'resume': False}
09:35 bilby INFO    : Checkpoint every check_point_delta_t = 600s
09:35 bilby INFO    : Using dynesty version 2.1.2
09:35 bilby INFO    : Using the bilby-implemented act-walk sampling tracking the autocorrelation function and thinning by 2 with maximum length 10000
09:35 bilby INFO    : Reading resume file O4a_parabolam2min_prod_allgammazeta/result/bbh_mass_parabola_m2min_allgammazeta_redshift_powerlaw_resume.pickle
09:35 bilby WARNING : The resume file O4a_parabolam2min_prod_allgammazeta/result/bbh_mass_parabola_m2min_allgammazeta_redshift_powerlaw_resume.pickle is corrupted or the version of bilby has changed between runs. This resume file will be ignored.
09:35 bilby INFO    : Generating initial points from the prior
09:54 bilby INFO    : Written checkpoint file O4a_parabolam2min_prod_allgammazeta/result/bbh_mass_parabola_m2min_allgammazeta_redshift_powerlaw_resume.pickle
10:04 bilby INFO    : Written checkpoint file O4a_parabolam2min_prod_allgammazeta/result/bbh_mass_parabola_m2min_allgammazeta_redshift_powerlaw_resume.pickle
10:15 bilby INFO    : Written checkpoint file O4a_parabolam2min_prod_allgammazeta/result/bbh_mass_parabola_m2min_allgammazeta_redshift_powerlaw_resume.pickle
10:25 bilby INFO    : Written checkpoint file O4a_parabolam2min_prod_allgammazeta/result/bbh_mass_parabola_m2min_allgammazeta_redshift_powerlaw_resume.pickle
10:36 bilby INFO    : Written checkpoint file O4a_parabolam2min_prod_allgammazeta/result/bbh_mass_parabola_m2min_allgammazeta_redshift_powerlaw_resume.pickle
10:49 bilby INFO    : Written checkpoint file O4a_parabolam2min_prod_allgammazeta/result/bbh_mass_parabola_m2min_allgammazeta_redshift_powerlaw_resume.pickle
/home/storm.colloms/.conda/envs/O4apop/lib/python3.10/site-packages/dynesty/plotting.py:786: UserWarning: Attempting to set identical low and high ylims makes transformation singular; automatically expanding.
  ax.set_ylim([0., max(y0) * 1.05])
/home/storm.colloms/.conda/envs/O4apop/lib/python3.10/site-packages/dynesty/plotting.py:786: UserWarning: Attempting to set identical low and high ylims makes transformation singular; automatically expanding.
  ax.set_ylim([0., max(y0) * 1.05])
11:00 bilby INFO    : Written checkpoint file O4a_parabolam2min_prod_allgammazeta/result/bbh_mass_parabola_m2min_allgammazeta_redshift_powerlaw_resume.pickle
11:10 bilby INFO    : Written checkpoint file O4a_parabolam2min_prod_allgammazeta/result/bbh_mass_parabola_m2min_allgammazeta_redshift_powerlaw_resume.pickle
11:23 bilby INFO    : Written checkpoint file O4a_parabolam2min_prod_allgammazeta/result/bbh_mass_parabola_m2min_allgammazeta_redshift_powerlaw_resume.pickle
11:34 bilby INFO    : Written checkpoint file O4a_parabolam2min_prod_allgammazeta/result/bbh_mass_parabola_m2min_allgammazeta_redshift_powerlaw_resume.pickle
11:44 bilby INFO    : Written checkpoint file O4a_parabolam2min_prod_allgammazeta/result/bbh_mass_parabola_m2min_allgammazeta_redshift_powerlaw_resume.pickle
11:55 bilby INFO    : Written checkpoint file O4a_parabolam2min_prod_allgammazeta/result/bbh_mass_parabola_m2min_allgammazeta_redshift_powerlaw_resume.pickle
12:05 bilby INFO    : Written checkpoint file O4a_parabolam2min_prod_allgammazeta/result/bbh_mass_parabola_m2min_allgammazeta_redshift_powerlaw_resume.pickle
12:15 bilby INFO    : Written checkpoint file O4a_parabolam2min_prod_allgammazeta/result/bbh_mass_parabola_m2min_allgammazeta_redshift_powerlaw_resume.pickle
12:27 bilby INFO    : Written checkpoint file O4a_parabolam2min_prod_allgammazeta/result/bbh_mass_parabola_m2min_allgammazeta_redshift_powerlaw_resume.pickle
12:38 bilby INFO    : Written checkpoint file O4a_parabolam2min_prod_allgammazeta/result/bbh_mass_parabola_m2min_allgammazeta_redshift_powerlaw_resume.pickle
12:50 bilby INFO    : Written checkpoint file O4a_parabolam2min_prod_allgammazeta/result/bbh_mass_parabola_m2min_allgammazeta_redshift_powerlaw_resume.pickle
13:02 bilby INFO    : Written checkpoint file O4a_parabolam2min_prod_allgammazeta/result/bbh_mass_parabola_m2min_allgammazeta_redshift_powerlaw_resume.pickle
13:14 bilby INFO    : Written checkpoint file O4a_parabolam2min_prod_allgammazeta/result/bbh_mass_parabola_m2min_allgammazeta_redshift_powerlaw_resume.pickle
13:26 bilby INFO    : Written checkpoint file O4a_parabolam2min_prod_allgammazeta/result/bbh_mass_parabola_m2min_allgammazeta_redshift_powerlaw_resume.pickle
13:38 bilby INFO    : Written checkpoint file O4a_parabolam2min_prod_allgammazeta/result/bbh_mass_parabola_m2min_allgammazeta_redshift_powerlaw_resume.pickle
13:49 bilby INFO    : Written checkpoint file O4a_parabolam2min_prod_allgammazeta/result/bbh_mass_parabola_m2min_allgammazeta_redshift_powerlaw_resume.pickle
14:01 bilby INFO    : Written checkpoint file O4a_parabolam2min_prod_allgammazeta/result/bbh_mass_parabola_m2min_allgammazeta_redshift_powerlaw_resume.pickle
14:14 bilby INFO    : Written checkpoint file O4a_parabolam2min_prod_allgammazeta/result/bbh_mass_parabola_m2min_allgammazeta_redshift_powerlaw_resume.pickle
14:25 bilby INFO    : Written checkpoint file O4a_parabolam2min_prod_allgammazeta/result/bbh_mass_parabola_m2min_allgammazeta_redshift_powerlaw_resume.pickle
14:36 bilby INFO    : Written checkpoint file O4a_parabolam2min_prod_allgammazeta/result/bbh_mass_parabola_m2min_allgammazeta_redshift_powerlaw_resume.pickle
14:48 bilby INFO    : Written checkpoint file O4a_parabolam2min_prod_allgammazeta/result/bbh_mass_parabola_m2min_allgammazeta_redshift_powerlaw_resume.pickle
15:00 bilby INFO    : Written checkpoint file O4a_parabolam2min_prod_allgammazeta/result/bbh_mass_parabola_m2min_allgammazeta_redshift_powerlaw_resume.pickle
15:12 bilby INFO    : Written checkpoint file O4a_parabolam2min_prod_allgammazeta/result/bbh_mass_parabola_m2min_allgammazeta_redshift_powerlaw_resume.pickle
15:22 bilby INFO    : Written checkpoint file O4a_parabolam2min_prod_allgammazeta/result/bbh_mass_parabola_m2min_allgammazeta_redshift_powerlaw_resume.pickle
15:35 bilby INFO    : Written checkpoint file O4a_parabolam2min_prod_allgammazeta/result/bbh_mass_parabola_m2min_allgammazeta_redshift_powerlaw_resume.pickle
15:45 bilby INFO    : Written checkpoint file O4a_parabolam2min_prod_allgammazeta/result/bbh_mass_parabola_m2min_allgammazeta_redshift_powerlaw_resume.pickle
15:57 bilby INFO    : Written checkpoint file O4a_parabolam2min_prod_allgammazeta/result/bbh_mass_parabola_m2min_allgammazeta_redshift_powerlaw_resume.pickle
16:08 bilby INFO    : Written checkpoint file O4a_parabolam2min_prod_allgammazeta/result/bbh_mass_parabola_m2min_allgammazeta_redshift_powerlaw_resume.pickle
16:21 bilby INFO    : Written checkpoint file O4a_parabolam2min_prod_allgammazeta/result/bbh_mass_parabola_m2min_allgammazeta_redshift_powerlaw_resume.pickle
16:33 bilby INFO    : Written checkpoint file O4a_parabolam2min_prod_allgammazeta/result/bbh_mass_parabola_m2min_allgammazeta_redshift_powerlaw_resume.pickle
16:43 bilby INFO    : Written checkpoint file O4a_parabolam2min_prod_allgammazeta/result/bbh_mass_parabola_m2min_allgammazeta_redshift_powerlaw_resume.pickle
16:55 bilby INFO    : Written checkpoint file O4a_parabolam2min_prod_allgammazeta/result/bbh_mass_parabola_m2min_allgammazeta_redshift_powerlaw_resume.pickle
17:07 bilby INFO    : Written checkpoint file O4a_parabolam2min_prod_allgammazeta/result/bbh_mass_parabola_m2min_allgammazeta_redshift_powerlaw_resume.pickle
17:20 bilby INFO    : Written checkpoint file O4a_parabolam2min_prod_allgammazeta/result/bbh_mass_parabola_m2min_allgammazeta_redshift_powerlaw_resume.pickle
17:33 bilby INFO    : Written checkpoint file O4a_parabolam2min_prod_allgammazeta/result/bbh_mass_parabola_m2min_allgammazeta_redshift_powerlaw_resume.pickle
17:45 bilby INFO    : Written checkpoint file O4a_parabolam2min_prod_allgammazeta/result/bbh_mass_parabola_m2min_allgammazeta_redshift_powerlaw_resume.pickle
17:56 bilby INFO    : Written checkpoint file O4a_parabolam2min_prod_allgammazeta/result/bbh_mass_parabola_m2min_allgammazeta_redshift_powerlaw_resume.pickle
18:10 bilby INFO    : Written checkpoint file O4a_parabolam2min_prod_allgammazeta/result/bbh_mass_parabola_m2min_allgammazeta_redshift_powerlaw_resume.pickle
18:20 bilby INFO    : Written checkpoint file O4a_parabolam2min_prod_allgammazeta/result/bbh_mass_parabola_m2min_allgammazeta_redshift_powerlaw_resume.pickle
18:32 bilby INFO    : Written checkpoint file O4a_parabolam2min_prod_allgammazeta/result/bbh_mass_parabola_m2min_allgammazeta_redshift_powerlaw_resume.pickle
18:43 bilby INFO    : Written checkpoint file O4a_parabolam2min_prod_allgammazeta/result/bbh_mass_parabola_m2min_allgammazeta_redshift_powerlaw_resume.pickle
18:55 bilby INFO    : Written checkpoint file O4a_parabolam2min_prod_allgammazeta/result/bbh_mass_parabola_m2min_allgammazeta_redshift_powerlaw_resume.pickle
19:06 bilby INFO    : Written checkpoint file O4a_parabolam2min_prod_allgammazeta/result/bbh_mass_parabola_m2min_allgammazeta_redshift_powerlaw_resume.pickle
19:18 bilby INFO    : Written checkpoint file O4a_parabolam2min_prod_allgammazeta/result/bbh_mass_parabola_m2min_allgammazeta_redshift_powerlaw_resume.pickle
19:31 bilby INFO    : Written checkpoint file O4a_parabolam2min_prod_allgammazeta/result/bbh_mass_parabola_m2min_allgammazeta_redshift_powerlaw_resume.pickle
19:43 bilby INFO    : Written checkpoint file O4a_parabolam2min_prod_allgammazeta/result/bbh_mass_parabola_m2min_allgammazeta_redshift_powerlaw_resume.pickle
19:55 bilby INFO    : Written checkpoint file O4a_parabolam2min_prod_allgammazeta/result/bbh_mass_parabola_m2min_allgammazeta_redshift_powerlaw_resume.pickle
20:07 bilby INFO    : Written checkpoint file O4a_parabolam2min_prod_allgammazeta/result/bbh_mass_parabola_m2min_allgammazeta_redshift_powerlaw_resume.pickle
20:17 bilby INFO    : Written checkpoint file O4a_parabolam2min_prod_allgammazeta/result/bbh_mass_parabola_m2min_allgammazeta_redshift_powerlaw_resume.pickle
20:29 bilby INFO    : Written checkpoint file O4a_parabolam2min_prod_allgammazeta/result/bbh_mass_parabola_m2min_allgammazeta_redshift_powerlaw_resume.pickle
20:40 bilby INFO    : Written checkpoint file O4a_parabolam2min_prod_allgammazeta/result/bbh_mass_parabola_m2min_allgammazeta_redshift_powerlaw_resume.pickle
20:51 bilby INFO    : Written checkpoint file O4a_parabolam2min_prod_allgammazeta/result/bbh_mass_parabola_m2min_allgammazeta_redshift_powerlaw_resume.pickle
21:03 bilby INFO    : Written checkpoint file O4a_parabolam2min_prod_allgammazeta/result/bbh_mass_parabola_m2min_allgammazeta_redshift_powerlaw_resume.pickle
21:16 bilby INFO    : Written checkpoint file O4a_parabolam2min_prod_allgammazeta/result/bbh_mass_parabola_m2min_allgammazeta_redshift_powerlaw_resume.pickle
21:31 bilby INFO    : Written checkpoint file O4a_parabolam2min_prod_allgammazeta/result/bbh_mass_parabola_m2min_allgammazeta_redshift_powerlaw_resume.pickle
21:43 bilby INFO    : Written checkpoint file O4a_parabolam2min_prod_allgammazeta/result/bbh_mass_parabola_m2min_allgammazeta_redshift_powerlaw_resume.pickle
21:55 bilby INFO    : Written checkpoint file O4a_parabolam2min_prod_allgammazeta/result/bbh_mass_parabola_m2min_allgammazeta_redshift_powerlaw_resume.pickle
22:06 bilby INFO    : Written checkpoint file O4a_parabolam2min_prod_allgammazeta/result/bbh_mass_parabola_m2min_allgammazeta_redshift_powerlaw_resume.pickle
22:18 bilby INFO    : Written checkpoint file O4a_parabolam2min_prod_allgammazeta/result/bbh_mass_parabola_m2min_allgammazeta_redshift_powerlaw_resume.pickle
22:28 bilby INFO    : Written checkpoint file O4a_parabolam2min_prod_allgammazeta/result/bbh_mass_parabola_m2min_allgammazeta_redshift_powerlaw_resume.pickle
22:40 bilby INFO    : Written checkpoint file O4a_parabolam2min_prod_allgammazeta/result/bbh_mass_parabola_m2min_allgammazeta_redshift_powerlaw_resume.pickle
22:51 bilby INFO    : Written checkpoint file O4a_parabolam2min_prod_allgammazeta/result/bbh_mass_parabola_m2min_allgammazeta_redshift_powerlaw_resume.pickle
23:02 bilby INFO    : Written checkpoint file O4a_parabolam2min_prod_allgammazeta/result/bbh_mass_parabola_m2min_allgammazeta_redshift_powerlaw_resume.pickle
23:14 bilby INFO    : Written checkpoint file O4a_parabolam2min_prod_allgammazeta/result/bbh_mass_parabola_m2min_allgammazeta_redshift_powerlaw_resume.pickle
23:25 bilby INFO    : Written checkpoint file O4a_parabolam2min_prod_allgammazeta/result/bbh_mass_parabola_m2min_allgammazeta_redshift_powerlaw_resume.pickle
23:40 bilby INFO    : Written checkpoint file O4a_parabolam2min_prod_allgammazeta/result/bbh_mass_parabola_m2min_allgammazeta_redshift_powerlaw_resume.pickle
23:54 bilby INFO    : Written checkpoint file O4a_parabolam2min_prod_allgammazeta/result/bbh_mass_parabola_m2min_allgammazeta_redshift_powerlaw_resume.pickle
00:05 bilby INFO    : Written checkpoint file O4a_parabolam2min_prod_allgammazeta/result/bbh_mass_parabola_m2min_allgammazeta_redshift_powerlaw_resume.pickle
00:19 bilby INFO    : Written checkpoint file O4a_parabolam2min_prod_allgammazeta/result/bbh_mass_parabola_m2min_allgammazeta_redshift_powerlaw_resume.pickle
00:31 bilby INFO    : Written checkpoint file O4a_parabolam2min_prod_allgammazeta/result/bbh_mass_parabola_m2min_allgammazeta_redshift_powerlaw_resume.pickle
00:42 bilby INFO    : Written checkpoint file O4a_parabolam2min_prod_allgammazeta/result/bbh_mass_parabola_m2min_allgammazeta_redshift_powerlaw_resume.pickle
00:55 bilby INFO    : Written checkpoint file O4a_parabolam2min_prod_allgammazeta/result/bbh_mass_parabola_m2min_allgammazeta_redshift_powerlaw_resume.pickle
01:06 bilby INFO    : Written checkpoint file O4a_parabolam2min_prod_allgammazeta/result/bbh_mass_parabola_m2min_allgammazeta_redshift_powerlaw_resume.pickle
01:20 bilby INFO    : Written checkpoint file O4a_parabolam2min_prod_allgammazeta/result/bbh_mass_parabola_m2min_allgammazeta_redshift_powerlaw_resume.pickle
01:33 bilby INFO    : Written checkpoint file O4a_parabolam2min_prod_allgammazeta/result/bbh_mass_parabola_m2min_allgammazeta_redshift_powerlaw_resume.pickle
01:45 bilby INFO    : Written checkpoint file O4a_parabolam2min_prod_allgammazeta/result/bbh_mass_parabola_m2min_allgammazeta_redshift_powerlaw_resume.pickle
02:00 bilby INFO    : Written checkpoint file O4a_parabolam2min_prod_allgammazeta/result/bbh_mass_parabola_m2min_allgammazeta_redshift_powerlaw_resume.pickle
02:13 bilby INFO    : Written checkpoint file O4a_parabolam2min_prod_allgammazeta/result/bbh_mass_parabola_m2min_allgammazeta_redshift_powerlaw_resume.pickle
02:28 bilby INFO    : Written checkpoint file O4a_parabolam2min_prod_allgammazeta/result/bbh_mass_parabola_m2min_allgammazeta_redshift_powerlaw_resume.pickle
02:42 bilby INFO    : Written checkpoint file O4a_parabolam2min_prod_allgammazeta/result/bbh_mass_parabola_m2min_allgammazeta_redshift_powerlaw_resume.pickle
02:55 bilby INFO    : Written checkpoint file O4a_parabolam2min_prod_allgammazeta/result/bbh_mass_parabola_m2min_allgammazeta_redshift_powerlaw_resume.pickle
03:10 bilby INFO    : Written checkpoint file O4a_parabolam2min_prod_allgammazeta/result/bbh_mass_parabola_m2min_allgammazeta_redshift_powerlaw_resume.pickle
03:20 bilby INFO    : Written checkpoint file O4a_parabolam2min_prod_allgammazeta/result/bbh_mass_parabola_m2min_allgammazeta_redshift_powerlaw_resume.pickle
03:33 bilby INFO    : Written checkpoint file O4a_parabolam2min_prod_allgammazeta/result/bbh_mass_parabola_m2min_allgammazeta_redshift_powerlaw_resume.pickle
03:49 bilby INFO    : Written checkpoint file O4a_parabolam2min_prod_allgammazeta/result/bbh_mass_parabola_m2min_allgammazeta_redshift_powerlaw_resume.pickle
04:21 bilby INFO    : Written checkpoint file O4a_parabolam2min_prod_allgammazeta/result/bbh_mass_parabola_m2min_allgammazeta_redshift_powerlaw_resume.pickle
04:35 bilby INFO    : Written checkpoint file O4a_parabolam2min_prod_allgammazeta/result/bbh_mass_parabola_m2min_allgammazeta_redshift_powerlaw_resume.pickle
04:45 bilby INFO    : Written checkpoint file O4a_parabolam2min_prod_allgammazeta/result/bbh_mass_parabola_m2min_allgammazeta_redshift_powerlaw_resume.pickle
04:59 bilby INFO    : Written checkpoint file O4a_parabolam2min_prod_allgammazeta/result/bbh_mass_parabola_m2min_allgammazeta_redshift_powerlaw_resume.pickle
05:13 bilby INFO    : Written checkpoint file O4a_parabolam2min_prod_allgammazeta/result/bbh_mass_parabola_m2min_allgammazeta_redshift_powerlaw_resume.pickle
05:32 bilby INFO    : Written checkpoint file O4a_parabolam2min_prod_allgammazeta/result/bbh_mass_parabola_m2min_allgammazeta_redshift_powerlaw_resume.pickle
05:54 bilby INFO    : Written checkpoint file O4a_parabolam2min_prod_allgammazeta/result/bbh_mass_parabola_m2min_allgammazeta_redshift_powerlaw_resume.pickle
06:11 bilby INFO    : Written checkpoint file O4a_parabolam2min_prod_allgammazeta/result/bbh_mass_parabola_m2min_allgammazeta_redshift_powerlaw_resume.pickle
06:22 bilby INFO    : Written checkpoint file O4a_parabolam2min_prod_allgammazeta/result/bbh_mass_parabola_m2min_allgammazeta_redshift_powerlaw_resume.pickle
06:35 bilby INFO    : Written checkpoint file O4a_parabolam2min_prod_allgammazeta/result/bbh_mass_parabola_m2min_allgammazeta_redshift_powerlaw_resume.pickle
06:46 bilby INFO    : Written checkpoint file O4a_parabolam2min_prod_allgammazeta/result/bbh_mass_parabola_m2min_allgammazeta_redshift_powerlaw_resume.pickle
06:57 bilby INFO    : Written checkpoint file O4a_parabolam2min_prod_allgammazeta/result/bbh_mass_parabola_m2min_allgammazeta_redshift_powerlaw_resume.pickle
07:09 bilby INFO    : Written checkpoint file O4a_parabolam2min_prod_allgammazeta/result/bbh_mass_parabola_m2min_allgammazeta_redshift_powerlaw_resume.pickle
07:21 bilby INFO    : Written checkpoint file O4a_parabolam2min_prod_allgammazeta/result/bbh_mass_parabola_m2min_allgammazeta_redshift_powerlaw_resume.pickle
07:37 bilby INFO    : Written checkpoint file O4a_parabolam2min_prod_allgammazeta/result/bbh_mass_parabola_m2min_allgammazeta_redshift_powerlaw_resume.pickle
07:55 bilby INFO    : Written checkpoint file O4a_parabolam2min_prod_allgammazeta/result/bbh_mass_parabola_m2min_allgammazeta_redshift_powerlaw_resume.pickle
07:55 bilby INFO    : Written checkpoint file O4a_parabolam2min_prod_allgammazeta/result/bbh_mass_parabola_m2min_allgammazeta_redshift_powerlaw_resume.pickle
07:56 bilby INFO    : Rejection sampling nested samples to obtain 2371 posterior samples
07:56 bilby INFO    : Sampling time: 22:02:56.778767
07:56 bilby INFO    : Summary of results:
nsamples: 2371
ln_noise_evidence:    nan
ln_evidence:    nan +/-  0.199
ln_bayes_factor: -610.837 +/-  0.199

07:56 bilby INFO    : Computing rate posterior
07:57 bilby INFO    : Computing n effectives
07:57 bilby INFO    : Likelihood has no method 'per_event_bayes_factors_and_n_effective' skipping n_effective calculation.
07:57 bilby INFO    : Generating extra statistics
08:00 bilby INFO    : Resampling single event posteriors
  0%|          | 0/2371 [00:00<?, ?it/s]  6%|▌         | 143/2371 [00:00<00:01, 1426.30it/s] 13%|█▎        | 305/2371 [00:00<00:01, 1539.63it/s] 20%|█▉        | 467/2371 [00:00<00:01, 1575.61it/s] 26%|██▋       | 628/2371 [00:00<00:01, 1587.29it/s] 33%|███▎      | 790/2371 [00:00<00:00, 1596.73it/s] 40%|████      | 953/2371 [00:00<00:00, 1605.04it/s] 47%|████▋     | 1116/2371 [00:00<00:00, 1611.21it/s] 54%|█████▍    | 1279/2371 [00:00<00:00, 1614.60it/s] 61%|██████    | 1442/2371 [00:00<00:00, 1616.99it/s] 68%|██████▊   | 1605/2371 [00:01<00:00, 1618.43it/s] 75%|███████▍  | 1768/2371 [00:01<00:00, 1619.65it/s] 81%|████████▏ | 1931/2371 [00:01<00:00, 1620.01it/s] 88%|████████▊ | 2094/2371 [00:01<00:00, 1621.26it/s] 95%|█████████▌| 2257/2371 [00:01<00:00, 1622.04it/s]100%|██████████| 2371/2371 [00:01<00:00, 1606.64it/s]
08:00 bilby INFO    : Resampling done, sum of weights for events are 0.0 0.1 0.3 0.1 0.8 0.0 0.0 0.1 0.0 0.0 0.0 0.2 0.0 0.2 0.0 0.0 0.0 0.0 0.1 0.1 0.1 0.1 0.0 0.0 0.0 0.1 0.0 0.0 0.1 0.0 0.0 1.3 0.2 0.2 0.6 1.8 0.1 0.8 0.1 0.1 0.1 0.0 0.2 0.1 0.0 0.1 0.1 2.0 4.0 0.1 0.2 0.0 0.9 1.3 2.0 0.0 0.1 1.5 0.0 1.7 0.2 0.9 0.2 0.7 0.0 0.0 0.1 0.1 0.1 2.1 0.1 0.1 0.2 0.0 0.1 0.0 0.2 0.0 0.2 0.1 0.2 0.1 0.1 0.7 0.4 0.0 0.2 0.0 0.0 0.1 0.1 3.4 0.1 0.0 1.8 0.0 0.1 0.0 0.0 0.0 0.0 0.2 0.1 0.7 1.2 58.4 0.1 0.0 0.0 0.1 0.0 0.0 0.0 0.0 0.0 0.1 0.0 1.4 0.1 0.0 0.1 0.1 0.0 0.0 0.1 0.1 0.1 0.0 0.1 0.0 0.2 0.0 0.0 0.1 0.7 0.0 0.0 0.0 0.7 0.1 0.1 0.0 1.4 0.1 0.0 0.6 0.1 0.0 0.0 0.1 0.0 0.1 0.0 1.9 0.0 0.1 0.0 0.1
