02:42 bilby INFO    : Loaded 70 posteriors
02:42 bilby INFO    : Using SmoothedPowerlawm2min from variable_qmin.
02:42 bilby INFO    : Created variable_qmin.SmoothedPowerlawm2min with arguments {}
02:42 bilby INFO    : Using iid_spin from gwpopulation.models.spin.
02:42 bilby INFO    : Using PowerLawRedshift from gwpopulation.models.redshift.
02:42 bilby INFO    : Created gwpopulation.models.redshift.PowerLawRedshift with arguments {'z_max': 1.9}
02:42 bilby INFO    : Using SmoothedPowerlawm2min from variable_qmin.
02:42 bilby INFO    : Created variable_qmin.SmoothedPowerlawm2min with arguments {}
02:42 bilby INFO    : Using PowerLawRedshift from gwpopulation.models.redshift.
02:42 bilby INFO    : Created gwpopulation.models.redshift.PowerLawRedshift with arguments {'z_max': 1.9}
02:42 bilby INFO    : Loading VT data from O1O2O3_powerlawm2min_prod_pqnorm_nlive50/data/injections.pkl.
02:42 bilby INFO    : Identified keys: gamma, alpha, lam, mmin, mmax, delta_m, sigpp, beta, gaussian_mass_maximum, mpp, beta_chi, sigma_spin, xi_spin, alpha_chi, sigma_chi, mu_chi, amax, lamb
02:42 bilby INFO    : Running for label 'bbh_mass_SmoothedPowerlawm2min_spin_iid_spin_redshift_powerlaw', output will be saved to 'O1O2O3_powerlawm2min_prod_pqnorm_nlive50/result'
/home/storm.colloms/.conda/envs/O4apop-jax/lib/python3.10/site-packages/_distutils_hack/__init__.py:26: UserWarning: Setuptools is replacing distutils.
  warnings.warn("Setuptools is replacing distutils.")
02:42 bilby INFO    : Analysis priors:
02:42 bilby INFO    : alpha=Uniform(minimum=-4, maximum=12, name='alpha', latex_label='$\\alpha$', unit=None, boundary=None)
02:42 bilby INFO    : beta=Uniform(minimum=-2, maximum=7, name='beta', latex_label='$\\beta_{q}$', unit=None, boundary=None)
02:42 bilby INFO    : mmax=Uniform(minimum=62, maximum=100, name='mmax', latex_label='$m_{\\max}$', unit=None, boundary=None)
02:42 bilby INFO    : mmin=Uniform(minimum=2, maximum=6, name='mmin', latex_label='$m_{\\min}$', unit=None, boundary=None)
02:42 bilby INFO    : gamma=Uniform(minimum=1, maximum=35, name='gamma', latex_label='$\\gamma_{q}$', unit=None, boundary=None)
02:42 bilby INFO    : lam=Uniform(minimum=0, maximum=1, name='lambda', latex_label='$\\lambda_{m}$', unit=None, boundary=None)
02:42 bilby INFO    : mpp=Uniform(minimum=20, maximum=50, name='mpp', latex_label='$\\mu_{m}$', unit=None, boundary=None)
02:42 bilby INFO    : sigpp=Uniform(minimum=1, maximum=10, name='sigpp', latex_label='$\\sigma_{m}$', unit=None, boundary=None)
02:42 bilby INFO    : delta_m=Uniform(minimum=0, maximum=10, name='delta_m', latex_label='$\\delta_{m}$', unit=None, boundary=None)
02:42 bilby INFO    : mu_chi=Uniform(minimum=0, maximum=1, name='mu_chi', latex_label='$\\mu_{\\chi}$', unit=None, boundary=None)
02:42 bilby INFO    : sigma_chi=Uniform(minimum=0.005, maximum=0.25, name='sigma_chi', latex_label='$\\sigma^{2}_{\\chi}$', unit=None, boundary=None)
02:42 bilby INFO    : xi_spin=Uniform(minimum=0, maximum=1, name='xi_spin', latex_label='$\\zeta$', unit=None, boundary=None)
02:42 bilby INFO    : sigma_spin=Uniform(minimum=0.1, maximum=4.0, name='sigma_t', latex_label='$\\sigma_t$', unit=None, boundary=None)
02:42 bilby INFO    : lamb=Uniform(minimum=-2, maximum=8, name='lamb', latex_label='$\\lambda_z$', unit=None, boundary=None)
02:42 bilby INFO    : alpha_chi=Constraint(minimum=1, maximum=100000.0, name=None, latex_label=None, unit=None)
02:42 bilby INFO    : beta_chi=Constraint(minimum=1, maximum=100000.0, name=None, latex_label=None, unit=None)
02:42 bilby INFO    : amax=1.0
02:42 bilby INFO    : gaussian_mass_maximum=100.0
02:42 bilby INFO    : Analysis likelihood class: <class 'gwpopulation.experimental.jax.JittedLikelihood'>
02:42 bilby INFO    : Analysis likelihood noise evidence: nan
02:42 bilby INFO    : Single likelihood evaluation took nan s
02:43 bilby INFO    : Using sampler Dynesty with kwargs {'nlive': 50, 'bound': 'live', 'sample': 'act-walk', 'periodic': None, 'reflective': None, 'update_interval': 600, 'first_update': None, 'npdim': None, 'rstate': None, 'queue_size': 1, 'pool': None, 'use_pool': None, 'live_points': None, 'logl_args': None, 'logl_kwargs': None, 'ptform_args': None, 'ptform_kwargs': None, 'gradient': None, 'grad_args': None, 'grad_kwargs': None, 'compute_jac': False, 'enlarge': None, 'bootstrap': None, 'walks': 5, 'facc': 0.2, 'slices': None, 'fmove': 0.9, 'max_move': 100, 'update_func': None, 'ncdim': None, 'blob': False, 'save_history': False, 'history_filename': None, 'maxiter': None, 'maxcall': None, 'dlogz': 0.1, 'logl_max': inf, 'n_effective': None, 'add_live': True, 'print_progress': True, 'print_func': <bound method Dynesty._print_func of <bilby.core.sampler.dynesty.Dynesty object at 0x14b511eeb310>>, 'save_bounds': False, 'checkpoint_file': None, 'checkpoint_every': 60, 'resume': False, 'seed': None}
02:43 bilby INFO    : Checkpoint every check_point_delta_t = 600s
02:43 bilby INFO    : Using dynesty version 2.1.3
02:43 bilby INFO    : Using the bilby-implemented act-walk sampling tracking the autocorrelation function and thinning by 2 with maximum length 10000
02:43 bilby INFO    : Reading resume file O1O2O3_powerlawm2min_prod_pqnorm_nlive50/result/bbh_mass_SmoothedPowerlawm2min_spin_iid_spin_redshift_powerlaw_resume.pickle
02:43 bilby WARNING : The resume file O1O2O3_powerlawm2min_prod_pqnorm_nlive50/result/bbh_mass_SmoothedPowerlawm2min_spin_iid_spin_redshift_powerlaw_resume.pickle is corrupted or the version of bilby has changed between runs. This resume file will be ignored.
02:43 bilby INFO    : Generating initial points from the prior
/home/storm.colloms/.conda/envs/O4apop-jax/lib/python3.10/site-packages/dynesty/sampler.py:756: UserWarning: The sampling was stopped short due to maxiter/maxcall limit the delta(log(z)) criterion is not achieved; posterior may be poorly sampled
  warnings.warn('The sampling was stopped short due to'
02:57 bilby INFO    : Written checkpoint file O1O2O3_powerlawm2min_prod_pqnorm_nlive50/result/bbh_mass_SmoothedPowerlawm2min_spin_iid_spin_redshift_powerlaw_resume.pickle
/home/storm.colloms/.conda/envs/O4apop-jax/lib/python3.10/site-packages/dynesty/sampler.py:756: UserWarning: The sampling was stopped short due to maxiter/maxcall limit the delta(log(z)) criterion is not achieved; posterior may be poorly sampled
  warnings.warn('The sampling was stopped short due to'
03:15 bilby INFO    : Written checkpoint file O1O2O3_powerlawm2min_prod_pqnorm_nlive50/result/bbh_mass_SmoothedPowerlawm2min_spin_iid_spin_redshift_powerlaw_resume.pickle
/home/storm.colloms/.conda/envs/O4apop-jax/lib/python3.10/site-packages/dynesty/sampler.py:756: UserWarning: The sampling was stopped short due to maxiter/maxcall limit the delta(log(z)) criterion is not achieved; posterior may be poorly sampled
  warnings.warn('The sampling was stopped short due to'
03:58 bilby INFO    : Written checkpoint file O1O2O3_powerlawm2min_prod_pqnorm_nlive50/result/bbh_mass_SmoothedPowerlawm2min_spin_iid_spin_redshift_powerlaw_resume.pickle
/home/storm.colloms/.conda/envs/O4apop-jax/lib/python3.10/site-packages/dynesty/sampler.py:756: UserWarning: The sampling was stopped short due to maxiter/maxcall limit the delta(log(z)) criterion is not achieved; posterior may be poorly sampled
  warnings.warn('The sampling was stopped short due to'
04:10 bilby INFO    : Written checkpoint file O1O2O3_powerlawm2min_prod_pqnorm_nlive50/result/bbh_mass_SmoothedPowerlawm2min_spin_iid_spin_redshift_powerlaw_resume.pickle
/home/storm.colloms/.conda/envs/O4apop-jax/lib/python3.10/site-packages/dynesty/plotting.py:786: UserWarning: Attempting to set identical low and high ylims makes transformation singular; automatically expanding.
  ax.set_ylim([0., max(y0) * 1.05])
/home/storm.colloms/.conda/envs/O4apop-jax/lib/python3.10/site-packages/dynesty/plotting.py:786: UserWarning: Attempting to set identical low and high ylims makes transformation singular; automatically expanding.
  ax.set_ylim([0., max(y0) * 1.05])
/home/storm.colloms/.conda/envs/O4apop-jax/lib/python3.10/site-packages/dynesty/sampler.py:756: UserWarning: The sampling was stopped short due to maxiter/maxcall limit the delta(log(z)) criterion is not achieved; posterior may be poorly sampled
  warnings.warn('The sampling was stopped short due to'
05:13 bilby INFO    : Written checkpoint file O1O2O3_powerlawm2min_prod_pqnorm_nlive50/result/bbh_mass_SmoothedPowerlawm2min_spin_iid_spin_redshift_powerlaw_resume.pickle
/home/storm.colloms/.conda/envs/O4apop-jax/lib/python3.10/site-packages/dynesty/plotting.py:786: UserWarning: Attempting to set identical low and high ylims makes transformation singular; automatically expanding.
  ax.set_ylim([0., max(y0) * 1.05])
/home/storm.colloms/.conda/envs/O4apop-jax/lib/python3.10/site-packages/dynesty/plotting.py:786: UserWarning: Attempting to set identical low and high ylims makes transformation singular; automatically expanding.
  ax.set_ylim([0., max(y0) * 1.05])
/home/storm.colloms/.conda/envs/O4apop-jax/lib/python3.10/site-packages/dynesty/sampler.py:756: UserWarning: The sampling was stopped short due to maxiter/maxcall limit the delta(log(z)) criterion is not achieved; posterior may be poorly sampled
  warnings.warn('The sampling was stopped short due to'
05:49 bilby INFO    : Written checkpoint file O1O2O3_powerlawm2min_prod_pqnorm_nlive50/result/bbh_mass_SmoothedPowerlawm2min_spin_iid_spin_redshift_powerlaw_resume.pickle
/home/storm.colloms/.conda/envs/O4apop-jax/lib/python3.10/site-packages/dynesty/plotting.py:786: UserWarning: Attempting to set identical low and high ylims makes transformation singular; automatically expanding.
  ax.set_ylim([0., max(y0) * 1.05])
/home/storm.colloms/.conda/envs/O4apop-jax/lib/python3.10/site-packages/dynesty/plotting.py:786: UserWarning: Attempting to set identical low and high ylims makes transformation singular; automatically expanding.
  ax.set_ylim([0., max(y0) * 1.05])
/home/storm.colloms/.conda/envs/O4apop-jax/lib/python3.10/site-packages/dynesty/sampler.py:756: UserWarning: The sampling was stopped short due to maxiter/maxcall limit the delta(log(z)) criterion is not achieved; posterior may be poorly sampled
  warnings.warn('The sampling was stopped short due to'
06:23 bilby INFO    : Written checkpoint file O1O2O3_powerlawm2min_prod_pqnorm_nlive50/result/bbh_mass_SmoothedPowerlawm2min_spin_iid_spin_redshift_powerlaw_resume.pickle
06:23 bilby WARNING : The data appears to lie in a lower-dimensional subspace of the space in which it is expressed. This has resulted in a singular data covariance matrix, which cannot be treated using the algorithms implemented in `gaussian_kde`. Consider performing principle component analysis / dimensionality reduction and using `gaussian_kde` with the transformed data.
06:23 bilby WARNING : Failed to create dynesty state plot at checkpoint
06:23 bilby WARNING : The data appears to lie in a lower-dimensional subspace of the space in which it is expressed. This has resulted in a singular data covariance matrix, which cannot be treated using the algorithms implemented in `gaussian_kde`. Consider performing principle component analysis / dimensionality reduction and using `gaussian_kde` with the transformed data.
06:23 bilby WARNING : Failed to create dynesty unit state plot at checkpoint
06:23 bilby WARNING : The data appears to lie in a lower-dimensional subspace of the space in which it is expressed. This has resulted in a singular data covariance matrix, which cannot be treated using the algorithms implemented in `gaussian_kde`. Consider performing principle component analysis / dimensionality reduction and using `gaussian_kde` with the transformed data.
06:23 bilby WARNING : Failed to create dynesty run plot at checkpoint
/home/storm.colloms/.conda/envs/O4apop-jax/lib/python3.10/site-packages/dynesty/sampler.py:756: UserWarning: The sampling was stopped short due to maxiter/maxcall limit the delta(log(z)) criterion is not achieved; posterior may be poorly sampled
  warnings.warn('The sampling was stopped short due to'
06:52 bilby INFO    : Written checkpoint file O1O2O3_powerlawm2min_prod_pqnorm_nlive50/result/bbh_mass_SmoothedPowerlawm2min_spin_iid_spin_redshift_powerlaw_resume.pickle
06:52 bilby WARNING : The data appears to lie in a lower-dimensional subspace of the space in which it is expressed. This has resulted in a singular data covariance matrix, which cannot be treated using the algorithms implemented in `gaussian_kde`. Consider performing principle component analysis / dimensionality reduction and using `gaussian_kde` with the transformed data.
06:52 bilby WARNING : Failed to create dynesty state plot at checkpoint
06:52 bilby WARNING : The data appears to lie in a lower-dimensional subspace of the space in which it is expressed. This has resulted in a singular data covariance matrix, which cannot be treated using the algorithms implemented in `gaussian_kde`. Consider performing principle component analysis / dimensionality reduction and using `gaussian_kde` with the transformed data.
06:52 bilby WARNING : Failed to create dynesty unit state plot at checkpoint
06:52 bilby WARNING : The data appears to lie in a lower-dimensional subspace of the space in which it is expressed. This has resulted in a singular data covariance matrix, which cannot be treated using the algorithms implemented in `gaussian_kde`. Consider performing principle component analysis / dimensionality reduction and using `gaussian_kde` with the transformed data.
06:52 bilby WARNING : Failed to create dynesty run plot at checkpoint
/home/storm.colloms/.conda/envs/O4apop-jax/lib/python3.10/site-packages/dynesty/sampler.py:756: UserWarning: The sampling was stopped short due to maxiter/maxcall limit the delta(log(z)) criterion is not achieved; posterior may be poorly sampled
  warnings.warn('The sampling was stopped short due to'
07:33 bilby INFO    : Written checkpoint file O1O2O3_powerlawm2min_prod_pqnorm_nlive50/result/bbh_mass_SmoothedPowerlawm2min_spin_iid_spin_redshift_powerlaw_resume.pickle
/home/storm.colloms/.conda/envs/O4apop-jax/lib/python3.10/site-packages/dynesty/plotting.py:786: UserWarning: Attempting to set identical low and high ylims makes transformation singular; automatically expanding.
  ax.set_ylim([0., max(y0) * 1.05])
/home/storm.colloms/.conda/envs/O4apop-jax/lib/python3.10/site-packages/dynesty/plotting.py:786: UserWarning: Attempting to set identical low and high ylims makes transformation singular; automatically expanding.
  ax.set_ylim([0., max(y0) * 1.05])
/home/storm.colloms/.conda/envs/O4apop-jax/lib/python3.10/site-packages/dynesty/sampler.py:756: UserWarning: The sampling was stopped short due to maxiter/maxcall limit the delta(log(z)) criterion is not achieved; posterior may be poorly sampled
  warnings.warn('The sampling was stopped short due to'
08:02 bilby INFO    : Written checkpoint file O1O2O3_powerlawm2min_prod_pqnorm_nlive50/result/bbh_mass_SmoothedPowerlawm2min_spin_iid_spin_redshift_powerlaw_resume.pickle
/home/storm.colloms/.conda/envs/O4apop-jax/lib/python3.10/site-packages/dynesty/plotting.py:786: UserWarning: Attempting to set identical low and high ylims makes transformation singular; automatically expanding.
  ax.set_ylim([0., max(y0) * 1.05])
/home/storm.colloms/.conda/envs/O4apop-jax/lib/python3.10/site-packages/dynesty/plotting.py:786: UserWarning: Attempting to set identical low and high ylims makes transformation singular; automatically expanding.
  ax.set_ylim([0., max(y0) * 1.05])
/home/storm.colloms/.conda/envs/O4apop-jax/lib/python3.10/site-packages/dynesty/sampler.py:756: UserWarning: The sampling was stopped short due to maxiter/maxcall limit the delta(log(z)) criterion is not achieved; posterior may be poorly sampled
  warnings.warn('The sampling was stopped short due to'
08:17 bilby INFO    : Written checkpoint file O1O2O3_powerlawm2min_prod_pqnorm_nlive50/result/bbh_mass_SmoothedPowerlawm2min_spin_iid_spin_redshift_powerlaw_resume.pickle
/home/storm.colloms/.conda/envs/O4apop-jax/lib/python3.10/site-packages/dynesty/sampler.py:756: UserWarning: The sampling was stopped short due to maxiter/maxcall limit the delta(log(z)) criterion is not achieved; posterior may be poorly sampled
  warnings.warn('The sampling was stopped short due to'
08:33 bilby INFO    : Written checkpoint file O1O2O3_powerlawm2min_prod_pqnorm_nlive50/result/bbh_mass_SmoothedPowerlawm2min_spin_iid_spin_redshift_powerlaw_resume.pickle
/home/storm.colloms/.conda/envs/O4apop-jax/lib/python3.10/site-packages/dynesty/sampler.py:756: UserWarning: The sampling was stopped short due to maxiter/maxcall limit the delta(log(z)) criterion is not achieved; posterior may be poorly sampled
  warnings.warn('The sampling was stopped short due to'
08:58 bilby INFO    : Written checkpoint file O1O2O3_powerlawm2min_prod_pqnorm_nlive50/result/bbh_mass_SmoothedPowerlawm2min_spin_iid_spin_redshift_powerlaw_resume.pickle
08:58 bilby WARNING : The data appears to lie in a lower-dimensional subspace of the space in which it is expressed. This has resulted in a singular data covariance matrix, which cannot be treated using the algorithms implemented in `gaussian_kde`. Consider performing principle component analysis / dimensionality reduction and using `gaussian_kde` with the transformed data.
08:58 bilby WARNING : Failed to create dynesty state plot at checkpoint
08:58 bilby WARNING : The data appears to lie in a lower-dimensional subspace of the space in which it is expressed. This has resulted in a singular data covariance matrix, which cannot be treated using the algorithms implemented in `gaussian_kde`. Consider performing principle component analysis / dimensionality reduction and using `gaussian_kde` with the transformed data.
08:58 bilby WARNING : Failed to create dynesty unit state plot at checkpoint
08:58 bilby WARNING : The data appears to lie in a lower-dimensional subspace of the space in which it is expressed. This has resulted in a singular data covariance matrix, which cannot be treated using the algorithms implemented in `gaussian_kde`. Consider performing principle component analysis / dimensionality reduction and using `gaussian_kde` with the transformed data.
08:58 bilby WARNING : Failed to create dynesty run plot at checkpoint
/home/storm.colloms/.conda/envs/O4apop-jax/lib/python3.10/site-packages/dynesty/sampler.py:756: UserWarning: The sampling was stopped short due to maxiter/maxcall limit the delta(log(z)) criterion is not achieved; posterior may be poorly sampled
  warnings.warn('The sampling was stopped short due to'
09:29 bilby INFO    : Written checkpoint file O1O2O3_powerlawm2min_prod_pqnorm_nlive50/result/bbh_mass_SmoothedPowerlawm2min_spin_iid_spin_redshift_powerlaw_resume.pickle
/home/storm.colloms/.conda/envs/O4apop-jax/lib/python3.10/site-packages/dynesty/plotting.py:786: UserWarning: Attempting to set identical low and high ylims makes transformation singular; automatically expanding.
  ax.set_ylim([0., max(y0) * 1.05])
/home/storm.colloms/.conda/envs/O4apop-jax/lib/python3.10/site-packages/dynesty/plotting.py:786: UserWarning: Attempting to set identical low and high ylims makes transformation singular; automatically expanding.
  ax.set_ylim([0., max(y0) * 1.05])
/home/storm.colloms/.conda/envs/O4apop-jax/lib/python3.10/site-packages/dynesty/sampler.py:756: UserWarning: The sampling was stopped short due to maxiter/maxcall limit the delta(log(z)) criterion is not achieved; posterior may be poorly sampled
  warnings.warn('The sampling was stopped short due to'
10:00 bilby INFO    : Written checkpoint file O1O2O3_powerlawm2min_prod_pqnorm_nlive50/result/bbh_mass_SmoothedPowerlawm2min_spin_iid_spin_redshift_powerlaw_resume.pickle
/home/storm.colloms/.conda/envs/O4apop-jax/lib/python3.10/site-packages/dynesty/plotting.py:786: UserWarning: Attempting to set identical low and high ylims makes transformation singular; automatically expanding.
  ax.set_ylim([0., max(y0) * 1.05])
/home/storm.colloms/.conda/envs/O4apop-jax/lib/python3.10/site-packages/dynesty/plotting.py:786: UserWarning: Attempting to set identical low and high ylims makes transformation singular; automatically expanding.
  ax.set_ylim([0., max(y0) * 1.05])
/home/storm.colloms/.conda/envs/O4apop-jax/lib/python3.10/site-packages/dynesty/sampler.py:756: UserWarning: The sampling was stopped short due to maxiter/maxcall limit the delta(log(z)) criterion is not achieved; posterior may be poorly sampled
  warnings.warn('The sampling was stopped short due to'
10:27 bilby INFO    : Written checkpoint file O1O2O3_powerlawm2min_prod_pqnorm_nlive50/result/bbh_mass_SmoothedPowerlawm2min_spin_iid_spin_redshift_powerlaw_resume.pickle
/home/storm.colloms/.conda/envs/O4apop-jax/lib/python3.10/site-packages/dynesty/plotting.py:786: UserWarning: Attempting to set identical low and high ylims makes transformation singular; automatically expanding.
  ax.set_ylim([0., max(y0) * 1.05])
/home/storm.colloms/.conda/envs/O4apop-jax/lib/python3.10/site-packages/dynesty/plotting.py:786: UserWarning: Attempting to set identical low and high ylims makes transformation singular; automatically expanding.
  ax.set_ylim([0., max(y0) * 1.05])
/home/storm.colloms/.conda/envs/O4apop-jax/lib/python3.10/site-packages/dynesty/sampler.py:756: UserWarning: The sampling was stopped short due to maxiter/maxcall limit the delta(log(z)) criterion is not achieved; posterior may be poorly sampled
  warnings.warn('The sampling was stopped short due to'
10:49 bilby INFO    : Written checkpoint file O1O2O3_powerlawm2min_prod_pqnorm_nlive50/result/bbh_mass_SmoothedPowerlawm2min_spin_iid_spin_redshift_powerlaw_resume.pickle
/home/storm.colloms/.conda/envs/O4apop-jax/lib/python3.10/site-packages/dynesty/plotting.py:786: UserWarning: Attempting to set identical low and high ylims makes transformation singular; automatically expanding.
  ax.set_ylim([0., max(y0) * 1.05])
/home/storm.colloms/.conda/envs/O4apop-jax/lib/python3.10/site-packages/dynesty/plotting.py:786: UserWarning: Attempting to set identical low and high ylims makes transformation singular; automatically expanding.
  ax.set_ylim([0., max(y0) * 1.05])
/home/storm.colloms/.conda/envs/O4apop-jax/lib/python3.10/site-packages/dynesty/sampler.py:756: UserWarning: The sampling was stopped short due to maxiter/maxcall limit the delta(log(z)) criterion is not achieved; posterior may be poorly sampled
  warnings.warn('The sampling was stopped short due to'
11:09 bilby INFO    : Written checkpoint file O1O2O3_powerlawm2min_prod_pqnorm_nlive50/result/bbh_mass_SmoothedPowerlawm2min_spin_iid_spin_redshift_powerlaw_resume.pickle
11:09 bilby WARNING : The data appears to lie in a lower-dimensional subspace of the space in which it is expressed. This has resulted in a singular data covariance matrix, which cannot be treated using the algorithms implemented in `gaussian_kde`. Consider performing principle component analysis / dimensionality reduction and using `gaussian_kde` with the transformed data.
11:09 bilby WARNING : Failed to create dynesty state plot at checkpoint
11:09 bilby WARNING : The data appears to lie in a lower-dimensional subspace of the space in which it is expressed. This has resulted in a singular data covariance matrix, which cannot be treated using the algorithms implemented in `gaussian_kde`. Consider performing principle component analysis / dimensionality reduction and using `gaussian_kde` with the transformed data.
11:09 bilby WARNING : Failed to create dynesty unit state plot at checkpoint
11:09 bilby WARNING : The data appears to lie in a lower-dimensional subspace of the space in which it is expressed. This has resulted in a singular data covariance matrix, which cannot be treated using the algorithms implemented in `gaussian_kde`. Consider performing principle component analysis / dimensionality reduction and using `gaussian_kde` with the transformed data.
11:09 bilby WARNING : Failed to create dynesty run plot at checkpoint
/home/storm.colloms/.conda/envs/O4apop-jax/lib/python3.10/site-packages/dynesty/sampler.py:756: UserWarning: The sampling was stopped short due to maxiter/maxcall limit the delta(log(z)) criterion is not achieved; posterior may be poorly sampled
  warnings.warn('The sampling was stopped short due to'
11:27 bilby INFO    : Written checkpoint file O1O2O3_powerlawm2min_prod_pqnorm_nlive50/result/bbh_mass_SmoothedPowerlawm2min_spin_iid_spin_redshift_powerlaw_resume.pickle
/home/storm.colloms/.conda/envs/O4apop-jax/lib/python3.10/site-packages/dynesty/plotting.py:786: UserWarning: Attempting to set identical low and high ylims makes transformation singular; automatically expanding.
  ax.set_ylim([0., max(y0) * 1.05])
/home/storm.colloms/.conda/envs/O4apop-jax/lib/python3.10/site-packages/dynesty/plotting.py:786: UserWarning: Attempting to set identical low and high ylims makes transformation singular; automatically expanding.
  ax.set_ylim([0., max(y0) * 1.05])
/home/storm.colloms/.conda/envs/O4apop-jax/lib/python3.10/site-packages/dynesty/sampler.py:756: UserWarning: The sampling was stopped short due to maxiter/maxcall limit the delta(log(z)) criterion is not achieved; posterior may be poorly sampled
  warnings.warn('The sampling was stopped short due to'
11:56 bilby INFO    : Written checkpoint file O1O2O3_powerlawm2min_prod_pqnorm_nlive50/result/bbh_mass_SmoothedPowerlawm2min_spin_iid_spin_redshift_powerlaw_resume.pickle
11:56 bilby WARNING : The data appears to lie in a lower-dimensional subspace of the space in which it is expressed. This has resulted in a singular data covariance matrix, which cannot be treated using the algorithms implemented in `gaussian_kde`. Consider performing principle component analysis / dimensionality reduction and using `gaussian_kde` with the transformed data.
11:56 bilby WARNING : Failed to create dynesty state plot at checkpoint
11:56 bilby WARNING : The data appears to lie in a lower-dimensional subspace of the space in which it is expressed. This has resulted in a singular data covariance matrix, which cannot be treated using the algorithms implemented in `gaussian_kde`. Consider performing principle component analysis / dimensionality reduction and using `gaussian_kde` with the transformed data.
11:56 bilby WARNING : Failed to create dynesty unit state plot at checkpoint
11:56 bilby WARNING : The data appears to lie in a lower-dimensional subspace of the space in which it is expressed. This has resulted in a singular data covariance matrix, which cannot be treated using the algorithms implemented in `gaussian_kde`. Consider performing principle component analysis / dimensionality reduction and using `gaussian_kde` with the transformed data.
11:56 bilby WARNING : Failed to create dynesty run plot at checkpoint
/home/storm.colloms/.conda/envs/O4apop-jax/lib/python3.10/site-packages/dynesty/sampler.py:756: UserWarning: The sampling was stopped short due to maxiter/maxcall limit the delta(log(z)) criterion is not achieved; posterior may be poorly sampled
  warnings.warn('The sampling was stopped short due to'
12:32 bilby INFO    : Written checkpoint file O1O2O3_powerlawm2min_prod_pqnorm_nlive50/result/bbh_mass_SmoothedPowerlawm2min_spin_iid_spin_redshift_powerlaw_resume.pickle
/home/storm.colloms/.conda/envs/O4apop-jax/lib/python3.10/site-packages/dynesty/plotting.py:786: UserWarning: Attempting to set identical low and high ylims makes transformation singular; automatically expanding.
  ax.set_ylim([0., max(y0) * 1.05])
/home/storm.colloms/.conda/envs/O4apop-jax/lib/python3.10/site-packages/dynesty/plotting.py:786: UserWarning: Attempting to set identical low and high ylims makes transformation singular; automatically expanding.
  ax.set_ylim([0., max(y0) * 1.05])
/home/storm.colloms/.conda/envs/O4apop-jax/lib/python3.10/site-packages/dynesty/sampler.py:756: UserWarning: The sampling was stopped short due to maxiter/maxcall limit the delta(log(z)) criterion is not achieved; posterior may be poorly sampled
  warnings.warn('The sampling was stopped short due to'
13:03 bilby INFO    : Written checkpoint file O1O2O3_powerlawm2min_prod_pqnorm_nlive50/result/bbh_mass_SmoothedPowerlawm2min_spin_iid_spin_redshift_powerlaw_resume.pickle
/home/storm.colloms/.conda/envs/O4apop-jax/lib/python3.10/site-packages/dynesty/plotting.py:786: UserWarning: Attempting to set identical low and high ylims makes transformation singular; automatically expanding.
  ax.set_ylim([0., max(y0) * 1.05])
/home/storm.colloms/.conda/envs/O4apop-jax/lib/python3.10/site-packages/dynesty/plotting.py:786: UserWarning: Attempting to set identical low and high ylims makes transformation singular; automatically expanding.
  ax.set_ylim([0., max(y0) * 1.05])
/home/storm.colloms/.conda/envs/O4apop-jax/lib/python3.10/site-packages/dynesty/sampler.py:756: UserWarning: The sampling was stopped short due to maxiter/maxcall limit the delta(log(z)) criterion is not achieved; posterior may be poorly sampled
  warnings.warn('The sampling was stopped short due to'
13:35 bilby INFO    : Written checkpoint file O1O2O3_powerlawm2min_prod_pqnorm_nlive50/result/bbh_mass_SmoothedPowerlawm2min_spin_iid_spin_redshift_powerlaw_resume.pickle
/home/storm.colloms/.conda/envs/O4apop-jax/lib/python3.10/site-packages/dynesty/plotting.py:786: UserWarning: Attempting to set identical low and high ylims makes transformation singular; automatically expanding.
  ax.set_ylim([0., max(y0) * 1.05])
/home/storm.colloms/.conda/envs/O4apop-jax/lib/python3.10/site-packages/dynesty/plotting.py:786: UserWarning: Attempting to set identical low and high ylims makes transformation singular; automatically expanding.
  ax.set_ylim([0., max(y0) * 1.05])
/home/storm.colloms/.conda/envs/O4apop-jax/lib/python3.10/site-packages/dynesty/sampler.py:756: UserWarning: The sampling was stopped short due to maxiter/maxcall limit the delta(log(z)) criterion is not achieved; posterior may be poorly sampled
  warnings.warn('The sampling was stopped short due to'
14:23 bilby INFO    : Written checkpoint file O1O2O3_powerlawm2min_prod_pqnorm_nlive50/result/bbh_mass_SmoothedPowerlawm2min_spin_iid_spin_redshift_powerlaw_resume.pickle
14:23 bilby WARNING : The data appears to lie in a lower-dimensional subspace of the space in which it is expressed. This has resulted in a singular data covariance matrix, which cannot be treated using the algorithms implemented in `gaussian_kde`. Consider performing principle component analysis / dimensionality reduction and using `gaussian_kde` with the transformed data.
14:23 bilby WARNING : Failed to create dynesty state plot at checkpoint
14:23 bilby WARNING : The data appears to lie in a lower-dimensional subspace of the space in which it is expressed. This has resulted in a singular data covariance matrix, which cannot be treated using the algorithms implemented in `gaussian_kde`. Consider performing principle component analysis / dimensionality reduction and using `gaussian_kde` with the transformed data.
14:23 bilby WARNING : Failed to create dynesty unit state plot at checkpoint
14:23 bilby WARNING : The data appears to lie in a lower-dimensional subspace of the space in which it is expressed. This has resulted in a singular data covariance matrix, which cannot be treated using the algorithms implemented in `gaussian_kde`. Consider performing principle component analysis / dimensionality reduction and using `gaussian_kde` with the transformed data.
14:23 bilby WARNING : Failed to create dynesty run plot at checkpoint
/home/storm.colloms/.conda/envs/O4apop-jax/lib/python3.10/site-packages/dynesty/sampler.py:756: UserWarning: The sampling was stopped short due to maxiter/maxcall limit the delta(log(z)) criterion is not achieved; posterior may be poorly sampled
  warnings.warn('The sampling was stopped short due to'
14:56 bilby INFO    : Written checkpoint file O1O2O3_powerlawm2min_prod_pqnorm_nlive50/result/bbh_mass_SmoothedPowerlawm2min_spin_iid_spin_redshift_powerlaw_resume.pickle
/home/storm.colloms/.conda/envs/O4apop-jax/lib/python3.10/site-packages/dynesty/plotting.py:786: UserWarning: Attempting to set identical low and high ylims makes transformation singular; automatically expanding.
  ax.set_ylim([0., max(y0) * 1.05])
/home/storm.colloms/.conda/envs/O4apop-jax/lib/python3.10/site-packages/dynesty/plotting.py:786: UserWarning: Attempting to set identical low and high ylims makes transformation singular; automatically expanding.
  ax.set_ylim([0., max(y0) * 1.05])
/home/storm.colloms/.conda/envs/O4apop-jax/lib/python3.10/site-packages/dynesty/sampler.py:756: UserWarning: The sampling was stopped short due to maxiter/maxcall limit the delta(log(z)) criterion is not achieved; posterior may be poorly sampled
  warnings.warn('The sampling was stopped short due to'
15:28 bilby INFO    : Written checkpoint file O1O2O3_powerlawm2min_prod_pqnorm_nlive50/result/bbh_mass_SmoothedPowerlawm2min_spin_iid_spin_redshift_powerlaw_resume.pickle
/home/storm.colloms/.conda/envs/O4apop-jax/lib/python3.10/site-packages/dynesty/plotting.py:786: UserWarning: Attempting to set identical low and high ylims makes transformation singular; automatically expanding.
  ax.set_ylim([0., max(y0) * 1.05])
/home/storm.colloms/.conda/envs/O4apop-jax/lib/python3.10/site-packages/dynesty/plotting.py:786: UserWarning: Attempting to set identical low and high ylims makes transformation singular; automatically expanding.
  ax.set_ylim([0., max(y0) * 1.05])
/home/storm.colloms/.conda/envs/O4apop-jax/lib/python3.10/site-packages/dynesty/sampler.py:756: UserWarning: The sampling was stopped short due to maxiter/maxcall limit the delta(log(z)) criterion is not achieved; posterior may be poorly sampled
  warnings.warn('The sampling was stopped short due to'
16:06 bilby INFO    : Written checkpoint file O1O2O3_powerlawm2min_prod_pqnorm_nlive50/result/bbh_mass_SmoothedPowerlawm2min_spin_iid_spin_redshift_powerlaw_resume.pickle
16:06 bilby WARNING : The data appears to lie in a lower-dimensional subspace of the space in which it is expressed. This has resulted in a singular data covariance matrix, which cannot be treated using the algorithms implemented in `gaussian_kde`. Consider performing principle component analysis / dimensionality reduction and using `gaussian_kde` with the transformed data.
16:06 bilby WARNING : Failed to create dynesty state plot at checkpoint
16:06 bilby WARNING : The data appears to lie in a lower-dimensional subspace of the space in which it is expressed. This has resulted in a singular data covariance matrix, which cannot be treated using the algorithms implemented in `gaussian_kde`. Consider performing principle component analysis / dimensionality reduction and using `gaussian_kde` with the transformed data.
16:06 bilby WARNING : Failed to create dynesty unit state plot at checkpoint
16:06 bilby WARNING : The data appears to lie in a lower-dimensional subspace of the space in which it is expressed. This has resulted in a singular data covariance matrix, which cannot be treated using the algorithms implemented in `gaussian_kde`. Consider performing principle component analysis / dimensionality reduction and using `gaussian_kde` with the transformed data.
16:06 bilby WARNING : Failed to create dynesty run plot at checkpoint
/home/storm.colloms/.conda/envs/O4apop-jax/lib/python3.10/site-packages/dynesty/sampler.py:756: UserWarning: The sampling was stopped short due to maxiter/maxcall limit the delta(log(z)) criterion is not achieved; posterior may be poorly sampled
  warnings.warn('The sampling was stopped short due to'
16:32 bilby INFO    : Written checkpoint file O1O2O3_powerlawm2min_prod_pqnorm_nlive50/result/bbh_mass_SmoothedPowerlawm2min_spin_iid_spin_redshift_powerlaw_resume.pickle
/home/storm.colloms/.conda/envs/O4apop-jax/lib/python3.10/site-packages/dynesty/plotting.py:786: UserWarning: Attempting to set identical low and high ylims makes transformation singular; automatically expanding.
  ax.set_ylim([0., max(y0) * 1.05])
/home/storm.colloms/.conda/envs/O4apop-jax/lib/python3.10/site-packages/dynesty/plotting.py:786: UserWarning: Attempting to set identical low and high ylims makes transformation singular; automatically expanding.
  ax.set_ylim([0., max(y0) * 1.05])
17:13 bilby WARNING : Unable to find a new point using walk: try increasing maxmcmc
/home/storm.colloms/.conda/envs/O4apop-jax/lib/python3.10/site-packages/dynesty/sampler.py:756: UserWarning: The sampling was stopped short due to maxiter/maxcall limit the delta(log(z)) criterion is not achieved; posterior may be poorly sampled
  warnings.warn('The sampling was stopped short due to'
17:13 bilby INFO    : Written checkpoint file O1O2O3_powerlawm2min_prod_pqnorm_nlive50/result/bbh_mass_SmoothedPowerlawm2min_spin_iid_spin_redshift_powerlaw_resume.pickle
/home/storm.colloms/.conda/envs/O4apop-jax/lib/python3.10/site-packages/dynesty/plotting.py:786: UserWarning: Attempting to set identical low and high ylims makes transformation singular; automatically expanding.
  ax.set_ylim([0., max(y0) * 1.05])
/home/storm.colloms/.conda/envs/O4apop-jax/lib/python3.10/site-packages/dynesty/plotting.py:786: UserWarning: Attempting to set identical low and high ylims makes transformation singular; automatically expanding.
  ax.set_ylim([0., max(y0) * 1.05])
/home/storm.colloms/.conda/envs/O4apop-jax/lib/python3.10/site-packages/dynesty/sampler.py:756: UserWarning: The sampling was stopped short due to maxiter/maxcall limit the delta(log(z)) criterion is not achieved; posterior may be poorly sampled
  warnings.warn('The sampling was stopped short due to'
17:49 bilby INFO    : Written checkpoint file O1O2O3_powerlawm2min_prod_pqnorm_nlive50/result/bbh_mass_SmoothedPowerlawm2min_spin_iid_spin_redshift_powerlaw_resume.pickle
17:49 bilby WARNING : The data appears to lie in a lower-dimensional subspace of the space in which it is expressed. This has resulted in a singular data covariance matrix, which cannot be treated using the algorithms implemented in `gaussian_kde`. Consider performing principle component analysis / dimensionality reduction and using `gaussian_kde` with the transformed data.
17:49 bilby WARNING : Failed to create dynesty state plot at checkpoint
17:49 bilby WARNING : The data appears to lie in a lower-dimensional subspace of the space in which it is expressed. This has resulted in a singular data covariance matrix, which cannot be treated using the algorithms implemented in `gaussian_kde`. Consider performing principle component analysis / dimensionality reduction and using `gaussian_kde` with the transformed data.
17:49 bilby WARNING : Failed to create dynesty unit state plot at checkpoint
17:49 bilby WARNING : The data appears to lie in a lower-dimensional subspace of the space in which it is expressed. This has resulted in a singular data covariance matrix, which cannot be treated using the algorithms implemented in `gaussian_kde`. Consider performing principle component analysis / dimensionality reduction and using `gaussian_kde` with the transformed data.
17:49 bilby WARNING : Failed to create dynesty run plot at checkpoint
/home/storm.colloms/.conda/envs/O4apop-jax/lib/python3.10/site-packages/dynesty/sampler.py:756: UserWarning: The sampling was stopped short due to maxiter/maxcall limit the delta(log(z)) criterion is not achieved; posterior may be poorly sampled
  warnings.warn('The sampling was stopped short due to'
18:16 bilby WARNING : Unable to find a new point using walk: try increasing maxmcmc
18:47 bilby INFO    : Written checkpoint file O1O2O3_powerlawm2min_prod_pqnorm_nlive50/result/bbh_mass_SmoothedPowerlawm2min_spin_iid_spin_redshift_powerlaw_resume.pickle
/home/storm.colloms/.conda/envs/O4apop-jax/lib/python3.10/site-packages/dynesty/plotting.py:786: UserWarning: Attempting to set identical low and high ylims makes transformation singular; automatically expanding.
  ax.set_ylim([0., max(y0) * 1.05])
/home/storm.colloms/.conda/envs/O4apop-jax/lib/python3.10/site-packages/dynesty/plotting.py:786: UserWarning: Attempting to set identical low and high ylims makes transformation singular; automatically expanding.
  ax.set_ylim([0., max(y0) * 1.05])
/home/storm.colloms/.conda/envs/O4apop-jax/lib/python3.10/site-packages/dynesty/sampler.py:756: UserWarning: The sampling was stopped short due to maxiter/maxcall limit the delta(log(z)) criterion is not achieved; posterior may be poorly sampled
  warnings.warn('The sampling was stopped short due to'
19:15 bilby INFO    : Written checkpoint file O1O2O3_powerlawm2min_prod_pqnorm_nlive50/result/bbh_mass_SmoothedPowerlawm2min_spin_iid_spin_redshift_powerlaw_resume.pickle
19:15 bilby WARNING : The data appears to lie in a lower-dimensional subspace of the space in which it is expressed. This has resulted in a singular data covariance matrix, which cannot be treated using the algorithms implemented in `gaussian_kde`. Consider performing principle component analysis / dimensionality reduction and using `gaussian_kde` with the transformed data.
19:15 bilby WARNING : Failed to create dynesty state plot at checkpoint
19:15 bilby WARNING : The data appears to lie in a lower-dimensional subspace of the space in which it is expressed. This has resulted in a singular data covariance matrix, which cannot be treated using the algorithms implemented in `gaussian_kde`. Consider performing principle component analysis / dimensionality reduction and using `gaussian_kde` with the transformed data.
19:15 bilby WARNING : Failed to create dynesty unit state plot at checkpoint
19:15 bilby WARNING : The data appears to lie in a lower-dimensional subspace of the space in which it is expressed. This has resulted in a singular data covariance matrix, which cannot be treated using the algorithms implemented in `gaussian_kde`. Consider performing principle component analysis / dimensionality reduction and using `gaussian_kde` with the transformed data.
19:15 bilby WARNING : Failed to create dynesty run plot at checkpoint
/home/storm.colloms/.conda/envs/O4apop-jax/lib/python3.10/site-packages/dynesty/sampler.py:756: UserWarning: The sampling was stopped short due to maxiter/maxcall limit the delta(log(z)) criterion is not achieved; posterior may be poorly sampled
  warnings.warn('The sampling was stopped short due to'
19:54 bilby INFO    : Written checkpoint file O1O2O3_powerlawm2min_prod_pqnorm_nlive50/result/bbh_mass_SmoothedPowerlawm2min_spin_iid_spin_redshift_powerlaw_resume.pickle
19:54 bilby WARNING : The data appears to lie in a lower-dimensional subspace of the space in which it is expressed. This has resulted in a singular data covariance matrix, which cannot be treated using the algorithms implemented in `gaussian_kde`. Consider performing principle component analysis / dimensionality reduction and using `gaussian_kde` with the transformed data.
19:54 bilby WARNING : Failed to create dynesty state plot at checkpoint
19:54 bilby WARNING : The data appears to lie in a lower-dimensional subspace of the space in which it is expressed. This has resulted in a singular data covariance matrix, which cannot be treated using the algorithms implemented in `gaussian_kde`. Consider performing principle component analysis / dimensionality reduction and using `gaussian_kde` with the transformed data.
19:54 bilby WARNING : Failed to create dynesty unit state plot at checkpoint
19:54 bilby WARNING : The data appears to lie in a lower-dimensional subspace of the space in which it is expressed. This has resulted in a singular data covariance matrix, which cannot be treated using the algorithms implemented in `gaussian_kde`. Consider performing principle component analysis / dimensionality reduction and using `gaussian_kde` with the transformed data.
19:54 bilby WARNING : Failed to create dynesty run plot at checkpoint
/home/storm.colloms/.conda/envs/O4apop-jax/lib/python3.10/site-packages/dynesty/sampler.py:756: UserWarning: The sampling was stopped short due to maxiter/maxcall limit the delta(log(z)) criterion is not achieved; posterior may be poorly sampled
  warnings.warn('The sampling was stopped short due to'
20:20 bilby INFO    : Written checkpoint file O1O2O3_powerlawm2min_prod_pqnorm_nlive50/result/bbh_mass_SmoothedPowerlawm2min_spin_iid_spin_redshift_powerlaw_resume.pickle
/home/storm.colloms/.conda/envs/O4apop-jax/lib/python3.10/site-packages/dynesty/plotting.py:786: UserWarning: Attempting to set identical low and high ylims makes transformation singular; automatically expanding.
  ax.set_ylim([0., max(y0) * 1.05])
/home/storm.colloms/.conda/envs/O4apop-jax/lib/python3.10/site-packages/dynesty/plotting.py:786: UserWarning: Attempting to set identical low and high ylims makes transformation singular; automatically expanding.
  ax.set_ylim([0., max(y0) * 1.05])
/home/storm.colloms/.conda/envs/O4apop-jax/lib/python3.10/site-packages/dynesty/sampler.py:756: UserWarning: The sampling was stopped short due to maxiter/maxcall limit the delta(log(z)) criterion is not achieved; posterior may be poorly sampled
  warnings.warn('The sampling was stopped short due to'
21:04 bilby INFO    : Written checkpoint file O1O2O3_powerlawm2min_prod_pqnorm_nlive50/result/bbh_mass_SmoothedPowerlawm2min_spin_iid_spin_redshift_powerlaw_resume.pickle
/home/storm.colloms/.conda/envs/O4apop-jax/lib/python3.10/site-packages/dynesty/plotting.py:786: UserWarning: Attempting to set identical low and high ylims makes transformation singular; automatically expanding.
  ax.set_ylim([0., max(y0) * 1.05])
/home/storm.colloms/.conda/envs/O4apop-jax/lib/python3.10/site-packages/dynesty/plotting.py:786: UserWarning: Attempting to set identical low and high ylims makes transformation singular; automatically expanding.
  ax.set_ylim([0., max(y0) * 1.05])
/home/storm.colloms/.conda/envs/O4apop-jax/lib/python3.10/site-packages/dynesty/sampler.py:756: UserWarning: The sampling was stopped short due to maxiter/maxcall limit the delta(log(z)) criterion is not achieved; posterior may be poorly sampled
  warnings.warn('The sampling was stopped short due to'
21:39 bilby INFO    : Written checkpoint file O1O2O3_powerlawm2min_prod_pqnorm_nlive50/result/bbh_mass_SmoothedPowerlawm2min_spin_iid_spin_redshift_powerlaw_resume.pickle
21:39 bilby WARNING : The data appears to lie in a lower-dimensional subspace of the space in which it is expressed. This has resulted in a singular data covariance matrix, which cannot be treated using the algorithms implemented in `gaussian_kde`. Consider performing principle component analysis / dimensionality reduction and using `gaussian_kde` with the transformed data.
21:39 bilby WARNING : Failed to create dynesty state plot at checkpoint
21:39 bilby WARNING : The data appears to lie in a lower-dimensional subspace of the space in which it is expressed. This has resulted in a singular data covariance matrix, which cannot be treated using the algorithms implemented in `gaussian_kde`. Consider performing principle component analysis / dimensionality reduction and using `gaussian_kde` with the transformed data.
21:39 bilby WARNING : Failed to create dynesty unit state plot at checkpoint
21:39 bilby WARNING : The data appears to lie in a lower-dimensional subspace of the space in which it is expressed. This has resulted in a singular data covariance matrix, which cannot be treated using the algorithms implemented in `gaussian_kde`. Consider performing principle component analysis / dimensionality reduction and using `gaussian_kde` with the transformed data.
21:39 bilby WARNING : Failed to create dynesty run plot at checkpoint
/home/storm.colloms/.conda/envs/O4apop-jax/lib/python3.10/site-packages/dynesty/sampler.py:756: UserWarning: The sampling was stopped short due to maxiter/maxcall limit the delta(log(z)) criterion is not achieved; posterior may be poorly sampled
  warnings.warn('The sampling was stopped short due to'
22:12 bilby WARNING : Unable to find a new point using walk: try increasing maxmcmc
22:12 bilby INFO    : Written checkpoint file O1O2O3_powerlawm2min_prod_pqnorm_nlive50/result/bbh_mass_SmoothedPowerlawm2min_spin_iid_spin_redshift_powerlaw_resume.pickle
/home/storm.colloms/.conda/envs/O4apop-jax/lib/python3.10/site-packages/dynesty/plotting.py:786: UserWarning: Attempting to set identical low and high ylims makes transformation singular; automatically expanding.
  ax.set_ylim([0., max(y0) * 1.05])
/home/storm.colloms/.conda/envs/O4apop-jax/lib/python3.10/site-packages/dynesty/plotting.py:786: UserWarning: Attempting to set identical low and high ylims makes transformation singular; automatically expanding.
  ax.set_ylim([0., max(y0) * 1.05])
/home/storm.colloms/.conda/envs/O4apop-jax/lib/python3.10/site-packages/dynesty/sampler.py:756: UserWarning: The sampling was stopped short due to maxiter/maxcall limit the delta(log(z)) criterion is not achieved; posterior may be poorly sampled
  warnings.warn('The sampling was stopped short due to'
22:44 bilby INFO    : Written checkpoint file O1O2O3_powerlawm2min_prod_pqnorm_nlive50/result/bbh_mass_SmoothedPowerlawm2min_spin_iid_spin_redshift_powerlaw_resume.pickle
/home/storm.colloms/.conda/envs/O4apop-jax/lib/python3.10/site-packages/dynesty/plotting.py:786: UserWarning: Attempting to set identical low and high ylims makes transformation singular; automatically expanding.
  ax.set_ylim([0., max(y0) * 1.05])
/home/storm.colloms/.conda/envs/O4apop-jax/lib/python3.10/site-packages/dynesty/plotting.py:786: UserWarning: Attempting to set identical low and high ylims makes transformation singular; automatically expanding.
  ax.set_ylim([0., max(y0) * 1.05])
/home/storm.colloms/.conda/envs/O4apop-jax/lib/python3.10/site-packages/dynesty/sampler.py:756: UserWarning: The sampling was stopped short due to maxiter/maxcall limit the delta(log(z)) criterion is not achieved; posterior may be poorly sampled
  warnings.warn('The sampling was stopped short due to'
23:18 bilby INFO    : Written checkpoint file O1O2O3_powerlawm2min_prod_pqnorm_nlive50/result/bbh_mass_SmoothedPowerlawm2min_spin_iid_spin_redshift_powerlaw_resume.pickle
23:18 bilby WARNING : The data appears to lie in a lower-dimensional subspace of the space in which it is expressed. This has resulted in a singular data covariance matrix, which cannot be treated using the algorithms implemented in `gaussian_kde`. Consider performing principle component analysis / dimensionality reduction and using `gaussian_kde` with the transformed data.
23:18 bilby WARNING : Failed to create dynesty state plot at checkpoint
23:18 bilby WARNING : The data appears to lie in a lower-dimensional subspace of the space in which it is expressed. This has resulted in a singular data covariance matrix, which cannot be treated using the algorithms implemented in `gaussian_kde`. Consider performing principle component analysis / dimensionality reduction and using `gaussian_kde` with the transformed data.
23:18 bilby WARNING : Failed to create dynesty unit state plot at checkpoint
23:18 bilby WARNING : The data appears to lie in a lower-dimensional subspace of the space in which it is expressed. This has resulted in a singular data covariance matrix, which cannot be treated using the algorithms implemented in `gaussian_kde`. Consider performing principle component analysis / dimensionality reduction and using `gaussian_kde` with the transformed data.
23:18 bilby WARNING : Failed to create dynesty run plot at checkpoint
/home/storm.colloms/.conda/envs/O4apop-jax/lib/python3.10/site-packages/dynesty/sampler.py:756: UserWarning: The sampling was stopped short due to maxiter/maxcall limit the delta(log(z)) criterion is not achieved; posterior may be poorly sampled
  warnings.warn('The sampling was stopped short due to'
23:39 bilby WARNING : Unable to find a new point using walk: try increasing maxmcmc
23:39 bilby INFO    : Written checkpoint file O1O2O3_powerlawm2min_prod_pqnorm_nlive50/result/bbh_mass_SmoothedPowerlawm2min_spin_iid_spin_redshift_powerlaw_resume.pickle
/home/storm.colloms/.conda/envs/O4apop-jax/lib/python3.10/site-packages/dynesty/plotting.py:786: UserWarning: Attempting to set identical low and high ylims makes transformation singular; automatically expanding.
  ax.set_ylim([0., max(y0) * 1.05])
/home/storm.colloms/.conda/envs/O4apop-jax/lib/python3.10/site-packages/dynesty/plotting.py:786: UserWarning: Attempting to set identical low and high ylims makes transformation singular; automatically expanding.
  ax.set_ylim([0., max(y0) * 1.05])
/home/storm.colloms/.conda/envs/O4apop-jax/lib/python3.10/site-packages/dynesty/sampler.py:756: UserWarning: The sampling was stopped short due to maxiter/maxcall limit the delta(log(z)) criterion is not achieved; posterior may be poorly sampled
  warnings.warn('The sampling was stopped short due to'
00:01 bilby INFO    : Written checkpoint file O1O2O3_powerlawm2min_prod_pqnorm_nlive50/result/bbh_mass_SmoothedPowerlawm2min_spin_iid_spin_redshift_powerlaw_resume.pickle
/home/storm.colloms/.conda/envs/O4apop-jax/lib/python3.10/site-packages/dynesty/plotting.py:786: UserWarning: Attempting to set identical low and high ylims makes transformation singular; automatically expanding.
  ax.set_ylim([0., max(y0) * 1.05])
/home/storm.colloms/.conda/envs/O4apop-jax/lib/python3.10/site-packages/dynesty/plotting.py:786: UserWarning: Attempting to set identical low and high ylims makes transformation singular; automatically expanding.
  ax.set_ylim([0., max(y0) * 1.05])
/home/storm.colloms/.conda/envs/O4apop-jax/lib/python3.10/site-packages/dynesty/sampler.py:756: UserWarning: The sampling was stopped short due to maxiter/maxcall limit the delta(log(z)) criterion is not achieved; posterior may be poorly sampled
  warnings.warn('The sampling was stopped short due to'
00:32 bilby INFO    : Written checkpoint file O1O2O3_powerlawm2min_prod_pqnorm_nlive50/result/bbh_mass_SmoothedPowerlawm2min_spin_iid_spin_redshift_powerlaw_resume.pickle
00:32 bilby WARNING : The data appears to lie in a lower-dimensional subspace of the space in which it is expressed. This has resulted in a singular data covariance matrix, which cannot be treated using the algorithms implemented in `gaussian_kde`. Consider performing principle component analysis / dimensionality reduction and using `gaussian_kde` with the transformed data.
00:32 bilby WARNING : Failed to create dynesty state plot at checkpoint
00:32 bilby WARNING : The data appears to lie in a lower-dimensional subspace of the space in which it is expressed. This has resulted in a singular data covariance matrix, which cannot be treated using the algorithms implemented in `gaussian_kde`. Consider performing principle component analysis / dimensionality reduction and using `gaussian_kde` with the transformed data.
00:32 bilby WARNING : Failed to create dynesty unit state plot at checkpoint
00:32 bilby WARNING : The data appears to lie in a lower-dimensional subspace of the space in which it is expressed. This has resulted in a singular data covariance matrix, which cannot be treated using the algorithms implemented in `gaussian_kde`. Consider performing principle component analysis / dimensionality reduction and using `gaussian_kde` with the transformed data.
00:32 bilby WARNING : Failed to create dynesty run plot at checkpoint
/home/storm.colloms/.conda/envs/O4apop-jax/lib/python3.10/site-packages/dynesty/sampler.py:756: UserWarning: The sampling was stopped short due to maxiter/maxcall limit the delta(log(z)) criterion is not achieved; posterior may be poorly sampled
  warnings.warn('The sampling was stopped short due to'
01:02 bilby INFO    : Written checkpoint file O1O2O3_powerlawm2min_prod_pqnorm_nlive50/result/bbh_mass_SmoothedPowerlawm2min_spin_iid_spin_redshift_powerlaw_resume.pickle
/home/storm.colloms/.conda/envs/O4apop-jax/lib/python3.10/site-packages/dynesty/plotting.py:786: UserWarning: Attempting to set identical low and high ylims makes transformation singular; automatically expanding.
  ax.set_ylim([0., max(y0) * 1.05])
/home/storm.colloms/.conda/envs/O4apop-jax/lib/python3.10/site-packages/dynesty/plotting.py:786: UserWarning: Attempting to set identical low and high ylims makes transformation singular; automatically expanding.
  ax.set_ylim([0., max(y0) * 1.05])
/home/storm.colloms/.conda/envs/O4apop-jax/lib/python3.10/site-packages/dynesty/sampler.py:756: UserWarning: The sampling was stopped short due to maxiter/maxcall limit the delta(log(z)) criterion is not achieved; posterior may be poorly sampled
  warnings.warn('The sampling was stopped short due to'
01:35 bilby INFO    : Written checkpoint file O1O2O3_powerlawm2min_prod_pqnorm_nlive50/result/bbh_mass_SmoothedPowerlawm2min_spin_iid_spin_redshift_powerlaw_resume.pickle
01:35 bilby WARNING : The data appears to lie in a lower-dimensional subspace of the space in which it is expressed. This has resulted in a singular data covariance matrix, which cannot be treated using the algorithms implemented in `gaussian_kde`. Consider performing principle component analysis / dimensionality reduction and using `gaussian_kde` with the transformed data.
01:35 bilby WARNING : Failed to create dynesty state plot at checkpoint
01:35 bilby WARNING : The data appears to lie in a lower-dimensional subspace of the space in which it is expressed. This has resulted in a singular data covariance matrix, which cannot be treated using the algorithms implemented in `gaussian_kde`. Consider performing principle component analysis / dimensionality reduction and using `gaussian_kde` with the transformed data.
01:35 bilby WARNING : Failed to create dynesty unit state plot at checkpoint
01:35 bilby WARNING : The data appears to lie in a lower-dimensional subspace of the space in which it is expressed. This has resulted in a singular data covariance matrix, which cannot be treated using the algorithms implemented in `gaussian_kde`. Consider performing principle component analysis / dimensionality reduction and using `gaussian_kde` with the transformed data.
01:35 bilby WARNING : Failed to create dynesty run plot at checkpoint
/home/storm.colloms/.conda/envs/O4apop-jax/lib/python3.10/site-packages/dynesty/sampler.py:756: UserWarning: The sampling was stopped short due to maxiter/maxcall limit the delta(log(z)) criterion is not achieved; posterior may be poorly sampled
  warnings.warn('The sampling was stopped short due to'
02:16 bilby WARNING : Unable to find a new point using walk: try increasing maxmcmc
02:16 bilby INFO    : Written checkpoint file O1O2O3_powerlawm2min_prod_pqnorm_nlive50/result/bbh_mass_SmoothedPowerlawm2min_spin_iid_spin_redshift_powerlaw_resume.pickle
/home/storm.colloms/.conda/envs/O4apop-jax/lib/python3.10/site-packages/dynesty/plotting.py:786: UserWarning: Attempting to set identical low and high ylims makes transformation singular; automatically expanding.
  ax.set_ylim([0., max(y0) * 1.05])
/home/storm.colloms/.conda/envs/O4apop-jax/lib/python3.10/site-packages/dynesty/plotting.py:786: UserWarning: Attempting to set identical low and high ylims makes transformation singular; automatically expanding.
  ax.set_ylim([0., max(y0) * 1.05])
