/home/storm.colloms/.conda/envs/O4apop/lib/python3.10/site-packages/pandas/core/computation/expressions.py:21: UserWarning: Pandas requires version '2.8.4' or newer of 'numexpr' (version '2.7.3' currently installed).
  from pandas.core.computation.check import NUMEXPR_INSTALLED
12:27 bilby INFO    : Loaded 158 posteriors
12:27 bilby INFO    : Using parabola_m2min_allgammazeta from variable_qmin.
12:27 bilby INFO    : Using PowerLawRedshift from gwpopulation.models.redshift.
12:27 bilby INFO    : Created gwpopulation.models.redshift.PowerLawRedshift with arguments {'z_max': 1.9}
12:27 bilby INFO    : Using parabola_m2min_allgammazeta from variable_qmin.
12:27 bilby INFO    : Using PowerLawRedshift from gwpopulation.models.redshift.
12:27 bilby INFO    : Created gwpopulation.models.redshift.PowerLawRedshift with arguments {'z_max': 1.9}
12:27 bilby INFO    : Loading VT data from O4a_parabolam2min_prod_condgammazeta/data/injections.pkl.
12:27 bilby INFO    : Identified keys: zeta, gamma, beta, gaussian_mass_maximum, mmin, lam, alpha, mpp, sigpp, mmax, lamb
12:28 bilby INFO    : Running for label 'bbh_mass_parabola_m2min_allgammazeta_redshift_powerlaw', output will be saved to 'O4a_parabolam2min_prod_condgammazeta/result'
12:28 bilby WARNING : Parameter amax_2 has no default prior and is set to 1, this will not be sampled and may cause an error.
12:28 bilby WARNING : Parameter amax_1 has no default prior and is set to 1, this will not be sampled and may cause an error.
12:28 bilby WARNING : Parameter amax has no default prior and is set to 1, this will not be sampled and may cause an error.
/home/storm.colloms/.conda/envs/O4apop/lib/python3.10/site-packages/_distutils_hack/__init__.py:26: UserWarning: Setuptools is replacing distutils.
  warnings.warn("Setuptools is replacing distutils.")
12:28 bilby INFO    : Analysis priors:
12:28 bilby INFO    : alpha=Uniform(minimum=-4, maximum=12, name='alpha', latex_label='$\\alpha$', unit=None, boundary=None)
12:28 bilby INFO    : beta=Uniform(minimum=-2, maximum=7, name='beta', latex_label='$\\beta_{q}$', unit=None, boundary=None)
12:28 bilby INFO    : gamma=Uniform(minimum=-1, maximum=1, name='gamma', latex_label='$\\gamma_{q}$', unit=None, boundary=None)
12:28 bilby INFO    : mmax=Uniform(minimum=62, maximum=100, name='mmax', latex_label='$m_{\\max}$', unit=None, boundary=None)
12:28 bilby INFO    : mmin=Uniform(minimum=2, maximum=6, name='mmin', latex_label='$m_{\\min}$', unit=None, boundary=None)
12:28 bilby INFO    : zeta=ConditionalUniform(condition_func='variable_qmin.zeta_CondPrior', name=None, latex_label=None, unit=None, boundary=None, minimum=0, maximum=0.017094017094)
12:28 bilby INFO    : lam=Uniform(minimum=0, maximum=1, name='lambda', latex_label='$\\lambda_{m}$', unit=None, boundary=None)
12:28 bilby INFO    : mpp=Uniform(minimum=20, maximum=50, name='mpp', latex_label='$\\mu_{m}$', unit=None, boundary=None)
12:28 bilby INFO    : sigpp=Uniform(minimum=1, maximum=10, name='sigpp', latex_label='$\\sigma_{m}$', unit=None, boundary=None)
12:28 bilby INFO    : lamb=Uniform(minimum=-2, maximum=8, name='lamb', latex_label='$\\lambda_z$', unit=None, boundary=None)
12:28 bilby INFO    : alpha_chi=Constraint(minimum=1, maximum=100000.0, name=None, latex_label=None, unit=None)
12:28 bilby INFO    : beta_chi=Constraint(minimum=1, maximum=100000.0, name=None, latex_label=None, unit=None)
12:28 bilby INFO    : gaussian_mass_maximum=100.0
12:28 bilby INFO    : Analysis likelihood class: <class 'gwpopulation.hyperpe.HyperparameterLikelihood'>
12:28 bilby INFO    : Analysis likelihood noise evidence: nan
12:28 bilby INFO    : Single likelihood evaluation took 4.540e-02 s
12:28 bilby INFO    : Using sampler Dynesty with kwargs {'nlive': 500, 'bound': 'live', 'sample': 'act-walk', 'periodic': None, 'reflective': None, 'update_interval': 600, 'first_update': None, 'npdim': None, 'rstate': None, 'queue_size': 1, 'pool': None, 'use_pool': None, 'live_points': None, 'logl_args': None, 'logl_kwargs': None, 'ptform_args': None, 'ptform_kwargs': None, 'gradient': None, 'grad_args': None, 'grad_kwargs': None, 'compute_jac': False, 'enlarge': None, 'bootstrap': None, 'walks': 5, 'facc': 0.2, 'slices': None, 'fmove': 0.9, 'max_move': 100, 'update_func': None, 'ncdim': None, 'blob': False, 'save_history': False, 'history_filename': None, 'maxiter': None, 'maxcall': None, 'dlogz': 0.1, 'logl_max': inf, 'n_effective': None, 'add_live': True, 'print_progress': True, 'print_func': <bound method Dynesty._print_func of <bilby.core.sampler.dynesty.Dynesty object at 0x14a315fbd240>>, 'save_bounds': False, 'checkpoint_file': None, 'checkpoint_every': 60, 'resume': False}
12:28 bilby INFO    : Checkpoint every check_point_delta_t = 600s
12:28 bilby INFO    : Using dynesty version 2.1.2
12:28 bilby INFO    : Using the bilby-implemented act-walk sampling tracking the autocorrelation function and thinning by 2 with maximum length 10000
12:28 bilby INFO    : Reading resume file O4a_parabolam2min_prod_condgammazeta/result/bbh_mass_parabola_m2min_allgammazeta_redshift_powerlaw_resume.pickle
12:28 bilby WARNING : The resume file O4a_parabolam2min_prod_condgammazeta/result/bbh_mass_parabola_m2min_allgammazeta_redshift_powerlaw_resume.pickle is corrupted or the version of bilby has changed between runs. This resume file will be ignored.
12:28 bilby INFO    : Generating initial points from the prior
12:38 bilby INFO    : Written checkpoint file O4a_parabolam2min_prod_condgammazeta/result/bbh_mass_parabola_m2min_allgammazeta_redshift_powerlaw_resume.pickle
12:48 bilby INFO    : Written checkpoint file O4a_parabolam2min_prod_condgammazeta/result/bbh_mass_parabola_m2min_allgammazeta_redshift_powerlaw_resume.pickle
12:59 bilby INFO    : Written checkpoint file O4a_parabolam2min_prod_condgammazeta/result/bbh_mass_parabola_m2min_allgammazeta_redshift_powerlaw_resume.pickle
13:10 bilby INFO    : Written checkpoint file O4a_parabolam2min_prod_condgammazeta/result/bbh_mass_parabola_m2min_allgammazeta_redshift_powerlaw_resume.pickle
13:20 bilby INFO    : Written checkpoint file O4a_parabolam2min_prod_condgammazeta/result/bbh_mass_parabola_m2min_allgammazeta_redshift_powerlaw_resume.pickle
/home/storm.colloms/.conda/envs/O4apop/lib/python3.10/site-packages/dynesty/plotting.py:786: UserWarning: Attempting to set identical low and high ylims makes transformation singular; automatically expanding.
  ax.set_ylim([0., max(y0) * 1.05])
/home/storm.colloms/.conda/envs/O4apop/lib/python3.10/site-packages/dynesty/plotting.py:786: UserWarning: Attempting to set identical low and high ylims makes transformation singular; automatically expanding.
  ax.set_ylim([0., max(y0) * 1.05])
13:31 bilby INFO    : Written checkpoint file O4a_parabolam2min_prod_condgammazeta/result/bbh_mass_parabola_m2min_allgammazeta_redshift_powerlaw_resume.pickle
/home/storm.colloms/.conda/envs/O4apop/lib/python3.10/site-packages/dynesty/plotting.py:786: UserWarning: Attempting to set identical low and high ylims makes transformation singular; automatically expanding.
  ax.set_ylim([0., max(y0) * 1.05])
/home/storm.colloms/.conda/envs/O4apop/lib/python3.10/site-packages/dynesty/plotting.py:786: UserWarning: Attempting to set identical low and high ylims makes transformation singular; automatically expanding.
  ax.set_ylim([0., max(y0) * 1.05])
13:42 bilby INFO    : Written checkpoint file O4a_parabolam2min_prod_condgammazeta/result/bbh_mass_parabola_m2min_allgammazeta_redshift_powerlaw_resume.pickle
13:42 bilby WARNING : singular matrix
13:42 bilby WARNING : Failed to create dynesty state plot at checkpoint
13:42 bilby WARNING : singular matrix
13:42 bilby WARNING : Failed to create dynesty unit state plot at checkpoint
13:42 bilby WARNING : singular matrix
13:42 bilby WARNING : Failed to create dynesty run plot at checkpoint
13:53 bilby INFO    : Written checkpoint file O4a_parabolam2min_prod_condgammazeta/result/bbh_mass_parabola_m2min_allgammazeta_redshift_powerlaw_resume.pickle
13:53 bilby WARNING : singular matrix
13:53 bilby WARNING : Failed to create dynesty state plot at checkpoint
13:53 bilby WARNING : singular matrix
13:53 bilby WARNING : Failed to create dynesty unit state plot at checkpoint
13:53 bilby WARNING : singular matrix
13:53 bilby WARNING : Failed to create dynesty run plot at checkpoint
14:05 bilby INFO    : Written checkpoint file O4a_parabolam2min_prod_condgammazeta/result/bbh_mass_parabola_m2min_allgammazeta_redshift_powerlaw_resume.pickle
14:16 bilby INFO    : Written checkpoint file O4a_parabolam2min_prod_condgammazeta/result/bbh_mass_parabola_m2min_allgammazeta_redshift_powerlaw_resume.pickle
14:28 bilby INFO    : Written checkpoint file O4a_parabolam2min_prod_condgammazeta/result/bbh_mass_parabola_m2min_allgammazeta_redshift_powerlaw_resume.pickle
14:40 bilby INFO    : Written checkpoint file O4a_parabolam2min_prod_condgammazeta/result/bbh_mass_parabola_m2min_allgammazeta_redshift_powerlaw_resume.pickle
14:53 bilby INFO    : Written checkpoint file O4a_parabolam2min_prod_condgammazeta/result/bbh_mass_parabola_m2min_allgammazeta_redshift_powerlaw_resume.pickle
15:05 bilby INFO    : Written checkpoint file O4a_parabolam2min_prod_condgammazeta/result/bbh_mass_parabola_m2min_allgammazeta_redshift_powerlaw_resume.pickle
15:16 bilby INFO    : Written checkpoint file O4a_parabolam2min_prod_condgammazeta/result/bbh_mass_parabola_m2min_allgammazeta_redshift_powerlaw_resume.pickle
15:28 bilby INFO    : Written checkpoint file O4a_parabolam2min_prod_condgammazeta/result/bbh_mass_parabola_m2min_allgammazeta_redshift_powerlaw_resume.pickle
15:40 bilby INFO    : Written checkpoint file O4a_parabolam2min_prod_condgammazeta/result/bbh_mass_parabola_m2min_allgammazeta_redshift_powerlaw_resume.pickle
15:52 bilby INFO    : Written checkpoint file O4a_parabolam2min_prod_condgammazeta/result/bbh_mass_parabola_m2min_allgammazeta_redshift_powerlaw_resume.pickle
16:04 bilby INFO    : Written checkpoint file O4a_parabolam2min_prod_condgammazeta/result/bbh_mass_parabola_m2min_allgammazeta_redshift_powerlaw_resume.pickle
16:16 bilby INFO    : Written checkpoint file O4a_parabolam2min_prod_condgammazeta/result/bbh_mass_parabola_m2min_allgammazeta_redshift_powerlaw_resume.pickle
16:28 bilby INFO    : Written checkpoint file O4a_parabolam2min_prod_condgammazeta/result/bbh_mass_parabola_m2min_allgammazeta_redshift_powerlaw_resume.pickle
16:41 bilby INFO    : Written checkpoint file O4a_parabolam2min_prod_condgammazeta/result/bbh_mass_parabola_m2min_allgammazeta_redshift_powerlaw_resume.pickle
16:51 bilby INFO    : Written checkpoint file O4a_parabolam2min_prod_condgammazeta/result/bbh_mass_parabola_m2min_allgammazeta_redshift_powerlaw_resume.pickle
17:02 bilby INFO    : Written checkpoint file O4a_parabolam2min_prod_condgammazeta/result/bbh_mass_parabola_m2min_allgammazeta_redshift_powerlaw_resume.pickle
17:14 bilby INFO    : Written checkpoint file O4a_parabolam2min_prod_condgammazeta/result/bbh_mass_parabola_m2min_allgammazeta_redshift_powerlaw_resume.pickle
17:26 bilby INFO    : Written checkpoint file O4a_parabolam2min_prod_condgammazeta/result/bbh_mass_parabola_m2min_allgammazeta_redshift_powerlaw_resume.pickle
17:38 bilby INFO    : Written checkpoint file O4a_parabolam2min_prod_condgammazeta/result/bbh_mass_parabola_m2min_allgammazeta_redshift_powerlaw_resume.pickle
17:49 bilby INFO    : Written checkpoint file O4a_parabolam2min_prod_condgammazeta/result/bbh_mass_parabola_m2min_allgammazeta_redshift_powerlaw_resume.pickle
18:01 bilby INFO    : Written checkpoint file O4a_parabolam2min_prod_condgammazeta/result/bbh_mass_parabola_m2min_allgammazeta_redshift_powerlaw_resume.pickle
18:11 bilby INFO    : Written checkpoint file O4a_parabolam2min_prod_condgammazeta/result/bbh_mass_parabola_m2min_allgammazeta_redshift_powerlaw_resume.pickle
18:21 bilby INFO    : Written checkpoint file O4a_parabolam2min_prod_condgammazeta/result/bbh_mass_parabola_m2min_allgammazeta_redshift_powerlaw_resume.pickle
18:31 bilby INFO    : Written checkpoint file O4a_parabolam2min_prod_condgammazeta/result/bbh_mass_parabola_m2min_allgammazeta_redshift_powerlaw_resume.pickle
18:43 bilby INFO    : Written checkpoint file O4a_parabolam2min_prod_condgammazeta/result/bbh_mass_parabola_m2min_allgammazeta_redshift_powerlaw_resume.pickle
18:54 bilby INFO    : Written checkpoint file O4a_parabolam2min_prod_condgammazeta/result/bbh_mass_parabola_m2min_allgammazeta_redshift_powerlaw_resume.pickle
19:06 bilby INFO    : Written checkpoint file O4a_parabolam2min_prod_condgammazeta/result/bbh_mass_parabola_m2min_allgammazeta_redshift_powerlaw_resume.pickle
19:16 bilby INFO    : Written checkpoint file O4a_parabolam2min_prod_condgammazeta/result/bbh_mass_parabola_m2min_allgammazeta_redshift_powerlaw_resume.pickle
19:27 bilby INFO    : Written checkpoint file O4a_parabolam2min_prod_condgammazeta/result/bbh_mass_parabola_m2min_allgammazeta_redshift_powerlaw_resume.pickle
19:39 bilby INFO    : Written checkpoint file O4a_parabolam2min_prod_condgammazeta/result/bbh_mass_parabola_m2min_allgammazeta_redshift_powerlaw_resume.pickle
19:50 bilby INFO    : Written checkpoint file O4a_parabolam2min_prod_condgammazeta/result/bbh_mass_parabola_m2min_allgammazeta_redshift_powerlaw_resume.pickle
20:01 bilby INFO    : Written checkpoint file O4a_parabolam2min_prod_condgammazeta/result/bbh_mass_parabola_m2min_allgammazeta_redshift_powerlaw_resume.pickle
20:15 bilby INFO    : Written checkpoint file O4a_parabolam2min_prod_condgammazeta/result/bbh_mass_parabola_m2min_allgammazeta_redshift_powerlaw_resume.pickle
20:26 bilby INFO    : Written checkpoint file O4a_parabolam2min_prod_condgammazeta/result/bbh_mass_parabola_m2min_allgammazeta_redshift_powerlaw_resume.pickle
20:37 bilby INFO    : Written checkpoint file O4a_parabolam2min_prod_condgammazeta/result/bbh_mass_parabola_m2min_allgammazeta_redshift_powerlaw_resume.pickle
20:49 bilby INFO    : Written checkpoint file O4a_parabolam2min_prod_condgammazeta/result/bbh_mass_parabola_m2min_allgammazeta_redshift_powerlaw_resume.pickle
20:59 bilby INFO    : Written checkpoint file O4a_parabolam2min_prod_condgammazeta/result/bbh_mass_parabola_m2min_allgammazeta_redshift_powerlaw_resume.pickle
21:09 bilby INFO    : Written checkpoint file O4a_parabolam2min_prod_condgammazeta/result/bbh_mass_parabola_m2min_allgammazeta_redshift_powerlaw_resume.pickle
21:20 bilby INFO    : Written checkpoint file O4a_parabolam2min_prod_condgammazeta/result/bbh_mass_parabola_m2min_allgammazeta_redshift_powerlaw_resume.pickle
21:31 bilby INFO    : Written checkpoint file O4a_parabolam2min_prod_condgammazeta/result/bbh_mass_parabola_m2min_allgammazeta_redshift_powerlaw_resume.pickle
21:42 bilby INFO    : Written checkpoint file O4a_parabolam2min_prod_condgammazeta/result/bbh_mass_parabola_m2min_allgammazeta_redshift_powerlaw_resume.pickle
21:55 bilby INFO    : Written checkpoint file O4a_parabolam2min_prod_condgammazeta/result/bbh_mass_parabola_m2min_allgammazeta_redshift_powerlaw_resume.pickle
22:06 bilby INFO    : Written checkpoint file O4a_parabolam2min_prod_condgammazeta/result/bbh_mass_parabola_m2min_allgammazeta_redshift_powerlaw_resume.pickle
22:17 bilby INFO    : Written checkpoint file O4a_parabolam2min_prod_condgammazeta/result/bbh_mass_parabola_m2min_allgammazeta_redshift_powerlaw_resume.pickle
22:28 bilby INFO    : Written checkpoint file O4a_parabolam2min_prod_condgammazeta/result/bbh_mass_parabola_m2min_allgammazeta_redshift_powerlaw_resume.pickle
22:40 bilby INFO    : Written checkpoint file O4a_parabolam2min_prod_condgammazeta/result/bbh_mass_parabola_m2min_allgammazeta_redshift_powerlaw_resume.pickle
22:51 bilby INFO    : Written checkpoint file O4a_parabolam2min_prod_condgammazeta/result/bbh_mass_parabola_m2min_allgammazeta_redshift_powerlaw_resume.pickle
23:04 bilby INFO    : Written checkpoint file O4a_parabolam2min_prod_condgammazeta/result/bbh_mass_parabola_m2min_allgammazeta_redshift_powerlaw_resume.pickle
23:15 bilby INFO    : Written checkpoint file O4a_parabolam2min_prod_condgammazeta/result/bbh_mass_parabola_m2min_allgammazeta_redshift_powerlaw_resume.pickle
23:26 bilby INFO    : Written checkpoint file O4a_parabolam2min_prod_condgammazeta/result/bbh_mass_parabola_m2min_allgammazeta_redshift_powerlaw_resume.pickle
23:37 bilby INFO    : Written checkpoint file O4a_parabolam2min_prod_condgammazeta/result/bbh_mass_parabola_m2min_allgammazeta_redshift_powerlaw_resume.pickle
23:48 bilby INFO    : Written checkpoint file O4a_parabolam2min_prod_condgammazeta/result/bbh_mass_parabola_m2min_allgammazeta_redshift_powerlaw_resume.pickle
23:59 bilby INFO    : Written checkpoint file O4a_parabolam2min_prod_condgammazeta/result/bbh_mass_parabola_m2min_allgammazeta_redshift_powerlaw_resume.pickle
00:10 bilby INFO    : Written checkpoint file O4a_parabolam2min_prod_condgammazeta/result/bbh_mass_parabola_m2min_allgammazeta_redshift_powerlaw_resume.pickle
00:21 bilby INFO    : Written checkpoint file O4a_parabolam2min_prod_condgammazeta/result/bbh_mass_parabola_m2min_allgammazeta_redshift_powerlaw_resume.pickle
00:33 bilby INFO    : Written checkpoint file O4a_parabolam2min_prod_condgammazeta/result/bbh_mass_parabola_m2min_allgammazeta_redshift_powerlaw_resume.pickle
00:46 bilby INFO    : Written checkpoint file O4a_parabolam2min_prod_condgammazeta/result/bbh_mass_parabola_m2min_allgammazeta_redshift_powerlaw_resume.pickle
01:07 bilby INFO    : Written checkpoint file O4a_parabolam2min_prod_condgammazeta/result/bbh_mass_parabola_m2min_allgammazeta_redshift_powerlaw_resume.pickle
01:18 bilby INFO    : Written checkpoint file O4a_parabolam2min_prod_condgammazeta/result/bbh_mass_parabola_m2min_allgammazeta_redshift_powerlaw_resume.pickle
01:29 bilby INFO    : Written checkpoint file O4a_parabolam2min_prod_condgammazeta/result/bbh_mass_parabola_m2min_allgammazeta_redshift_powerlaw_resume.pickle
01:39 bilby INFO    : Written checkpoint file O4a_parabolam2min_prod_condgammazeta/result/bbh_mass_parabola_m2min_allgammazeta_redshift_powerlaw_resume.pickle
01:50 bilby INFO    : Written checkpoint file O4a_parabolam2min_prod_condgammazeta/result/bbh_mass_parabola_m2min_allgammazeta_redshift_powerlaw_resume.pickle
02:00 bilby INFO    : Written checkpoint file O4a_parabolam2min_prod_condgammazeta/result/bbh_mass_parabola_m2min_allgammazeta_redshift_powerlaw_resume.pickle
02:13 bilby INFO    : Written checkpoint file O4a_parabolam2min_prod_condgammazeta/result/bbh_mass_parabola_m2min_allgammazeta_redshift_powerlaw_resume.pickle
02:25 bilby INFO    : Written checkpoint file O4a_parabolam2min_prod_condgammazeta/result/bbh_mass_parabola_m2min_allgammazeta_redshift_powerlaw_resume.pickle
02:37 bilby INFO    : Written checkpoint file O4a_parabolam2min_prod_condgammazeta/result/bbh_mass_parabola_m2min_allgammazeta_redshift_powerlaw_resume.pickle
02:56 bilby INFO    : Written checkpoint file O4a_parabolam2min_prod_condgammazeta/result/bbh_mass_parabola_m2min_allgammazeta_redshift_powerlaw_resume.pickle
03:08 bilby INFO    : Written checkpoint file O4a_parabolam2min_prod_condgammazeta/result/bbh_mass_parabola_m2min_allgammazeta_redshift_powerlaw_resume.pickle
03:20 bilby INFO    : Written checkpoint file O4a_parabolam2min_prod_condgammazeta/result/bbh_mass_parabola_m2min_allgammazeta_redshift_powerlaw_resume.pickle
03:32 bilby INFO    : Written checkpoint file O4a_parabolam2min_prod_condgammazeta/result/bbh_mass_parabola_m2min_allgammazeta_redshift_powerlaw_resume.pickle
03:44 bilby INFO    : Written checkpoint file O4a_parabolam2min_prod_condgammazeta/result/bbh_mass_parabola_m2min_allgammazeta_redshift_powerlaw_resume.pickle
03:57 bilby INFO    : Written checkpoint file O4a_parabolam2min_prod_condgammazeta/result/bbh_mass_parabola_m2min_allgammazeta_redshift_powerlaw_resume.pickle
04:09 bilby INFO    : Written checkpoint file O4a_parabolam2min_prod_condgammazeta/result/bbh_mass_parabola_m2min_allgammazeta_redshift_powerlaw_resume.pickle
04:26 bilby INFO    : Written checkpoint file O4a_parabolam2min_prod_condgammazeta/result/bbh_mass_parabola_m2min_allgammazeta_redshift_powerlaw_resume.pickle
04:36 bilby INFO    : Written checkpoint file O4a_parabolam2min_prod_condgammazeta/result/bbh_mass_parabola_m2min_allgammazeta_redshift_powerlaw_resume.pickle
04:51 bilby INFO    : Written checkpoint file O4a_parabolam2min_prod_condgammazeta/result/bbh_mass_parabola_m2min_allgammazeta_redshift_powerlaw_resume.pickle
05:03 bilby INFO    : Written checkpoint file O4a_parabolam2min_prod_condgammazeta/result/bbh_mass_parabola_m2min_allgammazeta_redshift_powerlaw_resume.pickle
05:14 bilby INFO    : Written checkpoint file O4a_parabolam2min_prod_condgammazeta/result/bbh_mass_parabola_m2min_allgammazeta_redshift_powerlaw_resume.pickle
05:25 bilby INFO    : Written checkpoint file O4a_parabolam2min_prod_condgammazeta/result/bbh_mass_parabola_m2min_allgammazeta_redshift_powerlaw_resume.pickle
05:38 bilby INFO    : Written checkpoint file O4a_parabolam2min_prod_condgammazeta/result/bbh_mass_parabola_m2min_allgammazeta_redshift_powerlaw_resume.pickle
05:50 bilby INFO    : Written checkpoint file O4a_parabolam2min_prod_condgammazeta/result/bbh_mass_parabola_m2min_allgammazeta_redshift_powerlaw_resume.pickle
06:04 bilby INFO    : Written checkpoint file O4a_parabolam2min_prod_condgammazeta/result/bbh_mass_parabola_m2min_allgammazeta_redshift_powerlaw_resume.pickle
06:16 bilby INFO    : Written checkpoint file O4a_parabolam2min_prod_condgammazeta/result/bbh_mass_parabola_m2min_allgammazeta_redshift_powerlaw_resume.pickle
06:30 bilby INFO    : Written checkpoint file O4a_parabolam2min_prod_condgammazeta/result/bbh_mass_parabola_m2min_allgammazeta_redshift_powerlaw_resume.pickle
06:42 bilby INFO    : Written checkpoint file O4a_parabolam2min_prod_condgammazeta/result/bbh_mass_parabola_m2min_allgammazeta_redshift_powerlaw_resume.pickle
06:54 bilby INFO    : Written checkpoint file O4a_parabolam2min_prod_condgammazeta/result/bbh_mass_parabola_m2min_allgammazeta_redshift_powerlaw_resume.pickle
07:28 bilby INFO    : Written checkpoint file O4a_parabolam2min_prod_condgammazeta/result/bbh_mass_parabola_m2min_allgammazeta_redshift_powerlaw_resume.pickle
07:39 bilby INFO    : Written checkpoint file O4a_parabolam2min_prod_condgammazeta/result/bbh_mass_parabola_m2min_allgammazeta_redshift_powerlaw_resume.pickle
07:52 bilby INFO    : Written checkpoint file O4a_parabolam2min_prod_condgammazeta/result/bbh_mass_parabola_m2min_allgammazeta_redshift_powerlaw_resume.pickle
08:03 bilby INFO    : Written checkpoint file O4a_parabolam2min_prod_condgammazeta/result/bbh_mass_parabola_m2min_allgammazeta_redshift_powerlaw_resume.pickle
08:14 bilby INFO    : Written checkpoint file O4a_parabolam2min_prod_condgammazeta/result/bbh_mass_parabola_m2min_allgammazeta_redshift_powerlaw_resume.pickle
08:18 bilby INFO    : Written checkpoint file O4a_parabolam2min_prod_condgammazeta/result/bbh_mass_parabola_m2min_allgammazeta_redshift_powerlaw_resume.pickle
08:18 bilby INFO    : Rejection sampling nested samples to obtain 2438 posterior samples
08:18 bilby INFO    : Sampling time: 19:42:13.399235
08:18 bilby INFO    : Summary of results:
nsamples: 2438
ln_noise_evidence:    nan
ln_evidence:    nan +/-  0.203
ln_bayes_factor: -612.602 +/-  0.203

08:18 bilby INFO    : Computing rate posterior
08:20 bilby INFO    : Computing n effectives
08:20 bilby INFO    : Likelihood has no method 'per_event_bayes_factors_and_n_effective' skipping n_effective calculation.
08:20 bilby INFO    : Generating extra statistics
08:22 bilby INFO    : Resampling single event posteriors
  0%|          | 0/2438 [00:00<?, ?it/s]  6%|▌         | 146/2438 [00:00<00:01, 1458.40it/s] 13%|█▎        | 311/2438 [00:00<00:01, 1565.91it/s] 20%|█▉        | 477/2438 [00:00<00:01, 1606.35it/s] 26%|██▋       | 641/2438 [00:00<00:01, 1616.43it/s] 33%|███▎      | 806/2438 [00:00<00:01, 1628.07it/s] 40%|███▉      | 972/2438 [00:00<00:00, 1635.74it/s] 47%|████▋     | 1138/2438 [00:00<00:00, 1642.02it/s] 53%|█████▎    | 1304/2438 [00:00<00:00, 1645.88it/s] 60%|██████    | 1470/2438 [00:00<00:00, 1649.65it/s] 67%|██████▋   | 1636/2438 [00:01<00:00, 1650.33it/s] 74%|███████▍  | 1802/2438 [00:01<00:00, 1652.45it/s] 81%|████████  | 1968/2438 [00:01<00:00, 1652.05it/s] 88%|████████▊ | 2135/2438 [00:01<00:00, 1654.83it/s] 94%|█████████▍| 2301/2438 [00:01<00:00, 1654.43it/s]100%|██████████| 2438/2438 [00:01<00:00, 1638.76it/s]
08:23 bilby INFO    : Resampling done, sum of weights for events are 0.3 0.8 2.5 0.6 4.7 0.0 0.3 0.5 0.3 0.2 0.0 1.7 0.3 0.8 0.1 0.2 0.0 0.2 1.5 0.5 0.4 0.3 0.0 0.0 0.1 0.5 0.0 0.0 0.7 0.0 0.0 7.5 2.9 0.7 4.5 7.4 0.4 5.3 0.3 0.5 0.3 0.1 0.9 1.3 0.2 0.8 0.3 9.2 12.1 2.3 0.4 0.0 5.7 6.9 8.7 0.0 0.7 6.6 0.1 8.2 1.8 5.5 1.8 5.1 0.2 0.1 0.5 0.3 0.4 10.0 0.4 0.3 0.7 0.1 0.5 0.0 0.6 0.3 2.8 0.3 1.3 0.2 0.6 4.2 0.5 0.0 2.0 0.2 0.1 0.3 0.9 12.1 0.4 0.0 7.0 0.2 0.5 0.1 0.0 0.0 0.1 1.8 0.3 3.5 5.4 80.0 0.4 0.0 0.3 0.4 0.0 0.0 0.0 0.0 0.0 0.2 0.1 5.6 0.6 0.0 0.8 0.5 0.1 0.0 0.8 1.4 0.3 0.0 0.4 0.0 0.8 0.0 0.1 1.4 3.9 0.0 0.0 0.0 3.9 1.3 1.6 0.0 6.2 0.7 0.1 3.1 1.2 0.1 0.1 0.3 0.2 0.3 0.1 7.5 0.1 1.5 0.1 0.7
