/home/storm.colloms/.conda/envs/O4apop/lib/python3.10/site-packages/pandas/core/computation/expressions.py:21: UserWarning: Pandas requires version '2.8.4' or newer of 'numexpr' (version '2.7.3' currently installed).
  from pandas.core.computation.check import NUMEXPR_INSTALLED
13:58 bilby INFO    : Loading posteriors...
13:58 bilby INFO    : Found 10 GWTC1 events in standard format.
13:58 bilby INFO    : Loaded C01:IMRPhenomXPHM from /home/storm.colloms/O4a_population/test_gwpopulationpipe/gwtc1_samples/IGWN-GWTC2p1-v2-GW150914_095045_PEDataRelease_mixed_nocosmo.h5.
13:58 bilby INFO    : Loaded C01:IMRPhenomXPHM from /home/storm.colloms/O4a_population/test_gwpopulationpipe/gwtc1_samples/IGWN-GWTC2p1-v2-GW151012_095443_PEDataRelease_mixed_nocosmo.h5.
13:58 bilby INFO    : Loaded C01:IMRPhenomXPHM from /home/storm.colloms/O4a_population/test_gwpopulationpipe/gwtc1_samples/IGWN-GWTC2p1-v2-GW151226_033853_PEDataRelease_mixed_nocosmo.h5.
13:58 bilby INFO    : Loaded C01:IMRPhenomXPHM from /home/storm.colloms/O4a_population/test_gwpopulationpipe/gwtc1_samples/IGWN-GWTC2p1-v2-GW170104_101158_PEDataRelease_mixed_nocosmo.h5.
13:58 bilby INFO    : Loaded C01:IMRPhenomXPHM from /home/storm.colloms/O4a_population/test_gwpopulationpipe/gwtc1_samples/IGWN-GWTC2p1-v2-GW170608_020116_PEDataRelease_mixed_nocosmo.h5.
13:58 bilby INFO    : Loaded C01:IMRPhenomXPHM from /home/storm.colloms/O4a_population/test_gwpopulationpipe/gwtc1_samples/IGWN-GWTC2p1-v2-GW170729_185629_PEDataRelease_mixed_nocosmo.h5.
13:59 bilby INFO    : Loaded C01:IMRPhenomXPHM from /home/storm.colloms/O4a_population/test_gwpopulationpipe/gwtc1_samples/IGWN-GWTC2p1-v2-GW170809_082821_PEDataRelease_mixed_nocosmo.h5.
13:59 bilby INFO    : Loaded C01:IMRPhenomXPHM from /home/storm.colloms/O4a_population/test_gwpopulationpipe/gwtc1_samples/IGWN-GWTC2p1-v2-GW170814_103043_PEDataRelease_mixed_nocosmo.h5.
13:59 bilby INFO    : Loaded C01:IMRPhenomXPHM from /home/storm.colloms/O4a_population/test_gwpopulationpipe/gwtc1_samples/IGWN-GWTC2p1-v2-GW170818_022509_PEDataRelease_mixed_nocosmo.h5.
13:59 bilby INFO    : Loaded C01:IMRPhenomXPHM from /home/storm.colloms/O4a_population/test_gwpopulationpipe/gwtc1_samples/IGWN-GWTC2p1-v2-GW170823_131358_PEDataRelease_mixed_nocosmo.h5.
13:59 bilby INFO    : Using uniform in the comoving source frame distance prior for all events.
13:59 bilby INFO    : Assuming flat in detector frame mass prior for all events.
13:59 bilby INFO    : Assuming uniform in component spin prior for all events.
13:59 bilby INFO    : Model is defined in terms of mass ratio, adjusting prior accordingly.
13:59 bilby INFO    : Found 43 O3a events in standard format.
13:59 bilby INFO    : Loaded C01:IMRPhenomXPHM from /home/storm.colloms/O4a_population/test_gwpopulationpipe/o3a_samples/IGWN-GWTC2p1-v2-GW190403_051519_PEDataRelease_mixed_nocosmo.h5.
13:59 bilby INFO    : Loaded C01:IMRPhenomXPHM from /home/storm.colloms/O4a_population/test_gwpopulationpipe/o3a_samples/IGWN-GWTC2p1-v2-GW190408_181802_PEDataRelease_mixed_nocosmo.h5.
13:59 bilby INFO    : Loaded C01:IMRPhenomXPHM from /home/storm.colloms/O4a_population/test_gwpopulationpipe/o3a_samples/IGWN-GWTC2p1-v2-GW190412_053044_PEDataRelease_mixed_nocosmo.h5.
13:59 bilby INFO    : Loaded C01:IMRPhenomXPHM from /home/storm.colloms/O4a_population/test_gwpopulationpipe/o3a_samples/IGWN-GWTC2p1-v2-GW190413_052954_PEDataRelease_mixed_nocosmo.h5.
13:59 bilby INFO    : Loaded C01:IMRPhenomXPHM from /home/storm.colloms/O4a_population/test_gwpopulationpipe/o3a_samples/IGWN-GWTC2p1-v2-GW190413_134308_PEDataRelease_mixed_nocosmo.h5.
13:59 bilby INFO    : Loaded C01:IMRPhenomXPHM from /home/storm.colloms/O4a_population/test_gwpopulationpipe/o3a_samples/IGWN-GWTC2p1-v2-GW190421_213856_PEDataRelease_mixed_nocosmo.h5.
13:59 bilby INFO    : Loaded C01:IMRPhenomXPHM from /home/storm.colloms/O4a_population/test_gwpopulationpipe/o3a_samples/IGWN-GWTC2p1-v2-GW190426_190642_PEDataRelease_mixed_nocosmo.h5.
13:59 bilby INFO    : Loaded C01:IMRPhenomXPHM from /home/storm.colloms/O4a_population/test_gwpopulationpipe/o3a_samples/IGWN-GWTC2p1-v2-GW190503_185404_PEDataRelease_mixed_nocosmo.h5.
13:59 bilby INFO    : Loaded C01:IMRPhenomXPHM from /home/storm.colloms/O4a_population/test_gwpopulationpipe/o3a_samples/IGWN-GWTC2p1-v2-GW190512_180714_PEDataRelease_mixed_nocosmo.h5.
13:59 bilby INFO    : Loaded C01:IMRPhenomXPHM from /home/storm.colloms/O4a_population/test_gwpopulationpipe/o3a_samples/IGWN-GWTC2p1-v2-GW190513_205428_PEDataRelease_mixed_nocosmo.h5.
13:59 bilby INFO    : Loaded C01:IMRPhenomXPHM from /home/storm.colloms/O4a_population/test_gwpopulationpipe/o3a_samples/IGWN-GWTC2p1-v2-GW190514_065416_PEDataRelease_mixed_nocosmo.h5.
13:59 bilby INFO    : Loaded C01:IMRPhenomXPHM from /home/storm.colloms/O4a_population/test_gwpopulationpipe/o3a_samples/IGWN-GWTC2p1-v2-GW190517_055101_PEDataRelease_mixed_nocosmo.h5.
13:59 bilby INFO    : Loaded C01:IMRPhenomXPHM from /home/storm.colloms/O4a_population/test_gwpopulationpipe/o3a_samples/IGWN-GWTC2p1-v2-GW190519_153544_PEDataRelease_mixed_nocosmo.h5.
13:59 bilby INFO    : Loaded C01:IMRPhenomXPHM from /home/storm.colloms/O4a_population/test_gwpopulationpipe/o3a_samples/IGWN-GWTC2p1-v2-GW190521_030229_PEDataRelease_mixed_nocosmo.h5.
13:59 bilby INFO    : Loaded C01:IMRPhenomXPHM from /home/storm.colloms/O4a_population/test_gwpopulationpipe/o3a_samples/IGWN-GWTC2p1-v2-GW190521_074359_PEDataRelease_mixed_nocosmo.h5.
13:59 bilby INFO    : Loaded C01:IMRPhenomXPHM from /home/storm.colloms/O4a_population/test_gwpopulationpipe/o3a_samples/IGWN-GWTC2p1-v2-GW190527_092055_PEDataRelease_mixed_nocosmo.h5.
13:59 bilby INFO    : Loaded C01:IMRPhenomXPHM from /home/storm.colloms/O4a_population/test_gwpopulationpipe/o3a_samples/IGWN-GWTC2p1-v2-GW190602_175927_PEDataRelease_mixed_nocosmo.h5.
13:59 bilby INFO    : Loaded C01:IMRPhenomXPHM from /home/storm.colloms/O4a_population/test_gwpopulationpipe/o3a_samples/IGWN-GWTC2p1-v2-GW190620_030421_PEDataRelease_mixed_nocosmo.h5.
13:59 bilby INFO    : Loaded C01:IMRPhenomXPHM from /home/storm.colloms/O4a_population/test_gwpopulationpipe/o3a_samples/IGWN-GWTC2p1-v2-GW190630_185205_PEDataRelease_mixed_nocosmo.h5.
13:59 bilby INFO    : Loaded C01:IMRPhenomXPHM from /home/storm.colloms/O4a_population/test_gwpopulationpipe/o3a_samples/IGWN-GWTC2p1-v2-GW190701_203306_PEDataRelease_mixed_nocosmo.h5.
13:59 bilby INFO    : Loaded C01:IMRPhenomXPHM from /home/storm.colloms/O4a_population/test_gwpopulationpipe/o3a_samples/IGWN-GWTC2p1-v2-GW190706_222641_PEDataRelease_mixed_nocosmo.h5.
13:59 bilby INFO    : Loaded C01:IMRPhenomXPHM from /home/storm.colloms/O4a_population/test_gwpopulationpipe/o3a_samples/IGWN-GWTC2p1-v2-GW190707_093326_PEDataRelease_mixed_nocosmo.h5.
13:59 bilby INFO    : Loaded C01:IMRPhenomXPHM from /home/storm.colloms/O4a_population/test_gwpopulationpipe/o3a_samples/IGWN-GWTC2p1-v2-GW190708_232457_PEDataRelease_mixed_nocosmo.h5.
13:59 bilby INFO    : Loaded C01:IMRPhenomXPHM from /home/storm.colloms/O4a_population/test_gwpopulationpipe/o3a_samples/IGWN-GWTC2p1-v2-GW190719_215514_PEDataRelease_mixed_nocosmo.h5.
13:59 bilby INFO    : Loaded C01:IMRPhenomXPHM from /home/storm.colloms/O4a_population/test_gwpopulationpipe/o3a_samples/IGWN-GWTC2p1-v2-GW190720_000836_PEDataRelease_mixed_nocosmo.h5.
13:59 bilby INFO    : Loaded C01:IMRPhenomXPHM from /home/storm.colloms/O4a_population/test_gwpopulationpipe/o3a_samples/IGWN-GWTC2p1-v2-GW190725_174728_PEDataRelease_mixed_nocosmo.h5.
13:59 bilby INFO    : Loaded C01:IMRPhenomXPHM from /home/storm.colloms/O4a_population/test_gwpopulationpipe/o3a_samples/IGWN-GWTC2p1-v2-GW190727_060333_PEDataRelease_mixed_nocosmo.h5.
13:59 bilby INFO    : Loaded C01:IMRPhenomXPHM from /home/storm.colloms/O4a_population/test_gwpopulationpipe/o3a_samples/IGWN-GWTC2p1-v2-GW190728_064510_PEDataRelease_mixed_nocosmo.h5.
13:59 bilby INFO    : Loaded C01:IMRPhenomXPHM from /home/storm.colloms/O4a_population/test_gwpopulationpipe/o3a_samples/IGWN-GWTC2p1-v2-GW190731_140936_PEDataRelease_mixed_nocosmo.h5.
13:59 bilby INFO    : Loaded C01:IMRPhenomXPHM from /home/storm.colloms/O4a_population/test_gwpopulationpipe/o3a_samples/IGWN-GWTC2p1-v2-GW190803_022701_PEDataRelease_mixed_nocosmo.h5.
13:59 bilby INFO    : Loaded C01:IMRPhenomXPHM from /home/storm.colloms/O4a_population/test_gwpopulationpipe/o3a_samples/IGWN-GWTC2p1-v2-GW190805_211137_PEDataRelease_mixed_nocosmo.h5.
13:59 bilby INFO    : Loaded C01:IMRPhenomXPHM from /home/storm.colloms/O4a_population/test_gwpopulationpipe/o3a_samples/IGWN-GWTC2p1-v2-GW190814_211039_PEDataRelease_mixed_nocosmo.h5.
13:59 bilby INFO    : Loaded C01:IMRPhenomXPHM from /home/storm.colloms/O4a_population/test_gwpopulationpipe/o3a_samples/IGWN-GWTC2p1-v2-GW190828_063405_PEDataRelease_mixed_nocosmo.h5.
13:59 bilby INFO    : Loaded C01:IMRPhenomXPHM from /home/storm.colloms/O4a_population/test_gwpopulationpipe/o3a_samples/IGWN-GWTC2p1-v2-GW190828_065509_PEDataRelease_mixed_nocosmo.h5.
13:59 bilby INFO    : Loaded C01:IMRPhenomXPHM from /home/storm.colloms/O4a_population/test_gwpopulationpipe/o3a_samples/IGWN-GWTC2p1-v2-GW190910_112807_PEDataRelease_mixed_nocosmo.h5.
13:59 bilby INFO    : Loaded C01:IMRPhenomXPHM from /home/storm.colloms/O4a_population/test_gwpopulationpipe/o3a_samples/IGWN-GWTC2p1-v2-GW190915_235702_PEDataRelease_mixed_nocosmo.h5.
13:59 bilby INFO    : Loaded C01:IMRPhenomXPHM from /home/storm.colloms/O4a_population/test_gwpopulationpipe/o3a_samples/IGWN-GWTC2p1-v2-GW190916_200658_PEDataRelease_mixed_nocosmo.h5.
13:59 bilby INFO    : Loaded C01:IMRPhenomXPHM from /home/storm.colloms/O4a_population/test_gwpopulationpipe/o3a_samples/IGWN-GWTC2p1-v2-GW190917_114630_PEDataRelease_mixed_nocosmo.h5.
13:59 bilby INFO    : Loaded C01:IMRPhenomXPHM from /home/storm.colloms/O4a_population/test_gwpopulationpipe/o3a_samples/IGWN-GWTC2p1-v2-GW190924_021846_PEDataRelease_mixed_nocosmo.h5.
13:59 bilby INFO    : Loaded C01:IMRPhenomXPHM from /home/storm.colloms/O4a_population/test_gwpopulationpipe/o3a_samples/IGWN-GWTC2p1-v2-GW190925_232845_PEDataRelease_mixed_nocosmo.h5.
13:59 bilby INFO    : Loaded C01:IMRPhenomXPHM from /home/storm.colloms/O4a_population/test_gwpopulationpipe/o3a_samples/IGWN-GWTC2p1-v2-GW190926_050336_PEDataRelease_mixed_nocosmo.h5.
13:59 bilby INFO    : Loaded C01:IMRPhenomXPHM from /home/storm.colloms/O4a_population/test_gwpopulationpipe/o3a_samples/IGWN-GWTC2p1-v2-GW190929_012149_PEDataRelease_mixed_nocosmo.h5.
13:59 bilby INFO    : Loaded C01:IMRPhenomXPHM from /home/storm.colloms/O4a_population/test_gwpopulationpipe/o3a_samples/IGWN-GWTC2p1-v2-GW190930_133541_PEDataRelease_mixed_nocosmo.h5.
13:59 bilby INFO    : Using uniform in the comoving source frame distance prior for all events.
13:59 bilby INFO    : Assuming flat in detector frame mass prior for all events.
13:59 bilby INFO    : Assuming uniform in component spin prior for all events.
13:59 bilby INFO    : Model is defined in terms of mass ratio, adjusting prior accordingly.
13:59 bilby INFO    : Found 35 O3b events in standard format.
13:59 bilby INFO    : Loaded C01:IMRPhenomXPHM from /home/storm.colloms/O4a_population/test_gwpopulationpipe/o3b_samples/IGWN-GWTC3p0-v1-GW191103_012549_PEDataRelease_mixed_nocosmo.h5.
13:59 bilby INFO    : Loaded C01:IMRPhenomXPHM from /home/storm.colloms/O4a_population/test_gwpopulationpipe/o3b_samples/IGWN-GWTC3p0-v1-GW191105_143521_PEDataRelease_mixed_nocosmo.h5.
13:59 bilby INFO    : Loaded C01:IMRPhenomXPHM from /home/storm.colloms/O4a_population/test_gwpopulationpipe/o3b_samples/IGWN-GWTC3p0-v1-GW191109_010717_PEDataRelease_mixed_nocosmo.h5.
13:59 bilby INFO    : Loaded C01:IMRPhenomXPHM from /home/storm.colloms/O4a_population/test_gwpopulationpipe/o3b_samples/IGWN-GWTC3p0-v1-GW191113_071753_PEDataRelease_mixed_nocosmo.h5.
13:59 bilby INFO    : Loaded C01:IMRPhenomXPHM from /home/storm.colloms/O4a_population/test_gwpopulationpipe/o3b_samples/IGWN-GWTC3p0-v1-GW191126_115259_PEDataRelease_mixed_nocosmo.h5.
13:59 bilby INFO    : Loaded C01:IMRPhenomXPHM from /home/storm.colloms/O4a_population/test_gwpopulationpipe/o3b_samples/IGWN-GWTC3p0-v1-GW191127_050227_PEDataRelease_mixed_nocosmo.h5.
13:59 bilby INFO    : Loaded C01:IMRPhenomXPHM from /home/storm.colloms/O4a_population/test_gwpopulationpipe/o3b_samples/IGWN-GWTC3p0-v1-GW191129_134029_PEDataRelease_mixed_nocosmo.h5.
13:59 bilby INFO    : Loaded C01:IMRPhenomXPHM from /home/storm.colloms/O4a_population/test_gwpopulationpipe/o3b_samples/IGWN-GWTC3p0-v1-GW191204_110529_PEDataRelease_mixed_nocosmo.h5.
13:59 bilby INFO    : Loaded C01:IMRPhenomXPHM from /home/storm.colloms/O4a_population/test_gwpopulationpipe/o3b_samples/IGWN-GWTC3p0-v1-GW191204_171526_PEDataRelease_mixed_nocosmo.h5.
13:59 bilby INFO    : Loaded C01:IMRPhenomXPHM from /home/storm.colloms/O4a_population/test_gwpopulationpipe/o3b_samples/IGWN-GWTC3p0-v1-GW191215_223052_PEDataRelease_mixed_nocosmo.h5.
13:59 bilby INFO    : Loaded C01:IMRPhenomXPHM from /home/storm.colloms/O4a_population/test_gwpopulationpipe/o3b_samples/IGWN-GWTC3p0-v1-GW191216_213338_PEDataRelease_mixed_nocosmo.h5.
13:59 bilby INFO    : Ignoring /home/storm.colloms/O4a_population/test_gwpopulationpipe/o3b_samples/IGWN-GWTC3p0-v1-GW191219_163120_PEDataRelease_mixed_nocosmo.h5.
13:59 bilby INFO    : Loaded C01:IMRPhenomXPHM from /home/storm.colloms/O4a_population/test_gwpopulationpipe/o3b_samples/IGWN-GWTC3p0-v1-GW191222_033537_PEDataRelease_mixed_nocosmo.h5.
13:59 bilby INFO    : Loaded C01:IMRPhenomXPHM from /home/storm.colloms/O4a_population/test_gwpopulationpipe/o3b_samples/IGWN-GWTC3p0-v1-GW191230_180458_PEDataRelease_mixed_nocosmo.h5.
13:59 bilby INFO    : Ignoring /home/storm.colloms/O4a_population/test_gwpopulationpipe/o3b_samples/IGWN-GWTC3p0-v1-GW200105_162426_PEDataRelease_mixed_nocosmo.h5.
13:59 bilby INFO    : Loaded C01:IMRPhenomXPHM from /home/storm.colloms/O4a_population/test_gwpopulationpipe/o3b_samples/IGWN-GWTC3p0-v1-GW200112_155838_PEDataRelease_mixed_nocosmo.h5.
13:59 bilby INFO    : Ignoring /home/storm.colloms/O4a_population/test_gwpopulationpipe/o3b_samples/IGWN-GWTC3p0-v1-GW200115_042309_PEDataRelease_mixed_nocosmo.h5.
13:59 bilby INFO    : Loaded C01:IMRPhenomXPHM from /home/storm.colloms/O4a_population/test_gwpopulationpipe/o3b_samples/IGWN-GWTC3p0-v1-GW200128_022011_PEDataRelease_mixed_nocosmo.h5.
13:59 bilby INFO    : Loaded C01:IMRPhenomXPHM from /home/storm.colloms/O4a_population/test_gwpopulationpipe/o3b_samples/IGWN-GWTC3p0-v1-GW200129_065458_PEDataRelease_mixed_nocosmo.h5.
13:59 bilby INFO    : Loaded C01:IMRPhenomXPHM from /home/storm.colloms/O4a_population/test_gwpopulationpipe/o3b_samples/IGWN-GWTC3p0-v1-GW200202_154313_PEDataRelease_mixed_nocosmo.h5.
13:59 bilby INFO    : Loaded C01:IMRPhenomXPHM from /home/storm.colloms/O4a_population/test_gwpopulationpipe/o3b_samples/IGWN-GWTC3p0-v1-GW200208_130117_PEDataRelease_mixed_nocosmo.h5.
13:59 bilby INFO    : Loaded C01:IMRPhenomXPHM from /home/storm.colloms/O4a_population/test_gwpopulationpipe/o3b_samples/IGWN-GWTC3p0-v1-GW200208_222617_PEDataRelease_mixed_nocosmo.h5.
13:59 bilby INFO    : Loaded C01:IMRPhenomXPHM from /home/storm.colloms/O4a_population/test_gwpopulationpipe/o3b_samples/IGWN-GWTC3p0-v1-GW200209_085452_PEDataRelease_mixed_nocosmo.h5.
13:59 bilby INFO    : Loaded C01:IMRPhenomXPHM from /home/storm.colloms/O4a_population/test_gwpopulationpipe/o3b_samples/IGWN-GWTC3p0-v1-GW200216_220804_PEDataRelease_mixed_nocosmo.h5.
13:59 bilby INFO    : Loaded C01:IMRPhenomXPHM from /home/storm.colloms/O4a_population/test_gwpopulationpipe/o3b_samples/IGWN-GWTC3p0-v1-GW200219_094415_PEDataRelease_mixed_nocosmo.h5.
13:59 bilby INFO    : Loaded C01:IMRPhenomXPHM from /home/storm.colloms/O4a_population/test_gwpopulationpipe/o3b_samples/IGWN-GWTC3p0-v1-GW200220_061928_PEDataRelease_mixed_nocosmo.h5.
13:59 bilby INFO    : Loaded C01:IMRPhenomXPHM from /home/storm.colloms/O4a_population/test_gwpopulationpipe/o3b_samples/IGWN-GWTC3p0-v1-GW200220_124850_PEDataRelease_mixed_nocosmo.h5.
13:59 bilby INFO    : Loaded C01:IMRPhenomXPHM from /home/storm.colloms/O4a_population/test_gwpopulationpipe/o3b_samples/IGWN-GWTC3p0-v1-GW200224_222234_PEDataRelease_mixed_nocosmo.h5.
13:59 bilby INFO    : Loaded C01:IMRPhenomXPHM from /home/storm.colloms/O4a_population/test_gwpopulationpipe/o3b_samples/IGWN-GWTC3p0-v1-GW200225_060421_PEDataRelease_mixed_nocosmo.h5.
13:59 bilby INFO    : Loaded C01:IMRPhenomXPHM from /home/storm.colloms/O4a_population/test_gwpopulationpipe/o3b_samples/IGWN-GWTC3p0-v1-GW200302_015811_PEDataRelease_mixed_nocosmo.h5.
13:59 bilby INFO    : Loaded C01:IMRPhenomXPHM from /home/storm.colloms/O4a_population/test_gwpopulationpipe/o3b_samples/IGWN-GWTC3p0-v1-GW200306_093714_PEDataRelease_mixed_nocosmo.h5.
13:59 bilby INFO    : Loaded C01:IMRPhenomXPHM from /home/storm.colloms/O4a_population/test_gwpopulationpipe/o3b_samples/IGWN-GWTC3p0-v1-GW200308_173609_PEDataRelease_mixed_nocosmo.h5.
13:59 bilby INFO    : Loaded C01:IMRPhenomXPHM from /home/storm.colloms/O4a_population/test_gwpopulationpipe/o3b_samples/IGWN-GWTC3p0-v1-GW200311_115853_PEDataRelease_mixed_nocosmo.h5.
13:59 bilby INFO    : Loaded C01:IMRPhenomXPHM from /home/storm.colloms/O4a_population/test_gwpopulationpipe/o3b_samples/IGWN-GWTC3p0-v1-GW200316_215756_PEDataRelease_mixed_nocosmo.h5.
13:59 bilby INFO    : Loaded C01:IMRPhenomXPHM from /home/storm.colloms/O4a_population/test_gwpopulationpipe/o3b_samples/IGWN-GWTC3p0-v1-GW200322_091133_PEDataRelease_mixed_nocosmo.h5.
13:59 bilby INFO    : Using uniform in the comoving source frame distance prior for all events.
13:59 bilby INFO    : Assuming flat in detector frame mass prior for all events.
13:59 bilby INFO    : Assuming uniform in component spin prior for all events.
13:59 bilby INFO    : Model is defined in terms of mass ratio, adjusting prior accordingly.
13:59 bilby INFO    : Found 78 O4a events in standard format.
13:59 bilby INFO    : Ignoring /home/zoheyr.doctor/projects/O4/RatesPop/o4a-astrodist/scripts/scrape_PE/O4a_post/S230529ay.h5.
13:59 bilby INFO    : Loaded 1685868274_EXP2_data0_1369694512-1015625_analysis_H1L1_merge_result from /home/zoheyr.doctor/projects/O4/RatesPop/o4a-astrodist/scripts/scrape_PE/O4a_post/S230601bf.h5.
13:59 bilby INFO    : Loaded 1685991573_G409693_data0_1369983241-487106_analysis_H1L1_merge_result from /home/zoheyr.doctor/projects/O4/RatesPop/o4a-astrodist/scripts/scrape_PE/O4a_post/S230605o.h5.
13:59 bilby INFO    : Loaded 1686235856_exp1_data0_1370047403-7929688_analysis_H1L1_merge_result from /home/zoheyr.doctor/projects/O4/RatesPop/o4a-astrodist/scripts/scrape_PE/O4a_post/S230606d.h5.
13:59 bilby INFO    : Loaded G410337_manual_maxDL_data0_1370292665-1610923_analysis_H1L1_merge from /home/zoheyr.doctor/projects/O4/RatesPop/o4a-astrodist/scripts/scrape_PE/O4a_post/S230608as.h5.
13:59 bilby INFO    : Loaded 1686318771_G410430_data0_1370328616-2765305_analysis_H1L1_merge_result from /home/zoheyr.doctor/projects/O4/RatesPop/o4a-astrodist/scripts/scrape_PE/O4a_post/S230609u.h5.
13:59 bilby INFO    : Loaded 1687639715_G413097_data0_1371641481-7704766_analysis_H1L1_merge_result from /home/zoheyr.doctor/projects/O4/RatesPop/o4a-astrodist/scripts/scrape_PE/O4a_post/S230624av.h5.
13:59 bilby INFO    : Loaded 1687973521_G413615_data0_1371866035-8144531_analysis_H1L1_merge_result from /home/zoheyr.doctor/projects/O4/RatesPop/o4a-astrodist/scripts/scrape_PE/O4a_post/S230627c.h5.
13:59 bilby INFO    : Loaded 1689142319_online_data0_1372029138-369629_analysis_H1L1_merge_result from /home/zoheyr.doctor/projects/O4/RatesPop/o4a-astrodist/scripts/scrape_PE/O4a_post/S230628ax.h5.
13:59 bilby INFO    : Loaded 1688139416_G414254_data0_1372165104-9019942_analysis_H1L1_merge_result from /home/zoheyr.doctor/projects/O4/RatesPop/o4a-astrodist/scripts/scrape_PE/O4a_post/S230630am.h5.
13:59 bilby INFO    : Loaded 1688667385_G414341_data0_1372203950-4072845_analysis_H1L1_merge_result from /home/zoheyr.doctor/projects/O4/RatesPop/o4a-astrodist/scripts/scrape_PE/O4a_post/S230630bq.h5.
13:59 bilby INFO    : Loaded 1688338595_G414699_data0_1372359311-7379198_analysis_H1L1_merge_result from /home/zoheyr.doctor/projects/O4/RatesPop/o4a-astrodist/scripts/scrape_PE/O4a_post/S230702an.h5.
13:59 bilby INFO    : Loaded 1688450331_G415010_data0_1372471949-2235675_analysis_H1L1_merge_result from /home/zoheyr.doctor/projects/O4/RatesPop/o4a-astrodist/scripts/scrape_PE/O4a_post/S230704f.h5.
13:59 bilby INFO    : Loaded 1688809432_G415815_data0_1372768865-3483527_analysis_H1L1_merge_result from /home/zoheyr.doctor/projects/O4/RatesPop/o4a-astrodist/scripts/scrape_PE/O4a_post/S230707ai.h5.
13:59 bilby INFO    : Loaded 1688948444_G416134_data0_1372871875-1939344_analysis_H1L1_merge_result from /home/zoheyr.doctor/projects/O4/RatesPop/o4a-astrodist/scripts/scrape_PE/O4a_post/S230708bi.h5.
13:59 bilby INFO    : Loaded 1688861947_G416203_data0_1372892993-4767747_analysis_H1L1_merge_result from /home/zoheyr.doctor/projects/O4/RatesPop/o4a-astrodist/scripts/scrape_PE/O4a_post/S230708cf.h5.
13:59 bilby INFO    : Loaded 1688972842_G416372_data0_1372940865-2021582_analysis_H1L1_merge_result from /home/zoheyr.doctor/projects/O4/RatesPop/o4a-astrodist/scripts/scrape_PE/O4a_post/S230709bi.h5.
13:59 bilby INFO    : Loaded 1690147056_G419204_data0_1374142732-4508808_analysis_H1L1_merge_result from /home/zoheyr.doctor/projects/O4/RatesPop/o4a-astrodist/scripts/scrape_PE/O4a_post/S230723ac.h5.
13:59 bilby INFO    : Loaded 1690340722_G419671_data0_1374366598-0600653_analysis_L1_merge_result from /home/zoheyr.doctor/projects/O4/RatesPop/o4a-astrodist/scripts/scrape_PE/O4a_post/S230726a.h5.
13:59 bilby INFO    : Loaded 1690622493_G420316_data0_1374654215-2012053_analysis_H1L1_merge_result from /home/zoheyr.doctor/projects/O4/RatesPop/o4a-astrodist/scripts/scrape_PE/O4a_post/S230729z.h5.
13:59 bilby INFO    : Loaded 1690844277_G420897_data0_1374875605-8886719_analysis_H1L1_merge_result from /home/zoheyr.doctor/projects/O4/RatesPop/o4a-astrodist/scripts/scrape_PE/O4a_post/S230731an.h5.
13:59 bilby INFO    : Loaded Exp1 from /home/zoheyr.doctor/projects/O4/RatesPop/o4a-astrodist/scripts/scrape_PE/O4a_post/S230802aq.h5.
13:59 bilby INFO    : Loaded online from /home/zoheyr.doctor/projects/O4/RatesPop/o4a-astrodist/scripts/scrape_PE/O4a_post/S230805x.h5.
13:59 bilby INFO    : Loaded Exp1 from /home/zoheyr.doctor/projects/O4/RatesPop/o4a-astrodist/scripts/scrape_PE/O4a_post/S230806ak.h5.
13:59 bilby INFO    : Ignoring /home/zoheyr.doctor/projects/O4/RatesPop/o4a-astrodist/scripts/scrape_PE/O4a_post/S230810af.h5.
13:59 bilby INFO    : Loaded online from /home/zoheyr.doctor/projects/O4/RatesPop/o4a-astrodist/scripts/scrape_PE/O4a_post/S230811n.h5.
13:59 bilby INFO    : Loaded EXP5 from /home/zoheyr.doctor/projects/O4/RatesPop/o4a-astrodist/scripts/scrape_PE/O4a_post/S230814ah.h5.
13:59 bilby INFO    : Loaded online from /home/zoheyr.doctor/projects/O4/RatesPop/o4a-astrodist/scripts/scrape_PE/O4a_post/S230814r.h5.
13:59 bilby INFO    : Loaded online from /home/zoheyr.doctor/projects/O4/RatesPop/o4a-astrodist/scripts/scrape_PE/O4a_post/S230819ax.h5.
13:59 bilby INFO    : Loaded EXP0 from /home/zoheyr.doctor/projects/O4/RatesPop/o4a-astrodist/scripts/scrape_PE/O4a_post/S230820bq.h5.
13:59 bilby INFO    : Loaded online from /home/zoheyr.doctor/projects/O4/RatesPop/o4a-astrodist/scripts/scrape_PE/O4a_post/S230822bm.h5.
13:59 bilby INFO    : Loaded online from /home/zoheyr.doctor/projects/O4/RatesPop/o4a-astrodist/scripts/scrape_PE/O4a_post/S230824r.h5.
13:59 bilby INFO    : Loaded Exp0 from /home/zoheyr.doctor/projects/O4/RatesPop/o4a-astrodist/scripts/scrape_PE/O4a_post/S230825k.h5.
13:59 bilby INFO    : Ignoring /home/zoheyr.doctor/projects/O4/RatesPop/o4a-astrodist/scripts/scrape_PE/O4a_post/S230830b.h5.
13:59 bilby INFO    : Loaded Exp0 from /home/zoheyr.doctor/projects/O4/RatesPop/o4a-astrodist/scripts/scrape_PE/O4a_post/S230831e.h5.
13:59 bilby INFO    : Loaded online from /home/zoheyr.doctor/projects/O4/RatesPop/o4a-astrodist/scripts/scrape_PE/O4a_post/S230904n.h5.
13:59 bilby INFO    : Loaded online from /home/zoheyr.doctor/projects/O4/RatesPop/o4a-astrodist/scripts/scrape_PE/O4a_post/S230911ae.h5.
13:59 bilby INFO    : Loaded online from /home/zoheyr.doctor/projects/O4/RatesPop/o4a-astrodist/scripts/scrape_PE/O4a_post/S230914ak.h5.
13:59 bilby INFO    : Loaded online from /home/zoheyr.doctor/projects/O4/RatesPop/o4a-astrodist/scripts/scrape_PE/O4a_post/S230919bj.h5.
13:59 bilby INFO    : Loaded online from /home/zoheyr.doctor/projects/O4/RatesPop/o4a-astrodist/scripts/scrape_PE/O4a_post/S230920al.h5.
13:59 bilby INFO    : Loaded online from /home/zoheyr.doctor/projects/O4/RatesPop/o4a-astrodist/scripts/scrape_PE/O4a_post/S230922g.h5.
13:59 bilby INFO    : Loaded Exp4 from /home/zoheyr.doctor/projects/O4/RatesPop/o4a-astrodist/scripts/scrape_PE/O4a_post/S230922q.h5.
13:59 bilby INFO    : Loaded online from /home/zoheyr.doctor/projects/O4/RatesPop/o4a-astrodist/scripts/scrape_PE/O4a_post/S230924an.h5.
13:59 bilby INFO    : Loaded online from /home/zoheyr.doctor/projects/O4/RatesPop/o4a-astrodist/scripts/scrape_PE/O4a_post/S230927be.h5.
13:59 bilby INFO    : Loaded online from /home/zoheyr.doctor/projects/O4/RatesPop/o4a-astrodist/scripts/scrape_PE/O4a_post/S230927l.h5.
13:59 bilby INFO    : Loaded Exp1 from /home/zoheyr.doctor/projects/O4/RatesPop/o4a-astrodist/scripts/scrape_PE/O4a_post/S230928cb.h5.
13:59 bilby INFO    : Loaded online from /home/zoheyr.doctor/projects/O4/RatesPop/o4a-astrodist/scripts/scrape_PE/O4a_post/S230930al.h5.
13:59 bilby INFO    : Loaded Exp1 from /home/zoheyr.doctor/projects/O4/RatesPop/o4a-astrodist/scripts/scrape_PE/O4a_post/S231001aq.h5.
13:59 bilby INFO    : Loaded online from /home/zoheyr.doctor/projects/O4/RatesPop/o4a-astrodist/scripts/scrape_PE/O4a_post/S231005ah.h5.
13:59 bilby INFO    : Loaded Exp0 from /home/zoheyr.doctor/projects/O4/RatesPop/o4a-astrodist/scripts/scrape_PE/O4a_post/S231005j.h5.
13:59 bilby INFO    : Loaded online from /home/zoheyr.doctor/projects/O4/RatesPop/o4a-astrodist/scripts/scrape_PE/O4a_post/S231008ap.h5.
13:59 bilby INFO    : Loaded Exp0 from /home/zoheyr.doctor/projects/O4/RatesPop/o4a-astrodist/scripts/scrape_PE/O4a_post/S231014r.h5.
13:59 bilby INFO    : Loaded Exp0 from /home/zoheyr.doctor/projects/O4/RatesPop/o4a-astrodist/scripts/scrape_PE/O4a_post/S231020ba.h5.
13:59 bilby INFO    : Ignoring /home/zoheyr.doctor/projects/O4/RatesPop/o4a-astrodist/scripts/scrape_PE/O4a_post/S231020bw.h5.
13:59 bilby INFO    : Loaded online from /home/zoheyr.doctor/projects/O4/RatesPop/o4a-astrodist/scripts/scrape_PE/O4a_post/S231028bg.h5.
13:59 bilby INFO    : Loaded online from /home/zoheyr.doctor/projects/O4/RatesPop/o4a-astrodist/scripts/scrape_PE/O4a_post/S231029y.h5.
13:59 bilby INFO    : Loaded online from /home/zoheyr.doctor/projects/O4/RatesPop/o4a-astrodist/scripts/scrape_PE/O4a_post/S231102w.h5.
13:59 bilby INFO    : Loaded Exp0 from /home/zoheyr.doctor/projects/O4/RatesPop/o4a-astrodist/scripts/scrape_PE/O4a_post/S231104ac.h5.
13:59 bilby INFO    : Loaded online from /home/zoheyr.doctor/projects/O4/RatesPop/o4a-astrodist/scripts/scrape_PE/O4a_post/S231108u.h5.
13:59 bilby INFO    : Loaded online from /home/zoheyr.doctor/projects/O4/RatesPop/o4a-astrodist/scripts/scrape_PE/O4a_post/S231110g.h5.
13:59 bilby INFO    : Loaded online from /home/zoheyr.doctor/projects/O4/RatesPop/o4a-astrodist/scripts/scrape_PE/O4a_post/S231112ag.h5.
13:59 bilby INFO    : Loaded online from /home/zoheyr.doctor/projects/O4/RatesPop/o4a-astrodist/scripts/scrape_PE/O4a_post/S231113bw.h5.
13:59 bilby INFO    : Loaded online from /home/zoheyr.doctor/projects/O4/RatesPop/o4a-astrodist/scripts/scrape_PE/O4a_post/S231114n.h5.
13:59 bilby INFO    : Loaded Exp0 from /home/zoheyr.doctor/projects/O4/RatesPop/o4a-astrodist/scripts/scrape_PE/O4a_post/S231118ab.h5.
13:59 bilby INFO    : Loaded Exp0 from /home/zoheyr.doctor/projects/O4/RatesPop/o4a-astrodist/scripts/scrape_PE/O4a_post/S231118an.h5.
13:59 bilby INFO    : Loaded online from /home/zoheyr.doctor/projects/O4/RatesPop/o4a-astrodist/scripts/scrape_PE/O4a_post/S231118d.h5.
13:59 bilby INFO    : Ignoring /home/zoheyr.doctor/projects/O4/RatesPop/o4a-astrodist/scripts/scrape_PE/O4a_post/S231123cg.h5.
13:59 bilby INFO    : Loaded online from /home/zoheyr.doctor/projects/O4/RatesPop/o4a-astrodist/scripts/scrape_PE/O4a_post/S231127cg.h5.
13:59 bilby INFO    : Loaded online from /home/zoheyr.doctor/projects/O4/RatesPop/o4a-astrodist/scripts/scrape_PE/O4a_post/S231129ac.h5.
13:59 bilby INFO    : Loaded online from /home/zoheyr.doctor/projects/O4/RatesPop/o4a-astrodist/scripts/scrape_PE/O4a_post/S231206ca.h5.
13:59 bilby INFO    : Loaded online from /home/zoheyr.doctor/projects/O4/RatesPop/o4a-astrodist/scripts/scrape_PE/O4a_post/S231206cc.h5.
13:59 bilby INFO    : Loaded online from /home/zoheyr.doctor/projects/O4/RatesPop/o4a-astrodist/scripts/scrape_PE/O4a_post/S231213ap.h5.
13:59 bilby INFO    : Loaded Exp0 from /home/zoheyr.doctor/projects/O4/RatesPop/o4a-astrodist/scripts/scrape_PE/O4a_post/S231223j.h5.
13:59 bilby INFO    : Loaded online from /home/zoheyr.doctor/projects/O4/RatesPop/o4a-astrodist/scripts/scrape_PE/O4a_post/S231224e.h5.
13:59 bilby INFO    : Loaded online from /home/zoheyr.doctor/projects/O4/RatesPop/o4a-astrodist/scripts/scrape_PE/O4a_post/S231226av.h5.
13:59 bilby INFO    : Loaded online from /home/zoheyr.doctor/projects/O4/RatesPop/o4a-astrodist/scripts/scrape_PE/O4a_post/S231231ag.h5.
13:59 bilby INFO    : Loaded online from /home/zoheyr.doctor/projects/O4/RatesPop/o4a-astrodist/scripts/scrape_PE/O4a_post/S240104bl.h5.
13:59 bilby INFO    : Loaded online from /home/zoheyr.doctor/projects/O4/RatesPop/o4a-astrodist/scripts/scrape_PE/O4a_post/S240109a.h5.
13:59 bilby INFO    : Using uniform in the comoving source frame distance prior for all events.
13:59 bilby INFO    : Assuming flat in detector frame mass prior for all events.
13:59 bilby INFO    : Assuming uniform in component spin prior for all events.
13:59 bilby INFO    : Model is defined in terms of mass ratio, adjusting prior accordingly.
13:59 bilby INFO    : Loaded 158 posteriors.
13:59 bilby INFO    : Outdir is O4a_powerlawm2min_nlive500_gammamax35
13:59 bilby INFO    : Downsampling to 3878 samples per posterior
13:59 bilby INFO    : Using 158 events, final event list is: GW150914_095045, GW151012_095443, GW151226_033853, GW170104_101158, GW170608_020116, GW170729_185629, GW170809_082821, GW170814_103043, GW170818_022509, GW170823_131358, GW190403_051519, GW190408_181802, GW190412_053044, GW190413_052954, GW190413_134308, GW190421_213856, GW190426_190642, GW190503_185404, GW190512_180714, GW190513_205428, GW190514_065416, GW190517_055101, GW190519_153544, GW190521_030229, GW190521_074359, GW190527_092055, GW190602_175927, GW190620_030421, GW190630_185205, GW190701_203306, GW190706_222641, GW190707_093326, GW190708_232457, GW190719_215514, GW190720_000836, GW190725_174728, GW190727_060333, GW190728_064510, GW190731_140936, GW190803_022701, GW190805_211137, GW190814_211039, GW190828_063405, GW190828_065509, GW190910_112807, GW190915_235702, GW190916_200658, GW190917_114630, GW190924_021846, GW190925_232845, GW190926_050336, GW190929_012149, GW190930_133541, GW191103_012549, GW191105_143521, GW191109_010717, GW191113_071753, GW191126_115259, GW191127_050227, GW191129_134029, GW191204_110529, GW191204_171526, GW191215_223052, GW191216_213338, GW191222_033537, GW191230_180458, GW200112_155838, GW200128_022011, GW200129_065458, GW200202_154313, GW200208_130117, GW200208_222617, GW200209_085452, GW200216_220804, GW200219_094415, GW200220_061928, GW200220_124850, GW200224_222234, GW200225_060421, GW200302_015811, GW200306_093714, GW200308_173609, GW200311_115853, GW200316_215756, GW200322_091133, S230601bf, S230605o, S230606d, S230608as, S230609u, S230624av, S230627c, S230628ax, S230630am, S230630bq, S230702an, S230704f, S230707ai, S230708bi, S230708cf, S230709bi, S230723ac, S230726a, S230729z, S230731an, S230802aq, S230805x, S230806ak, S230811n, S230814ah, S230814r, S230819ax, S230820bq, S230822bm, S230824r, S230825k, S230831e, S230904n, S230911ae, S230914ak, S230919bj, S230920al, S230922g, S230922q, S230924an, S230927be, S230927l, S230928cb, S230930al, S231001aq, S231005ah, S231005j, S231008ap, S231014r, S231020ba, S231028bg, S231029y, S231102w, S231104ac, S231108u, S231110g, S231112ag, S231113bw, S231114n, S231118ab, S231118an, S231118d, S231127cg, S231129ac, S231206ca, S231206cc, S231213ap, S231223j, S231224e, S231226av, S231231ag, S240104bl, S240109a.
13:59 bilby INFO    : Saving posteriors to posteriors.pkl
13:59 bilby INFO    : Loading VT data from /home/rp.o4/offline-injections/mixtures/T2400110-v2/rpo1234-cartesian_spins-semianalytic_o1_o2_o4a-real_o3.hdf.
/home/storm.colloms/.conda/envs/O4apop/lib/python3.10/site-packages/pandas/core/computation/expressions.py:21: UserWarning: Pandas requires version '2.8.4' or newer of 'numexpr' (version '2.7.3' currently installed).
  from pandas.core.computation.check import NUMEXPR_INSTALLED
14:20 bilby INFO    : Loading posteriors...
14:20 bilby INFO    : Found 10 GWTC1 events in standard format.
14:20 bilby INFO    : Loaded C01:IMRPhenomXPHM from /home/storm.colloms/O4a_population/test_gwpopulationpipe/gwtc1_samples/IGWN-GWTC2p1-v2-GW150914_095045_PEDataRelease_mixed_nocosmo.h5.
14:20 bilby INFO    : Loaded C01:IMRPhenomXPHM from /home/storm.colloms/O4a_population/test_gwpopulationpipe/gwtc1_samples/IGWN-GWTC2p1-v2-GW151012_095443_PEDataRelease_mixed_nocosmo.h5.
14:20 bilby INFO    : Loaded C01:IMRPhenomXPHM from /home/storm.colloms/O4a_population/test_gwpopulationpipe/gwtc1_samples/IGWN-GWTC2p1-v2-GW151226_033853_PEDataRelease_mixed_nocosmo.h5.
14:20 bilby INFO    : Loaded C01:IMRPhenomXPHM from /home/storm.colloms/O4a_population/test_gwpopulationpipe/gwtc1_samples/IGWN-GWTC2p1-v2-GW170104_101158_PEDataRelease_mixed_nocosmo.h5.
14:20 bilby INFO    : Loaded C01:IMRPhenomXPHM from /home/storm.colloms/O4a_population/test_gwpopulationpipe/gwtc1_samples/IGWN-GWTC2p1-v2-GW170608_020116_PEDataRelease_mixed_nocosmo.h5.
14:20 bilby INFO    : Loaded C01:IMRPhenomXPHM from /home/storm.colloms/O4a_population/test_gwpopulationpipe/gwtc1_samples/IGWN-GWTC2p1-v2-GW170729_185629_PEDataRelease_mixed_nocosmo.h5.
14:20 bilby INFO    : Loaded C01:IMRPhenomXPHM from /home/storm.colloms/O4a_population/test_gwpopulationpipe/gwtc1_samples/IGWN-GWTC2p1-v2-GW170809_082821_PEDataRelease_mixed_nocosmo.h5.
14:20 bilby INFO    : Loaded C01:IMRPhenomXPHM from /home/storm.colloms/O4a_population/test_gwpopulationpipe/gwtc1_samples/IGWN-GWTC2p1-v2-GW170814_103043_PEDataRelease_mixed_nocosmo.h5.
14:20 bilby INFO    : Loaded C01:IMRPhenomXPHM from /home/storm.colloms/O4a_population/test_gwpopulationpipe/gwtc1_samples/IGWN-GWTC2p1-v2-GW170818_022509_PEDataRelease_mixed_nocosmo.h5.
14:20 bilby INFO    : Loaded C01:IMRPhenomXPHM from /home/storm.colloms/O4a_population/test_gwpopulationpipe/gwtc1_samples/IGWN-GWTC2p1-v2-GW170823_131358_PEDataRelease_mixed_nocosmo.h5.
14:20 bilby INFO    : Using uniform in the comoving source frame distance prior for all events.
14:20 bilby INFO    : Assuming flat in detector frame mass prior for all events.
14:20 bilby INFO    : Assuming uniform in component spin prior for all events.
14:20 bilby INFO    : Model is defined in terms of mass ratio, adjusting prior accordingly.
14:20 bilby INFO    : Found 43 O3a events in standard format.
14:20 bilby INFO    : Loaded C01:IMRPhenomXPHM from /home/storm.colloms/O4a_population/test_gwpopulationpipe/o3a_samples/IGWN-GWTC2p1-v2-GW190403_051519_PEDataRelease_mixed_nocosmo.h5.
14:20 bilby INFO    : Loaded C01:IMRPhenomXPHM from /home/storm.colloms/O4a_population/test_gwpopulationpipe/o3a_samples/IGWN-GWTC2p1-v2-GW190408_181802_PEDataRelease_mixed_nocosmo.h5.
14:20 bilby INFO    : Loaded C01:IMRPhenomXPHM from /home/storm.colloms/O4a_population/test_gwpopulationpipe/o3a_samples/IGWN-GWTC2p1-v2-GW190412_053044_PEDataRelease_mixed_nocosmo.h5.
14:20 bilby INFO    : Loaded C01:IMRPhenomXPHM from /home/storm.colloms/O4a_population/test_gwpopulationpipe/o3a_samples/IGWN-GWTC2p1-v2-GW190413_052954_PEDataRelease_mixed_nocosmo.h5.
14:20 bilby INFO    : Loaded C01:IMRPhenomXPHM from /home/storm.colloms/O4a_population/test_gwpopulationpipe/o3a_samples/IGWN-GWTC2p1-v2-GW190413_134308_PEDataRelease_mixed_nocosmo.h5.
14:20 bilby INFO    : Loaded C01:IMRPhenomXPHM from /home/storm.colloms/O4a_population/test_gwpopulationpipe/o3a_samples/IGWN-GWTC2p1-v2-GW190421_213856_PEDataRelease_mixed_nocosmo.h5.
14:20 bilby INFO    : Loaded C01:IMRPhenomXPHM from /home/storm.colloms/O4a_population/test_gwpopulationpipe/o3a_samples/IGWN-GWTC2p1-v2-GW190426_190642_PEDataRelease_mixed_nocosmo.h5.
14:20 bilby INFO    : Loaded C01:IMRPhenomXPHM from /home/storm.colloms/O4a_population/test_gwpopulationpipe/o3a_samples/IGWN-GWTC2p1-v2-GW190503_185404_PEDataRelease_mixed_nocosmo.h5.
14:20 bilby INFO    : Loaded C01:IMRPhenomXPHM from /home/storm.colloms/O4a_population/test_gwpopulationpipe/o3a_samples/IGWN-GWTC2p1-v2-GW190512_180714_PEDataRelease_mixed_nocosmo.h5.
14:20 bilby INFO    : Loaded C01:IMRPhenomXPHM from /home/storm.colloms/O4a_population/test_gwpopulationpipe/o3a_samples/IGWN-GWTC2p1-v2-GW190513_205428_PEDataRelease_mixed_nocosmo.h5.
14:20 bilby INFO    : Loaded C01:IMRPhenomXPHM from /home/storm.colloms/O4a_population/test_gwpopulationpipe/o3a_samples/IGWN-GWTC2p1-v2-GW190514_065416_PEDataRelease_mixed_nocosmo.h5.
14:20 bilby INFO    : Loaded C01:IMRPhenomXPHM from /home/storm.colloms/O4a_population/test_gwpopulationpipe/o3a_samples/IGWN-GWTC2p1-v2-GW190517_055101_PEDataRelease_mixed_nocosmo.h5.
14:20 bilby INFO    : Loaded C01:IMRPhenomXPHM from /home/storm.colloms/O4a_population/test_gwpopulationpipe/o3a_samples/IGWN-GWTC2p1-v2-GW190519_153544_PEDataRelease_mixed_nocosmo.h5.
14:20 bilby INFO    : Loaded C01:IMRPhenomXPHM from /home/storm.colloms/O4a_population/test_gwpopulationpipe/o3a_samples/IGWN-GWTC2p1-v2-GW190521_030229_PEDataRelease_mixed_nocosmo.h5.
14:20 bilby INFO    : Loaded C01:IMRPhenomXPHM from /home/storm.colloms/O4a_population/test_gwpopulationpipe/o3a_samples/IGWN-GWTC2p1-v2-GW190521_074359_PEDataRelease_mixed_nocosmo.h5.
14:20 bilby INFO    : Loaded C01:IMRPhenomXPHM from /home/storm.colloms/O4a_population/test_gwpopulationpipe/o3a_samples/IGWN-GWTC2p1-v2-GW190527_092055_PEDataRelease_mixed_nocosmo.h5.
14:20 bilby INFO    : Loaded C01:IMRPhenomXPHM from /home/storm.colloms/O4a_population/test_gwpopulationpipe/o3a_samples/IGWN-GWTC2p1-v2-GW190602_175927_PEDataRelease_mixed_nocosmo.h5.
14:20 bilby INFO    : Loaded C01:IMRPhenomXPHM from /home/storm.colloms/O4a_population/test_gwpopulationpipe/o3a_samples/IGWN-GWTC2p1-v2-GW190620_030421_PEDataRelease_mixed_nocosmo.h5.
14:20 bilby INFO    : Loaded C01:IMRPhenomXPHM from /home/storm.colloms/O4a_population/test_gwpopulationpipe/o3a_samples/IGWN-GWTC2p1-v2-GW190630_185205_PEDataRelease_mixed_nocosmo.h5.
14:20 bilby INFO    : Loaded C01:IMRPhenomXPHM from /home/storm.colloms/O4a_population/test_gwpopulationpipe/o3a_samples/IGWN-GWTC2p1-v2-GW190701_203306_PEDataRelease_mixed_nocosmo.h5.
14:20 bilby INFO    : Loaded C01:IMRPhenomXPHM from /home/storm.colloms/O4a_population/test_gwpopulationpipe/o3a_samples/IGWN-GWTC2p1-v2-GW190706_222641_PEDataRelease_mixed_nocosmo.h5.
14:20 bilby INFO    : Loaded C01:IMRPhenomXPHM from /home/storm.colloms/O4a_population/test_gwpopulationpipe/o3a_samples/IGWN-GWTC2p1-v2-GW190707_093326_PEDataRelease_mixed_nocosmo.h5.
14:20 bilby INFO    : Loaded C01:IMRPhenomXPHM from /home/storm.colloms/O4a_population/test_gwpopulationpipe/o3a_samples/IGWN-GWTC2p1-v2-GW190708_232457_PEDataRelease_mixed_nocosmo.h5.
14:20 bilby INFO    : Loaded C01:IMRPhenomXPHM from /home/storm.colloms/O4a_population/test_gwpopulationpipe/o3a_samples/IGWN-GWTC2p1-v2-GW190719_215514_PEDataRelease_mixed_nocosmo.h5.
14:20 bilby INFO    : Loaded C01:IMRPhenomXPHM from /home/storm.colloms/O4a_population/test_gwpopulationpipe/o3a_samples/IGWN-GWTC2p1-v2-GW190720_000836_PEDataRelease_mixed_nocosmo.h5.
14:20 bilby INFO    : Loaded C01:IMRPhenomXPHM from /home/storm.colloms/O4a_population/test_gwpopulationpipe/o3a_samples/IGWN-GWTC2p1-v2-GW190725_174728_PEDataRelease_mixed_nocosmo.h5.
14:20 bilby INFO    : Loaded C01:IMRPhenomXPHM from /home/storm.colloms/O4a_population/test_gwpopulationpipe/o3a_samples/IGWN-GWTC2p1-v2-GW190727_060333_PEDataRelease_mixed_nocosmo.h5.
14:20 bilby INFO    : Loaded C01:IMRPhenomXPHM from /home/storm.colloms/O4a_population/test_gwpopulationpipe/o3a_samples/IGWN-GWTC2p1-v2-GW190728_064510_PEDataRelease_mixed_nocosmo.h5.
14:20 bilby INFO    : Loaded C01:IMRPhenomXPHM from /home/storm.colloms/O4a_population/test_gwpopulationpipe/o3a_samples/IGWN-GWTC2p1-v2-GW190731_140936_PEDataRelease_mixed_nocosmo.h5.
14:20 bilby INFO    : Loaded C01:IMRPhenomXPHM from /home/storm.colloms/O4a_population/test_gwpopulationpipe/o3a_samples/IGWN-GWTC2p1-v2-GW190803_022701_PEDataRelease_mixed_nocosmo.h5.
14:20 bilby INFO    : Loaded C01:IMRPhenomXPHM from /home/storm.colloms/O4a_population/test_gwpopulationpipe/o3a_samples/IGWN-GWTC2p1-v2-GW190805_211137_PEDataRelease_mixed_nocosmo.h5.
14:20 bilby INFO    : Loaded C01:IMRPhenomXPHM from /home/storm.colloms/O4a_population/test_gwpopulationpipe/o3a_samples/IGWN-GWTC2p1-v2-GW190814_211039_PEDataRelease_mixed_nocosmo.h5.
14:20 bilby INFO    : Loaded C01:IMRPhenomXPHM from /home/storm.colloms/O4a_population/test_gwpopulationpipe/o3a_samples/IGWN-GWTC2p1-v2-GW190828_063405_PEDataRelease_mixed_nocosmo.h5.
14:20 bilby INFO    : Loaded C01:IMRPhenomXPHM from /home/storm.colloms/O4a_population/test_gwpopulationpipe/o3a_samples/IGWN-GWTC2p1-v2-GW190828_065509_PEDataRelease_mixed_nocosmo.h5.
14:20 bilby INFO    : Loaded C01:IMRPhenomXPHM from /home/storm.colloms/O4a_population/test_gwpopulationpipe/o3a_samples/IGWN-GWTC2p1-v2-GW190910_112807_PEDataRelease_mixed_nocosmo.h5.
14:20 bilby INFO    : Loaded C01:IMRPhenomXPHM from /home/storm.colloms/O4a_population/test_gwpopulationpipe/o3a_samples/IGWN-GWTC2p1-v2-GW190915_235702_PEDataRelease_mixed_nocosmo.h5.
14:20 bilby INFO    : Loaded C01:IMRPhenomXPHM from /home/storm.colloms/O4a_population/test_gwpopulationpipe/o3a_samples/IGWN-GWTC2p1-v2-GW190916_200658_PEDataRelease_mixed_nocosmo.h5.
14:20 bilby INFO    : Loaded C01:IMRPhenomXPHM from /home/storm.colloms/O4a_population/test_gwpopulationpipe/o3a_samples/IGWN-GWTC2p1-v2-GW190917_114630_PEDataRelease_mixed_nocosmo.h5.
14:20 bilby INFO    : Loaded C01:IMRPhenomXPHM from /home/storm.colloms/O4a_population/test_gwpopulationpipe/o3a_samples/IGWN-GWTC2p1-v2-GW190924_021846_PEDataRelease_mixed_nocosmo.h5.
14:20 bilby INFO    : Loaded C01:IMRPhenomXPHM from /home/storm.colloms/O4a_population/test_gwpopulationpipe/o3a_samples/IGWN-GWTC2p1-v2-GW190925_232845_PEDataRelease_mixed_nocosmo.h5.
14:20 bilby INFO    : Loaded C01:IMRPhenomXPHM from /home/storm.colloms/O4a_population/test_gwpopulationpipe/o3a_samples/IGWN-GWTC2p1-v2-GW190926_050336_PEDataRelease_mixed_nocosmo.h5.
14:20 bilby INFO    : Loaded C01:IMRPhenomXPHM from /home/storm.colloms/O4a_population/test_gwpopulationpipe/o3a_samples/IGWN-GWTC2p1-v2-GW190929_012149_PEDataRelease_mixed_nocosmo.h5.
14:20 bilby INFO    : Loaded C01:IMRPhenomXPHM from /home/storm.colloms/O4a_population/test_gwpopulationpipe/o3a_samples/IGWN-GWTC2p1-v2-GW190930_133541_PEDataRelease_mixed_nocosmo.h5.
14:20 bilby INFO    : Using uniform in the comoving source frame distance prior for all events.
14:20 bilby INFO    : Assuming flat in detector frame mass prior for all events.
14:20 bilby INFO    : Assuming uniform in component spin prior for all events.
14:20 bilby INFO    : Model is defined in terms of mass ratio, adjusting prior accordingly.
14:20 bilby INFO    : Found 35 O3b events in standard format.
14:20 bilby INFO    : Loaded C01:IMRPhenomXPHM from /home/storm.colloms/O4a_population/test_gwpopulationpipe/o3b_samples/IGWN-GWTC3p0-v1-GW191103_012549_PEDataRelease_mixed_nocosmo.h5.
14:20 bilby INFO    : Loaded C01:IMRPhenomXPHM from /home/storm.colloms/O4a_population/test_gwpopulationpipe/o3b_samples/IGWN-GWTC3p0-v1-GW191105_143521_PEDataRelease_mixed_nocosmo.h5.
14:20 bilby INFO    : Loaded C01:IMRPhenomXPHM from /home/storm.colloms/O4a_population/test_gwpopulationpipe/o3b_samples/IGWN-GWTC3p0-v1-GW191109_010717_PEDataRelease_mixed_nocosmo.h5.
14:20 bilby INFO    : Loaded C01:IMRPhenomXPHM from /home/storm.colloms/O4a_population/test_gwpopulationpipe/o3b_samples/IGWN-GWTC3p0-v1-GW191113_071753_PEDataRelease_mixed_nocosmo.h5.
14:20 bilby INFO    : Loaded C01:IMRPhenomXPHM from /home/storm.colloms/O4a_population/test_gwpopulationpipe/o3b_samples/IGWN-GWTC3p0-v1-GW191126_115259_PEDataRelease_mixed_nocosmo.h5.
14:20 bilby INFO    : Loaded C01:IMRPhenomXPHM from /home/storm.colloms/O4a_population/test_gwpopulationpipe/o3b_samples/IGWN-GWTC3p0-v1-GW191127_050227_PEDataRelease_mixed_nocosmo.h5.
14:20 bilby INFO    : Loaded C01:IMRPhenomXPHM from /home/storm.colloms/O4a_population/test_gwpopulationpipe/o3b_samples/IGWN-GWTC3p0-v1-GW191129_134029_PEDataRelease_mixed_nocosmo.h5.
14:20 bilby INFO    : Loaded C01:IMRPhenomXPHM from /home/storm.colloms/O4a_population/test_gwpopulationpipe/o3b_samples/IGWN-GWTC3p0-v1-GW191204_110529_PEDataRelease_mixed_nocosmo.h5.
14:20 bilby INFO    : Loaded C01:IMRPhenomXPHM from /home/storm.colloms/O4a_population/test_gwpopulationpipe/o3b_samples/IGWN-GWTC3p0-v1-GW191204_171526_PEDataRelease_mixed_nocosmo.h5.
14:20 bilby INFO    : Loaded C01:IMRPhenomXPHM from /home/storm.colloms/O4a_population/test_gwpopulationpipe/o3b_samples/IGWN-GWTC3p0-v1-GW191215_223052_PEDataRelease_mixed_nocosmo.h5.
14:20 bilby INFO    : Loaded C01:IMRPhenomXPHM from /home/storm.colloms/O4a_population/test_gwpopulationpipe/o3b_samples/IGWN-GWTC3p0-v1-GW191216_213338_PEDataRelease_mixed_nocosmo.h5.
14:20 bilby INFO    : Ignoring /home/storm.colloms/O4a_population/test_gwpopulationpipe/o3b_samples/IGWN-GWTC3p0-v1-GW191219_163120_PEDataRelease_mixed_nocosmo.h5.
14:20 bilby INFO    : Loaded C01:IMRPhenomXPHM from /home/storm.colloms/O4a_population/test_gwpopulationpipe/o3b_samples/IGWN-GWTC3p0-v1-GW191222_033537_PEDataRelease_mixed_nocosmo.h5.
14:20 bilby INFO    : Loaded C01:IMRPhenomXPHM from /home/storm.colloms/O4a_population/test_gwpopulationpipe/o3b_samples/IGWN-GWTC3p0-v1-GW191230_180458_PEDataRelease_mixed_nocosmo.h5.
14:20 bilby INFO    : Ignoring /home/storm.colloms/O4a_population/test_gwpopulationpipe/o3b_samples/IGWN-GWTC3p0-v1-GW200105_162426_PEDataRelease_mixed_nocosmo.h5.
14:20 bilby INFO    : Loaded C01:IMRPhenomXPHM from /home/storm.colloms/O4a_population/test_gwpopulationpipe/o3b_samples/IGWN-GWTC3p0-v1-GW200112_155838_PEDataRelease_mixed_nocosmo.h5.
14:20 bilby INFO    : Ignoring /home/storm.colloms/O4a_population/test_gwpopulationpipe/o3b_samples/IGWN-GWTC3p0-v1-GW200115_042309_PEDataRelease_mixed_nocosmo.h5.
14:20 bilby INFO    : Loaded C01:IMRPhenomXPHM from /home/storm.colloms/O4a_population/test_gwpopulationpipe/o3b_samples/IGWN-GWTC3p0-v1-GW200128_022011_PEDataRelease_mixed_nocosmo.h5.
14:20 bilby INFO    : Loaded C01:IMRPhenomXPHM from /home/storm.colloms/O4a_population/test_gwpopulationpipe/o3b_samples/IGWN-GWTC3p0-v1-GW200129_065458_PEDataRelease_mixed_nocosmo.h5.
14:20 bilby INFO    : Loaded C01:IMRPhenomXPHM from /home/storm.colloms/O4a_population/test_gwpopulationpipe/o3b_samples/IGWN-GWTC3p0-v1-GW200202_154313_PEDataRelease_mixed_nocosmo.h5.
14:20 bilby INFO    : Loaded C01:IMRPhenomXPHM from /home/storm.colloms/O4a_population/test_gwpopulationpipe/o3b_samples/IGWN-GWTC3p0-v1-GW200208_130117_PEDataRelease_mixed_nocosmo.h5.
14:20 bilby INFO    : Loaded C01:IMRPhenomXPHM from /home/storm.colloms/O4a_population/test_gwpopulationpipe/o3b_samples/IGWN-GWTC3p0-v1-GW200208_222617_PEDataRelease_mixed_nocosmo.h5.
14:20 bilby INFO    : Loaded C01:IMRPhenomXPHM from /home/storm.colloms/O4a_population/test_gwpopulationpipe/o3b_samples/IGWN-GWTC3p0-v1-GW200209_085452_PEDataRelease_mixed_nocosmo.h5.
14:20 bilby INFO    : Loaded C01:IMRPhenomXPHM from /home/storm.colloms/O4a_population/test_gwpopulationpipe/o3b_samples/IGWN-GWTC3p0-v1-GW200216_220804_PEDataRelease_mixed_nocosmo.h5.
14:20 bilby INFO    : Loaded C01:IMRPhenomXPHM from /home/storm.colloms/O4a_population/test_gwpopulationpipe/o3b_samples/IGWN-GWTC3p0-v1-GW200219_094415_PEDataRelease_mixed_nocosmo.h5.
14:20 bilby INFO    : Loaded C01:IMRPhenomXPHM from /home/storm.colloms/O4a_population/test_gwpopulationpipe/o3b_samples/IGWN-GWTC3p0-v1-GW200220_061928_PEDataRelease_mixed_nocosmo.h5.
14:20 bilby INFO    : Loaded C01:IMRPhenomXPHM from /home/storm.colloms/O4a_population/test_gwpopulationpipe/o3b_samples/IGWN-GWTC3p0-v1-GW200220_124850_PEDataRelease_mixed_nocosmo.h5.
14:20 bilby INFO    : Loaded C01:IMRPhenomXPHM from /home/storm.colloms/O4a_population/test_gwpopulationpipe/o3b_samples/IGWN-GWTC3p0-v1-GW200224_222234_PEDataRelease_mixed_nocosmo.h5.
14:20 bilby INFO    : Loaded C01:IMRPhenomXPHM from /home/storm.colloms/O4a_population/test_gwpopulationpipe/o3b_samples/IGWN-GWTC3p0-v1-GW200225_060421_PEDataRelease_mixed_nocosmo.h5.
14:20 bilby INFO    : Loaded C01:IMRPhenomXPHM from /home/storm.colloms/O4a_population/test_gwpopulationpipe/o3b_samples/IGWN-GWTC3p0-v1-GW200302_015811_PEDataRelease_mixed_nocosmo.h5.
14:20 bilby INFO    : Loaded C01:IMRPhenomXPHM from /home/storm.colloms/O4a_population/test_gwpopulationpipe/o3b_samples/IGWN-GWTC3p0-v1-GW200306_093714_PEDataRelease_mixed_nocosmo.h5.
14:20 bilby INFO    : Loaded C01:IMRPhenomXPHM from /home/storm.colloms/O4a_population/test_gwpopulationpipe/o3b_samples/IGWN-GWTC3p0-v1-GW200308_173609_PEDataRelease_mixed_nocosmo.h5.
14:20 bilby INFO    : Loaded C01:IMRPhenomXPHM from /home/storm.colloms/O4a_population/test_gwpopulationpipe/o3b_samples/IGWN-GWTC3p0-v1-GW200311_115853_PEDataRelease_mixed_nocosmo.h5.
14:20 bilby INFO    : Loaded C01:IMRPhenomXPHM from /home/storm.colloms/O4a_population/test_gwpopulationpipe/o3b_samples/IGWN-GWTC3p0-v1-GW200316_215756_PEDataRelease_mixed_nocosmo.h5.
14:20 bilby INFO    : Loaded C01:IMRPhenomXPHM from /home/storm.colloms/O4a_population/test_gwpopulationpipe/o3b_samples/IGWN-GWTC3p0-v1-GW200322_091133_PEDataRelease_mixed_nocosmo.h5.
14:20 bilby INFO    : Using uniform in the comoving source frame distance prior for all events.
14:20 bilby INFO    : Assuming flat in detector frame mass prior for all events.
14:20 bilby INFO    : Assuming uniform in component spin prior for all events.
14:20 bilby INFO    : Model is defined in terms of mass ratio, adjusting prior accordingly.
14:20 bilby INFO    : Found 78 O4a events in standard format.
14:20 bilby INFO    : Ignoring /home/zoheyr.doctor/projects/O4/RatesPop/o4a-astrodist/scripts/scrape_PE/O4a_post/S230529ay.h5.
14:20 bilby INFO    : Loaded 1685868274_EXP2_data0_1369694512-1015625_analysis_H1L1_merge_result from /home/zoheyr.doctor/projects/O4/RatesPop/o4a-astrodist/scripts/scrape_PE/O4a_post/S230601bf.h5.
14:20 bilby INFO    : Loaded 1685991573_G409693_data0_1369983241-487106_analysis_H1L1_merge_result from /home/zoheyr.doctor/projects/O4/RatesPop/o4a-astrodist/scripts/scrape_PE/O4a_post/S230605o.h5.
14:20 bilby INFO    : Loaded 1686235856_exp1_data0_1370047403-7929688_analysis_H1L1_merge_result from /home/zoheyr.doctor/projects/O4/RatesPop/o4a-astrodist/scripts/scrape_PE/O4a_post/S230606d.h5.
14:20 bilby INFO    : Loaded G410337_manual_maxDL_data0_1370292665-1610923_analysis_H1L1_merge from /home/zoheyr.doctor/projects/O4/RatesPop/o4a-astrodist/scripts/scrape_PE/O4a_post/S230608as.h5.
14:20 bilby INFO    : Loaded 1686318771_G410430_data0_1370328616-2765305_analysis_H1L1_merge_result from /home/zoheyr.doctor/projects/O4/RatesPop/o4a-astrodist/scripts/scrape_PE/O4a_post/S230609u.h5.
14:20 bilby INFO    : Loaded 1687639715_G413097_data0_1371641481-7704766_analysis_H1L1_merge_result from /home/zoheyr.doctor/projects/O4/RatesPop/o4a-astrodist/scripts/scrape_PE/O4a_post/S230624av.h5.
14:20 bilby INFO    : Loaded 1687973521_G413615_data0_1371866035-8144531_analysis_H1L1_merge_result from /home/zoheyr.doctor/projects/O4/RatesPop/o4a-astrodist/scripts/scrape_PE/O4a_post/S230627c.h5.
14:20 bilby INFO    : Loaded 1689142319_online_data0_1372029138-369629_analysis_H1L1_merge_result from /home/zoheyr.doctor/projects/O4/RatesPop/o4a-astrodist/scripts/scrape_PE/O4a_post/S230628ax.h5.
14:20 bilby INFO    : Loaded 1688139416_G414254_data0_1372165104-9019942_analysis_H1L1_merge_result from /home/zoheyr.doctor/projects/O4/RatesPop/o4a-astrodist/scripts/scrape_PE/O4a_post/S230630am.h5.
14:20 bilby INFO    : Loaded 1688667385_G414341_data0_1372203950-4072845_analysis_H1L1_merge_result from /home/zoheyr.doctor/projects/O4/RatesPop/o4a-astrodist/scripts/scrape_PE/O4a_post/S230630bq.h5.
14:20 bilby INFO    : Loaded 1688338595_G414699_data0_1372359311-7379198_analysis_H1L1_merge_result from /home/zoheyr.doctor/projects/O4/RatesPop/o4a-astrodist/scripts/scrape_PE/O4a_post/S230702an.h5.
14:20 bilby INFO    : Loaded 1688450331_G415010_data0_1372471949-2235675_analysis_H1L1_merge_result from /home/zoheyr.doctor/projects/O4/RatesPop/o4a-astrodist/scripts/scrape_PE/O4a_post/S230704f.h5.
14:20 bilby INFO    : Loaded 1688809432_G415815_data0_1372768865-3483527_analysis_H1L1_merge_result from /home/zoheyr.doctor/projects/O4/RatesPop/o4a-astrodist/scripts/scrape_PE/O4a_post/S230707ai.h5.
14:20 bilby INFO    : Loaded 1688948444_G416134_data0_1372871875-1939344_analysis_H1L1_merge_result from /home/zoheyr.doctor/projects/O4/RatesPop/o4a-astrodist/scripts/scrape_PE/O4a_post/S230708bi.h5.
14:20 bilby INFO    : Loaded 1688861947_G416203_data0_1372892993-4767747_analysis_H1L1_merge_result from /home/zoheyr.doctor/projects/O4/RatesPop/o4a-astrodist/scripts/scrape_PE/O4a_post/S230708cf.h5.
14:20 bilby INFO    : Loaded 1688972842_G416372_data0_1372940865-2021582_analysis_H1L1_merge_result from /home/zoheyr.doctor/projects/O4/RatesPop/o4a-astrodist/scripts/scrape_PE/O4a_post/S230709bi.h5.
14:20 bilby INFO    : Loaded 1690147056_G419204_data0_1374142732-4508808_analysis_H1L1_merge_result from /home/zoheyr.doctor/projects/O4/RatesPop/o4a-astrodist/scripts/scrape_PE/O4a_post/S230723ac.h5.
14:20 bilby INFO    : Loaded 1690340722_G419671_data0_1374366598-0600653_analysis_L1_merge_result from /home/zoheyr.doctor/projects/O4/RatesPop/o4a-astrodist/scripts/scrape_PE/O4a_post/S230726a.h5.
14:20 bilby INFO    : Loaded 1690622493_G420316_data0_1374654215-2012053_analysis_H1L1_merge_result from /home/zoheyr.doctor/projects/O4/RatesPop/o4a-astrodist/scripts/scrape_PE/O4a_post/S230729z.h5.
14:20 bilby INFO    : Loaded 1690844277_G420897_data0_1374875605-8886719_analysis_H1L1_merge_result from /home/zoheyr.doctor/projects/O4/RatesPop/o4a-astrodist/scripts/scrape_PE/O4a_post/S230731an.h5.
14:20 bilby INFO    : Loaded Exp1 from /home/zoheyr.doctor/projects/O4/RatesPop/o4a-astrodist/scripts/scrape_PE/O4a_post/S230802aq.h5.
14:20 bilby INFO    : Loaded online from /home/zoheyr.doctor/projects/O4/RatesPop/o4a-astrodist/scripts/scrape_PE/O4a_post/S230805x.h5.
14:20 bilby INFO    : Loaded Exp1 from /home/zoheyr.doctor/projects/O4/RatesPop/o4a-astrodist/scripts/scrape_PE/O4a_post/S230806ak.h5.
14:20 bilby INFO    : Ignoring /home/zoheyr.doctor/projects/O4/RatesPop/o4a-astrodist/scripts/scrape_PE/O4a_post/S230810af.h5.
14:20 bilby INFO    : Loaded online from /home/zoheyr.doctor/projects/O4/RatesPop/o4a-astrodist/scripts/scrape_PE/O4a_post/S230811n.h5.
14:20 bilby INFO    : Loaded EXP5 from /home/zoheyr.doctor/projects/O4/RatesPop/o4a-astrodist/scripts/scrape_PE/O4a_post/S230814ah.h5.
14:20 bilby INFO    : Loaded online from /home/zoheyr.doctor/projects/O4/RatesPop/o4a-astrodist/scripts/scrape_PE/O4a_post/S230814r.h5.
14:20 bilby INFO    : Loaded online from /home/zoheyr.doctor/projects/O4/RatesPop/o4a-astrodist/scripts/scrape_PE/O4a_post/S230819ax.h5.
14:20 bilby INFO    : Loaded EXP0 from /home/zoheyr.doctor/projects/O4/RatesPop/o4a-astrodist/scripts/scrape_PE/O4a_post/S230820bq.h5.
14:20 bilby INFO    : Loaded online from /home/zoheyr.doctor/projects/O4/RatesPop/o4a-astrodist/scripts/scrape_PE/O4a_post/S230822bm.h5.
14:20 bilby INFO    : Loaded online from /home/zoheyr.doctor/projects/O4/RatesPop/o4a-astrodist/scripts/scrape_PE/O4a_post/S230824r.h5.
14:20 bilby INFO    : Loaded Exp0 from /home/zoheyr.doctor/projects/O4/RatesPop/o4a-astrodist/scripts/scrape_PE/O4a_post/S230825k.h5.
14:20 bilby INFO    : Ignoring /home/zoheyr.doctor/projects/O4/RatesPop/o4a-astrodist/scripts/scrape_PE/O4a_post/S230830b.h5.
14:20 bilby INFO    : Loaded Exp0 from /home/zoheyr.doctor/projects/O4/RatesPop/o4a-astrodist/scripts/scrape_PE/O4a_post/S230831e.h5.
14:20 bilby INFO    : Loaded online from /home/zoheyr.doctor/projects/O4/RatesPop/o4a-astrodist/scripts/scrape_PE/O4a_post/S230904n.h5.
14:20 bilby INFO    : Loaded online from /home/zoheyr.doctor/projects/O4/RatesPop/o4a-astrodist/scripts/scrape_PE/O4a_post/S230911ae.h5.
14:20 bilby INFO    : Loaded online from /home/zoheyr.doctor/projects/O4/RatesPop/o4a-astrodist/scripts/scrape_PE/O4a_post/S230914ak.h5.
14:20 bilby INFO    : Loaded online from /home/zoheyr.doctor/projects/O4/RatesPop/o4a-astrodist/scripts/scrape_PE/O4a_post/S230919bj.h5.
14:20 bilby INFO    : Loaded online from /home/zoheyr.doctor/projects/O4/RatesPop/o4a-astrodist/scripts/scrape_PE/O4a_post/S230920al.h5.
14:20 bilby INFO    : Loaded online from /home/zoheyr.doctor/projects/O4/RatesPop/o4a-astrodist/scripts/scrape_PE/O4a_post/S230922g.h5.
14:20 bilby INFO    : Loaded Exp4 from /home/zoheyr.doctor/projects/O4/RatesPop/o4a-astrodist/scripts/scrape_PE/O4a_post/S230922q.h5.
14:20 bilby INFO    : Loaded online from /home/zoheyr.doctor/projects/O4/RatesPop/o4a-astrodist/scripts/scrape_PE/O4a_post/S230924an.h5.
14:20 bilby INFO    : Loaded online from /home/zoheyr.doctor/projects/O4/RatesPop/o4a-astrodist/scripts/scrape_PE/O4a_post/S230927be.h5.
14:20 bilby INFO    : Loaded online from /home/zoheyr.doctor/projects/O4/RatesPop/o4a-astrodist/scripts/scrape_PE/O4a_post/S230927l.h5.
14:20 bilby INFO    : Loaded Exp1 from /home/zoheyr.doctor/projects/O4/RatesPop/o4a-astrodist/scripts/scrape_PE/O4a_post/S230928cb.h5.
14:20 bilby INFO    : Loaded online from /home/zoheyr.doctor/projects/O4/RatesPop/o4a-astrodist/scripts/scrape_PE/O4a_post/S230930al.h5.
14:20 bilby INFO    : Loaded Exp1 from /home/zoheyr.doctor/projects/O4/RatesPop/o4a-astrodist/scripts/scrape_PE/O4a_post/S231001aq.h5.
14:20 bilby INFO    : Loaded online from /home/zoheyr.doctor/projects/O4/RatesPop/o4a-astrodist/scripts/scrape_PE/O4a_post/S231005ah.h5.
14:20 bilby INFO    : Loaded Exp0 from /home/zoheyr.doctor/projects/O4/RatesPop/o4a-astrodist/scripts/scrape_PE/O4a_post/S231005j.h5.
14:20 bilby INFO    : Loaded online from /home/zoheyr.doctor/projects/O4/RatesPop/o4a-astrodist/scripts/scrape_PE/O4a_post/S231008ap.h5.
14:20 bilby INFO    : Loaded Exp0 from /home/zoheyr.doctor/projects/O4/RatesPop/o4a-astrodist/scripts/scrape_PE/O4a_post/S231014r.h5.
14:20 bilby INFO    : Loaded Exp0 from /home/zoheyr.doctor/projects/O4/RatesPop/o4a-astrodist/scripts/scrape_PE/O4a_post/S231020ba.h5.
14:20 bilby INFO    : Ignoring /home/zoheyr.doctor/projects/O4/RatesPop/o4a-astrodist/scripts/scrape_PE/O4a_post/S231020bw.h5.
14:20 bilby INFO    : Loaded online from /home/zoheyr.doctor/projects/O4/RatesPop/o4a-astrodist/scripts/scrape_PE/O4a_post/S231028bg.h5.
14:20 bilby INFO    : Loaded online from /home/zoheyr.doctor/projects/O4/RatesPop/o4a-astrodist/scripts/scrape_PE/O4a_post/S231029y.h5.
14:20 bilby INFO    : Loaded online from /home/zoheyr.doctor/projects/O4/RatesPop/o4a-astrodist/scripts/scrape_PE/O4a_post/S231102w.h5.
14:20 bilby INFO    : Loaded Exp0 from /home/zoheyr.doctor/projects/O4/RatesPop/o4a-astrodist/scripts/scrape_PE/O4a_post/S231104ac.h5.
14:20 bilby INFO    : Loaded online from /home/zoheyr.doctor/projects/O4/RatesPop/o4a-astrodist/scripts/scrape_PE/O4a_post/S231108u.h5.
14:20 bilby INFO    : Loaded online from /home/zoheyr.doctor/projects/O4/RatesPop/o4a-astrodist/scripts/scrape_PE/O4a_post/S231110g.h5.
14:20 bilby INFO    : Loaded online from /home/zoheyr.doctor/projects/O4/RatesPop/o4a-astrodist/scripts/scrape_PE/O4a_post/S231112ag.h5.
14:20 bilby INFO    : Loaded online from /home/zoheyr.doctor/projects/O4/RatesPop/o4a-astrodist/scripts/scrape_PE/O4a_post/S231113bw.h5.
14:20 bilby INFO    : Loaded online from /home/zoheyr.doctor/projects/O4/RatesPop/o4a-astrodist/scripts/scrape_PE/O4a_post/S231114n.h5.
14:20 bilby INFO    : Loaded Exp0 from /home/zoheyr.doctor/projects/O4/RatesPop/o4a-astrodist/scripts/scrape_PE/O4a_post/S231118ab.h5.
14:20 bilby INFO    : Loaded Exp0 from /home/zoheyr.doctor/projects/O4/RatesPop/o4a-astrodist/scripts/scrape_PE/O4a_post/S231118an.h5.
14:20 bilby INFO    : Loaded online from /home/zoheyr.doctor/projects/O4/RatesPop/o4a-astrodist/scripts/scrape_PE/O4a_post/S231118d.h5.
14:20 bilby INFO    : Ignoring /home/zoheyr.doctor/projects/O4/RatesPop/o4a-astrodist/scripts/scrape_PE/O4a_post/S231123cg.h5.
14:20 bilby INFO    : Loaded online from /home/zoheyr.doctor/projects/O4/RatesPop/o4a-astrodist/scripts/scrape_PE/O4a_post/S231127cg.h5.
14:20 bilby INFO    : Loaded online from /home/zoheyr.doctor/projects/O4/RatesPop/o4a-astrodist/scripts/scrape_PE/O4a_post/S231129ac.h5.
14:20 bilby INFO    : Loaded online from /home/zoheyr.doctor/projects/O4/RatesPop/o4a-astrodist/scripts/scrape_PE/O4a_post/S231206ca.h5.
14:20 bilby INFO    : Loaded online from /home/zoheyr.doctor/projects/O4/RatesPop/o4a-astrodist/scripts/scrape_PE/O4a_post/S231206cc.h5.
14:20 bilby INFO    : Loaded online from /home/zoheyr.doctor/projects/O4/RatesPop/o4a-astrodist/scripts/scrape_PE/O4a_post/S231213ap.h5.
14:20 bilby INFO    : Loaded Exp0 from /home/zoheyr.doctor/projects/O4/RatesPop/o4a-astrodist/scripts/scrape_PE/O4a_post/S231223j.h5.
14:20 bilby INFO    : Loaded online from /home/zoheyr.doctor/projects/O4/RatesPop/o4a-astrodist/scripts/scrape_PE/O4a_post/S231224e.h5.
14:20 bilby INFO    : Loaded online from /home/zoheyr.doctor/projects/O4/RatesPop/o4a-astrodist/scripts/scrape_PE/O4a_post/S231226av.h5.
14:20 bilby INFO    : Loaded online from /home/zoheyr.doctor/projects/O4/RatesPop/o4a-astrodist/scripts/scrape_PE/O4a_post/S231231ag.h5.
14:20 bilby INFO    : Loaded online from /home/zoheyr.doctor/projects/O4/RatesPop/o4a-astrodist/scripts/scrape_PE/O4a_post/S240104bl.h5.
14:20 bilby INFO    : Loaded online from /home/zoheyr.doctor/projects/O4/RatesPop/o4a-astrodist/scripts/scrape_PE/O4a_post/S240109a.h5.
14:20 bilby INFO    : Using uniform in the comoving source frame distance prior for all events.
14:20 bilby INFO    : Assuming flat in detector frame mass prior for all events.
14:20 bilby INFO    : Assuming uniform in component spin prior for all events.
14:20 bilby INFO    : Model is defined in terms of mass ratio, adjusting prior accordingly.
14:20 bilby INFO    : Loaded 158 posteriors.
14:20 bilby INFO    : Outdir is O4a_powerlawm2min_nlive500_gammamax35
14:20 bilby INFO    : Downsampling to 3878 samples per posterior
14:20 bilby INFO    : Using 158 events, final event list is: GW150914_095045, GW151012_095443, GW151226_033853, GW170104_101158, GW170608_020116, GW170729_185629, GW170809_082821, GW170814_103043, GW170818_022509, GW170823_131358, GW190403_051519, GW190408_181802, GW190412_053044, GW190413_052954, GW190413_134308, GW190421_213856, GW190426_190642, GW190503_185404, GW190512_180714, GW190513_205428, GW190514_065416, GW190517_055101, GW190519_153544, GW190521_030229, GW190521_074359, GW190527_092055, GW190602_175927, GW190620_030421, GW190630_185205, GW190701_203306, GW190706_222641, GW190707_093326, GW190708_232457, GW190719_215514, GW190720_000836, GW190725_174728, GW190727_060333, GW190728_064510, GW190731_140936, GW190803_022701, GW190805_211137, GW190814_211039, GW190828_063405, GW190828_065509, GW190910_112807, GW190915_235702, GW190916_200658, GW190917_114630, GW190924_021846, GW190925_232845, GW190926_050336, GW190929_012149, GW190930_133541, GW191103_012549, GW191105_143521, GW191109_010717, GW191113_071753, GW191126_115259, GW191127_050227, GW191129_134029, GW191204_110529, GW191204_171526, GW191215_223052, GW191216_213338, GW191222_033537, GW191230_180458, GW200112_155838, GW200128_022011, GW200129_065458, GW200202_154313, GW200208_130117, GW200208_222617, GW200209_085452, GW200216_220804, GW200219_094415, GW200220_061928, GW200220_124850, GW200224_222234, GW200225_060421, GW200302_015811, GW200306_093714, GW200308_173609, GW200311_115853, GW200316_215756, GW200322_091133, S230601bf, S230605o, S230606d, S230608as, S230609u, S230624av, S230627c, S230628ax, S230630am, S230630bq, S230702an, S230704f, S230707ai, S230708bi, S230708cf, S230709bi, S230723ac, S230726a, S230729z, S230731an, S230802aq, S230805x, S230806ak, S230811n, S230814ah, S230814r, S230819ax, S230820bq, S230822bm, S230824r, S230825k, S230831e, S230904n, S230911ae, S230914ak, S230919bj, S230920al, S230922g, S230922q, S230924an, S230927be, S230927l, S230928cb, S230930al, S231001aq, S231005ah, S231005j, S231008ap, S231014r, S231020ba, S231028bg, S231029y, S231102w, S231104ac, S231108u, S231110g, S231112ag, S231113bw, S231114n, S231118ab, S231118an, S231118d, S231127cg, S231129ac, S231206ca, S231206cc, S231213ap, S231223j, S231224e, S231226av, S231231ag, S240104bl, S240109a.
14:20 bilby INFO    : Saving posteriors to posteriors.pkl
14:21 bilby INFO    : Loading VT data from /home/rp.o4/offline-injections/mixtures/T2400110-v2/rpo1234-cartesian_spins-semianalytic_o1_o2_o4a-real_o3.hdf.
14:22 bilby INFO    : Written injection data to O4a_powerlawm2min_nlive500_gammamax35/data/injections.pkl
