08:41 bilby INFO    : Loaded 85 posteriors
08:41 bilby INFO    : Using parabola_m2min_allgammazeta from variable_qmin.
08:41 bilby INFO    : Using PowerLawRedshift from gwpopulation.models.redshift.
08:41 bilby INFO    : Created gwpopulation.models.redshift.PowerLawRedshift with arguments {'z_max': 1.9}
08:41 bilby INFO    : Using parabola_m2min_allgammazeta from variable_qmin.
08:41 bilby INFO    : Using PowerLawRedshift from gwpopulation.models.redshift.
08:41 bilby INFO    : Created gwpopulation.models.redshift.PowerLawRedshift with arguments {'z_max': 1.9}
08:41 bilby INFO    : Loading VT data from O1O2O3_parabolam2min_prod_allgammazeta_jax/data/injections.pkl.
08:41 bilby INFO    : Identified keys: beta, mmax, gaussian_mass_maximum, lam, alpha, zeta, mmin, sigpp, mpp, gamma, lamb
2024-06-13 08:41:45.176327: E external/xla/xla/stream_executor/cuda/cuda_dnn.cc:429] There was an error before creating cudnn handle (35): cudaErrorInsufficientDriver : CUDA driver version is insufficient for CUDA runtime version
jax.errors.SimplifiedTraceback: For simplicity, JAX has removed its internal frames from the traceback of the following exception. Set JAX_TRACEBACK_FILTERING=off to include these.

The above exception was the direct cause of the following exception:

Traceback (most recent call last):
  File "/local/condor/execute/dir_133714/gwpopulation_pipe_analysis", line 8, in <module>
    sys.exit(main())
  File "/home/storm.colloms/.conda/envs/O4apop-jax/lib/python3.10/site-packages/gwpopulation_pipe/data_analysis.py", line 461, in main
    likelihood = create_likelihood(args, posteriors, model, selection)
  File "/home/storm.colloms/.conda/envs/O4apop-jax/lib/python3.10/site-packages/gwpopulation_pipe/data_analysis.py", line 222, in create_likelihood
    likelihood = likelihood_class(
  File "/home/storm.colloms/.local/lib/python3.10/site-packages/gwpopulation/hyperpe.py", line 80, in __init__
    self.data = self.resample_posteriors(posteriors, max_samples=max_samples)
  File "/home/storm.colloms/.local/lib/python3.10/site-packages/gwpopulation/hyperpe.py", line 293, in resample_posteriors
    data[key] = xp.array(data[key])
  File "/home/storm.colloms/.conda/envs/O4apop-jax/lib/python3.10/site-packages/jax/_src/numpy/lax_numpy.py", line 2592, in array
    out_array: Array = lax_internal._convert_element_type(
  File "/home/storm.colloms/.conda/envs/O4apop-jax/lib/python3.10/site-packages/jax/_src/lax/lax.py", line 559, in _convert_element_type
    return convert_element_type_p.bind(operand, new_dtype=new_dtype,
  File "/home/storm.colloms/.conda/envs/O4apop-jax/lib/python3.10/site-packages/jax/_src/core.py", line 387, in bind
    return self.bind_with_trace(find_top_trace(args), args, params)
  File "/home/storm.colloms/.conda/envs/O4apop-jax/lib/python3.10/site-packages/jax/_src/core.py", line 391, in bind_with_trace
    out = trace.process_primitive(self, map(trace.full_raise, args), params)
  File "/home/storm.colloms/.conda/envs/O4apop-jax/lib/python3.10/site-packages/jax/_src/core.py", line 879, in process_primitive
    return primitive.impl(*tracers, **params)
  File "/home/storm.colloms/.conda/envs/O4apop-jax/lib/python3.10/site-packages/jax/_src/dispatch.py", line 86, in apply_primitive
    outs = fun(*args)
jaxlib.xla_extension.XlaRuntimeError: FAILED_PRECONDITION: DNN library initialization failed. Look at the errors above for more details.
09:32 bilby INFO    : Loaded 85 posteriors
09:32 bilby INFO    : Using parabola_m2min_allgammazeta from variable_qmin.
09:32 bilby INFO    : Using PowerLawRedshift from gwpopulation.models.redshift.
09:32 bilby INFO    : Created gwpopulation.models.redshift.PowerLawRedshift with arguments {'z_max': 1.9}
09:32 bilby INFO    : Using parabola_m2min_allgammazeta from variable_qmin.
09:32 bilby INFO    : Using PowerLawRedshift from gwpopulation.models.redshift.
09:32 bilby INFO    : Created gwpopulation.models.redshift.PowerLawRedshift with arguments {'z_max': 1.9}
09:32 bilby INFO    : Loading VT data from O1O2O3_parabolam2min_prod_allgammazeta_jax/data/injections.pkl.
09:32 bilby INFO    : Identified keys: gamma, mmax, zeta, lam, mmin, alpha, beta, gaussian_mass_maximum, mpp, sigpp, lamb
2024-06-13 09:32:03.777848: E external/xla/xla/stream_executor/cuda/cuda_dnn.cc:429] There was an error before creating cudnn handle (35): cudaErrorInsufficientDriver : CUDA driver version is insufficient for CUDA runtime version
jax.errors.SimplifiedTraceback: For simplicity, JAX has removed its internal frames from the traceback of the following exception. Set JAX_TRACEBACK_FILTERING=off to include these.

The above exception was the direct cause of the following exception:

Traceback (most recent call last):
  File "/local/condor/execute/dir_143077/gwpopulation_pipe_analysis", line 8, in <module>
    sys.exit(main())
  File "/home/storm.colloms/.conda/envs/O4apop-jax/lib/python3.10/site-packages/gwpopulation_pipe/data_analysis.py", line 461, in main
    likelihood = create_likelihood(args, posteriors, model, selection)
  File "/home/storm.colloms/.conda/envs/O4apop-jax/lib/python3.10/site-packages/gwpopulation_pipe/data_analysis.py", line 222, in create_likelihood
    likelihood = likelihood_class(
  File "/home/storm.colloms/.local/lib/python3.10/site-packages/gwpopulation/hyperpe.py", line 80, in __init__
    self.data = self.resample_posteriors(posteriors, max_samples=max_samples)
  File "/home/storm.colloms/.local/lib/python3.10/site-packages/gwpopulation/hyperpe.py", line 293, in resample_posteriors
    data[key] = xp.array(data[key])
  File "/home/storm.colloms/.conda/envs/O4apop-jax/lib/python3.10/site-packages/jax/_src/numpy/lax_numpy.py", line 2592, in array
    out_array: Array = lax_internal._convert_element_type(
  File "/home/storm.colloms/.conda/envs/O4apop-jax/lib/python3.10/site-packages/jax/_src/lax/lax.py", line 559, in _convert_element_type
    return convert_element_type_p.bind(operand, new_dtype=new_dtype,
  File "/home/storm.colloms/.conda/envs/O4apop-jax/lib/python3.10/site-packages/jax/_src/core.py", line 387, in bind
    return self.bind_with_trace(find_top_trace(args), args, params)
  File "/home/storm.colloms/.conda/envs/O4apop-jax/lib/python3.10/site-packages/jax/_src/core.py", line 391, in bind_with_trace
    out = trace.process_primitive(self, map(trace.full_raise, args), params)
  File "/home/storm.colloms/.conda/envs/O4apop-jax/lib/python3.10/site-packages/jax/_src/core.py", line 879, in process_primitive
    return primitive.impl(*tracers, **params)
  File "/home/storm.colloms/.conda/envs/O4apop-jax/lib/python3.10/site-packages/jax/_src/dispatch.py", line 86, in apply_primitive
    outs = fun(*args)
jaxlib.xla_extension.XlaRuntimeError: FAILED_PRECONDITION: DNN library initialization failed. Look at the errors above for more details.
10:01 bilby INFO    : Loaded 85 posteriors
10:01 bilby INFO    : Using parabola_m2min_allgammazeta from variable_qmin.
10:01 bilby INFO    : Using PowerLawRedshift from gwpopulation.models.redshift.
10:01 bilby INFO    : Created gwpopulation.models.redshift.PowerLawRedshift with arguments {'z_max': 1.9}
10:01 bilby INFO    : Using parabola_m2min_allgammazeta from variable_qmin.
10:01 bilby INFO    : Using PowerLawRedshift from gwpopulation.models.redshift.
10:01 bilby INFO    : Created gwpopulation.models.redshift.PowerLawRedshift with arguments {'z_max': 1.9}
10:01 bilby INFO    : Loading VT data from O1O2O3_parabolam2min_prod_allgammazeta_jax/data/injections.pkl.
10:01 bilby INFO    : Identified keys: lam, alpha, mmax, beta, mpp, mmin, sigpp, zeta, gaussian_mass_maximum, gamma, lamb
10:01 bilby INFO    : Running for label 'bbh_mass_parabola_m2min_allgammazeta_redshift_powerlaw', output will be saved to 'O1O2O3_parabolam2min_prod_allgammazeta_jax/result'
/home/storm.colloms/.conda/envs/O4apop-jax/lib/python3.10/site-packages/_distutils_hack/__init__.py:26: UserWarning: Setuptools is replacing distutils.
  warnings.warn("Setuptools is replacing distutils.")
10:01 bilby INFO    : Analysis priors:
10:01 bilby INFO    : alpha=Uniform(minimum=-4, maximum=12, name='alpha', latex_label='$\\alpha$', unit=None, boundary=None)
10:01 bilby INFO    : beta=Uniform(minimum=-2, maximum=7, name='beta', latex_label='$\\beta_{q}$', unit=None, boundary=None)
10:01 bilby INFO    : gamma=Uniform(minimum=-1, maximum=1, name='gamma', latex_label='$\\gamma_{q}$', unit=None, boundary=None)
10:01 bilby INFO    : zeta=Uniform(minimum=-0.017094017094, maximum=0.017094017094, name='zeta', latex_label='$\\zeta_{q}$', unit=None, boundary=None)
10:01 bilby INFO    : mmax=Uniform(minimum=62, maximum=100, name='mmax', latex_label='$m_{\\max}$', unit=None, boundary=None)
10:01 bilby INFO    : mmin=Uniform(minimum=2, maximum=6, name='mmin', latex_label='$m_{\\min}$', unit=None, boundary=None)
10:01 bilby INFO    : lam=Uniform(minimum=0, maximum=1, name='lambda', latex_label='$\\lambda_{m}$', unit=None, boundary=None)
10:01 bilby INFO    : mpp=Uniform(minimum=20, maximum=50, name='mpp', latex_label='$\\mu_{m}$', unit=None, boundary=None)
10:01 bilby INFO    : sigpp=Uniform(minimum=1, maximum=10, name='sigpp', latex_label='$\\sigma_{m}$', unit=None, boundary=None)
10:01 bilby INFO    : lamb=Uniform(minimum=-2, maximum=8, name='lamb', latex_label='$\\lambda_z$', unit=None, boundary=None)
10:01 bilby INFO    : alpha_chi=Constraint(minimum=1, maximum=100000.0, name=None, latex_label=None, unit=None)
10:01 bilby INFO    : beta_chi=Constraint(minimum=1, maximum=100000.0, name=None, latex_label=None, unit=None)
10:01 bilby INFO    : gaussian_mass_maximum=100.0
10:01 bilby INFO    : Analysis likelihood class: <class 'gwpopulation.experimental.jax.JittedLikelihood'>
10:01 bilby INFO    : Analysis likelihood noise evidence: nan
10:01 bilby INFO    : Single likelihood evaluation took nan s
10:05 bilby INFO    : Loaded 85 posteriors
10:05 bilby INFO    : Using parabola_m2min_allgammazeta from variable_qmin.
10:05 bilby INFO    : Using PowerLawRedshift from gwpopulation.models.redshift.
10:05 bilby INFO    : Created gwpopulation.models.redshift.PowerLawRedshift with arguments {'z_max': 1.9}
10:05 bilby INFO    : Using parabola_m2min_allgammazeta from variable_qmin.
10:05 bilby INFO    : Using PowerLawRedshift from gwpopulation.models.redshift.
10:05 bilby INFO    : Created gwpopulation.models.redshift.PowerLawRedshift with arguments {'z_max': 1.9}
10:05 bilby INFO    : Loading VT data from O1O2O3_parabolam2min_prod_allgammazeta_jax/data/injections.pkl.
10:05 bilby INFO    : Identified keys: alpha, mmax, mpp, gaussian_mass_maximum, lam, sigpp, zeta, gamma, mmin, beta, lamb
10:05 bilby INFO    : Running for label 'bbh_mass_parabola_m2min_allgammazeta_redshift_powerlaw', output will be saved to 'O1O2O3_parabolam2min_prod_allgammazeta_jax/result'
/home/storm.colloms/.conda/envs/O4apop-jax/lib/python3.10/site-packages/_distutils_hack/__init__.py:26: UserWarning: Setuptools is replacing distutils.
  warnings.warn("Setuptools is replacing distutils.")
10:05 bilby INFO    : Analysis priors:
10:05 bilby INFO    : alpha=Uniform(minimum=-4, maximum=12, name='alpha', latex_label='$\\alpha$', unit=None, boundary=None)
10:05 bilby INFO    : beta=Uniform(minimum=-2, maximum=7, name='beta', latex_label='$\\beta_{q}$', unit=None, boundary=None)
10:05 bilby INFO    : gamma=Uniform(minimum=-1, maximum=1, name='gamma', latex_label='$\\gamma_{q}$', unit=None, boundary=None)
10:05 bilby INFO    : zeta=Uniform(minimum=-0.017094017094, maximum=0.017094017094, name='zeta', latex_label='$\\zeta_{q}$', unit=None, boundary=None)
10:05 bilby INFO    : mmax=Uniform(minimum=62, maximum=100, name='mmax', latex_label='$m_{\\max}$', unit=None, boundary=None)
10:05 bilby INFO    : mmin=Uniform(minimum=2, maximum=6, name='mmin', latex_label='$m_{\\min}$', unit=None, boundary=None)
10:05 bilby INFO    : lam=Uniform(minimum=0, maximum=1, name='lambda', latex_label='$\\lambda_{m}$', unit=None, boundary=None)
10:05 bilby INFO    : mpp=Uniform(minimum=20, maximum=50, name='mpp', latex_label='$\\mu_{m}$', unit=None, boundary=None)
10:05 bilby INFO    : sigpp=Uniform(minimum=1, maximum=10, name='sigpp', latex_label='$\\sigma_{m}$', unit=None, boundary=None)
10:05 bilby INFO    : lamb=Uniform(minimum=-2, maximum=8, name='lamb', latex_label='$\\lambda_z$', unit=None, boundary=None)
10:05 bilby INFO    : alpha_chi=Constraint(minimum=1, maximum=100000.0, name=None, latex_label=None, unit=None)
10:05 bilby INFO    : beta_chi=Constraint(minimum=1, maximum=100000.0, name=None, latex_label=None, unit=None)
10:05 bilby INFO    : gaussian_mass_maximum=100.0
10:05 bilby INFO    : Analysis likelihood class: <class 'gwpopulation.experimental.jax.JittedLikelihood'>
10:05 bilby INFO    : Analysis likelihood noise evidence: nan
10:05 bilby INFO    : Single likelihood evaluation took nan s
10:05 bilby INFO    : Using sampler Dynesty with kwargs {'nlive': 500, 'bound': 'live', 'sample': 'act-walk', 'periodic': None, 'reflective': None, 'update_interval': 600, 'first_update': None, 'npdim': None, 'rstate': None, 'queue_size': 1, 'pool': None, 'use_pool': None, 'live_points': None, 'logl_args': None, 'logl_kwargs': None, 'ptform_args': None, 'ptform_kwargs': None, 'gradient': None, 'grad_args': None, 'grad_kwargs': None, 'compute_jac': False, 'enlarge': None, 'bootstrap': None, 'walks': 5, 'facc': 0.2, 'slices': None, 'fmove': 0.9, 'max_move': 100, 'update_func': None, 'ncdim': None, 'blob': False, 'save_history': False, 'history_filename': None, 'maxiter': None, 'maxcall': None, 'dlogz': 0.1, 'logl_max': inf, 'n_effective': None, 'add_live': True, 'print_progress': True, 'print_func': <bound method Dynesty._print_func of <bilby.core.sampler.dynesty.Dynesty object at 0x14d9704fab90>>, 'save_bounds': False, 'checkpoint_file': None, 'checkpoint_every': 60, 'resume': False, 'seed': None}
10:05 bilby INFO    : Checkpoint every check_point_delta_t = 600s
10:05 bilby INFO    : Using dynesty version 2.1.3
10:05 bilby INFO    : Using the bilby-implemented act-walk sampling tracking the autocorrelation function and thinning by 2 with maximum length 10000
10:05 bilby INFO    : Reading resume file O1O2O3_parabolam2min_prod_allgammazeta_jax/result/bbh_mass_parabola_m2min_allgammazeta_redshift_powerlaw_resume.pickle
10:05 bilby WARNING : The resume file O1O2O3_parabolam2min_prod_allgammazeta_jax/result/bbh_mass_parabola_m2min_allgammazeta_redshift_powerlaw_resume.pickle is corrupted or the version of bilby has changed between runs. This resume file will be ignored.
10:05 bilby INFO    : Generating initial points from the prior
/home/storm.colloms/.conda/envs/O4apop-jax/lib/python3.10/site-packages/dynesty/sampler.py:756: UserWarning: The sampling was stopped short due to maxiter/maxcall limit the delta(log(z)) criterion is not achieved; posterior may be poorly sampled
  warnings.warn('The sampling was stopped short due to'
10:30 bilby INFO    : Written checkpoint file O1O2O3_parabolam2min_prod_allgammazeta_jax/result/bbh_mass_parabola_m2min_allgammazeta_redshift_powerlaw_resume.pickle
/home/storm.colloms/.conda/envs/O4apop-jax/lib/python3.10/site-packages/dynesty/sampler.py:756: UserWarning: The sampling was stopped short due to maxiter/maxcall limit the delta(log(z)) criterion is not achieved; posterior may be poorly sampled
  warnings.warn('The sampling was stopped short due to'
10:53 bilby INFO    : Written checkpoint file O1O2O3_parabolam2min_prod_allgammazeta_jax/result/bbh_mass_parabola_m2min_allgammazeta_redshift_powerlaw_resume.pickle
/home/storm.colloms/.conda/envs/O4apop-jax/lib/python3.10/site-packages/dynesty/sampler.py:756: UserWarning: The sampling was stopped short due to maxiter/maxcall limit the delta(log(z)) criterion is not achieved; posterior may be poorly sampled
  warnings.warn('The sampling was stopped short due to'
11:16 bilby INFO    : Written checkpoint file O1O2O3_parabolam2min_prod_allgammazeta_jax/result/bbh_mass_parabola_m2min_allgammazeta_redshift_powerlaw_resume.pickle
/home/storm.colloms/.conda/envs/O4apop-jax/lib/python3.10/site-packages/dynesty/sampler.py:756: UserWarning: The sampling was stopped short due to maxiter/maxcall limit the delta(log(z)) criterion is not achieved; posterior may be poorly sampled
  warnings.warn('The sampling was stopped short due to'
11:38 bilby INFO    : Written checkpoint file O1O2O3_parabolam2min_prod_allgammazeta_jax/result/bbh_mass_parabola_m2min_allgammazeta_redshift_powerlaw_resume.pickle
/home/storm.colloms/.conda/envs/O4apop-jax/lib/python3.10/site-packages/dynesty/sampler.py:756: UserWarning: The sampling was stopped short due to maxiter/maxcall limit the delta(log(z)) criterion is not achieved; posterior may be poorly sampled
  warnings.warn('The sampling was stopped short due to'
12:01 bilby INFO    : Written checkpoint file O1O2O3_parabolam2min_prod_allgammazeta_jax/result/bbh_mass_parabola_m2min_allgammazeta_redshift_powerlaw_resume.pickle
/home/storm.colloms/.conda/envs/O4apop-jax/lib/python3.10/site-packages/dynesty/sampler.py:756: UserWarning: The sampling was stopped short due to maxiter/maxcall limit the delta(log(z)) criterion is not achieved; posterior may be poorly sampled
  warnings.warn('The sampling was stopped short due to'
12:23 bilby INFO    : Written checkpoint file O1O2O3_parabolam2min_prod_allgammazeta_jax/result/bbh_mass_parabola_m2min_allgammazeta_redshift_powerlaw_resume.pickle
/home/storm.colloms/.conda/envs/O4apop-jax/lib/python3.10/site-packages/dynesty/sampler.py:756: UserWarning: The sampling was stopped short due to maxiter/maxcall limit the delta(log(z)) criterion is not achieved; posterior may be poorly sampled
  warnings.warn('The sampling was stopped short due to'
12:46 bilby INFO    : Written checkpoint file O1O2O3_parabolam2min_prod_allgammazeta_jax/result/bbh_mass_parabola_m2min_allgammazeta_redshift_powerlaw_resume.pickle
/home/storm.colloms/.conda/envs/O4apop-jax/lib/python3.10/site-packages/dynesty/sampler.py:756: UserWarning: The sampling was stopped short due to maxiter/maxcall limit the delta(log(z)) criterion is not achieved; posterior may be poorly sampled
  warnings.warn('The sampling was stopped short due to'
13:13 bilby INFO    : Written checkpoint file O1O2O3_parabolam2min_prod_allgammazeta_jax/result/bbh_mass_parabola_m2min_allgammazeta_redshift_powerlaw_resume.pickle
/home/storm.colloms/.conda/envs/O4apop-jax/lib/python3.10/site-packages/dynesty/sampler.py:756: UserWarning: The sampling was stopped short due to maxiter/maxcall limit the delta(log(z)) criterion is not achieved; posterior may be poorly sampled
  warnings.warn('The sampling was stopped short due to'
13:30 bilby INFO    : Written checkpoint file O1O2O3_parabolam2min_prod_allgammazeta_jax/result/bbh_mass_parabola_m2min_allgammazeta_redshift_powerlaw_resume.pickle
/home/storm.colloms/.conda/envs/O4apop-jax/lib/python3.10/site-packages/dynesty/sampler.py:756: UserWarning: The sampling was stopped short due to maxiter/maxcall limit the delta(log(z)) criterion is not achieved; posterior may be poorly sampled
  warnings.warn('The sampling was stopped short due to'
13:53 bilby INFO    : Written checkpoint file O1O2O3_parabolam2min_prod_allgammazeta_jax/result/bbh_mass_parabola_m2min_allgammazeta_redshift_powerlaw_resume.pickle
/home/storm.colloms/.conda/envs/O4apop-jax/lib/python3.10/site-packages/dynesty/sampler.py:756: UserWarning: The sampling was stopped short due to maxiter/maxcall limit the delta(log(z)) criterion is not achieved; posterior may be poorly sampled
  warnings.warn('The sampling was stopped short due to'
14:14 bilby INFO    : Written checkpoint file O1O2O3_parabolam2min_prod_allgammazeta_jax/result/bbh_mass_parabola_m2min_allgammazeta_redshift_powerlaw_resume.pickle
/home/storm.colloms/.conda/envs/O4apop-jax/lib/python3.10/site-packages/dynesty/sampler.py:756: UserWarning: The sampling was stopped short due to maxiter/maxcall limit the delta(log(z)) criterion is not achieved; posterior may be poorly sampled
  warnings.warn('The sampling was stopped short due to'
14:38 bilby INFO    : Written checkpoint file O1O2O3_parabolam2min_prod_allgammazeta_jax/result/bbh_mass_parabola_m2min_allgammazeta_redshift_powerlaw_resume.pickle
/home/storm.colloms/.conda/envs/O4apop-jax/lib/python3.10/site-packages/dynesty/sampler.py:756: UserWarning: The sampling was stopped short due to maxiter/maxcall limit the delta(log(z)) criterion is not achieved; posterior may be poorly sampled
  warnings.warn('The sampling was stopped short due to'
15:00 bilby INFO    : Written checkpoint file O1O2O3_parabolam2min_prod_allgammazeta_jax/result/bbh_mass_parabola_m2min_allgammazeta_redshift_powerlaw_resume.pickle
/home/storm.colloms/.conda/envs/O4apop-jax/lib/python3.10/site-packages/dynesty/sampler.py:756: UserWarning: The sampling was stopped short due to maxiter/maxcall limit the delta(log(z)) criterion is not achieved; posterior may be poorly sampled
  warnings.warn('The sampling was stopped short due to'
15:33 bilby INFO    : Written checkpoint file O1O2O3_parabolam2min_prod_allgammazeta_jax/result/bbh_mass_parabola_m2min_allgammazeta_redshift_powerlaw_resume.pickle
/home/storm.colloms/.conda/envs/O4apop-jax/lib/python3.10/site-packages/dynesty/sampler.py:756: UserWarning: The sampling was stopped short due to maxiter/maxcall limit the delta(log(z)) criterion is not achieved; posterior may be poorly sampled
  warnings.warn('The sampling was stopped short due to'
15:45 bilby INFO    : Written checkpoint file O1O2O3_parabolam2min_prod_allgammazeta_jax/result/bbh_mass_parabola_m2min_allgammazeta_redshift_powerlaw_resume.pickle
/home/storm.colloms/.conda/envs/O4apop-jax/lib/python3.10/site-packages/dynesty/sampler.py:756: UserWarning: The sampling was stopped short due to maxiter/maxcall limit the delta(log(z)) criterion is not achieved; posterior may be poorly sampled
  warnings.warn('The sampling was stopped short due to'
16:14 bilby INFO    : Written checkpoint file O1O2O3_parabolam2min_prod_allgammazeta_jax/result/bbh_mass_parabola_m2min_allgammazeta_redshift_powerlaw_resume.pickle
/home/storm.colloms/.conda/envs/O4apop-jax/lib/python3.10/site-packages/dynesty/sampler.py:756: UserWarning: The sampling was stopped short due to maxiter/maxcall limit the delta(log(z)) criterion is not achieved; posterior may be poorly sampled
  warnings.warn('The sampling was stopped short due to'
16:30 bilby INFO    : Written checkpoint file O1O2O3_parabolam2min_prod_allgammazeta_jax/result/bbh_mass_parabola_m2min_allgammazeta_redshift_powerlaw_resume.pickle
/home/storm.colloms/.conda/envs/O4apop-jax/lib/python3.10/site-packages/dynesty/sampler.py:756: UserWarning: The sampling was stopped short due to maxiter/maxcall limit the delta(log(z)) criterion is not achieved; posterior may be poorly sampled
  warnings.warn('The sampling was stopped short due to'
16:56 bilby INFO    : Written checkpoint file O1O2O3_parabolam2min_prod_allgammazeta_jax/result/bbh_mass_parabola_m2min_allgammazeta_redshift_powerlaw_resume.pickle
/home/storm.colloms/.conda/envs/O4apop-jax/lib/python3.10/site-packages/dynesty/sampler.py:756: UserWarning: The sampling was stopped short due to maxiter/maxcall limit the delta(log(z)) criterion is not achieved; posterior may be poorly sampled
  warnings.warn('The sampling was stopped short due to'
17:26 bilby INFO    : Written checkpoint file O1O2O3_parabolam2min_prod_allgammazeta_jax/result/bbh_mass_parabola_m2min_allgammazeta_redshift_powerlaw_resume.pickle
/home/storm.colloms/.conda/envs/O4apop-jax/lib/python3.10/site-packages/dynesty/sampler.py:756: UserWarning: The sampling was stopped short due to maxiter/maxcall limit the delta(log(z)) criterion is not achieved; posterior may be poorly sampled
  warnings.warn('The sampling was stopped short due to'
17:47 bilby INFO    : Written checkpoint file O1O2O3_parabolam2min_prod_allgammazeta_jax/result/bbh_mass_parabola_m2min_allgammazeta_redshift_powerlaw_resume.pickle
/home/storm.colloms/.conda/envs/O4apop-jax/lib/python3.10/site-packages/dynesty/sampler.py:756: UserWarning: The sampling was stopped short due to maxiter/maxcall limit the delta(log(z)) criterion is not achieved; posterior may be poorly sampled
  warnings.warn('The sampling was stopped short due to'
18:12 bilby INFO    : Written checkpoint file O1O2O3_parabolam2min_prod_allgammazeta_jax/result/bbh_mass_parabola_m2min_allgammazeta_redshift_powerlaw_resume.pickle
/home/storm.colloms/.conda/envs/O4apop-jax/lib/python3.10/site-packages/dynesty/sampler.py:756: UserWarning: The sampling was stopped short due to maxiter/maxcall limit the delta(log(z)) criterion is not achieved; posterior may be poorly sampled
  warnings.warn('The sampling was stopped short due to'
18:34 bilby INFO    : Written checkpoint file O1O2O3_parabolam2min_prod_allgammazeta_jax/result/bbh_mass_parabola_m2min_allgammazeta_redshift_powerlaw_resume.pickle
/home/storm.colloms/.conda/envs/O4apop-jax/lib/python3.10/site-packages/dynesty/sampler.py:756: UserWarning: The sampling was stopped short due to maxiter/maxcall limit the delta(log(z)) criterion is not achieved; posterior may be poorly sampled
  warnings.warn('The sampling was stopped short due to'
18:57 bilby INFO    : Written checkpoint file O1O2O3_parabolam2min_prod_allgammazeta_jax/result/bbh_mass_parabola_m2min_allgammazeta_redshift_powerlaw_resume.pickle
/home/storm.colloms/.conda/envs/O4apop-jax/lib/python3.10/site-packages/dynesty/sampler.py:756: UserWarning: The sampling was stopped short due to maxiter/maxcall limit the delta(log(z)) criterion is not achieved; posterior may be poorly sampled
  warnings.warn('The sampling was stopped short due to'
19:19 bilby INFO    : Written checkpoint file O1O2O3_parabolam2min_prod_allgammazeta_jax/result/bbh_mass_parabola_m2min_allgammazeta_redshift_powerlaw_resume.pickle
/home/storm.colloms/.conda/envs/O4apop-jax/lib/python3.10/site-packages/dynesty/sampler.py:756: UserWarning: The sampling was stopped short due to maxiter/maxcall limit the delta(log(z)) criterion is not achieved; posterior may be poorly sampled
  warnings.warn('The sampling was stopped short due to'
19:36 bilby INFO    : Written checkpoint file O1O2O3_parabolam2min_prod_allgammazeta_jax/result/bbh_mass_parabola_m2min_allgammazeta_redshift_powerlaw_resume.pickle
/home/storm.colloms/.conda/envs/O4apop-jax/lib/python3.10/site-packages/dynesty/sampler.py:756: UserWarning: The sampling was stopped short due to maxiter/maxcall limit the delta(log(z)) criterion is not achieved; posterior may be poorly sampled
  warnings.warn('The sampling was stopped short due to'
19:59 bilby INFO    : Written checkpoint file O1O2O3_parabolam2min_prod_allgammazeta_jax/result/bbh_mass_parabola_m2min_allgammazeta_redshift_powerlaw_resume.pickle
/home/storm.colloms/.conda/envs/O4apop-jax/lib/python3.10/site-packages/dynesty/sampler.py:756: UserWarning: The sampling was stopped short due to maxiter/maxcall limit the delta(log(z)) criterion is not achieved; posterior may be poorly sampled
  warnings.warn('The sampling was stopped short due to'
20:22 bilby INFO    : Written checkpoint file O1O2O3_parabolam2min_prod_allgammazeta_jax/result/bbh_mass_parabola_m2min_allgammazeta_redshift_powerlaw_resume.pickle
/home/storm.colloms/.conda/envs/O4apop-jax/lib/python3.10/site-packages/dynesty/sampler.py:756: UserWarning: The sampling was stopped short due to maxiter/maxcall limit the delta(log(z)) criterion is not achieved; posterior may be poorly sampled
  warnings.warn('The sampling was stopped short due to'
20:40 bilby INFO    : Written checkpoint file O1O2O3_parabolam2min_prod_allgammazeta_jax/result/bbh_mass_parabola_m2min_allgammazeta_redshift_powerlaw_resume.pickle
/home/storm.colloms/.conda/envs/O4apop-jax/lib/python3.10/site-packages/dynesty/sampler.py:756: UserWarning: The sampling was stopped short due to maxiter/maxcall limit the delta(log(z)) criterion is not achieved; posterior may be poorly sampled
  warnings.warn('The sampling was stopped short due to'
21:04 bilby INFO    : Written checkpoint file O1O2O3_parabolam2min_prod_allgammazeta_jax/result/bbh_mass_parabola_m2min_allgammazeta_redshift_powerlaw_resume.pickle
/home/storm.colloms/.conda/envs/O4apop-jax/lib/python3.10/site-packages/dynesty/sampler.py:756: UserWarning: The sampling was stopped short due to maxiter/maxcall limit the delta(log(z)) criterion is not achieved; posterior may be poorly sampled
  warnings.warn('The sampling was stopped short due to'
21:34 bilby INFO    : Written checkpoint file O1O2O3_parabolam2min_prod_allgammazeta_jax/result/bbh_mass_parabola_m2min_allgammazeta_redshift_powerlaw_resume.pickle
/home/storm.colloms/.conda/envs/O4apop-jax/lib/python3.10/site-packages/dynesty/sampler.py:756: UserWarning: The sampling was stopped short due to maxiter/maxcall limit the delta(log(z)) criterion is not achieved; posterior may be poorly sampled
  warnings.warn('The sampling was stopped short due to'
21:53 bilby INFO    : Written checkpoint file O1O2O3_parabolam2min_prod_allgammazeta_jax/result/bbh_mass_parabola_m2min_allgammazeta_redshift_powerlaw_resume.pickle
/home/storm.colloms/.conda/envs/O4apop-jax/lib/python3.10/site-packages/dynesty/sampler.py:756: UserWarning: The sampling was stopped short due to maxiter/maxcall limit the delta(log(z)) criterion is not achieved; posterior may be poorly sampled
  warnings.warn('The sampling was stopped short due to'
22:12 bilby INFO    : Written checkpoint file O1O2O3_parabolam2min_prod_allgammazeta_jax/result/bbh_mass_parabola_m2min_allgammazeta_redshift_powerlaw_resume.pickle
/home/storm.colloms/.conda/envs/O4apop-jax/lib/python3.10/site-packages/dynesty/sampler.py:756: UserWarning: The sampling was stopped short due to maxiter/maxcall limit the delta(log(z)) criterion is not achieved; posterior may be poorly sampled
  warnings.warn('The sampling was stopped short due to'
22:37 bilby INFO    : Written checkpoint file O1O2O3_parabolam2min_prod_allgammazeta_jax/result/bbh_mass_parabola_m2min_allgammazeta_redshift_powerlaw_resume.pickle
/home/storm.colloms/.conda/envs/O4apop-jax/lib/python3.10/site-packages/dynesty/sampler.py:756: UserWarning: The sampling was stopped short due to maxiter/maxcall limit the delta(log(z)) criterion is not achieved; posterior may be poorly sampled
  warnings.warn('The sampling was stopped short due to'
22:58 bilby INFO    : Written checkpoint file O1O2O3_parabolam2min_prod_allgammazeta_jax/result/bbh_mass_parabola_m2min_allgammazeta_redshift_powerlaw_resume.pickle
/home/storm.colloms/.conda/envs/O4apop-jax/lib/python3.10/site-packages/dynesty/sampler.py:756: UserWarning: The sampling was stopped short due to maxiter/maxcall limit the delta(log(z)) criterion is not achieved; posterior may be poorly sampled
  warnings.warn('The sampling was stopped short due to'
23:20 bilby INFO    : Written checkpoint file O1O2O3_parabolam2min_prod_allgammazeta_jax/result/bbh_mass_parabola_m2min_allgammazeta_redshift_powerlaw_resume.pickle
/home/storm.colloms/.conda/envs/O4apop-jax/lib/python3.10/site-packages/dynesty/sampler.py:756: UserWarning: The sampling was stopped short due to maxiter/maxcall limit the delta(log(z)) criterion is not achieved; posterior may be poorly sampled
  warnings.warn('The sampling was stopped short due to'
23:44 bilby INFO    : Written checkpoint file O1O2O3_parabolam2min_prod_allgammazeta_jax/result/bbh_mass_parabola_m2min_allgammazeta_redshift_powerlaw_resume.pickle
/home/storm.colloms/.conda/envs/O4apop-jax/lib/python3.10/site-packages/dynesty/sampler.py:756: UserWarning: The sampling was stopped short due to maxiter/maxcall limit the delta(log(z)) criterion is not achieved; posterior may be poorly sampled
  warnings.warn('The sampling was stopped short due to'
00:05 bilby INFO    : Written checkpoint file O1O2O3_parabolam2min_prod_allgammazeta_jax/result/bbh_mass_parabola_m2min_allgammazeta_redshift_powerlaw_resume.pickle
/home/storm.colloms/.conda/envs/O4apop-jax/lib/python3.10/site-packages/dynesty/sampler.py:756: UserWarning: The sampling was stopped short due to maxiter/maxcall limit the delta(log(z)) criterion is not achieved; posterior may be poorly sampled
  warnings.warn('The sampling was stopped short due to'
00:28 bilby INFO    : Written checkpoint file O1O2O3_parabolam2min_prod_allgammazeta_jax/result/bbh_mass_parabola_m2min_allgammazeta_redshift_powerlaw_resume.pickle
/home/storm.colloms/.conda/envs/O4apop-jax/lib/python3.10/site-packages/dynesty/sampler.py:756: UserWarning: The sampling was stopped short due to maxiter/maxcall limit the delta(log(z)) criterion is not achieved; posterior may be poorly sampled
  warnings.warn('The sampling was stopped short due to'
00:59 bilby INFO    : Written checkpoint file O1O2O3_parabolam2min_prod_allgammazeta_jax/result/bbh_mass_parabola_m2min_allgammazeta_redshift_powerlaw_resume.pickle
/home/storm.colloms/.conda/envs/O4apop-jax/lib/python3.10/site-packages/dynesty/sampler.py:756: UserWarning: The sampling was stopped short due to maxiter/maxcall limit the delta(log(z)) criterion is not achieved; posterior may be poorly sampled
  warnings.warn('The sampling was stopped short due to'
01:13 bilby INFO    : Written checkpoint file O1O2O3_parabolam2min_prod_allgammazeta_jax/result/bbh_mass_parabola_m2min_allgammazeta_redshift_powerlaw_resume.pickle
/home/storm.colloms/.conda/envs/O4apop-jax/lib/python3.10/site-packages/dynesty/sampler.py:756: UserWarning: The sampling was stopped short due to maxiter/maxcall limit the delta(log(z)) criterion is not achieved; posterior may be poorly sampled
  warnings.warn('The sampling was stopped short due to'
01:45 bilby INFO    : Written checkpoint file O1O2O3_parabolam2min_prod_allgammazeta_jax/result/bbh_mass_parabola_m2min_allgammazeta_redshift_powerlaw_resume.pickle
/home/storm.colloms/.conda/envs/O4apop-jax/lib/python3.10/site-packages/dynesty/sampler.py:756: UserWarning: The sampling was stopped short due to maxiter/maxcall limit the delta(log(z)) criterion is not achieved; posterior may be poorly sampled
  warnings.warn('The sampling was stopped short due to'
02:04 bilby INFO    : Written checkpoint file O1O2O3_parabolam2min_prod_allgammazeta_jax/result/bbh_mass_parabola_m2min_allgammazeta_redshift_powerlaw_resume.pickle
/home/storm.colloms/.conda/envs/O4apop-jax/lib/python3.10/site-packages/dynesty/sampler.py:756: UserWarning: The sampling was stopped short due to maxiter/maxcall limit the delta(log(z)) criterion is not achieved; posterior may be poorly sampled
  warnings.warn('The sampling was stopped short due to'
02:21 bilby INFO    : Written checkpoint file O1O2O3_parabolam2min_prod_allgammazeta_jax/result/bbh_mass_parabola_m2min_allgammazeta_redshift_powerlaw_resume.pickle
/home/storm.colloms/.conda/envs/O4apop-jax/lib/python3.10/site-packages/dynesty/sampler.py:756: UserWarning: The sampling was stopped short due to maxiter/maxcall limit the delta(log(z)) criterion is not achieved; posterior may be poorly sampled
  warnings.warn('The sampling was stopped short due to'
02:55 bilby INFO    : Written checkpoint file O1O2O3_parabolam2min_prod_allgammazeta_jax/result/bbh_mass_parabola_m2min_allgammazeta_redshift_powerlaw_resume.pickle
/home/storm.colloms/.conda/envs/O4apop-jax/lib/python3.10/site-packages/dynesty/sampler.py:756: UserWarning: The sampling was stopped short due to maxiter/maxcall limit the delta(log(z)) criterion is not achieved; posterior may be poorly sampled
  warnings.warn('The sampling was stopped short due to'
03:10 bilby INFO    : Written checkpoint file O1O2O3_parabolam2min_prod_allgammazeta_jax/result/bbh_mass_parabola_m2min_allgammazeta_redshift_powerlaw_resume.pickle
/home/storm.colloms/.conda/envs/O4apop-jax/lib/python3.10/site-packages/dynesty/sampler.py:756: UserWarning: The sampling was stopped short due to maxiter/maxcall limit the delta(log(z)) criterion is not achieved; posterior may be poorly sampled
  warnings.warn('The sampling was stopped short due to'
03:27 bilby INFO    : Written checkpoint file O1O2O3_parabolam2min_prod_allgammazeta_jax/result/bbh_mass_parabola_m2min_allgammazeta_redshift_powerlaw_resume.pickle
/home/storm.colloms/.conda/envs/O4apop-jax/lib/python3.10/site-packages/dynesty/sampler.py:756: UserWarning: The sampling was stopped short due to maxiter/maxcall limit the delta(log(z)) criterion is not achieved; posterior may be poorly sampled
  warnings.warn('The sampling was stopped short due to'
03:48 bilby INFO    : Written checkpoint file O1O2O3_parabolam2min_prod_allgammazeta_jax/result/bbh_mass_parabola_m2min_allgammazeta_redshift_powerlaw_resume.pickle
/home/storm.colloms/.conda/envs/O4apop-jax/lib/python3.10/site-packages/dynesty/sampler.py:756: UserWarning: The sampling was stopped short due to maxiter/maxcall limit the delta(log(z)) criterion is not achieved; posterior may be poorly sampled
  warnings.warn('The sampling was stopped short due to'
04:15 bilby INFO    : Written checkpoint file O1O2O3_parabolam2min_prod_allgammazeta_jax/result/bbh_mass_parabola_m2min_allgammazeta_redshift_powerlaw_resume.pickle
/home/storm.colloms/.conda/envs/O4apop-jax/lib/python3.10/site-packages/dynesty/sampler.py:756: UserWarning: The sampling was stopped short due to maxiter/maxcall limit the delta(log(z)) criterion is not achieved; posterior may be poorly sampled
  warnings.warn('The sampling was stopped short due to'
04:44 bilby INFO    : Written checkpoint file O1O2O3_parabolam2min_prod_allgammazeta_jax/result/bbh_mass_parabola_m2min_allgammazeta_redshift_powerlaw_resume.pickle
/home/storm.colloms/.conda/envs/O4apop-jax/lib/python3.10/site-packages/dynesty/sampler.py:756: UserWarning: The sampling was stopped short due to maxiter/maxcall limit the delta(log(z)) criterion is not achieved; posterior may be poorly sampled
  warnings.warn('The sampling was stopped short due to'
04:57 bilby INFO    : Written checkpoint file O1O2O3_parabolam2min_prod_allgammazeta_jax/result/bbh_mass_parabola_m2min_allgammazeta_redshift_powerlaw_resume.pickle
/home/storm.colloms/.conda/envs/O4apop-jax/lib/python3.10/site-packages/dynesty/sampler.py:756: UserWarning: The sampling was stopped short due to maxiter/maxcall limit the delta(log(z)) criterion is not achieved; posterior may be poorly sampled
  warnings.warn('The sampling was stopped short due to'
05:25 bilby INFO    : Written checkpoint file O1O2O3_parabolam2min_prod_allgammazeta_jax/result/bbh_mass_parabola_m2min_allgammazeta_redshift_powerlaw_resume.pickle
/home/storm.colloms/.conda/envs/O4apop-jax/lib/python3.10/site-packages/dynesty/sampler.py:756: UserWarning: The sampling was stopped short due to maxiter/maxcall limit the delta(log(z)) criterion is not achieved; posterior may be poorly sampled
  warnings.warn('The sampling was stopped short due to'
05:40 bilby INFO    : Written checkpoint file O1O2O3_parabolam2min_prod_allgammazeta_jax/result/bbh_mass_parabola_m2min_allgammazeta_redshift_powerlaw_resume.pickle
06:15 bilby INFO    : Written checkpoint file O1O2O3_parabolam2min_prod_allgammazeta_jax/result/bbh_mass_parabola_m2min_allgammazeta_redshift_powerlaw_resume.pickle
06:30 bilby INFO    : Written checkpoint file O1O2O3_parabolam2min_prod_allgammazeta_jax/result/bbh_mass_parabola_m2min_allgammazeta_redshift_powerlaw_resume.pickle
06:47 bilby INFO    : Written checkpoint file O1O2O3_parabolam2min_prod_allgammazeta_jax/result/bbh_mass_parabola_m2min_allgammazeta_redshift_powerlaw_resume.pickle
07:11 bilby INFO    : Written checkpoint file O1O2O3_parabolam2min_prod_allgammazeta_jax/result/bbh_mass_parabola_m2min_allgammazeta_redshift_powerlaw_resume.pickle
07:50 bilby INFO    : Written checkpoint file O1O2O3_parabolam2min_prod_allgammazeta_jax/result/bbh_mass_parabola_m2min_allgammazeta_redshift_powerlaw_resume.pickle
08:18 bilby INFO    : Written checkpoint file O1O2O3_parabolam2min_prod_allgammazeta_jax/result/bbh_mass_parabola_m2min_allgammazeta_redshift_powerlaw_resume.pickle
08:42 bilby INFO    : Written checkpoint file O1O2O3_parabolam2min_prod_allgammazeta_jax/result/bbh_mass_parabola_m2min_allgammazeta_redshift_powerlaw_resume.pickle
09:07 bilby INFO    : Written checkpoint file O1O2O3_parabolam2min_prod_allgammazeta_jax/result/bbh_mass_parabola_m2min_allgammazeta_redshift_powerlaw_resume.pickle
09:08 bilby INFO    : Written checkpoint file O1O2O3_parabolam2min_prod_allgammazeta_jax/result/bbh_mass_parabola_m2min_allgammazeta_redshift_powerlaw_resume.pickle
09:09 bilby INFO    : Rejection sampling nested samples to obtain 3905 posterior samples
09:09 bilby INFO    : Sampling time: 23:01:30.519353
09:09 bilby INFO    : Summary of results:
nsamples: 3905
ln_noise_evidence:    nan
ln_evidence:    nan +/-  0.199
ln_bayes_factor: -212.308 +/-  0.199

09:09 bilby INFO    : Computing rate posterior
09:09 bilby INFO    : Computing n effectives
09:09 bilby INFO    : Likelihood has no method 'per_event_bayes_factors_and_n_effective' skipping n_effective calculation.
09:09 bilby INFO    : Generating extra statistics
09:11 bilby INFO    : Resampling single event posteriors
  0%|          | 0/3905 [00:00<?, ?it/s]  0%|          | 1/3905 [00:01<1:43:16,  1.59s/it]  0%|          | 8/3905 [00:01<10:18,  6.30it/s]    0%|          | 15/3905 [00:01<05:02, 12.86it/s]  1%|          | 22/3905 [00:01<03:13, 20.08it/s]  1%|          | 29/3905 [00:02<02:19, 27.76it/s]  1%|          | 36/3905 [00:02<01:50, 35.09it/s]  1%|          | 44/3905 [00:02<01:28, 43.40it/s]  1%|▏         | 52/3905 [00:02<01:16, 50.59it/s]  2%|▏         | 60/3905 [00:02<01:08, 56.50it/s]  2%|▏         | 68/3905 [00:02<01:02, 61.03it/s]  2%|▏         | 76/3905 [00:02<00:59, 64.49it/s]  2%|▏         | 84/3905 [00:02<00:57, 66.80it/s]  2%|▏         | 92/3905 [00:02<00:55, 68.95it/s]  3%|▎         | 100/3905 [00:02<00:54, 70.35it/s]  3%|▎         | 108/3905 [00:03<00:53, 71.26it/s]  3%|▎         | 116/3905 [00:03<00:53, 70.71it/s]  3%|▎         | 124/3905 [00:03<00:52, 71.78it/s]  3%|▎         | 132/3905 [00:03<00:52, 72.46it/s]  4%|▎         | 140/3905 [00:03<00:51, 72.81it/s]  4%|▍         | 148/3905 [00:03<00:51, 73.07it/s]  4%|▍         | 156/3905 [00:03<00:51, 73.27it/s]  4%|▍         | 164/3905 [00:03<00:51, 73.25it/s]  4%|▍         | 172/3905 [00:03<00:50, 73.28it/s]  5%|▍         | 180/3905 [00:04<00:50, 73.57it/s]  5%|▍         | 188/3905 [00:04<00:50, 73.54it/s]  5%|▌         | 196/3905 [00:04<00:50, 73.60it/s]  5%|▌         | 204/3905 [00:04<00:50, 73.57it/s]  5%|▌         | 212/3905 [00:04<00:50, 73.60it/s]  6%|▌         | 220/3905 [00:04<00:50, 73.68it/s]  6%|▌         | 228/3905 [00:04<00:49, 73.67it/s]  6%|▌         | 236/3905 [00:04<00:50, 73.13it/s]  6%|▌         | 244/3905 [00:04<00:49, 73.66it/s]  6%|▋         | 252/3905 [00:05<00:49, 73.62it/s]  7%|▋         | 260/3905 [00:05<00:49, 73.59it/s]  7%|▋         | 268/3905 [00:05<00:49, 73.62it/s]  7%|▋         | 276/3905 [00:05<00:49, 73.73it/s]  7%|▋         | 284/3905 [00:05<00:49, 73.67it/s]  7%|▋         | 292/3905 [00:05<00:49, 73.27it/s]  8%|▊         | 300/3905 [00:05<00:50, 71.89it/s]  8%|▊         | 308/3905 [00:05<00:49, 72.58it/s]  8%|▊         | 316/3905 [00:05<00:49, 72.83it/s]  8%|▊         | 324/3905 [00:06<00:49, 73.03it/s]  9%|▊         | 332/3905 [00:06<00:48, 72.94it/s]  9%|▊         | 340/3905 [00:06<00:48, 73.44it/s]  9%|▉         | 348/3905 [00:06<00:48, 73.45it/s]  9%|▉         | 356/3905 [00:06<00:48, 73.51it/s]  9%|▉         | 364/3905 [00:06<00:48, 73.62it/s] 10%|▉         | 372/3905 [00:06<00:48, 73.50it/s] 10%|▉         | 380/3905 [00:06<00:47, 73.50it/s] 10%|▉         | 388/3905 [00:06<00:47, 73.65it/s] 10%|█         | 396/3905 [00:07<00:47, 73.71it/s] 10%|█         | 404/3905 [00:07<00:47, 73.71it/s] 11%|█         | 412/3905 [00:07<00:47, 72.86it/s] 11%|█         | 420/3905 [00:07<00:47, 73.29it/s] 11%|█         | 428/3905 [00:07<00:47, 73.50it/s] 11%|█         | 436/3905 [00:07<00:47, 73.48it/s] 11%|█▏        | 444/3905 [00:07<00:47, 73.55it/s] 12%|█▏        | 452/3905 [00:07<00:46, 73.61it/s] 12%|█▏        | 460/3905 [00:07<00:46, 73.57it/s] 12%|█▏        | 468/3905 [00:08<00:46, 73.55it/s] 12%|█▏        | 476/3905 [00:08<00:46, 73.52it/s] 12%|█▏        | 484/3905 [00:08<00:46, 73.49it/s] 13%|█▎        | 492/3905 [00:08<00:46, 73.54it/s] 13%|█▎        | 500/3905 [00:08<00:46, 73.53it/s] 13%|█▎        | 508/3905 [00:08<00:46, 73.67it/s] 13%|█▎        | 516/3905 [00:08<00:45, 73.72it/s] 13%|█▎        | 524/3905 [00:08<00:45, 73.76it/s] 14%|█▎        | 532/3905 [00:08<00:45, 73.73it/s] 14%|█▍        | 540/3905 [00:08<00:47, 71.13it/s] 14%|█▍        | 548/3905 [00:09<00:47, 71.08it/s] 14%|█▍        | 556/3905 [00:09<00:46, 71.52it/s] 14%|█▍        | 564/3905 [00:09<00:46, 72.15it/s] 15%|█▍        | 572/3905 [00:09<00:45, 72.64it/s] 15%|█▍        | 580/3905 [00:09<00:45, 72.88it/s] 15%|█▌        | 588/3905 [00:09<00:46, 71.37it/s] 15%|█▌        | 596/3905 [00:09<00:45, 72.40it/s] 15%|█▌        | 604/3905 [00:09<00:45, 72.83it/s] 16%|█▌        | 612/3905 [00:09<00:45, 73.07it/s] 16%|█▌        | 620/3905 [00:10<00:44, 73.24it/s] 16%|█▌        | 628/3905 [00:10<00:44, 73.25it/s] 16%|█▋        | 636/3905 [00:10<00:44, 73.55it/s] 16%|█▋        | 644/3905 [00:10<00:44, 73.58it/s] 17%|█▋        | 652/3905 [00:10<00:44, 73.64it/s] 17%|█▋        | 660/3905 [00:10<00:44, 73.62it/s] 17%|█▋        | 668/3905 [00:10<00:43, 73.63it/s] 17%|█▋        | 676/3905 [00:10<00:44, 72.54it/s] 18%|█▊        | 684/3905 [00:10<00:44, 72.02it/s] 18%|█▊        | 692/3905 [00:11<00:44, 72.37it/s] 18%|█▊        | 700/3905 [00:11<00:45, 70.65it/s] 18%|█▊        | 708/3905 [00:11<00:44, 71.76it/s] 18%|█▊        | 716/3905 [00:11<00:44, 72.39it/s] 19%|█▊        | 724/3905 [00:11<00:43, 72.67it/s] 19%|█▊        | 732/3905 [00:11<00:43, 72.90it/s] 19%|█▉        | 740/3905 [00:11<00:43, 73.05it/s] 19%|█▉        | 748/3905 [00:11<00:43, 73.27it/s] 19%|█▉        | 756/3905 [00:11<00:42, 73.45it/s] 20%|█▉        | 764/3905 [00:12<00:42, 73.51it/s] 20%|█▉        | 772/3905 [00:12<00:42, 73.63it/s] 20%|█▉        | 780/3905 [00:12<00:42, 73.57it/s] 20%|██        | 788/3905 [00:12<00:42, 73.63it/s] 20%|██        | 796/3905 [00:12<00:42, 73.65it/s] 21%|██        | 804/3905 [00:12<00:42, 73.72it/s] 21%|██        | 812/3905 [00:12<00:41, 73.67it/s] 21%|██        | 820/3905 [00:12<00:41, 73.62it/s] 21%|██        | 828/3905 [00:12<00:42, 73.13it/s] 21%|██▏       | 836/3905 [00:13<00:41, 73.40it/s] 22%|██▏       | 844/3905 [00:13<00:41, 73.58it/s] 22%|██▏       | 852/3905 [00:13<00:41, 73.58it/s] 22%|██▏       | 860/3905 [00:13<00:41, 73.67it/s] 22%|██▏       | 868/3905 [00:13<00:41, 73.61it/s] 22%|██▏       | 876/3905 [00:13<00:41, 73.58it/s] 23%|██▎       | 884/3905 [00:13<00:41, 73.62it/s] 23%|██▎       | 892/3905 [00:13<00:40, 73.60it/s] 23%|██▎       | 900/3905 [00:13<00:40, 73.65it/s] 23%|██▎       | 908/3905 [00:14<00:40, 73.48it/s] 23%|██▎       | 916/3905 [00:14<00:40, 73.76it/s] 24%|██▎       | 924/3905 [00:14<00:40, 72.72it/s] 24%|██▍       | 932/3905 [00:14<00:40, 73.08it/s] 24%|██▍       | 940/3905 [00:14<00:40, 73.21it/s] 24%|██▍       | 948/3905 [00:14<00:40, 73.36it/s] 24%|██▍       | 956/3905 [00:14<00:41, 71.62it/s] 25%|██▍       | 964/3905 [00:14<00:40, 72.25it/s] 25%|██▍       | 972/3905 [00:14<00:40, 73.08it/s] 25%|██▌       | 980/3905 [00:15<00:39, 73.23it/s] 25%|██▌       | 988/3905 [00:15<00:39, 73.07it/s] 26%|██▌       | 996/3905 [00:15<00:39, 73.32it/s] 26%|██▌       | 1004/3905 [00:15<00:39, 73.42it/s] 26%|██▌       | 1012/3905 [00:15<00:39, 73.50it/s] 26%|██▌       | 1020/3905 [00:15<00:39, 73.62it/s] 26%|██▋       | 1028/3905 [00:15<00:39, 73.55it/s] 27%|██▋       | 1036/3905 [00:15<00:38, 73.63it/s] 27%|██▋       | 1044/3905 [00:15<00:38, 73.64it/s] 27%|██▋       | 1052/3905 [00:15<00:38, 73.69it/s] 27%|██▋       | 1060/3905 [00:16<00:39, 72.45it/s] 27%|██▋       | 1068/3905 [00:16<00:38, 73.12it/s] 28%|██▊       | 1076/3905 [00:16<00:38, 73.27it/s] 28%|██▊       | 1084/3905 [00:16<00:38, 73.38it/s] 28%|██▊       | 1092/3905 [00:16<00:38, 73.38it/s] 28%|██▊       | 1100/3905 [00:16<00:38, 73.25it/s] 28%|██▊       | 1108/3905 [00:16<00:38, 73.47it/s] 29%|██▊       | 1116/3905 [00:16<00:37, 73.50it/s] 29%|██▉       | 1124/3905 [00:16<00:37, 73.64it/s] 29%|██▉       | 1132/3905 [00:17<00:37, 73.66it/s] 29%|██▉       | 1140/3905 [00:17<00:37, 73.62it/s] 29%|██▉       | 1148/3905 [00:17<00:37, 73.63it/s] 30%|██▉       | 1156/3905 [00:17<00:37, 73.64it/s] 30%|██▉       | 1164/3905 [00:17<00:37, 73.62it/s] 30%|███       | 1172/3905 [00:17<00:37, 73.56it/s] 30%|███       | 1180/3905 [00:17<00:37, 73.62it/s] 30%|███       | 1188/3905 [00:17<00:36, 73.65it/s] 31%|███       | 1196/3905 [00:17<00:36, 73.63it/s] 31%|███       | 1204/3905 [00:18<00:36, 73.66it/s] 31%|███       | 1212/3905 [00:18<00:36, 73.11it/s] 31%|███       | 1220/3905 [00:18<00:36, 73.20it/s] 31%|███▏      | 1228/3905 [00:18<00:36, 73.26it/s] 32%|███▏      | 1236/3905 [00:18<00:36, 73.38it/s] 32%|███▏      | 1244/3905 [00:18<00:36, 73.41it/s] 32%|███▏      | 1252/3905 [00:18<00:36, 73.45it/s] 32%|███▏      | 1260/3905 [00:18<00:35, 73.54it/s] 32%|███▏      | 1268/3905 [00:18<00:35, 73.65it/s] 33%|███▎      | 1276/3905 [00:19<00:35, 73.50it/s] 33%|███▎      | 1284/3905 [00:19<00:35, 73.58it/s] 33%|███▎      | 1292/3905 [00:19<00:35, 73.68it/s] 33%|███▎      | 1300/3905 [00:19<00:35, 73.25it/s] 33%|███▎      | 1308/3905 [00:19<00:35, 73.77it/s] 34%|███▎      | 1316/3905 [00:19<00:35, 73.82it/s] 34%|███▍      | 1324/3905 [00:19<00:34, 73.77it/s] 34%|███▍      | 1332/3905 [00:19<00:34, 73.80it/s] 34%|███▍      | 1340/3905 [00:19<00:34, 73.74it/s] 35%|███▍      | 1348/3905 [00:20<00:35, 71.50it/s] 35%|███▍      | 1356/3905 [00:20<00:35, 71.84it/s] 35%|███▍      | 1364/3905 [00:20<00:35, 72.33it/s] 35%|███▌      | 1372/3905 [00:20<00:34, 72.66it/s] 35%|███▌      | 1380/3905 [00:20<00:34, 72.97it/s] 36%|███▌      | 1388/3905 [00:20<00:34, 73.05it/s] 36%|███▌      | 1396/3905 [00:20<00:34, 73.27it/s] 36%|███▌      | 1404/3905 [00:20<00:34, 73.41it/s] 36%|███▌      | 1412/3905 [00:20<00:33, 73.46it/s] 36%|███▋      | 1420/3905 [00:21<00:33, 73.40it/s] 37%|███▋      | 1428/3905 [00:21<00:33, 73.53it/s] 37%|███▋      | 1436/3905 [00:21<00:33, 73.50it/s] 37%|███▋      | 1444/3905 [00:21<00:33, 73.54it/s] 37%|███▋      | 1452/3905 [00:21<00:33, 73.42it/s] 37%|███▋      | 1460/3905 [00:21<00:33, 73.58it/s] 38%|███▊      | 1468/3905 [00:21<00:33, 73.45it/s] 38%|███▊      | 1476/3905 [00:21<00:33, 73.49it/s] 38%|███▊      | 1484/3905 [00:21<00:32, 73.42it/s] 38%|███▊      | 1492/3905 [00:21<00:32, 73.50it/s] 38%|███▊      | 1500/3905 [00:22<00:32, 73.50it/s] 39%|███▊      | 1508/3905 [00:22<00:32, 73.61it/s] 39%|███▉      | 1516/3905 [00:22<00:32, 73.64it/s] 39%|███▉      | 1524/3905 [00:22<00:32, 73.61it/s] 39%|███▉      | 1532/3905 [00:22<00:32, 73.53it/s] 39%|███▉      | 1540/3905 [00:22<00:32, 73.58it/s] 40%|███▉      | 1548/3905 [00:22<00:32, 73.52it/s] 40%|███▉      | 1556/3905 [00:22<00:31, 73.53it/s] 40%|████      | 1564/3905 [00:22<00:31, 73.55it/s] 40%|████      | 1572/3905 [00:23<00:31, 73.51it/s] 40%|████      | 1580/3905 [00:23<00:31, 73.55it/s] 41%|████      | 1588/3905 [00:23<00:31, 72.50it/s] 41%|████      | 1596/3905 [00:23<00:31, 72.79it/s] 41%|████      | 1604/3905 [00:23<00:31, 73.01it/s] 41%|████▏     | 1612/3905 [00:23<00:31, 73.18it/s] 41%|████▏     | 1620/3905 [00:23<00:31, 73.25it/s] 42%|████▏     | 1628/3905 [00:23<00:31, 72.95it/s] 42%|████▏     | 1636/3905 [00:23<00:31, 73.08it/s] 42%|████▏     | 1644/3905 [00:24<00:30, 73.28it/s] 42%|████▏     | 1652/3905 [00:24<00:30, 73.32it/s] 43%|████▎     | 1660/3905 [00:24<00:30, 73.29it/s] 43%|████▎     | 1668/3905 [00:24<00:30, 73.41it/s] 43%|████▎     | 1676/3905 [00:24<00:30, 73.44it/s] 43%|████▎     | 1684/3905 [00:24<00:30, 73.46it/s] 43%|████▎     | 1692/3905 [00:24<00:30, 73.43it/s] 44%|████▎     | 1700/3905 [00:24<00:30, 73.41it/s] 44%|████▎     | 1708/3905 [00:24<00:29, 73.44it/s] 44%|████▍     | 1716/3905 [00:25<00:29, 73.49it/s] 44%|████▍     | 1724/3905 [00:25<00:29, 73.53it/s] 44%|████▍     | 1732/3905 [00:25<00:29, 73.45it/s] 45%|████▍     | 1740/3905 [00:25<00:29, 73.49it/s] 45%|████▍     | 1748/3905 [00:25<00:29, 73.51it/s] 45%|████▍     | 1756/3905 [00:25<00:29, 73.47it/s] 45%|████▌     | 1764/3905 [00:25<00:29, 73.50it/s] 45%|████▌     | 1772/3905 [00:25<00:29, 73.47it/s] 46%|████▌     | 1780/3905 [00:25<00:28, 73.42it/s] 46%|████▌     | 1788/3905 [00:26<00:28, 73.49it/s] 46%|████▌     | 1796/3905 [00:26<00:28, 73.48it/s] 46%|████▌     | 1804/3905 [00:26<00:28, 73.41it/s] 46%|████▋     | 1812/3905 [00:26<00:28, 73.41it/s] 47%|████▋     | 1820/3905 [00:26<00:28, 73.47it/s] 47%|████▋     | 1828/3905 [00:26<00:28, 73.47it/s] 47%|████▋     | 1836/3905 [00:26<00:28, 73.41it/s] 47%|████▋     | 1844/3905 [00:26<00:28, 73.45it/s] 47%|████▋     | 1852/3905 [00:26<00:27, 73.43it/s] 48%|████▊     | 1860/3905 [00:27<00:27, 73.43it/s] 48%|████▊     | 1868/3905 [00:27<00:27, 73.36it/s] 48%|████▊     | 1876/3905 [00:27<00:27, 73.43it/s] 48%|████▊     | 1884/3905 [00:27<00:27, 73.45it/s] 48%|████▊     | 1892/3905 [00:27<00:27, 73.47it/s] 49%|████▊     | 1900/3905 [00:27<00:27, 73.01it/s] 49%|████▉     | 1908/3905 [00:27<00:27, 73.53it/s] 49%|████▉     | 1916/3905 [00:27<00:27, 73.55it/s] 49%|████▉     | 1924/3905 [00:27<00:26, 73.47it/s] 49%|████▉     | 1932/3905 [00:27<00:26, 73.46it/s] 50%|████▉     | 1940/3905 [00:28<00:26, 73.49it/s] 50%|████▉     | 1948/3905 [00:28<00:26, 72.94it/s] 50%|█████     | 1956/3905 [00:28<00:26, 73.13it/s] 50%|█████     | 1964/3905 [00:28<00:26, 73.25it/s] 50%|█████     | 1972/3905 [00:28<00:26, 73.31it/s] 51%|█████     | 1980/3905 [00:28<00:26, 73.45it/s] 51%|█████     | 1988/3905 [00:28<00:26, 73.48it/s] 51%|█████     | 1996/3905 [00:28<00:25, 73.45it/s] 51%|█████▏    | 2004/3905 [00:28<00:25, 73.40it/s] 52%|█████▏    | 2012/3905 [00:29<00:25, 73.36it/s] 52%|█████▏    | 2020/3905 [00:29<00:25, 73.55it/s] 52%|█████▏    | 2028/3905 [00:29<00:25, 73.43it/s] 52%|█████▏    | 2036/3905 [00:29<00:25, 73.33it/s] 52%|█████▏    | 2044/3905 [00:29<00:25, 73.42it/s] 53%|█████▎    | 2052/3905 [00:29<00:25, 73.44it/s] 53%|█████▎    | 2060/3905 [00:29<00:25, 73.35it/s] 53%|█████▎    | 2068/3905 [00:29<00:25, 73.31it/s] 53%|█████▎    | 2076/3905 [00:29<00:24, 73.39it/s] 53%|█████▎    | 2084/3905 [00:30<00:24, 73.39it/s] 54%|█████▎    | 2092/3905 [00:30<00:24, 73.02it/s] 54%|█████▍    | 2100/3905 [00:30<00:24, 73.43it/s] 54%|█████▍    | 2108/3905 [00:30<00:24, 73.48it/s] 54%|█████▍    | 2116/3905 [00:30<00:24, 73.49it/s] 54%|█████▍    | 2124/3905 [00:30<00:24, 73.49it/s] 55%|█████▍    | 2132/3905 [00:30<00:24, 73.44it/s] 55%|█████▍    | 2140/3905 [00:30<00:24, 72.76it/s] 55%|█████▌    | 2148/3905 [00:30<00:24, 72.99it/s] 55%|█████▌    | 2156/3905 [00:31<00:23, 73.07it/s] 55%|█████▌    | 2164/3905 [00:31<00:23, 73.19it/s] 56%|█████▌    | 2172/3905 [00:31<00:23, 73.28it/s] 56%|█████▌    | 2180/3905 [00:31<00:23, 73.24it/s] 56%|█████▌    | 2188/3905 [00:31<00:23, 73.41it/s] 56%|█████▌    | 2196/3905 [00:31<00:23, 73.42it/s] 56%|█████▋    | 2204/3905 [00:31<00:23, 73.38it/s] 57%|█████▋    | 2212/3905 [00:31<00:23, 73.40it/s] 57%|█████▋    | 2220/3905 [00:31<00:22, 73.47it/s] 57%|█████▋    | 2228/3905 [00:32<00:22, 73.43it/s] 57%|█████▋    | 2236/3905 [00:32<00:22, 73.49it/s] 57%|█████▋    | 2244/3905 [00:32<00:22, 73.35it/s] 58%|█████▊    | 2252/3905 [00:32<00:22, 73.40it/s] 58%|█████▊    | 2260/3905 [00:32<00:22, 73.36it/s] 58%|█████▊    | 2268/3905 [00:32<00:22, 73.44it/s] 58%|█████▊    | 2276/3905 [00:32<00:22, 73.49it/s] 58%|█████▊    | 2284/3905 [00:32<00:22, 73.45it/s] 59%|█████▊    | 2292/3905 [00:32<00:21, 73.51it/s] 59%|█████▉    | 2300/3905 [00:33<00:21, 73.48it/s] 59%|█████▉    | 2308/3905 [00:33<00:22, 72.56it/s] 59%|█████▉    | 2316/3905 [00:33<00:21, 73.26it/s] 60%|█████▉    | 2324/3905 [00:33<00:21, 73.29it/s] 60%|█████▉    | 2332/3905 [00:33<00:21, 73.34it/s] 60%|█████▉    | 2340/3905 [00:33<00:21, 73.35it/s] 60%|██████    | 2348/3905 [00:33<00:21, 73.39it/s] 60%|██████    | 2356/3905 [00:33<00:21, 73.48it/s] 61%|██████    | 2364/3905 [00:33<00:20, 73.56it/s] 61%|██████    | 2372/3905 [00:33<00:20, 73.59it/s] 61%|██████    | 2380/3905 [00:34<00:20, 73.57it/s] 61%|██████    | 2388/3905 [00:34<00:20, 73.57it/s] 61%|██████▏   | 2396/3905 [00:34<00:20, 73.50it/s] 62%|██████▏   | 2404/3905 [00:34<00:20, 73.49it/s] 62%|██████▏   | 2412/3905 [00:34<00:20, 73.41it/s] 62%|██████▏   | 2420/3905 [00:34<00:20, 73.36it/s] 62%|██████▏   | 2428/3905 [00:34<00:20, 73.30it/s] 62%|██████▏   | 2436/3905 [00:34<00:20, 73.33it/s] 63%|██████▎   | 2444/3905 [00:34<00:19, 73.41it/s] 63%|██████▎   | 2452/3905 [00:35<00:19, 73.39it/s] 63%|██████▎   | 2460/3905 [00:35<00:19, 73.40it/s] 63%|██████▎   | 2468/3905 [00:35<00:19, 73.46it/s] 63%|██████▎   | 2476/3905 [00:35<00:19, 73.37it/s] 64%|██████▎   | 2484/3905 [00:35<00:19, 73.36it/s] 64%|██████▍   | 2492/3905 [00:35<00:19, 73.38it/s] 64%|██████▍   | 2500/3905 [00:35<00:19, 73.44it/s] 64%|██████▍   | 2508/3905 [00:35<00:19, 73.47it/s] 64%|██████▍   | 2516/3905 [00:35<00:18, 73.30it/s] 65%|██████▍   | 2524/3905 [00:36<00:18, 73.45it/s] 65%|██████▍   | 2532/3905 [00:36<00:18, 73.42it/s] 65%|██████▌   | 2540/3905 [00:36<00:18, 73.44it/s] 65%|██████▌   | 2548/3905 [00:36<00:18, 73.56it/s] 65%|██████▌   | 2556/3905 [00:36<00:18, 73.56it/s] 66%|██████▌   | 2564/3905 [00:36<00:18, 73.48it/s] 66%|██████▌   | 2572/3905 [00:36<00:18, 73.49it/s] 66%|██████▌   | 2580/3905 [00:36<00:18, 73.53it/s] 66%|██████▋   | 2588/3905 [00:36<00:18, 72.74it/s] 66%|██████▋   | 2596/3905 [00:37<00:17, 73.04it/s] 67%|██████▋   | 2604/3905 [00:37<00:17, 73.20it/s] 67%|██████▋   | 2612/3905 [00:37<00:17, 73.15it/s] 67%|██████▋   | 2620/3905 [00:37<00:17, 73.51it/s] 67%|██████▋   | 2628/3905 [00:37<00:17, 73.45it/s] 68%|██████▊   | 2636/3905 [00:37<00:17, 73.47it/s] 68%|██████▊   | 2644/3905 [00:37<00:17, 73.55it/s] 68%|██████▊   | 2652/3905 [00:37<00:17, 73.38it/s] 68%|██████▊   | 2660/3905 [00:37<00:16, 73.52it/s] 68%|██████▊   | 2668/3905 [00:38<00:16, 73.28it/s] 69%|██████▊   | 2676/3905 [00:38<00:16, 73.18it/s] 69%|██████▊   | 2684/3905 [00:38<00:16, 73.37it/s] 69%|██████▉   | 2692/3905 [00:38<00:16, 72.39it/s] 69%|██████▉   | 2700/3905 [00:38<00:17, 70.06it/s] 69%|██████▉   | 2708/3905 [00:38<00:16, 71.02it/s] 70%|██████▉   | 2716/3905 [00:38<00:16, 71.93it/s] 70%|██████▉   | 2724/3905 [00:38<00:16, 72.42it/s] 70%|██████▉   | 2732/3905 [00:38<00:16, 72.72it/s] 70%|███████   | 2740/3905 [00:39<00:16, 71.55it/s] 70%|███████   | 2748/3905 [00:39<00:16, 72.17it/s] 71%|███████   | 2756/3905 [00:39<00:15, 72.58it/s] 71%|███████   | 2764/3905 [00:39<00:15, 72.83it/s] 71%|███████   | 2772/3905 [00:39<00:15, 73.07it/s] 71%|███████   | 2780/3905 [00:39<00:15, 73.12it/s] 71%|███████▏  | 2788/3905 [00:39<00:15, 73.15it/s] 72%|███████▏  | 2796/3905 [00:39<00:15, 73.23it/s] 72%|███████▏  | 2804/3905 [00:39<00:15, 73.28it/s] 72%|███████▏  | 2812/3905 [00:40<00:14, 73.29it/s] 72%|███████▏  | 2820/3905 [00:40<00:14, 73.41it/s] 72%|███████▏  | 2828/3905 [00:40<00:15, 71.27it/s] 73%|███████▎  | 2836/3905 [00:40<00:15, 71.09it/s] 73%|███████▎  | 2844/3905 [00:40<00:14, 71.74it/s] 73%|███████▎  | 2852/3905 [00:40<00:14, 72.29it/s] 73%|███████▎  | 2860/3905 [00:40<00:14, 71.04it/s] 73%|███████▎  | 2868/3905 [00:40<00:14, 71.76it/s] 74%|███████▎  | 2876/3905 [00:40<00:14, 72.34it/s] 74%|███████▍  | 2884/3905 [00:41<00:14, 72.67it/s] 74%|███████▍  | 2892/3905 [00:41<00:13, 72.95it/s] 74%|███████▍  | 2900/3905 [00:41<00:13, 72.87it/s] 74%|███████▍  | 2908/3905 [00:41<00:13, 73.13it/s] 75%|███████▍  | 2916/3905 [00:41<00:13, 71.73it/s] 75%|███████▍  | 2924/3905 [00:41<00:13, 72.48it/s] 75%|███████▌  | 2932/3905 [00:41<00:13, 72.74it/s] 75%|███████▌  | 2940/3905 [00:41<00:13, 72.18it/s] 75%|███████▌  | 2948/3905 [00:41<00:13, 72.61it/s] 76%|███████▌  | 2956/3905 [00:42<00:13, 72.08it/s] 76%|███████▌  | 2964/3905 [00:42<00:13, 72.20it/s] 76%|███████▌  | 2972/3905 [00:42<00:13, 71.72it/s] 76%|███████▋  | 2980/3905 [00:42<00:12, 72.18it/s] 77%|███████▋  | 2988/3905 [00:42<00:12, 72.44it/s] 77%|███████▋  | 2996/3905 [00:42<00:12, 72.75it/s] 77%|███████▋  | 3004/3905 [00:42<00:12, 73.02it/s] 77%|███████▋  | 3012/3905 [00:42<00:12, 73.15it/s] 77%|███████▋  | 3020/3905 [00:42<00:12, 73.20it/s] 78%|███████▊  | 3028/3905 [00:42<00:11, 73.41it/s] 78%|███████▊  | 3036/3905 [00:43<00:12, 72.20it/s] 78%|███████▊  | 3044/3905 [00:43<00:11, 73.00it/s] 78%|███████▊  | 3052/3905 [00:43<00:11, 73.16it/s] 78%|███████▊  | 3060/3905 [00:43<00:11, 73.30it/s] 79%|███████▊  | 3068/3905 [00:43<00:11, 73.24it/s] 79%|███████▉  | 3076/3905 [00:43<00:11, 73.40it/s] 79%|███████▉  | 3084/3905 [00:43<00:11, 73.38it/s] 79%|███████▉  | 3092/3905 [00:43<00:11, 73.38it/s] 79%|███████▉  | 3100/3905 [00:43<00:10, 73.35it/s] 80%|███████▉  | 3108/3905 [00:44<00:10, 72.74it/s] 80%|███████▉  | 3116/3905 [00:44<00:10, 72.80it/s] 80%|████████  | 3124/3905 [00:44<00:10, 73.03it/s] 80%|████████  | 3132/3905 [00:44<00:10, 73.16it/s] 80%|████████  | 3140/3905 [00:44<00:10, 73.26it/s] 81%|████████  | 3148/3905 [00:44<00:10, 73.29it/s] 81%|████████  | 3156/3905 [00:44<00:10, 73.24it/s] 81%|████████  | 3164/3905 [00:44<00:10, 73.28it/s] 81%|████████  | 3172/3905 [00:44<00:10, 73.29it/s] 81%|████████▏ | 3180/3905 [00:45<00:10, 72.23it/s] 82%|████████▏ | 3188/3905 [00:45<00:10, 70.70it/s] 82%|████████▏ | 3196/3905 [00:45<00:10, 69.62it/s] 82%|████████▏ | 3203/3905 [00:45<00:10, 69.30it/s] 82%|████████▏ | 3210/3905 [00:45<00:10, 68.79it/s] 82%|████████▏ | 3218/3905 [00:45<00:09, 70.48it/s] 83%|████████▎ | 3226/3905 [00:45<00:09, 71.35it/s] 83%|████████▎ | 3234/3905 [00:45<00:09, 72.07it/s] 83%|████████▎ | 3242/3905 [00:45<00:09, 72.13it/s] 83%|████████▎ | 3250/3905 [00:46<00:09, 72.75it/s] 83%|████████▎ | 3258/3905 [00:46<00:08, 72.62it/s] 84%|████████▎ | 3266/3905 [00:46<00:08, 72.96it/s] 84%|████████▍ | 3274/3905 [00:46<00:08, 71.97it/s] 84%|████████▍ | 3282/3905 [00:46<00:08, 72.62it/s] 84%|████████▍ | 3290/3905 [00:46<00:08, 72.91it/s] 84%|████████▍ | 3298/3905 [00:46<00:08, 72.27it/s] 85%|████████▍ | 3306/3905 [00:46<00:08, 72.62it/s] 85%|████████▍ | 3314/3905 [00:46<00:08, 72.80it/s] 85%|████████▌ | 3322/3905 [00:47<00:07, 72.98it/s] 85%|████████▌ | 3330/3905 [00:47<00:08, 71.26it/s] 85%|████████▌ | 3338/3905 [00:47<00:07, 72.11it/s] 86%|████████▌ | 3346/3905 [00:47<00:07, 72.54it/s] 86%|████████▌ | 3354/3905 [00:47<00:07, 72.93it/s] 86%|████████▌ | 3362/3905 [00:47<00:07, 73.20it/s] 86%|████████▋ | 3370/3905 [00:47<00:07, 73.34it/s] 87%|████████▋ | 3378/3905 [00:47<00:07, 73.35it/s] 87%|████████▋ | 3386/3905 [00:47<00:07, 73.46it/s] 87%|████████▋ | 3394/3905 [00:48<00:06, 73.45it/s] 87%|████████▋ | 3402/3905 [00:48<00:06, 73.45it/s] 87%|████████▋ | 3410/3905 [00:48<00:06, 72.42it/s] 88%|████████▊ | 3418/3905 [00:48<00:06, 72.70it/s] 88%|████████▊ | 3426/3905 [00:48<00:06, 73.05it/s] 88%|████████▊ | 3434/3905 [00:48<00:06, 73.21it/s] 88%|████████▊ | 3442/3905 [00:48<00:06, 73.35it/s] 88%|████████▊ | 3450/3905 [00:48<00:06, 73.24it/s] 89%|████████▊ | 3458/3905 [00:48<00:06, 73.26it/s] 89%|████████▉ | 3466/3905 [00:49<00:06, 72.51it/s] 89%|████████▉ | 3474/3905 [00:49<00:05, 73.02it/s] 89%|████████▉ | 3482/3905 [00:49<00:05, 73.16it/s] 89%|████████▉ | 3490/3905 [00:49<00:05, 73.34it/s] 90%|████████▉ | 3498/3905 [00:49<00:05, 71.51it/s] 90%|████████▉ | 3506/3905 [00:49<00:05, 72.09it/s] 90%|████████▉ | 3514/3905 [00:49<00:05, 72.46it/s] 90%|█████████ | 3522/3905 [00:49<00:05, 72.83it/s] 90%|█████████ | 3530/3905 [00:49<00:05, 72.37it/s] 91%|█████████ | 3538/3905 [00:50<00:05, 72.89it/s] 91%|█████████ | 3546/3905 [00:50<00:04, 72.68it/s] 91%|█████████ | 3554/3905 [00:50<00:04, 73.21it/s] 91%|█████████ | 3562/3905 [00:50<00:04, 72.49it/s] 91%|█████████▏| 3570/3905 [00:50<00:04, 73.11it/s] 92%|█████████▏| 3578/3905 [00:50<00:04, 73.23it/s] 92%|█████████▏| 3586/3905 [00:50<00:04, 73.33it/s] 92%|█████████▏| 3594/3905 [00:50<00:04, 73.27it/s] 92%|█████████▏| 3602/3905 [00:50<00:04, 73.37it/s] 92%|█████████▏| 3610/3905 [00:50<00:04, 73.33it/s] 93%|█████████▎| 3618/3905 [00:51<00:03, 73.39it/s] 93%|█████████▎| 3626/3905 [00:51<00:03, 73.41it/s] 93%|█████████▎| 3634/3905 [00:51<00:03, 73.45it/s] 93%|█████████▎| 3642/3905 [00:51<00:03, 72.57it/s] 93%|█████████▎| 3650/3905 [00:51<00:03, 72.99it/s] 94%|█████████▎| 3658/3905 [00:51<00:03, 73.22it/s] 94%|█████████▍| 3666/3905 [00:51<00:03, 73.28it/s] 94%|█████████▍| 3674/3905 [00:51<00:03, 72.87it/s] 94%|█████████▍| 3682/3905 [00:51<00:03, 73.37it/s] 94%|█████████▍| 3690/3905 [00:52<00:02, 73.36it/s] 95%|█████████▍| 3698/3905 [00:52<00:02, 73.52it/s] 95%|█████████▍| 3706/3905 [00:52<00:02, 72.68it/s] 95%|█████████▌| 3714/3905 [00:52<00:02, 72.83it/s] 95%|█████████▌| 3722/3905 [00:52<00:02, 73.01it/s] 96%|█████████▌| 3730/3905 [00:52<00:02, 72.69it/s] 96%|█████████▌| 3738/3905 [00:52<00:02, 73.18it/s] 96%|█████████▌| 3746/3905 [00:52<00:02, 73.26it/s] 96%|█████████▌| 3754/3905 [00:52<00:02, 73.25it/s] 96%|█████████▋| 3762/3905 [00:53<00:01, 73.44it/s] 97%|█████████▋| 3770/3905 [00:53<00:01, 73.48it/s] 97%|█████████▋| 3778/3905 [00:53<00:01, 73.48it/s] 97%|█████████▋| 3786/3905 [00:53<00:01, 73.48it/s] 97%|█████████▋| 3794/3905 [00:53<00:01, 73.47it/s] 97%|█████████▋| 3802/3905 [00:53<00:01, 73.51it/s] 98%|█████████▊| 3810/3905 [00:53<00:01, 73.64it/s] 98%|█████████▊| 3818/3905 [00:53<00:01, 73.53it/s] 98%|█████████▊| 3826/3905 [00:53<00:01, 73.03it/s] 98%|█████████▊| 3834/3905 [00:54<00:00, 73.60it/s] 98%|█████████▊| 3842/3905 [00:54<00:00, 73.58it/s] 99%|█████████▊| 3850/3905 [00:54<00:00, 73.53it/s] 99%|█████████▉| 3858/3905 [00:54<00:00, 73.54it/s] 99%|█████████▉| 3866/3905 [00:54<00:00, 73.47it/s] 99%|█████████▉| 3874/3905 [00:54<00:00, 73.49it/s] 99%|█████████▉| 3882/3905 [00:54<00:00, 73.50it/s]100%|█████████▉| 3890/3905 [00:54<00:00, 73.58it/s]100%|█████████▉| 3898/3905 [00:54<00:00, 73.52it/s]100%|██████████| 3905/3905 [00:55<00:00, 70.97it/s]
09:12 bilby INFO    : Resampling done, sum of weights for events are 0.0 0.2 0.9 0.1 2.0 0.0 0.1 0.1 0.0 0.0 0.0 0.4 0.1 0.2 0.0 0.0 0.0 0.0 0.4 0.1 0.1 0.1 0.0 0.0 0.0 0.1 0.0 0.0 0.1 0.0 0.0 3.4 0.9 0.2 1.7 3.8 0.1 2.2 0.1 0.1 0.1 0.0 0.2 0.4 0.0 0.2 0.1 5.3 6.8 0.6 0.2 0.0 2.5 3.3 4.5 0.0 0.2 3.6 0.0 4.1 0.5 2.3 0.5 2.0 0.0 0.0 0.1 0.1 0.1 4.6 0.1 0.1 0.2 0.0 0.1 0.0 0.2 0.0 0.8 0.1 0.4 0.1 0.1 1.7 0.3
